ERROR - 2018-11-20 05:26:09 --> 404 Page Not Found: Img/favicon.png
ERROR - 2018-11-20 05:29:00 --> Severity: Notice --> Undefined property: stdClass::$userName /var/www/html/watervale_live/application/views/items/index.php 94
ERROR - 2018-11-20 05:29:10 --> Severity: Notice --> Undefined property: stdClass::$userName /var/www/html/watervale_live/application/views/items/index.php 94
ERROR - 2018-11-20 05:29:15 --> 404 Page Not Found: Img/favicon.png
ERROR - 2018-11-20 05:30:15 --> Severity: Notice --> Undefined property: stdClass::$userName /var/www/html/watervale_live/application/views/items/index.php 94
ERROR - 2018-11-20 05:44:29 --> 404 Page Not Found: Img/favicon.png
ERROR - 2018-11-20 06:02:24 --> {"orderRef":"","userRef":"XUe7oDvLiJlGTFqu","customerRef":"dXMJ1FSHdfYwMI5Z","orderRemarks":"","deliveryMethodRef":"4k6GrpPR1ZPOeuwR","newDeliveryMethod":"","newAreaCode":"","paymentMethodRef":"GLQ7xW9duKY7c6sU","dueDays":"","dueAmount":"","orderPipline":"3","orderStatus":"queued","orderInProduction":"1","managerApprove":"1","approvalType":"management","preAuthorization":"","orderDiscount":"0","newCustomer":[],"orderItems":[{"itemName":"Comfort Foam","itemRef":"PRO-TDLK-00002","qty":30,"saleUOM":"PC","saleConvQty":"1","saleConvLength":"0","baseUOM":"PC","baseConvQty":"1","baseConvLength":"0","productionOnDemand":"1","transportCost":"","transportCostChanged":"50","variants":[{"item_variant_id":"145","length":"20","width":"20","height":"4","color":"NA","design":"NA","qty":"10","price":"100","minPrice":"80","blockPercentage":"0","blockType":"Comfort","discountType":"1","discount":"0","isCustomize":"0"},{"item_variant_id":"146","length":"20","width":"20","height":"8","color":"NA","design":"NA","qty":"10","price":"100","minPrice":"80","blockPercentage":"0","blockType":"Comfort","discountType":"1","discount":"0","isCustomize":"0"},{"item_variant_id":"147","length":"80","width":"40","height":"4","color":"NA","design":"NA","qty":"10","price":"100","minPrice":"80","blockPercentage":"0","blockType":"Comfort","discountType":"1","discount":"0","isCustomize":"0"}]}]}
ERROR - 2018-11-20 06:02:24 --> {"success":true,"success_message":"Order 00008 Submitted successfully."}
ERROR - 2018-11-20 06:10:55 --> 404 Page Not Found: Order-details/img
ERROR - 2018-11-20 06:14:40 --> Severity: Notice --> Undefined index: dispatchRef /var/www/html/watervale_live/application/controllers/CustomerController.php 470
ERROR - 2018-11-20 06:14:40 --> Severity: Notice --> Undefined index: dispatchRef /var/www/html/watervale_live/application/controllers/CustomerController.php 480
ERROR - 2018-11-20 06:14:40 --> Severity: Notice --> Undefined index: dispatchRef /var/www/html/watervale_live/application/controllers/CustomerController.php 490
ERROR - 2018-11-20 06:14:40 --> Severity: Notice --> Undefined index: orderRefId /var/www/html/watervale_live/application/controllers/CustomerController.php 498
ERROR - 2018-11-20 06:14:40 --> Severity: Notice --> Undefined index: dispatchRef /var/www/html/watervale_live/application/controllers/CustomerController.php 506
ERROR - 2018-11-20 06:15:01 --> Severity: Notice --> Undefined variable: variants /var/www/html/watervale_live/application/views/customerFollowup/followupOrders.php 227
ERROR - 2018-11-20 06:15:01 --> Severity: Notice --> Trying to get property of non-object /var/www/html/watervale_live/application/views/customerFollowup/followupOrders.php 227
ERROR - 2018-11-20 06:15:01 --> Severity: Notice --> Undefined variable: variants /var/www/html/watervale_live/application/views/customerFollowup/followupOrders.php 227
ERROR - 2018-11-20 06:15:01 --> Severity: Notice --> Trying to get property of non-object /var/www/html/watervale_live/application/views/customerFollowup/followupOrders.php 227
ERROR - 2018-11-20 06:15:01 --> Severity: Notice --> Undefined variable: variants /var/www/html/watervale_live/application/views/customerFollowup/followupOrders.php 227
ERROR - 2018-11-20 06:15:01 --> Severity: Notice --> Trying to get property of non-object /var/www/html/watervale_live/application/views/customerFollowup/followupOrders.php 227
ERROR - 2018-11-20 06:15:01 --> Severity: Notice --> Undefined variable: variants /var/www/html/watervale_live/application/views/customerFollowup/followupOrders.php 227
ERROR - 2018-11-20 06:15:01 --> Severity: Notice --> Trying to get property of non-object /var/www/html/watervale_live/application/views/customerFollowup/followupOrders.php 227
ERROR - 2018-11-20 06:15:01 --> Severity: Notice --> Undefined variable: variants /var/www/html/watervale_live/application/views/customerFollowup/followupOrders.php 227
ERROR - 2018-11-20 06:15:01 --> Severity: Notice --> Trying to get property of non-object /var/www/html/watervale_live/application/views/customerFollowup/followupOrders.php 227
ERROR - 2018-11-20 06:16:30 --> Severity: Notice --> Undefined property: stdClass::$userName /var/www/html/watervale_live/application/views/items/index.php 94
ERROR - 2018-11-20 06:16:30 --> Severity: Notice --> Undefined property: stdClass::$userName /var/www/html/watervale_live/application/views/items/index.php 94
ERROR - 2018-11-20 11:23:25 --> 404 Page Not Found: Img/favicon.png
ERROR - 2018-11-20 11:23:48 --> Severity: Warning --> Division by zero /var/www/html/watervale_live/application/views/dashboard/statistics.php 29
ERROR - 2018-11-20 11:23:57 --> Severity: Warning --> Division by zero /var/www/html/watervale_live/application/views/dashboard/statistics.php 29
ERROR - 2018-11-20 11:23:57 --> 404 Page Not Found: Img/favicon.png
ERROR - 2018-11-20 11:24:03 --> 404 Page Not Found: Img/favicon.png
ERROR - 2018-11-20 11:24:03 --> Severity: Warning --> Division by zero /var/www/html/watervale_live/application/views/dashboard/statistics.php 29
ERROR - 2018-11-20 11:28:59 --> Severity: Notice --> Undefined property: stdClass::$userName /var/www/html/watervale_live/application/views/items/index.php 94
ERROR - 2018-11-20 11:28:59 --> Severity: Notice --> Undefined property: stdClass::$userName /var/www/html/watervale_live/application/views/items/index.php 94
ERROR - 2018-11-20 11:43:40 --> Severity: Notice --> Undefined property: stdClass::$userName /var/www/html/watervale_live/application/views/items/index.php 94
ERROR - 2018-11-20 11:43:40 --> Severity: Notice --> Undefined property: stdClass::$userName /var/www/html/watervale_live/application/views/items/index.php 94
ERROR - 2018-11-20 11:44:10 --> Severity: Notice --> Undefined property: stdClass::$userName /var/www/html/watervale_live/application/views/items/index.php 94
ERROR - 2018-11-20 11:44:10 --> Severity: Notice --> Undefined property: stdClass::$userName /var/www/html/watervale_live/application/views/items/index.php 94
ERROR - 2018-11-20 11:45:46 --> 404 Page Not Found: Order-details/img
ERROR - 2018-11-20 11:46:31 --> Severity: Warning --> Division by zero /var/www/html/watervale_live/application/views/dashboard/statistics.php 29
ERROR - 2018-11-20 11:47:43 --> Severity: Notice --> Undefined property: stdClass::$userName /var/www/html/watervale_live/application/views/items/index.php 94
ERROR - 2018-11-20 11:47:43 --> Severity: Notice --> Undefined property: stdClass::$userName /var/www/html/watervale_live/application/views/items/index.php 94
ERROR - 2018-11-20 11:53:15 --> Severity: Notice --> Undefined variable: variants /var/www/html/watervale_live/application/views/customerFollowup/followupOrders.php 227
ERROR - 2018-11-20 11:53:15 --> Severity: Notice --> Trying to get property of non-object /var/www/html/watervale_live/application/views/customerFollowup/followupOrders.php 227
ERROR - 2018-11-20 11:53:15 --> Severity: Notice --> Undefined variable: variants /var/www/html/watervale_live/application/views/customerFollowup/followupOrders.php 227
ERROR - 2018-11-20 11:53:15 --> Severity: Notice --> Trying to get property of non-object /var/www/html/watervale_live/application/views/customerFollowup/followupOrders.php 227
ERROR - 2018-11-20 11:53:15 --> Severity: Notice --> Undefined variable: variants /var/www/html/watervale_live/application/views/customerFollowup/followupOrders.php 227
ERROR - 2018-11-20 11:53:15 --> Severity: Notice --> Trying to get property of non-object /var/www/html/watervale_live/application/views/customerFollowup/followupOrders.php 227
ERROR - 2018-11-20 11:53:15 --> Severity: Notice --> Undefined variable: variants /var/www/html/watervale_live/application/views/customerFollowup/followupOrders.php 227
ERROR - 2018-11-20 11:53:15 --> Severity: Notice --> Trying to get property of non-object /var/www/html/watervale_live/application/views/customerFollowup/followupOrders.php 227
ERROR - 2018-11-20 11:53:15 --> Severity: Notice --> Undefined variable: variants /var/www/html/watervale_live/application/views/customerFollowup/followupOrders.php 227
ERROR - 2018-11-20 11:53:15 --> Severity: Notice --> Trying to get property of non-object /var/www/html/watervale_live/application/views/customerFollowup/followupOrders.php 227
ERROR - 2018-11-20 12:20:59 --> {"orderRef":"","userRef":"9Fb4y5fan34g5ab2YC","customerRef":"dXMJ1FSHdfYwMI5Z","orderRemarks":"","deliveryMethodRef":"4k6GrpPR1ZPOeuwR","newDeliveryMethod":"","newAreaCode":"","paymentMethodRef":"GLQ7xW9duKY7c6sU","dueDays":"","dueAmount":"","orderPipline":"3","orderStatus":"queued","orderInProduction":"1","managerApprove":"1","approvalType":"management","preAuthorization":"","orderDiscount":"0","newCustomer":[],"orderItems":[{"itemName":"Comfort Foam","itemRef":"PRO-TDLK-00002","qty":20,"saleUOM":"PC","saleConvQty":"1","saleConvLength":"0","baseUOM":"PC","baseConvQty":"1","baseConvLength":"0","productionOnDemand":"1","transportCost":"","transportCostChanged":"50","variants":[{"item_variant_id":"145","length":"20","width":"20","height":"4","color":"NA","design":"NA","qty":"10","price":"100","minPrice":"80","blockPercentage":"0","blockType":"Comfort","discountType":"1","discount":"0","isCustomize":"0"},{"item_variant_id":"146","length":"20","width":"20","height":"8","color":"NA","design":"NA","qty":"5","price":"100","minPrice":"80","blockPercentage":"0","blockType":"Comfort","discountType":"1","discount":"0","isCustomize":"0"},{"item_variant_id":"147","length":"80","width":"40","height":"4","color":"NA","design":"NA","qty":"5","price":"100","minPrice":"80","blockPercentage":"0","blockType":"Comfort","discountType":"1","discount":"0","isCustomize":"0"}]}]}
ERROR - 2018-11-20 12:20:59 --> {"success":true,"success_message":"Order 00009 Submitted successfully."}
