ERROR - 2018-12-03 07:05:12 --> 404 Page Not Found: Img/favicon.png
ERROR - 2018-12-03 09:15:15 --> 404 Page Not Found: Img/favicon.png
ERROR - 2018-12-03 09:15:28 --> Severity: Notice --> Undefined property: stdClass::$userName /var/www/html/watervale_live/application/views/items/index.php 94
ERROR - 2018-12-03 09:15:28 --> Severity: Notice --> Undefined property: stdClass::$userName /var/www/html/watervale_live/application/views/items/index.php 94
ERROR - 2018-12-03 09:15:28 --> Severity: Notice --> Undefined property: stdClass::$userName /var/www/html/watervale_live/application/views/items/index.php 94
ERROR - 2018-12-03 09:15:43 --> Severity: Notice --> Undefined property: stdClass::$userName /var/www/html/watervale_live/application/views/items/index.php 94
ERROR - 2018-12-03 09:15:43 --> Severity: Notice --> Undefined property: stdClass::$userName /var/www/html/watervale_live/application/views/items/index.php 94
ERROR - 2018-12-03 09:15:43 --> Severity: Notice --> Undefined property: stdClass::$userName /var/www/html/watervale_live/application/views/items/index.php 94
ERROR - 2018-12-03 09:15:46 --> 404 Page Not Found: Img/favicon.png
ERROR - 2018-12-03 09:57:13 --> 404 Page Not Found: Img/favicon.png
ERROR - 2018-12-03 10:00:16 --> Severity: Notice --> Undefined property: stdClass::$userName /var/www/html/watervale_live/application/views/items/index.php 94
ERROR - 2018-12-03 10:00:16 --> Severity: Notice --> Undefined property: stdClass::$userName /var/www/html/watervale_live/application/views/items/index.php 94
ERROR - 2018-12-03 10:00:16 --> Severity: Notice --> Undefined property: stdClass::$userName /var/www/html/watervale_live/application/views/items/index.php 94
ERROR - 2018-12-03 10:00:19 --> Severity: Notice --> Undefined property: stdClass::$userName /var/www/html/watervale_live/application/views/items/index.php 94
ERROR - 2018-12-03 10:00:19 --> Severity: Notice --> Undefined property: stdClass::$userName /var/www/html/watervale_live/application/views/items/index.php 94
ERROR - 2018-12-03 10:00:19 --> Severity: Notice --> Undefined property: stdClass::$userName /var/www/html/watervale_live/application/views/items/index.php 94
ERROR - 2018-12-03 10:00:22 --> 404 Page Not Found: Img/favicon.png
ERROR - 2018-12-03 10:00:46 --> Severity: Notice --> Undefined property: stdClass::$userName /var/www/html/watervale_live/application/views/items/index.php 94
ERROR - 2018-12-03 10:00:46 --> Severity: Notice --> Undefined property: stdClass::$userName /var/www/html/watervale_live/application/views/items/index.php 94
ERROR - 2018-12-03 10:00:46 --> Severity: Notice --> Undefined property: stdClass::$userName /var/www/html/watervale_live/application/views/items/index.php 94
ERROR - 2018-12-03 10:00:49 --> 404 Page Not Found: Img/favicon.png
ERROR - 2018-12-03 10:04:04 --> 404 Page Not Found: Order-details/img
ERROR - 2018-12-03 10:04:21 --> Severity: Notice --> Undefined property: stdClass::$userName /var/www/html/watervale_live/application/views/items/index.php 94
ERROR - 2018-12-03 10:04:21 --> Severity: Notice --> Undefined property: stdClass::$userName /var/www/html/watervale_live/application/views/items/index.php 94
ERROR - 2018-12-03 10:04:21 --> Severity: Notice --> Undefined property: stdClass::$userName /var/www/html/watervale_live/application/views/items/index.php 94
ERROR - 2018-12-03 10:06:32 --> 404 Page Not Found: Order-details/img
ERROR - 2018-12-03 10:08:35 --> 404 Page Not Found: Img/favicon.png
ERROR - 2018-12-03 10:08:51 --> 404 Page Not Found: Order-details/img
ERROR - 2018-12-03 10:09:06 --> 404 Page Not Found: Img/favicon.png
ERROR - 2018-12-03 10:22:00 --> 404 Page Not Found: Img/favicon.png
ERROR - 2018-12-03 10:49:42 --> 404 Page Not Found: Img/favicon.png
ERROR - 2018-12-03 10:52:18 --> 404 Page Not Found: Img/favicon.png
ERROR - 2018-12-03 10:52:29 --> 404 Page Not Found: Img/favicon.png
ERROR - 2018-12-03 10:52:40 --> Severity: Notice --> Undefined property: stdClass::$userName /var/www/html/watervale_live/application/views/items/index.php 94
ERROR - 2018-12-03 10:52:40 --> Severity: Notice --> Undefined property: stdClass::$userName /var/www/html/watervale_live/application/views/items/index.php 94
ERROR - 2018-12-03 10:52:40 --> Severity: Notice --> Undefined property: stdClass::$userName /var/www/html/watervale_live/application/views/items/index.php 94
ERROR - 2018-12-03 11:21:45 --> {"orderRef":"","userRef":"JjgDalfOlUQWpSeL","customerRef":"dXMJ1FSHdfYwMI5Z","orderRemarks":"hello","deliveryMethodRef":"4k6GrpPR1ZPOeuwR","newDeliveryMethod":"","newAreaCode":"","paymentMethodRef":"GLQ7xW9duKY7c6sU","dueDays":"","dueAmount":"","orderPipline":"3","orderStatus":"queued","orderInProduction":"1","managerApprove":"0","approvalType":" ","preAuthorization":"","orderDiscount":"0","newCustomer":[],"orderItems":[{"itemName":"Item1","itemRef":"PRO-8LSM-00001","qty":2,"saleUOM":"ROLL","saleConvQty":"1","saleConvLength":"30","baseUOM":"METER","baseConvQty":"1","baseConvLength":"50","productionOnDemand":"1","transportCost":"0","transportCostChanged":"","variants":[{"item_variant_id":"26","length":"11","width":"22","height":"23","color":"W","design":"Square","qty":"1","price":"50.15","minPrice":"25.15","blockPercentage":"99.99","blockType":"Comfort","discountType":"1","discount":"0","isCustomize":"0"},{"item_variant_id":"27","length":"11","width":"22","height":"23","color":"j","design":"Square","qty":"1","price":"50.15","minPrice":"25.15","blockPercentage":"99.99","blockType":"Comfort","discountType":"1","discount":"0","isCustomize":"0"}]}]}
ERROR - 2018-12-03 11:21:45 --> Severity: Notice --> Undefined index: discount /var/www/html/watervale_live/application/models/OrderModel.php 290
ERROR - 2018-12-03 11:21:45 --> Severity: Notice --> Undefined index: discountType /var/www/html/watervale_live/application/models/OrderModel.php 291
ERROR - 2018-12-03 11:21:45 --> Severity: Notice --> Undefined index: discountType /var/www/html/watervale_live/application/models/OrderModel.php 291
ERROR - 2018-12-03 11:21:45 --> Severity: Notice --> Undefined index: discountType /var/www/html/watervale_live/application/models/OrderModel.php 347
ERROR - 2018-12-03 11:21:45 --> Query error: Column 'discountType' cannot be null - Invalid query: INSERT INTO `ws_orderItems` (`orderRef`, `orderItemRef`, `price`, `transportCharge`, `itemRefId`, `itemName`, `saleUOM`, `saleConvQty`, `saleConvLength`, `baseUOM`, `baseConvQty`, `baseConvLength`, `productionOnDemand`, `discountType`, `discount`, `qty`, `addedOn`, `modifiedDate`, `status`) VALUES ('8CIxKZQdB07eGor8', 'ywARYScPwOr8v2Gg', 100.3, '0', 'PRO-8LSM-00001', 'Item1', 'ROLL', '1', '30', 'METER', '1', '50', '1', NULL, 0, 2, '2018-12-03 11:21:45', '2018-12-03 11:21:45', 1)
ERROR - 2018-12-03 11:21:48 --> {"orderRef":"","userRef":"JjgDalfOlUQWpSeL","customerRef":"dXMJ1FSHdfYwMI5Z","orderRemarks":"hello","deliveryMethodRef":"4k6GrpPR1ZPOeuwR","newDeliveryMethod":"","newAreaCode":"","paymentMethodRef":"GLQ7xW9duKY7c6sU","dueDays":"","dueAmount":"","orderPipline":"3","orderStatus":"queued","orderInProduction":"1","managerApprove":"0","approvalType":" ","preAuthorization":"","orderDiscount":"0","newCustomer":[],"orderItems":[{"itemName":"Item1","itemRef":"PRO-8LSM-00001","qty":2,"saleUOM":"ROLL","saleConvQty":"1","saleConvLength":"30","baseUOM":"METER","baseConvQty":"1","baseConvLength":"50","productionOnDemand":"1","transportCost":"0","transportCostChanged":"","variants":[{"item_variant_id":"26","length":"11","width":"22","height":"23","color":"W","design":"Square","qty":"1","price":"50.15","minPrice":"25.15","blockPercentage":"99.99","blockType":"Comfort","discountType":"1","discount":"0","isCustomize":"0"},{"item_variant_id":"27","length":"11","width":"22","height":"23","color":"j","design":"Square","qty":"1","price":"50.15","minPrice":"25.15","blockPercentage":"99.99","blockType":"Comfort","discountType":"1","discount":"0","isCustomize":"0"}]}]}
ERROR - 2018-12-03 11:21:48 --> Severity: Notice --> Undefined index: discount /var/www/html/watervale_live/application/models/OrderModel.php 290
ERROR - 2018-12-03 11:21:48 --> Severity: Notice --> Undefined index: discountType /var/www/html/watervale_live/application/models/OrderModel.php 291
ERROR - 2018-12-03 11:21:48 --> Severity: Notice --> Undefined index: discountType /var/www/html/watervale_live/application/models/OrderModel.php 291
ERROR - 2018-12-03 11:21:48 --> Severity: Notice --> Undefined index: discountType /var/www/html/watervale_live/application/models/OrderModel.php 347
ERROR - 2018-12-03 11:21:48 --> Query error: Column 'discountType' cannot be null - Invalid query: INSERT INTO `ws_orderItems` (`orderRef`, `orderItemRef`, `price`, `transportCharge`, `itemRefId`, `itemName`, `saleUOM`, `saleConvQty`, `saleConvLength`, `baseUOM`, `baseConvQty`, `baseConvLength`, `productionOnDemand`, `discountType`, `discount`, `qty`, `addedOn`, `modifiedDate`, `status`) VALUES ('huKa4CgRhEJz0ny2', 'fmw20GvnrpHhtXMi', 100.3, '0', 'PRO-8LSM-00001', 'Item1', 'ROLL', '1', '30', 'METER', '1', '50', '1', NULL, 0, 2, '2018-12-03 11:21:48', '2018-12-03 11:21:48', 1)
ERROR - 2018-12-03 11:22:02 --> {"orderRef":"","userRef":"JjgDalfOlUQWpSeL","customerRef":"dXMJ1FSHdfYwMI5Z","orderRemarks":"hello","deliveryMethodRef":"4k6GrpPR1ZPOeuwR","newDeliveryMethod":"","newAreaCode":"","paymentMethodRef":"GLQ7xW9duKY7c6sU","dueDays":"","dueAmount":"","orderPipline":"3","orderStatus":"queued","orderInProduction":"1","managerApprove":"0","approvalType":" ","preAuthorization":"","orderDiscount":"0","newCustomer":[],"orderItems":[{"itemName":"Item1","itemRef":"PRO-8LSM-00001","qty":2,"saleUOM":"ROLL","saleConvQty":"1","saleConvLength":"30","baseUOM":"METER","baseConvQty":"1","baseConvLength":"50","productionOnDemand":"1","transportCost":"0","transportCostChanged":"","variants":[{"item_variant_id":"26","length":"11","width":"22","height":"23","color":"W","design":"Square","qty":"1","price":"50.15","minPrice":"25.15","blockPercentage":"99.99","blockType":"Comfort","discountType":"1","discount":"0","isCustomize":"0"},{"item_variant_id":"27","length":"11","width":"22","height":"23","color":"j","design":"Square","qty":"1","price":"50.15","minPrice":"25.15","blockPercentage":"99.99","blockType":"Comfort","discountType":"1","discount":"0","isCustomize":"0"}]}]}
ERROR - 2018-12-03 11:22:02 --> Severity: Notice --> Undefined index: discount /var/www/html/watervale_live/application/models/OrderModel.php 290
ERROR - 2018-12-03 11:22:02 --> Severity: Notice --> Undefined index: discountType /var/www/html/watervale_live/application/models/OrderModel.php 291
ERROR - 2018-12-03 11:22:02 --> Severity: Notice --> Undefined index: discountType /var/www/html/watervale_live/application/models/OrderModel.php 291
ERROR - 2018-12-03 11:22:02 --> Severity: Notice --> Undefined index: discountType /var/www/html/watervale_live/application/models/OrderModel.php 347
ERROR - 2018-12-03 11:22:02 --> Query error: Column 'discountType' cannot be null - Invalid query: INSERT INTO `ws_orderItems` (`orderRef`, `orderItemRef`, `price`, `transportCharge`, `itemRefId`, `itemName`, `saleUOM`, `saleConvQty`, `saleConvLength`, `baseUOM`, `baseConvQty`, `baseConvLength`, `productionOnDemand`, `discountType`, `discount`, `qty`, `addedOn`, `modifiedDate`, `status`) VALUES ('cFzWRGTnVOGSZBnc', 'VDZlqbvSya4SMwuP', 100.3, '0', 'PRO-8LSM-00001', 'Item1', 'ROLL', '1', '30', 'METER', '1', '50', '1', NULL, 0, 2, '2018-12-03 11:22:02', '2018-12-03 11:22:02', 1)
ERROR - 2018-12-03 11:22:10 --> {"orderRef":"","userRef":"JjgDalfOlUQWpSeL","customerRef":"dXMJ1FSHdfYwMI5Z","orderRemarks":"hello","deliveryMethodRef":"4k6GrpPR1ZPOeuwR","newDeliveryMethod":"","newAreaCode":"","paymentMethodRef":"GLQ7xW9duKY7c6sU","dueDays":"","dueAmount":"","orderPipline":"3","orderStatus":"queued","orderInProduction":"1","managerApprove":"0","approvalType":" ","preAuthorization":"","orderDiscount":"0","newCustomer":[],"orderItems":[{"itemName":"Item1","itemRef":"PRO-8LSM-00001","qty":2,"saleUOM":"ROLL","saleConvQty":"1","saleConvLength":"30","baseUOM":"METER","baseConvQty":"1","baseConvLength":"50","productionOnDemand":"1","transportCost":"0","transportCostChanged":"","variants":[{"item_variant_id":"26","length":"11","width":"22","height":"23","color":"W","design":"Square","qty":"1","price":"50.15","minPrice":"25.15","blockPercentage":"99.99","blockType":"Comfort","discountType":"1","discount":"0","isCustomize":"0"},{"item_variant_id":"27","length":"11","width":"22","height":"23","color":"j","design":"Square","qty":"1","price":"50.15","minPrice":"25.15","blockPercentage":"99.99","blockType":"Comfort","discountType":"1","discount":"0","isCustomize":"0"}]}]}
ERROR - 2018-12-03 11:22:10 --> Severity: Notice --> Undefined index: discount /var/www/html/watervale_live/application/models/OrderModel.php 290
ERROR - 2018-12-03 11:22:10 --> Severity: Notice --> Undefined index: discountType /var/www/html/watervale_live/application/models/OrderModel.php 291
ERROR - 2018-12-03 11:22:10 --> Severity: Notice --> Undefined index: discountType /var/www/html/watervale_live/application/models/OrderModel.php 291
ERROR - 2018-12-03 11:22:10 --> Severity: Notice --> Undefined index: discountType /var/www/html/watervale_live/application/models/OrderModel.php 347
ERROR - 2018-12-03 11:22:10 --> Query error: Column 'discountType' cannot be null - Invalid query: INSERT INTO `ws_orderItems` (`orderRef`, `orderItemRef`, `price`, `transportCharge`, `itemRefId`, `itemName`, `saleUOM`, `saleConvQty`, `saleConvLength`, `baseUOM`, `baseConvQty`, `baseConvLength`, `productionOnDemand`, `discountType`, `discount`, `qty`, `addedOn`, `modifiedDate`, `status`) VALUES ('OmY4a70PEIO9ztJr', 'SsKXCzj9ueOpm7iE', 100.3, '0', 'PRO-8LSM-00001', 'Item1', 'ROLL', '1', '30', 'METER', '1', '50', '1', NULL, 0, 2, '2018-12-03 11:22:10', '2018-12-03 11:22:10', 1)
ERROR - 2018-12-03 11:22:43 --> {"orderRef":"","userRef":"JjgDalfOlUQWpSeL","customerRef":"dXMJ1FSHdfYwMI5Z","orderRemarks":"hello","deliveryMethodRef":"4k6GrpPR1ZPOeuwR","newDeliveryMethod":"","newAreaCode":"","paymentMethodRef":"GLQ7xW9duKY7c6sU","dueDays":"","dueAmount":"","orderPipline":"3","orderStatus":"queued","orderInProduction":"1","managerApprove":"0","approvalType":" ","preAuthorization":"","orderDiscount":"0","newCustomer":[],"orderItems":[{"itemName":"Item1","itemRef":"PRO-8LSM-00001","qty":2,"saleUOM":"ROLL","saleConvQty":"1","saleConvLength":"30","baseUOM":"METER","baseConvQty":"1","baseConvLength":"50","productionOnDemand":"1","transportCost":"0","transportCostChanged":"","variants":[{"item_variant_id":"26","length":"11","width":"22","height":"23","color":"W","design":"Square","qty":"1","price":"50.15","minPrice":"25.15","blockPercentage":"99.99","blockType":"Comfort","discountType":"1","discount":"0","isCustomize":"0"},{"item_variant_id":"27","length":"11","width":"22","height":"23","color":"j","design":"Square","qty":"1","price":"50.15","minPrice":"25.15","blockPercentage":"99.99","blockType":"Comfort","discountType":"1","discount":"0","isCustomize":"0"}]}]}
ERROR - 2018-12-03 11:22:43 --> Severity: Notice --> Undefined index: discount /var/www/html/watervale_live/application/models/OrderModel.php 290
ERROR - 2018-12-03 11:22:43 --> Severity: Notice --> Undefined index: discountType /var/www/html/watervale_live/application/models/OrderModel.php 291
ERROR - 2018-12-03 11:22:43 --> Severity: Notice --> Undefined index: discountType /var/www/html/watervale_live/application/models/OrderModel.php 291
ERROR - 2018-12-03 11:22:43 --> Severity: Notice --> Undefined index: discountType /var/www/html/watervale_live/application/models/OrderModel.php 347
ERROR - 2018-12-03 11:22:43 --> Query error: Column 'discountType' cannot be null - Invalid query: INSERT INTO `ws_orderItems` (`orderRef`, `orderItemRef`, `price`, `transportCharge`, `itemRefId`, `itemName`, `saleUOM`, `saleConvQty`, `saleConvLength`, `baseUOM`, `baseConvQty`, `baseConvLength`, `productionOnDemand`, `discountType`, `discount`, `qty`, `addedOn`, `modifiedDate`, `status`) VALUES ('1xhALVYRpezt8gXQ', 'ShHbJsuao9fe4iuT', 100.3, '0', 'PRO-8LSM-00001', 'Item1', 'ROLL', '1', '30', 'METER', '1', '50', '1', NULL, 0, 2, '2018-12-03 11:22:43', '2018-12-03 11:22:43', 1)
ERROR - 2018-12-03 11:23:52 --> {"orderRef":"","userRef":"JjgDalfOlUQWpSeL","customerRef":"dXMJ1FSHdfYwMI5Z","orderRemarks":"hello","deliveryMethodRef":"4k6GrpPR1ZPOeuwR","newDeliveryMethod":"","newAreaCode":"","paymentMethodRef":"GLQ7xW9duKY7c6sU","dueDays":"","dueAmount":"","orderPipline":"3","orderStatus":"queued","orderInProduction":"1","managerApprove":"0","approvalType":" ","preAuthorization":"","orderDiscount":"0","newCustomer":[],"orderItems":[{"itemName":"Item1","itemRef":"PRO-8LSM-00001","qty":2,"saleUOM":"ROLL","saleConvQty":"1","saleConvLength":"30","baseUOM":"METER","baseConvQty":"1","baseConvLength":"50","productionOnDemand":"1","transportCost":"0","transportCostChanged":"","variants":[{"item_variant_id":"26","length":"11","width":"22","height":"23","color":"W","design":"Square","qty":"1","price":"50.15","minPrice":"25.15","blockPercentage":"99.99","blockType":"Comfort","discountType":"1","discount":"0","isCustomize":"0"},{"item_variant_id":"27","length":"11","width":"22","height":"23","color":"j","design":"Square","qty":"1","price":"50.15","minPrice":"25.15","blockPercentage":"99.99","blockType":"Comfort","discountType":"1","discount":"0","isCustomize":"0"}]}]}
ERROR - 2018-12-03 11:23:52 --> Severity: Notice --> Undefined index: discount /var/www/html/watervale_live/application/models/OrderModel.php 290
ERROR - 2018-12-03 11:23:52 --> Severity: Notice --> Undefined index: discountType /var/www/html/watervale_live/application/models/OrderModel.php 291
ERROR - 2018-12-03 11:23:52 --> Severity: Notice --> Undefined index: discountType /var/www/html/watervale_live/application/models/OrderModel.php 291
ERROR - 2018-12-03 11:23:52 --> Severity: Notice --> Undefined index: discountType /var/www/html/watervale_live/application/models/OrderModel.php 347
ERROR - 2018-12-03 11:23:52 --> Query error: Column 'discountType' cannot be null - Invalid query: INSERT INTO `ws_orderItems` (`orderRef`, `orderItemRef`, `price`, `transportCharge`, `itemRefId`, `itemName`, `saleUOM`, `saleConvQty`, `saleConvLength`, `baseUOM`, `baseConvQty`, `baseConvLength`, `productionOnDemand`, `discountType`, `discount`, `qty`, `addedOn`, `modifiedDate`, `status`) VALUES ('7JNRZ1E6uUCwlD7m', 'sGjfEpZy7MaYLGbW', 100.3, '0', 'PRO-8LSM-00001', 'Item1', 'ROLL', '1', '30', 'METER', '1', '50', '1', NULL, 0, 2, '2018-12-03 11:23:52', '2018-12-03 11:23:52', 1)
ERROR - 2018-12-03 11:27:44 --> {  
   "orderRef":"",
   "userRef":"JjgDalfOlUQWpSeL",
   "customerRef":"dXMJ1FSHdfYwMI5Z",
   "orderRemarks":"",
   "deliveryMethodRef":"4k6GrpPR1ZPOeuwR",
   "newDeliveryMethod":"",
   "newAreaCode":"",
   "paymentMethodRef":"GLQ7xW9duKY7c6sU",
   "dueDays":"",
   "dueAmount":"",
   "orderPipline":"2",
   "orderStatus":"MAN",
   "orderInProduction":"0",
   "managerApprove":"1",
   "approvalType":"management",
   "preAuthorization":"",
   "orderDiscount":"80.25",
   "newCustomer":[  

   ],
   "orderItems":[  
      {  
         "itemName":"Sofa Fabric",
         "itemRef":"PRO-9RHD-00004",
         "qty":5,
         "saleUOM":"SsaleUoM",
         "saleConvQty":"1",
         "saleConvLength":"0",
         "baseUOM":"SUoM",
         "baseConvQty":"1",
         "baseConvLength":"0",
         "productionOnDemand":"0",
         "transportCost":"",
         "transportCostChanged":"50",
         "discountType":"1",
         "discount":"10",
         "variants":[  
            {  
               "item_variant_id":"11X12X13XwXSqaure",
               "length":"11",
               "width":"12",
               "height":"13",
               "color":"w",
               "design":"Sqaure",
               "qty":"2",
               "price":"100.5",
               "minPrice":"50",
               "blockPercentage":"56.76",
               "blockType":"TBlock Type",
               "isCustomize":"0"
            },
            {  
               "item_variant_id":"21X22X23XwXSqaure",
               "length":"21",
               "width":"22",
               "height":"23",
               "color":"w",
               "design":"Sqaure",
               "qty":"3",
               "price":"200.5",
               "minPrice":"50",
               "blockPercentage":"56.76",
               "blockType":"TBlock Type",
               "isCustomize":"0"
            }
         ]
      }
   ]
}
ERROR - 2018-12-03 11:27:44 --> {"success":true,"success_message":"Order 00017 Submitted successfully."}
ERROR - 2018-12-03 11:28:34 --> 404 Page Not Found: Order-details/img
ERROR - 2018-12-03 11:30:13 --> {"orderRef":"","userRef":"JjgDalfOlUQWpSeL","customerRef":"dXMJ1FSHdfYwMI5Z","orderRemarks":"","deliveryMethodRef":"4k6GrpPR1ZPOeuwR","newDeliveryMethod":"","newAreaCode":"","paymentMethodRef":"GLQ7xW9duKY7c6sU","dueDays":"","dueAmount":"","orderPipline":"3","orderStatus":"queued","orderInProduction":"1","managerApprove":"0","approvalType":" ","preAuthorization":"","orderDiscount":"0","newCustomer":[],"orderItems":[{"itemName":"Item1","itemRef":"PRO-8LSM-00001","qty":2,"saleUOM":"ROLL","saleConvQty":"1","saleConvLength":"30","baseUOM":"METER","baseConvQty":"1","baseConvLength":"50","productionOnDemand":"1","transportCost":"0","transportCostChanged":"","discountType":"1","discount":"","variants":[{"item_variant_id":"11X22X23XWXSquare","length":"11","width":"22","height":"23","color":"W","design":"Square","qty":"1","price":"50.15","minPrice":"25.15","blockPercentage":"99.99","blockType":"Comfort","isCustomize":"0"},{"item_variant_id":"11X22X23XjXSquare","length":"11","width":"22","height":"23","color":"j","design":"Square","qty":"1","price":"50.15","minPrice":"25.15","blockPercentage":"99.99","blockType":"Comfort","isCustomize":"0"}]}]}
ERROR - 2018-12-03 11:30:13 --> {"success":true,"success_message":"Order 00017 Submitted successfully."}
ERROR - 2018-12-03 11:31:23 --> {"orderRef":"","userRef":"JjgDalfOlUQWpSeL","customerRef":"dXMJ1FSHdfYwMI5Z","orderRemarks":"regarding","deliveryMethodRef":"4k6GrpPR1ZPOeuwR","newDeliveryMethod":"","newAreaCode":"","paymentMethodRef":"GLQ7xW9duKY7c6sU","dueDays":"","dueAmount":"","orderPipline":"3","orderStatus":"queued","orderInProduction":"1","managerApprove":"0","approvalType":" ","preAuthorization":"","orderDiscount":"0","newCustomer":[],"orderItems":[{"itemName":"Item1","itemRef":"PRO-8LSM-00001","qty":2,"saleUOM":"ROLL","saleConvQty":"1","saleConvLength":"30","baseUOM":"METER","baseConvQty":"1","baseConvLength":"50","productionOnDemand":"1","transportCost":"0","transportCostChanged":"","discountType":"1","discount":"","variants":[{"item_variant_id":"11X22X23XWXSquare","length":"11","width":"22","height":"23","color":"W","design":"Square","qty":"1","price":"50.15","minPrice":"25.15","blockPercentage":"99.99","blockType":"Comfort","isCustomize":"0"},{"item_variant_id":"11X22X23XjXSquare","length":"11","width":"22","height":"23","color":"j","design":"Square","qty":"1","price":"50.15","minPrice":"25.15","blockPercentage":"99.99","blockType":"Comfort","isCustomize":"0"}]}]}
ERROR - 2018-12-03 11:31:23 --> {"success":true,"success_message":"Order 00018 Submitted successfully."}
ERROR - 2018-12-03 11:31:48 --> Severity: Notice --> Undefined property: stdClass::$userName /var/www/html/watervale_live/application/views/items/index.php 94
ERROR - 2018-12-03 11:31:48 --> Severity: Notice --> Undefined property: stdClass::$userName /var/www/html/watervale_live/application/views/items/index.php 94
ERROR - 2018-12-03 11:31:48 --> Severity: Notice --> Undefined property: stdClass::$userName /var/www/html/watervale_live/application/views/items/index.php 94
ERROR - 2018-12-03 11:35:44 --> 404 Page Not Found: Order-details/img
ERROR - 2018-12-03 11:36:24 --> 404 Page Not Found: Order-details/img
ERROR - 2018-12-03 11:37:10 --> Severity: Notice --> Undefined property: stdClass::$userName /var/www/html/watervale_live/application/views/items/index.php 94
ERROR - 2018-12-03 11:37:10 --> Severity: Notice --> Undefined property: stdClass::$userName /var/www/html/watervale_live/application/views/items/index.php 94
ERROR - 2018-12-03 11:37:10 --> Severity: Notice --> Undefined property: stdClass::$userName /var/www/html/watervale_live/application/views/items/index.php 94
ERROR - 2018-12-03 11:37:12 --> 404 Page Not Found: Img/favicon.png
ERROR - 2018-12-03 11:37:17 --> 404 Page Not Found: Order-details/img
ERROR - 2018-12-03 11:37:49 --> 404 Page Not Found: Order-details/img
ERROR - 2018-12-03 11:38:04 --> 404 Page Not Found: Order-details/img
ERROR - 2018-12-03 11:38:27 --> 404 Page Not Found: Order-details/img
ERROR - 2018-12-03 11:39:48 --> 404 Page Not Found: Order-details/img
ERROR - 2018-12-03 11:42:08 --> 404 Page Not Found: Order-details/img
ERROR - 2018-12-03 11:42:34 --> 404 Page Not Found: Order-details/img
ERROR - 2018-12-03 11:43:11 --> 404 Page Not Found: Order-details/img
ERROR - 2018-12-03 11:45:08 --> 404 Page Not Found: Order-details/img
ERROR - 2018-12-03 11:47:30 --> 404 Page Not Found: Img/favicon.png
ERROR - 2018-12-03 11:47:46 --> Severity: Notice --> Undefined property: stdClass::$userName /var/www/html/watervale_live/application/views/items/index.php 94
ERROR - 2018-12-03 11:47:46 --> Severity: Notice --> Undefined property: stdClass::$userName /var/www/html/watervale_live/application/views/items/index.php 94
ERROR - 2018-12-03 11:47:46 --> Severity: Notice --> Undefined property: stdClass::$userName /var/www/html/watervale_live/application/views/items/index.php 94
ERROR - 2018-12-03 11:47:55 --> Severity: Notice --> Undefined property: stdClass::$userName /var/www/html/watervale_live/application/views/items/index.php 94
ERROR - 2018-12-03 11:47:55 --> Severity: Notice --> Undefined property: stdClass::$userName /var/www/html/watervale_live/application/views/items/index.php 94
ERROR - 2018-12-03 11:47:55 --> Severity: Notice --> Undefined property: stdClass::$userName /var/www/html/watervale_live/application/views/items/index.php 94
ERROR - 2018-12-03 11:48:04 --> 404 Page Not Found: Img/favicon.png
ERROR - 2018-12-03 11:49:45 --> Severity: Notice --> Undefined property: stdClass::$userName /var/www/html/watervale_live/application/views/items/index.php 94
ERROR - 2018-12-03 11:49:45 --> Severity: Notice --> Undefined property: stdClass::$userName /var/www/html/watervale_live/application/views/items/index.php 94
ERROR - 2018-12-03 11:49:45 --> Severity: Notice --> Undefined property: stdClass::$userName /var/www/html/watervale_live/application/views/items/index.php 94
ERROR - 2018-12-03 11:49:46 --> Severity: Notice --> Undefined property: stdClass::$userName /var/www/html/watervale_live/application/views/items/index.php 94
ERROR - 2018-12-03 11:49:46 --> Severity: Notice --> Undefined property: stdClass::$userName /var/www/html/watervale_live/application/views/items/index.php 94
ERROR - 2018-12-03 11:49:46 --> Severity: Notice --> Undefined property: stdClass::$userName /var/www/html/watervale_live/application/views/items/index.php 94
ERROR - 2018-12-03 11:49:47 --> Severity: Notice --> Undefined property: stdClass::$userName /var/www/html/watervale_live/application/views/items/index.php 94
ERROR - 2018-12-03 11:49:47 --> Severity: Notice --> Undefined property: stdClass::$userName /var/www/html/watervale_live/application/views/items/index.php 94
ERROR - 2018-12-03 11:49:47 --> Severity: Notice --> Undefined property: stdClass::$userName /var/www/html/watervale_live/application/views/items/index.php 94
ERROR - 2018-12-03 11:49:48 --> Severity: Notice --> Undefined property: stdClass::$userName /var/www/html/watervale_live/application/views/items/index.php 94
ERROR - 2018-12-03 11:49:48 --> Severity: Notice --> Undefined property: stdClass::$userName /var/www/html/watervale_live/application/views/items/index.php 94
ERROR - 2018-12-03 11:49:48 --> Severity: Notice --> Undefined property: stdClass::$userName /var/www/html/watervale_live/application/views/items/index.php 94
ERROR - 2018-12-03 11:49:49 --> Severity: Notice --> Undefined property: stdClass::$userName /var/www/html/watervale_live/application/views/items/index.php 94
ERROR - 2018-12-03 11:49:49 --> Severity: Notice --> Undefined property: stdClass::$userName /var/www/html/watervale_live/application/views/items/index.php 94
ERROR - 2018-12-03 11:49:49 --> Severity: Notice --> Undefined property: stdClass::$userName /var/www/html/watervale_live/application/views/items/index.php 94
ERROR - 2018-12-03 11:49:52 --> 404 Page Not Found: Img/favicon.png
ERROR - 2018-12-03 11:52:14 --> Severity: Notice --> Undefined property: stdClass::$userName /var/www/html/watervale_live/application/views/items/index.php 94
ERROR - 2018-12-03 11:52:14 --> Severity: Notice --> Undefined property: stdClass::$userName /var/www/html/watervale_live/application/views/items/index.php 94
ERROR - 2018-12-03 11:52:14 --> Severity: Notice --> Undefined property: stdClass::$userName /var/www/html/watervale_live/application/views/items/index.php 94
ERROR - 2018-12-03 11:52:16 --> Severity: Notice --> Undefined property: stdClass::$userName /var/www/html/watervale_live/application/views/items/index.php 94
ERROR - 2018-12-03 11:52:16 --> Severity: Notice --> Undefined property: stdClass::$userName /var/www/html/watervale_live/application/views/items/index.php 94
ERROR - 2018-12-03 11:52:16 --> Severity: Notice --> Undefined property: stdClass::$userName /var/www/html/watervale_live/application/views/items/index.php 94
ERROR - 2018-12-03 11:52:17 --> Severity: Notice --> Undefined property: stdClass::$userName /var/www/html/watervale_live/application/views/items/index.php 94
ERROR - 2018-12-03 11:52:17 --> Severity: Notice --> Undefined property: stdClass::$userName /var/www/html/watervale_live/application/views/items/index.php 94
ERROR - 2018-12-03 11:52:17 --> Severity: Notice --> Undefined property: stdClass::$userName /var/www/html/watervale_live/application/views/items/index.php 94
ERROR - 2018-12-03 11:52:18 --> Severity: Notice --> Undefined property: stdClass::$userName /var/www/html/watervale_live/application/views/items/index.php 94
ERROR - 2018-12-03 11:52:18 --> Severity: Notice --> Undefined property: stdClass::$userName /var/www/html/watervale_live/application/views/items/index.php 94
ERROR - 2018-12-03 11:52:18 --> Severity: Notice --> Undefined property: stdClass::$userName /var/www/html/watervale_live/application/views/items/index.php 94
ERROR - 2018-12-03 11:52:21 --> 404 Page Not Found: Img/favicon.png
ERROR - 2018-12-03 11:52:42 --> Severity: Notice --> Undefined property: stdClass::$userName /var/www/html/watervale_live/application/views/items/index.php 94
ERROR - 2018-12-03 11:52:42 --> Severity: Notice --> Undefined property: stdClass::$userName /var/www/html/watervale_live/application/views/items/index.php 94
ERROR - 2018-12-03 11:52:42 --> Severity: Notice --> Undefined property: stdClass::$userName /var/www/html/watervale_live/application/views/items/index.php 94
ERROR - 2018-12-03 11:55:23 --> Severity: Notice --> Undefined property: stdClass::$userName /var/www/html/watervale_live/application/views/items/index.php 94
ERROR - 2018-12-03 11:55:23 --> Severity: Notice --> Undefined property: stdClass::$userName /var/www/html/watervale_live/application/views/items/index.php 94
ERROR - 2018-12-03 11:55:23 --> Severity: Notice --> Undefined property: stdClass::$userName /var/www/html/watervale_live/application/views/items/index.php 94
ERROR - 2018-12-03 12:10:39 --> {"orderRef":"","userRef":"JjgDalfOlUQWpSeL","customerRef":"dXMJ1FSHdfYwMI5Z","orderRemarks":"","deliveryMethodRef":"4k6GrpPR1ZPOeuwR","newDeliveryMethod":"","newAreaCode":"","paymentMethodRef":"GLQ7xW9duKY7c6sU","dueDays":"","dueAmount":"","orderPipline":"3","orderStatus":"queued","orderInProduction":"1","managerApprove":"0","approvalType":" ","preAuthorization":"","orderDiscount":"0","newCustomer":[],"orderItems":[{"itemName":"Item1","itemRef":"PRO-8LSM-00001","qty":2,"saleUOM":"ROLL","saleConvQty":"1","saleConvLength":"30","baseUOM":"METER","baseConvQty":"1","baseConvLength":"50","productionOnDemand":"1","transportCost":"0","transportCostChanged":"","discountType":"1","discount":"","variants":[{"item_variant_id":"11X22X23XWXSquare","length":"11","width":"22","height":"23","color":"W","design":"Square","qty":"1","price":"50.15","minPrice":"25.15","blockPercentage":"99.99","blockType":"Comfort","isCustomize":"0"},{"item_variant_id":"11X22X23XjXSquare","length":"11","width":"22","height":"23","color":"j","design":"Square","qty":"1","price":"50.15","minPrice":"25.15","blockPercentage":"99.99","blockType":"Comfort","isCustomize":"0"}]}]}
ERROR - 2018-12-03 12:10:39 --> {"success":true,"success_message":"Order 00019 Submitted successfully."}
ERROR - 2018-12-03 12:11:36 --> 404 Page Not Found: Order-details/img
ERROR - 2018-12-03 12:24:27 --> Severity: Notice --> Undefined property: stdClass::$height /var/www/html/watervale_live/application/views/orders/dispatch/dispachedItems.php 163
ERROR - 2018-12-03 12:24:27 --> Severity: Notice --> Undefined property: stdClass::$width /var/www/html/watervale_live/application/views/orders/dispatch/dispachedItems.php 164
ERROR - 2018-12-03 12:24:27 --> Severity: Notice --> Undefined property: stdClass::$length /var/www/html/watervale_live/application/views/orders/dispatch/dispachedItems.php 165
ERROR - 2018-12-03 12:24:27 --> Severity: Notice --> Undefined property: stdClass::$height /var/www/html/watervale_live/application/views/orders/dispatch/dispachedItems.php 163
ERROR - 2018-12-03 12:24:27 --> Severity: Notice --> Undefined property: stdClass::$width /var/www/html/watervale_live/application/views/orders/dispatch/dispachedItems.php 164
ERROR - 2018-12-03 12:24:27 --> Severity: Notice --> Undefined property: stdClass::$length /var/www/html/watervale_live/application/views/orders/dispatch/dispachedItems.php 165
ERROR - 2018-12-03 12:36:08 --> Severity: Notice --> Undefined property: stdClass::$saleConvLength /var/www/html/watervale_live/application/views/orders/dispatch/dispachedItems.php 74
ERROR - 2018-12-03 12:36:08 --> Severity: Notice --> Undefined property: stdClass::$uomType /var/www/html/watervale_live/application/views/orders/dispatch/dispachedItems.php 74
ERROR - 2018-12-03 12:36:08 --> Severity: Notice --> Undefined property: stdClass::$saleConvLength /var/www/html/watervale_live/application/views/orders/dispatch/dispachedItems.php 74
ERROR - 2018-12-03 12:36:08 --> Severity: Notice --> Undefined property: stdClass::$uomType /var/www/html/watervale_live/application/views/orders/dispatch/dispachedItems.php 74
ERROR - 2018-12-03 12:36:29 --> Severity: Notice --> Undefined property: stdClass::$saleConvLength /var/www/html/watervale_live/application/views/orders/dispatch/dispachedItems.php 74
ERROR - 2018-12-03 12:36:29 --> Severity: Notice --> Undefined property: stdClass::$uomType /var/www/html/watervale_live/application/views/orders/dispatch/dispachedItems.php 74
ERROR - 2018-12-03 12:36:29 --> Severity: Notice --> Undefined property: stdClass::$saleConvLength /var/www/html/watervale_live/application/views/orders/dispatch/dispachedItems.php 74
ERROR - 2018-12-03 12:36:29 --> Severity: Notice --> Undefined property: stdClass::$uomType /var/www/html/watervale_live/application/views/orders/dispatch/dispachedItems.php 74
ERROR - 2018-12-03 12:40:24 --> Severity: Notice --> Undefined property: stdClass::$saleConvLength /var/www/html/watervale_live/application/views/orders/dispatch/dispachedItems.php 74
ERROR - 2018-12-03 12:40:24 --> Severity: Notice --> Undefined property: stdClass::$uomType /var/www/html/watervale_live/application/views/orders/dispatch/dispachedItems.php 74
ERROR - 2018-12-03 12:40:24 --> Severity: Notice --> Undefined property: stdClass::$saleConvLength /var/www/html/watervale_live/application/views/orders/dispatch/dispachedItems.php 74
ERROR - 2018-12-03 12:40:24 --> Severity: Notice --> Undefined property: stdClass::$uomType /var/www/html/watervale_live/application/views/orders/dispatch/dispachedItems.php 74
ERROR - 2018-12-03 12:42:34 --> Severity: Notice --> Trying to get property of non-object /var/www/html/watervale_live/application/views/orders/dispatch/dispachedItems.php 74
ERROR - 2018-12-03 12:42:34 --> Severity: Notice --> Undefined property: stdClass::$uomType /var/www/html/watervale_live/application/views/orders/dispatch/dispachedItems.php 74
ERROR - 2018-12-03 12:42:34 --> Severity: Notice --> Trying to get property of non-object /var/www/html/watervale_live/application/views/orders/dispatch/dispachedItems.php 74
ERROR - 2018-12-03 12:42:34 --> Severity: Notice --> Undefined property: stdClass::$uomType /var/www/html/watervale_live/application/views/orders/dispatch/dispachedItems.php 74
ERROR - 2018-12-03 12:42:59 --> Severity: Notice --> Undefined property: stdClass::$uomType /var/www/html/watervale_live/application/views/orders/dispatch/dispachedItems.php 74
ERROR - 2018-12-03 12:42:59 --> Severity: Notice --> Undefined property: stdClass::$uomType /var/www/html/watervale_live/application/views/orders/dispatch/dispachedItems.php 74
ERROR - 2018-12-03 12:43:29 --> Severity: Notice --> Undefined property: stdClass::$uomType /var/www/html/watervale_live/application/views/orders/dispatch/dispachedItems.php 74
ERROR - 2018-12-03 12:43:29 --> Severity: Notice --> Undefined property: stdClass::$uomType /var/www/html/watervale_live/application/views/orders/dispatch/dispachedItems.php 74
ERROR - 2018-12-03 12:44:02 --> Severity: Notice --> Undefined property: stdClass::$userName /var/www/html/watervale_live/application/views/items/index.php 94
ERROR - 2018-12-03 12:44:02 --> Severity: Notice --> Undefined property: stdClass::$userName /var/www/html/watervale_live/application/views/items/index.php 94
ERROR - 2018-12-03 12:44:02 --> Severity: Notice --> Undefined property: stdClass::$userName /var/www/html/watervale_live/application/views/items/index.php 94
ERROR - 2018-12-03 12:44:26 --> {"orderRef":"","userRef":"JjgDalfOlUQWpSeL","customerRef":"dXMJ1FSHdfYwMI5Z","orderRemarks":"","deliveryMethodRef":"4k6GrpPR1ZPOeuwR","newDeliveryMethod":"","newAreaCode":"","paymentMethodRef":"GLQ7xW9duKY7c6sU","dueDays":"","dueAmount":"","orderPipline":"3","orderStatus":"queued","orderInProduction":"1","managerApprove":"0","approvalType":" ","preAuthorization":"","orderDiscount":"0","newCustomer":[],"orderItems":[{"itemName":"Item1","itemRef":"PRO-8LSM-00001","qty":2,"saleUOM":"ROLL","saleConvQty":"1","saleConvLength":"30","baseUOM":"METER","baseConvQty":"1","baseConvLength":"50","productionOnDemand":"1","transportCost":"0","transportCostChanged":"","discountType":"1","discount":"","variants":[{"item_variant_id":"11X22X23XWXSquare","length":"11","width":"22","height":"23","color":"W","design":"Square","qty":"1","price":"50.15","minPrice":"25.15","blockPercentage":"99.99","blockType":"Comfort","isCustomize":"0"},{"item_variant_id":"11X22X23XjXSquare","length":"11","width":"22","height":"23","color":"j","design":"Square","qty":"1","price":"50.15","minPrice":"25.15","blockPercentage":"99.99","blockType":"Comfort","isCustomize":"0"}]}]}
ERROR - 2018-12-03 12:44:26 --> {"success":true,"success_message":"Order 00020 Submitted successfully."}
ERROR - 2018-12-03 12:49:01 --> Severity: Notice --> Undefined property: stdClass::$userName /var/www/html/watervale_live/application/views/items/index.php 94
ERROR - 2018-12-03 12:49:01 --> Severity: Notice --> Undefined property: stdClass::$userName /var/www/html/watervale_live/application/views/items/index.php 94
ERROR - 2018-12-03 12:49:01 --> Severity: Notice --> Undefined property: stdClass::$userName /var/www/html/watervale_live/application/views/items/index.php 94
ERROR - 2018-12-03 13:16:23 --> Severity: Notice --> Undefined property: stdClass::$userName /var/www/html/watervale_live/application/views/items/index.php 94
ERROR - 2018-12-03 13:16:23 --> Severity: Notice --> Undefined property: stdClass::$userName /var/www/html/watervale_live/application/views/items/index.php 94
ERROR - 2018-12-03 13:16:23 --> Severity: Notice --> Undefined property: stdClass::$userName /var/www/html/watervale_live/application/views/items/index.php 94
ERROR - 2018-12-03 13:34:24 --> Severity: Notice --> Undefined variable: orderPrice /var/www/html/watervale_live/application/views/customerFollowup/followupOrders.php 125
ERROR - 2018-12-03 13:50:20 --> 404 Page Not Found: Order-details/img
ERROR - 2018-12-03 13:54:00 --> Severity: Notice --> Undefined variable: dispatchtems /var/www/html/watervale_live/application/views/orders/orderDetails.php 402
ERROR - 2018-12-03 13:54:00 --> Severity: Notice --> Trying to get property of non-object /var/www/html/watervale_live/application/views/orders/orderDetails.php 402
ERROR - 2018-12-03 13:54:00 --> Severity: Notice --> Undefined variable: dispatchtems /var/www/html/watervale_live/application/views/orders/orderDetails.php 402
ERROR - 2018-12-03 13:54:00 --> Severity: Notice --> Trying to get property of non-object /var/www/html/watervale_live/application/views/orders/orderDetails.php 402
ERROR - 2018-12-03 13:54:03 --> 404 Page Not Found: Order-details/img
ERROR - 2018-12-03 13:54:30 --> 404 Page Not Found: Order-details/img
ERROR - 2018-12-03 13:55:24 --> 404 Page Not Found: Order-details/img
ERROR - 2018-12-03 13:56:19 --> 404 Page Not Found: Img/favicon.png
ERROR - 2018-12-03 13:58:26 --> 404 Page Not Found: Img/favicon.png
ERROR - 2018-12-03 13:58:33 --> Severity: 4096 --> Object of class stdClass could not be converted to string /var/www/html/watervale_live/application/views/orders/orderDetails.php 390
ERROR - 2018-12-03 13:58:33 --> Severity: Notice --> Undefined variable:  /var/www/html/watervale_live/application/views/orders/orderDetails.php 390
ERROR - 2018-12-03 13:58:33 --> Severity: Notice --> Trying to get property of non-object /var/www/html/watervale_live/application/views/orders/orderDetails.php 390
ERROR - 2018-12-03 13:58:33 --> Severity: 4096 --> Object of class stdClass could not be converted to string /var/www/html/watervale_live/application/views/orders/orderDetails.php 390
ERROR - 2018-12-03 13:58:33 --> Severity: Notice --> Undefined variable:  /var/www/html/watervale_live/application/views/orders/orderDetails.php 390
ERROR - 2018-12-03 13:58:33 --> Severity: Notice --> Trying to get property of non-object /var/www/html/watervale_live/application/views/orders/orderDetails.php 390
ERROR - 2018-12-03 13:58:34 --> 404 Page Not Found: Order-details/img
ERROR - 2018-12-03 13:59:11 --> 404 Page Not Found: Order-details/img
ERROR - 2018-12-03 14:00:41 --> Severity: 4096 --> Object of class stdClass could not be converted to string /var/www/html/watervale_live/application/views/orders/orderDetails.php 390
ERROR - 2018-12-03 14:00:41 --> Severity: Notice --> Undefined variable:  /var/www/html/watervale_live/application/views/orders/orderDetails.php 390
ERROR - 2018-12-03 14:00:41 --> Severity: Notice --> Trying to get property of non-object /var/www/html/watervale_live/application/views/orders/orderDetails.php 390
ERROR - 2018-12-03 14:00:41 --> Severity: 4096 --> Object of class stdClass could not be converted to string /var/www/html/watervale_live/application/views/orders/orderDetails.php 390
ERROR - 2018-12-03 14:00:41 --> Severity: Notice --> Undefined variable:  /var/www/html/watervale_live/application/views/orders/orderDetails.php 390
ERROR - 2018-12-03 14:00:41 --> Severity: Notice --> Trying to get property of non-object /var/www/html/watervale_live/application/views/orders/orderDetails.php 390
ERROR - 2018-12-03 14:00:44 --> 404 Page Not Found: Order-details/img
ERROR - 2018-12-03 14:02:08 --> 404 Page Not Found: Order-details/img
ERROR - 2018-12-03 14:03:05 --> 404 Page Not Found: Order-details/img
ERROR - 2018-12-03 14:03:13 --> 404 Page Not Found: Img/favicon.png
ERROR - 2018-12-03 14:05:52 --> 404 Page Not Found: Img/favicon.png
ERROR - 2018-12-03 14:07:05 --> 404 Page Not Found: Img/favicon.png
ERROR - 2018-12-03 14:07:56 --> Severity: Notice --> Undefined property: stdClass::$userName /var/www/html/watervale_live/application/views/items/index.php 94
ERROR - 2018-12-03 14:07:56 --> Severity: Notice --> Undefined property: stdClass::$userName /var/www/html/watervale_live/application/views/items/index.php 94
ERROR - 2018-12-03 14:07:56 --> Severity: Notice --> Undefined property: stdClass::$userName /var/www/html/watervale_live/application/views/items/index.php 94
ERROR - 2018-12-03 14:11:05 --> 404 Page Not Found: Order-details/img
ERROR - 2018-12-03 15:22:32 --> 404 Page Not Found: Img/favicon.png
