ERROR - 2018-12-20 05:06:59 --> 404 Page Not Found: Img/favicon.png
ERROR - 2018-12-20 05:15:11 --> {"orderRef":"","userRef":"XUe7oDvLiJlGTFqu","customerRef":"dXMJ1FSHdfYwMI5Z","orderRemarks":"","deliveryMethodRef":"4k6GrpPR1ZPOeuwR","newDeliveryMethod":"","newAreaCode":"","paymentMethodRef":"TZGwRb1j4J3e1GNv","dueDays":"","dueAmount":"","orderPipline":"3","orderStatus":"queued","orderInProduction":"1","managerApprove":"0","approvalType":" ","preAuthorization":"","orderDiscount":"60.0","newCustomer":[],"orderItems":[{"itemName":"Comfort Foam","itemRef":"PRO-HS0M-00002","qty":6,"saleUOM":"PC","saleConvQty":"1","saleConvLength":"1","baseUOM":"PC","baseConvQty":"1","baseConvLength":"0","productionOnDemand":"1","transportCost":"0","transportCostChanged":"","discountType":"1","discount":"10","variants":[{"item_variant_id":"20X20X4XNAXNA","length":"20","width":"20","height":"4","color":"NA","design":"NA","qty":"2","price":"100.00","minPrice":"90.00","blockPercentage":"1.00","blockType":"Comfort","isCustomize":"0"},{"item_variant_id":"20X20X6XNAXNA","length":"20","width":"20","height":"6","color":"NA","design":"NA","qty":"4","price":"100.00","minPrice":"90.00","blockPercentage":"2.00","blockType":"Comfort","isCustomize":"0"}]}]}
ERROR - 2018-12-20 05:15:11 --> {"success":true,"success_message":"Order 00002 Submitted successfully."}
ERROR - 2018-12-20 05:39:52 --> 404 Page Not Found: Update-customer/img
ERROR - 2018-12-20 05:48:12 --> 404 Page Not Found: Order-details/img
ERROR - 2018-12-20 06:19:26 --> 404 Page Not Found: Img/favicon.png
ERROR - 2018-12-20 06:52:03 --> 404 Page Not Found: Order-details/img
ERROR - 2018-12-20 10:01:57 --> 404 Page Not Found: Img/favicon.png
ERROR - 2018-12-20 10:08:26 --> 404 Page Not Found: Update-customer/img
ERROR - 2018-12-20 10:14:26 --> 404 Page Not Found: Order-details/img
ERROR - 2018-12-20 10:58:54 --> 404 Page Not Found: Img/favicon.png
ERROR - 2018-12-20 10:59:17 --> 404 Page Not Found: Img/favicon.png
ERROR - 2018-12-20 11:12:04 --> 404 Page Not Found: Img/favicon.png
ERROR - 2018-12-20 11:12:59 --> 404 Page Not Found: Img/favicon.png
ERROR - 2018-12-20 11:13:24 --> 404 Page Not Found: Order-details/img
ERROR - 2018-12-20 11:43:38 --> 404 Page Not Found: Img/favicon.png
ERROR - 2018-12-20 11:58:58 --> 404 Page Not Found: Img/favicon.png
ERROR - 2018-12-20 12:07:58 --> {"orderRef":"","userRef":"XUe7oDvLiJlGTFqu","customerRef":"dXMJ1FSHdfYwMI5Z","orderRemarks":"","deliveryMethodRef":"4k6GrpPR1ZPOeuwR","newDeliveryMethod":"","newAreaCode":"","paymentMethodRef":"XtdqLBFcSXbFlBsy","dueDays":"","dueAmount":"","orderPipline":"3","orderStatus":"queued","orderInProduction":"1","managerApprove":"0","approvalType":" ","preAuthorization":"","orderDiscount":"0","newCustomer":[],"orderItems":[{"itemName":"Comfort Foam","itemRef":"PRO-HS0M-00002","qty":29,"saleUOM":"PC","saleConvQty":"1","saleConvLength":"1","baseUOM":"PC","baseConvQty":"1","baseConvLength":"0","productionOnDemand":"1","transportCost":"0","transportCostChanged":"","discountType":"1","discount":"","variants":[{"item_variant_id":"20X20X4XNAXNA","length":"20","width":"20","height":"4","color":"NA","design":"NA","qty":"15","price":"100.00","minPrice":"90.00","blockPercentage":"1.00","blockType":"Comfort","isCustomize":"0"},{"item_variant_id":"20X20X6XNAXNA","length":"20","width":"20","height":"6","color":"NA","design":"NA","qty":"14","price":"100.00","minPrice":"90.00","blockPercentage":"2.00","blockType":"Comfort","isCustomize":"0"}]}]}
ERROR - 2018-12-20 12:07:58 --> {"success":true,"success_message":"Order 00003 Submitted successfully."}
ERROR - 2018-12-20 12:17:20 --> 404 Page Not Found: Img/favicon.png
ERROR - 2018-12-20 12:17:46 --> 404 Page Not Found: Img/favicon.png
ERROR - 2018-12-20 12:18:12 --> 404 Page Not Found: Img/favicon.png
ERROR - 2018-12-20 12:19:25 --> 404 Page Not Found: Img/favicon.png
ERROR - 2018-12-20 13:02:15 --> 404 Page Not Found: Img/favicon.png
ERROR - 2018-12-20 13:16:32 --> 404 Page Not Found: Img/favicon.png
ERROR - 2018-12-20 13:17:19 --> 404 Page Not Found: Img/favicon.png
ERROR - 2018-12-20 13:22:41 --> Severity: Warning --> Division by zero /var/www/html/watervale_live/application/helpers/globalfunctions_helper.php 138
ERROR - 2018-12-20 13:22:41 --> Severity: Warning --> Division by zero /var/www/html/watervale_live/application/helpers/globalfunctions_helper.php 138
ERROR - 2018-12-20 13:22:42 --> Severity: Warning --> Division by zero /var/www/html/watervale_live/application/helpers/globalfunctions_helper.php 138
ERROR - 2018-12-20 13:22:42 --> Severity: Warning --> Division by zero /var/www/html/watervale_live/application/helpers/globalfunctions_helper.php 138
ERROR - 2018-12-20 13:22:43 --> Severity: Warning --> Division by zero /var/www/html/watervale_live/application/helpers/globalfunctions_helper.php 138
ERROR - 2018-12-20 13:22:43 --> Severity: Warning --> Division by zero /var/www/html/watervale_live/application/helpers/globalfunctions_helper.php 138
ERROR - 2018-12-20 13:22:46 --> Severity: Warning --> Division by zero /var/www/html/watervale_live/application/helpers/globalfunctions_helper.php 138
ERROR - 2018-12-20 13:22:46 --> Severity: Warning --> Division by zero /var/www/html/watervale_live/application/helpers/globalfunctions_helper.php 138
ERROR - 2018-12-20 13:22:46 --> Severity: Warning --> Division by zero /var/www/html/watervale_live/application/helpers/globalfunctions_helper.php 138
ERROR - 2018-12-20 13:22:46 --> Severity: Warning --> Division by zero /var/www/html/watervale_live/application/helpers/globalfunctions_helper.php 138
ERROR - 2018-12-20 13:22:47 --> Severity: Warning --> Division by zero /var/www/html/watervale_live/application/helpers/globalfunctions_helper.php 138
ERROR - 2018-12-20 13:22:47 --> Severity: Warning --> Division by zero /var/www/html/watervale_live/application/helpers/globalfunctions_helper.php 138
ERROR - 2018-12-20 13:22:47 --> Severity: Warning --> Division by zero /var/www/html/watervale_live/application/helpers/globalfunctions_helper.php 138
ERROR - 2018-12-20 13:22:47 --> Severity: Warning --> Division by zero /var/www/html/watervale_live/application/helpers/globalfunctions_helper.php 138
ERROR - 2018-12-20 13:24:13 --> Severity: Warning --> Division by zero /var/www/html/watervale_live/application/helpers/globalfunctions_helper.php 138
ERROR - 2018-12-20 13:24:13 --> Severity: Warning --> Division by zero /var/www/html/watervale_live/application/helpers/globalfunctions_helper.php 138
ERROR - 2018-12-20 13:25:13 --> Severity: Warning --> Division by zero /var/www/html/watervale_live/application/helpers/globalfunctions_helper.php 138
ERROR - 2018-12-20 13:25:13 --> Severity: Warning --> Division by zero /var/www/html/watervale_live/application/helpers/globalfunctions_helper.php 138
ERROR - 2018-12-20 13:38:11 --> Severity: error --> Exception: syntax error, unexpected '}' /var/www/html/watervale_live/application/controllers/CustomerController.php 621
ERROR - 2018-12-20 13:53:13 --> 404 Page Not Found: Img/favicon.png
