ERROR - 2018-09-27 09:28:22 --> 404 Page Not Found: Img/favicon.png
ERROR - 2018-09-27 10:28:56 --> 404 Page Not Found: Update-user/img
ERROR - 2018-09-27 11:42:50 --> Query error: Not unique table/alias: 'ws_1' - Invalid query: SELECT `userType`
FROM `ws_diX3tnwxfQisdHJP`, `ws_Mickey`, `ws_`, `demo1wayit@gmail`.`ws_com`, `ws_8059155231`, `ws_2`, `ws_1`, `ws_1`, `ws_2`, `ws_3`, `ws_4`, `ws_5`, `ws_6`, `ws_7`
WHERE `userRef` = 'diX3tnwxfQisdHJP'
ERROR - 2018-09-27 12:14:09 --> 404 Page Not Found: Img/favicon.png
ERROR - 2018-09-27 12:37:02 --> 404 Page Not Found: Img/favicon.png
ERROR - 2018-09-27 12:37:14 --> 404 Page Not Found: Img/favicon.png
ERROR - 2018-09-27 12:38:09 --> 404 Page Not Found: Img/favicon.png
ERROR - 2018-09-27 12:38:59 --> 404 Page Not Found: Img/favicon.png
ERROR - 2018-09-27 12:54:36 --> 404 Page Not Found: Img/favicon.png
ERROR - 2018-09-27 12:56:31 --> 404 Page Not Found: Img/favicon.png
ERROR - 2018-09-27 12:56:40 --> 404 Page Not Found: Img/favicon.png
ERROR - 2018-09-27 13:19:49 --> 404 Page Not Found: Img/favicon.png
ERROR - 2018-09-27 13:20:16 --> 404 Page Not Found: Img/favicon.png
ERROR - 2018-09-27 14:29:57 --> 404 Page Not Found: Img/favicon.png
ERROR - 2018-09-27 14:32:58 --> 404 Page Not Found: Img/favicon.png
ERROR - 2018-09-27 14:38:03 --> 404 Page Not Found: Img/favicon.png
ERROR - 2018-09-27 14:41:24 --> Severity: Notice --> Trying to get property of non-object /var/www/html/watervale/application/views/orders/production/index.php 94
ERROR - 2018-09-27 14:41:24 --> Severity: Notice --> Trying to get property of non-object /var/www/html/watervale/application/views/orders/production/index.php 94
ERROR - 2018-09-27 14:41:24 --> Severity: Notice --> Trying to get property of non-object /var/www/html/watervale/application/views/orders/production/index.php 94
ERROR - 2018-09-27 14:41:24 --> Severity: Notice --> Trying to get property of non-object /var/www/html/watervale/application/views/orders/production/index.php 94
ERROR - 2018-09-27 14:41:25 --> 404 Page Not Found: Img/favicon.png
ERROR - 2018-09-27 14:43:10 --> 404 Page Not Found: Img/favicon.png
ERROR - 2018-09-27 14:43:27 --> 404 Page Not Found: Img/favicon.png
ERROR - 2018-09-27 14:44:12 --> 404 Page Not Found: Img/favicon.png
ERROR - 2018-09-27 14:45:08 --> 404 Page Not Found: Img/favicon.png
ERROR - 2018-09-27 14:48:35 --> Severity: Notice --> Undefined property: stdClass::$userName /var/www/html/watervale/application/views/items/index.php 92
ERROR - 2018-09-27 14:48:35 --> Severity: Notice --> Undefined property: stdClass::$userName /var/www/html/watervale/application/views/items/index.php 92
ERROR - 2018-09-27 14:48:35 --> Severity: Notice --> Undefined property: stdClass::$userName /var/www/html/watervale/application/views/items/index.php 92
ERROR - 2018-09-27 14:48:45 --> Severity: Notice --> Undefined property: stdClass::$userName /var/www/html/watervale/application/views/items/index.php 92
ERROR - 2018-09-27 14:48:45 --> Severity: Notice --> Undefined property: stdClass::$userName /var/www/html/watervale/application/views/items/index.php 92
ERROR - 2018-09-27 14:48:45 --> Severity: Notice --> Undefined property: stdClass::$userName /var/www/html/watervale/application/views/items/index.php 92
ERROR - 2018-09-27 14:48:55 --> Severity: Notice --> Undefined property: stdClass::$userName /var/www/html/watervale/application/views/items/index.php 92
ERROR - 2018-09-27 14:48:55 --> Severity: Notice --> Undefined property: stdClass::$userName /var/www/html/watervale/application/views/items/index.php 92
ERROR - 2018-09-27 14:48:55 --> Severity: Notice --> Undefined property: stdClass::$userName /var/www/html/watervale/application/views/items/index.php 92
ERROR - 2018-09-27 14:49:01 --> Severity: Notice --> Undefined property: stdClass::$userName /var/www/html/watervale/application/views/items/index.php 92
ERROR - 2018-09-27 14:49:01 --> Severity: Notice --> Undefined property: stdClass::$userName /var/www/html/watervale/application/views/items/index.php 92
ERROR - 2018-09-27 14:49:01 --> Severity: Notice --> Undefined property: stdClass::$userName /var/www/html/watervale/application/views/items/index.php 92
ERROR - 2018-09-27 14:49:28 --> Severity: Notice --> Undefined property: stdClass::$userName /var/www/html/watervale/application/views/items/index.php 92
ERROR - 2018-09-27 14:49:28 --> Severity: Notice --> Undefined property: stdClass::$userName /var/www/html/watervale/application/views/items/index.php 92
ERROR - 2018-09-27 14:49:28 --> Severity: Notice --> Undefined property: stdClass::$userName /var/www/html/watervale/application/views/items/index.php 92
ERROR - 2018-09-27 14:50:20 --> Severity: Notice --> Undefined property: stdClass::$userName /var/www/html/watervale/application/views/items/index.php 92
ERROR - 2018-09-27 14:50:20 --> Severity: Notice --> Undefined property: stdClass::$userName /var/www/html/watervale/application/views/items/index.php 92
ERROR - 2018-09-27 14:50:20 --> Severity: Notice --> Undefined property: stdClass::$userName /var/www/html/watervale/application/views/items/index.php 92
ERROR - 2018-09-27 14:50:39 --> Severity: Notice --> Undefined property: stdClass::$userName /var/www/html/watervale/application/views/items/index.php 92
ERROR - 2018-09-27 14:50:39 --> Severity: Notice --> Undefined property: stdClass::$userName /var/www/html/watervale/application/views/items/index.php 92
ERROR - 2018-09-27 14:50:39 --> Severity: Notice --> Undefined property: stdClass::$userName /var/www/html/watervale/application/views/items/index.php 92
ERROR - 2018-09-27 15:07:19 --> Severity: Notice --> Undefined property: stdClass::$userName /var/www/html/watervale/application/views/items/index.php 92
ERROR - 2018-09-27 15:07:19 --> Severity: Notice --> Undefined property: stdClass::$userName /var/www/html/watervale/application/views/items/index.php 92
ERROR - 2018-09-27 15:07:19 --> Severity: Notice --> Undefined property: stdClass::$userName /var/www/html/watervale/application/views/items/index.php 92
ERROR - 2018-09-27 15:11:51 --> Severity: Notice --> Undefined property: stdClass::$userName /var/www/html/watervale/application/views/items/index.php 92
ERROR - 2018-09-27 15:11:51 --> Severity: Notice --> Undefined property: stdClass::$userName /var/www/html/watervale/application/views/items/index.php 92
ERROR - 2018-09-27 15:11:51 --> Severity: Notice --> Undefined property: stdClass::$userName /var/www/html/watervale/application/views/items/index.php 92
ERROR - 2018-09-27 15:12:01 --> Severity: Notice --> Undefined property: stdClass::$userName /var/www/html/watervale/application/views/items/index.php 92
ERROR - 2018-09-27 15:12:01 --> Severity: Notice --> Undefined property: stdClass::$userName /var/www/html/watervale/application/views/items/index.php 92
ERROR - 2018-09-27 15:12:01 --> Severity: Notice --> Undefined property: stdClass::$userName /var/www/html/watervale/application/views/items/index.php 92
ERROR - 2018-09-27 15:13:33 --> Severity: Notice --> Undefined property: stdClass::$userName /var/www/html/watervale/application/views/items/index.php 92
ERROR - 2018-09-27 15:13:33 --> Severity: Notice --> Undefined property: stdClass::$userName /var/www/html/watervale/application/views/items/index.php 92
ERROR - 2018-09-27 15:13:33 --> Severity: Notice --> Undefined property: stdClass::$userName /var/www/html/watervale/application/views/items/index.php 92
ERROR - 2018-09-27 15:14:45 --> Severity: Notice --> Undefined property: stdClass::$userName /var/www/html/watervale/application/views/items/index.php 92
ERROR - 2018-09-27 15:14:45 --> Severity: Notice --> Undefined property: stdClass::$userName /var/www/html/watervale/application/views/items/index.php 92
ERROR - 2018-09-27 15:14:45 --> Severity: Notice --> Undefined property: stdClass::$userName /var/www/html/watervale/application/views/items/index.php 92
ERROR - 2018-09-27 15:14:57 --> Severity: Notice --> Undefined property: stdClass::$userName /var/www/html/watervale/application/views/items/index.php 92
ERROR - 2018-09-27 15:14:57 --> Severity: Notice --> Undefined property: stdClass::$userName /var/www/html/watervale/application/views/items/index.php 92
ERROR - 2018-09-27 15:14:57 --> Severity: Notice --> Undefined property: stdClass::$userName /var/www/html/watervale/application/views/items/index.php 92
ERROR - 2018-09-27 15:15:00 --> Severity: Notice --> Undefined property: stdClass::$userName /var/www/html/watervale/application/views/items/index.php 92
ERROR - 2018-09-27 15:15:00 --> Severity: Notice --> Undefined property: stdClass::$userName /var/www/html/watervale/application/views/items/index.php 92
ERROR - 2018-09-27 15:15:00 --> Severity: Notice --> Undefined property: stdClass::$userName /var/www/html/watervale/application/views/items/index.php 92
ERROR - 2018-09-27 15:15:05 --> Severity: Notice --> Undefined property: stdClass::$userName /var/www/html/watervale/application/views/items/index.php 92
ERROR - 2018-09-27 15:15:05 --> Severity: Notice --> Undefined property: stdClass::$userName /var/www/html/watervale/application/views/items/index.php 92
ERROR - 2018-09-27 15:15:05 --> Severity: Notice --> Undefined property: stdClass::$userName /var/www/html/watervale/application/views/items/index.php 92
ERROR - 2018-09-27 15:15:12 --> Severity: Notice --> Undefined property: stdClass::$userName /var/www/html/watervale/application/views/items/index.php 92
ERROR - 2018-09-27 15:15:12 --> Severity: Notice --> Undefined property: stdClass::$userName /var/www/html/watervale/application/views/items/index.php 92
ERROR - 2018-09-27 15:15:12 --> Severity: Notice --> Undefined property: stdClass::$userName /var/www/html/watervale/application/views/items/index.php 92
ERROR - 2018-09-27 15:22:14 --> Severity: Notice --> Undefined property: stdClass::$userName /var/www/html/watervale/application/views/items/index.php 92
ERROR - 2018-09-27 15:22:14 --> Severity: Notice --> Undefined property: stdClass::$userName /var/www/html/watervale/application/views/items/index.php 92
ERROR - 2018-09-27 15:22:14 --> Severity: Notice --> Undefined property: stdClass::$userName /var/www/html/watervale/application/views/items/index.php 92
ERROR - 2018-09-27 15:22:15 --> Severity: Notice --> Undefined property: stdClass::$userName /var/www/html/watervale/application/views/items/index.php 92
ERROR - 2018-09-27 15:22:15 --> Severity: Notice --> Undefined property: stdClass::$userName /var/www/html/watervale/application/views/items/index.php 92
ERROR - 2018-09-27 15:22:15 --> Severity: Notice --> Undefined property: stdClass::$userName /var/www/html/watervale/application/views/items/index.php 92
ERROR - 2018-09-27 15:24:41 --> Severity: Notice --> Undefined property: stdClass::$userName /var/www/html/watervale/application/views/items/index.php 92
ERROR - 2018-09-27 15:24:41 --> Severity: Notice --> Undefined property: stdClass::$userName /var/www/html/watervale/application/views/items/index.php 92
ERROR - 2018-09-27 15:24:41 --> Severity: Notice --> Undefined property: stdClass::$userName /var/www/html/watervale/application/views/items/index.php 92
ERROR - 2018-09-27 15:24:42 --> 404 Page Not Found: Img/favicon.png
ERROR - 2018-09-27 15:26:48 --> Severity: Notice --> Undefined property: stdClass::$userName /var/www/html/watervale/application/views/items/index.php 92
ERROR - 2018-09-27 15:26:48 --> Severity: Notice --> Undefined property: stdClass::$userName /var/www/html/watervale/application/views/items/index.php 92
ERROR - 2018-09-27 15:26:48 --> Severity: Notice --> Undefined property: stdClass::$userName /var/www/html/watervale/application/views/items/index.php 92
ERROR - 2018-09-27 15:28:15 --> Severity: Notice --> Undefined property: stdClass::$userName /var/www/html/watervale/application/views/items/index.php 92
ERROR - 2018-09-27 15:28:15 --> Severity: Notice --> Undefined property: stdClass::$userName /var/www/html/watervale/application/views/items/index.php 92
ERROR - 2018-09-27 15:28:15 --> Severity: Notice --> Undefined property: stdClass::$userName /var/www/html/watervale/application/views/items/index.php 92
ERROR - 2018-09-27 15:29:27 --> Severity: Notice --> Undefined property: stdClass::$userName /var/www/html/watervale/application/views/items/index.php 92
ERROR - 2018-09-27 15:29:27 --> Severity: Notice --> Undefined property: stdClass::$userName /var/www/html/watervale/application/views/items/index.php 92
ERROR - 2018-09-27 15:29:27 --> Severity: Notice --> Undefined property: stdClass::$userName /var/www/html/watervale/application/views/items/index.php 92
ERROR - 2018-09-27 15:29:35 --> Severity: Notice --> Undefined property: stdClass::$userName /var/www/html/watervale/application/views/items/index.php 92
ERROR - 2018-09-27 15:29:35 --> Severity: Notice --> Undefined property: stdClass::$userName /var/www/html/watervale/application/views/items/index.php 92
ERROR - 2018-09-27 15:29:35 --> Severity: Notice --> Undefined property: stdClass::$userName /var/www/html/watervale/application/views/items/index.php 92
ERROR - 2018-09-27 15:30:47 --> Severity: Notice --> Undefined property: stdClass::$userName /var/www/html/watervale/application/views/items/index.php 92
ERROR - 2018-09-27 15:30:47 --> Severity: Notice --> Undefined property: stdClass::$userName /var/www/html/watervale/application/views/items/index.php 92
ERROR - 2018-09-27 15:30:47 --> Severity: Notice --> Undefined property: stdClass::$userName /var/www/html/watervale/application/views/items/index.php 92
ERROR - 2018-09-27 15:30:47 --> Severity: Notice --> Undefined property: stdClass::$userName /var/www/html/watervale/application/views/items/index.php 92
ERROR - 2018-09-27 15:31:00 --> Severity: Notice --> Undefined property: stdClass::$userName /var/www/html/watervale/application/views/items/index.php 92
ERROR - 2018-09-27 15:31:00 --> Severity: Notice --> Undefined property: stdClass::$userName /var/www/html/watervale/application/views/items/index.php 92
ERROR - 2018-09-27 15:31:00 --> Severity: Notice --> Undefined property: stdClass::$userName /var/www/html/watervale/application/views/items/index.php 92
ERROR - 2018-09-27 15:31:00 --> Severity: Notice --> Undefined property: stdClass::$userName /var/www/html/watervale/application/views/items/index.php 92
ERROR - 2018-09-27 15:31:15 --> Severity: Notice --> Undefined property: stdClass::$userName /var/www/html/watervale/application/views/items/index.php 92
ERROR - 2018-09-27 15:31:15 --> Severity: Notice --> Undefined property: stdClass::$userName /var/www/html/watervale/application/views/items/index.php 92
ERROR - 2018-09-27 15:31:15 --> Severity: Notice --> Undefined property: stdClass::$userName /var/www/html/watervale/application/views/items/index.php 92
ERROR - 2018-09-27 15:31:15 --> Severity: Notice --> Undefined property: stdClass::$userName /var/www/html/watervale/application/views/items/index.php 92
ERROR - 2018-09-27 15:32:15 --> Severity: Notice --> Undefined property: stdClass::$userName /var/www/html/watervale/application/views/items/index.php 92
ERROR - 2018-09-27 15:32:15 --> Severity: Notice --> Undefined property: stdClass::$userName /var/www/html/watervale/application/views/items/index.php 92
ERROR - 2018-09-27 15:32:15 --> Severity: Notice --> Undefined property: stdClass::$userName /var/www/html/watervale/application/views/items/index.php 92
ERROR - 2018-09-27 15:32:15 --> Severity: Notice --> Undefined property: stdClass::$userName /var/www/html/watervale/application/views/items/index.php 92
ERROR - 2018-09-27 15:32:31 --> Severity: Notice --> Undefined property: stdClass::$userName /var/www/html/watervale/application/views/items/index.php 92
ERROR - 2018-09-27 15:32:31 --> Severity: Notice --> Undefined property: stdClass::$userName /var/www/html/watervale/application/views/items/index.php 92
ERROR - 2018-09-27 15:32:31 --> Severity: Notice --> Undefined property: stdClass::$userName /var/www/html/watervale/application/views/items/index.php 92
ERROR - 2018-09-27 15:32:31 --> Severity: Notice --> Undefined property: stdClass::$userName /var/www/html/watervale/application/views/items/index.php 92
ERROR - 2018-09-27 15:32:54 --> Severity: Notice --> Undefined property: stdClass::$userName /var/www/html/watervale/application/views/items/index.php 92
ERROR - 2018-09-27 15:32:54 --> Severity: Notice --> Undefined property: stdClass::$userName /var/www/html/watervale/application/views/items/index.php 92
ERROR - 2018-09-27 15:32:54 --> Severity: Notice --> Undefined property: stdClass::$userName /var/www/html/watervale/application/views/items/index.php 92
ERROR - 2018-09-27 15:32:54 --> Severity: Notice --> Undefined property: stdClass::$userName /var/www/html/watervale/application/views/items/index.php 92
ERROR - 2018-09-27 15:34:11 --> Severity: Notice --> Undefined property: stdClass::$userName /var/www/html/watervale/application/views/items/index.php 92
ERROR - 2018-09-27 15:34:11 --> Severity: Notice --> Undefined property: stdClass::$userName /var/www/html/watervale/application/views/items/index.php 92
ERROR - 2018-09-27 15:34:11 --> Severity: Notice --> Undefined property: stdClass::$userName /var/www/html/watervale/application/views/items/index.php 92
ERROR - 2018-09-27 15:34:11 --> Severity: Notice --> Undefined property: stdClass::$userName /var/www/html/watervale/application/views/items/index.php 92
ERROR - 2018-09-27 15:34:38 --> Severity: Notice --> Undefined property: stdClass::$userName /var/www/html/watervale/application/views/items/index.php 92
ERROR - 2018-09-27 15:34:38 --> Severity: Notice --> Undefined property: stdClass::$userName /var/www/html/watervale/application/views/items/index.php 92
ERROR - 2018-09-27 15:34:38 --> Severity: Notice --> Undefined property: stdClass::$userName /var/www/html/watervale/application/views/items/index.php 92
ERROR - 2018-09-27 15:34:38 --> Severity: Notice --> Undefined property: stdClass::$userName /var/www/html/watervale/application/views/items/index.php 92
ERROR - 2018-09-27 15:34:51 --> Severity: Notice --> Undefined property: stdClass::$userName /var/www/html/watervale/application/views/items/index.php 92
ERROR - 2018-09-27 15:34:51 --> Severity: Notice --> Undefined property: stdClass::$userName /var/www/html/watervale/application/views/items/index.php 92
ERROR - 2018-09-27 15:34:51 --> Severity: Notice --> Undefined property: stdClass::$userName /var/www/html/watervale/application/views/items/index.php 92
ERROR - 2018-09-27 15:34:51 --> Severity: Notice --> Undefined property: stdClass::$userName /var/www/html/watervale/application/views/items/index.php 92
ERROR - 2018-09-27 15:35:09 --> Severity: Notice --> Undefined property: stdClass::$userName /var/www/html/watervale/application/views/items/index.php 92
ERROR - 2018-09-27 15:35:09 --> Severity: Notice --> Undefined property: stdClass::$userName /var/www/html/watervale/application/views/items/index.php 92
ERROR - 2018-09-27 15:35:09 --> Severity: Notice --> Undefined property: stdClass::$userName /var/www/html/watervale/application/views/items/index.php 92
ERROR - 2018-09-27 15:35:09 --> Severity: Notice --> Undefined property: stdClass::$userName /var/www/html/watervale/application/views/items/index.php 92
ERROR - 2018-09-27 15:35:25 --> Severity: Notice --> Undefined property: stdClass::$userName /var/www/html/watervale/application/views/items/index.php 92
ERROR - 2018-09-27 15:35:25 --> Severity: Notice --> Undefined property: stdClass::$userName /var/www/html/watervale/application/views/items/index.php 92
ERROR - 2018-09-27 15:35:25 --> Severity: Notice --> Undefined property: stdClass::$userName /var/www/html/watervale/application/views/items/index.php 92
ERROR - 2018-09-27 15:35:25 --> Severity: Notice --> Undefined property: stdClass::$userName /var/www/html/watervale/application/views/items/index.php 92
ERROR - 2018-09-27 15:36:48 --> Severity: Notice --> Undefined property: stdClass::$userName /var/www/html/watervale/application/views/items/index.php 92
ERROR - 2018-09-27 15:36:48 --> Severity: Notice --> Undefined property: stdClass::$userName /var/www/html/watervale/application/views/items/index.php 92
ERROR - 2018-09-27 15:36:48 --> Severity: Notice --> Undefined property: stdClass::$userName /var/www/html/watervale/application/views/items/index.php 92
ERROR - 2018-09-27 15:36:48 --> Severity: Notice --> Undefined property: stdClass::$userName /var/www/html/watervale/application/views/items/index.php 92
ERROR - 2018-09-27 15:36:48 --> Severity: Notice --> Undefined property: stdClass::$userName /var/www/html/watervale/application/views/items/index.php 92
ERROR - 2018-09-27 15:37:51 --> Severity: Notice --> Undefined property: stdClass::$userName /var/www/html/watervale/application/views/items/index.php 92
ERROR - 2018-09-27 15:37:51 --> Severity: Notice --> Undefined property: stdClass::$userName /var/www/html/watervale/application/views/items/index.php 92
ERROR - 2018-09-27 15:37:51 --> Severity: Notice --> Undefined property: stdClass::$userName /var/www/html/watervale/application/views/items/index.php 92
ERROR - 2018-09-27 15:37:51 --> Severity: Notice --> Undefined property: stdClass::$userName /var/www/html/watervale/application/views/items/index.php 92
ERROR - 2018-09-27 15:37:51 --> Severity: Notice --> Undefined property: stdClass::$userName /var/www/html/watervale/application/views/items/index.php 92
ERROR - 2018-09-27 15:37:51 --> Severity: Notice --> Undefined property: stdClass::$userName /var/www/html/watervale/application/views/items/index.php 92
ERROR - 2018-09-27 15:37:51 --> Severity: Notice --> Undefined property: stdClass::$userName /var/www/html/watervale/application/views/items/index.php 92
ERROR - 2018-09-27 15:37:51 --> Severity: Notice --> Undefined property: stdClass::$userName /var/www/html/watervale/application/views/items/index.php 92
ERROR - 2018-09-27 15:37:51 --> Severity: Notice --> Undefined property: stdClass::$userName /var/www/html/watervale/application/views/items/index.php 92
ERROR - 2018-09-27 15:37:51 --> Severity: Notice --> Undefined property: stdClass::$userName /var/www/html/watervale/application/views/items/index.php 92
ERROR - 2018-09-27 15:37:51 --> Severity: Notice --> Undefined property: stdClass::$userName /var/www/html/watervale/application/views/items/index.php 92
ERROR - 2018-09-27 15:37:51 --> Severity: Notice --> Undefined property: stdClass::$userName /var/www/html/watervale/application/views/items/index.php 92
ERROR - 2018-09-27 15:37:51 --> Severity: Notice --> Undefined property: stdClass::$userName /var/www/html/watervale/application/views/items/index.php 92
ERROR - 2018-09-27 15:37:51 --> Severity: Notice --> Undefined property: stdClass::$userName /var/www/html/watervale/application/views/items/index.php 92
ERROR - 2018-09-27 15:37:51 --> Severity: Notice --> Undefined property: stdClass::$userName /var/www/html/watervale/application/views/items/index.php 92
ERROR - 2018-09-27 15:37:52 --> Severity: Notice --> Undefined property: stdClass::$userName /var/www/html/watervale/application/views/items/index.php 92
ERROR - 2018-09-27 15:37:52 --> Severity: Notice --> Undefined property: stdClass::$userName /var/www/html/watervale/application/views/items/index.php 92
ERROR - 2018-09-27 15:37:52 --> Severity: Notice --> Undefined property: stdClass::$userName /var/www/html/watervale/application/views/items/index.php 92
ERROR - 2018-09-27 15:37:52 --> Severity: Notice --> Undefined property: stdClass::$userName /var/www/html/watervale/application/views/items/index.php 92
ERROR - 2018-09-27 15:37:52 --> Severity: Notice --> Undefined property: stdClass::$userName /var/www/html/watervale/application/views/items/index.php 92
ERROR - 2018-09-27 15:37:52 --> Severity: Notice --> Undefined property: stdClass::$userName /var/www/html/watervale/application/views/items/index.php 92
ERROR - 2018-09-27 15:37:52 --> Severity: Notice --> Undefined property: stdClass::$userName /var/www/html/watervale/application/views/items/index.php 92
ERROR - 2018-09-27 15:37:52 --> Severity: Notice --> Undefined property: stdClass::$userName /var/www/html/watervale/application/views/items/index.php 92
ERROR - 2018-09-27 15:37:52 --> Severity: Notice --> Undefined property: stdClass::$userName /var/www/html/watervale/application/views/items/index.php 92
ERROR - 2018-09-27 15:37:52 --> Severity: Notice --> Undefined property: stdClass::$userName /var/www/html/watervale/application/views/items/index.php 92
ERROR - 2018-09-27 15:37:53 --> 404 Page Not Found: Img/favicon.png
ERROR - 2018-09-27 15:38:08 --> Severity: Notice --> Undefined property: stdClass::$userName /var/www/html/watervale/application/views/items/index.php 92
ERROR - 2018-09-27 15:38:08 --> Severity: Notice --> Undefined property: stdClass::$userName /var/www/html/watervale/application/views/items/index.php 92
ERROR - 2018-09-27 15:38:08 --> Severity: Notice --> Undefined property: stdClass::$userName /var/www/html/watervale/application/views/items/index.php 92
ERROR - 2018-09-27 15:38:08 --> Severity: Notice --> Undefined property: stdClass::$userName /var/www/html/watervale/application/views/items/index.php 92
ERROR - 2018-09-27 15:38:08 --> Severity: Notice --> Undefined property: stdClass::$userName /var/www/html/watervale/application/views/items/index.php 92
ERROR - 2018-09-27 15:38:08 --> Severity: Notice --> Undefined property: stdClass::$userName /var/www/html/watervale/application/views/items/index.php 92
ERROR - 2018-09-27 15:38:08 --> Severity: Notice --> Undefined property: stdClass::$userName /var/www/html/watervale/application/views/items/index.php 92
ERROR - 2018-09-27 15:38:08 --> Severity: Notice --> Undefined property: stdClass::$userName /var/www/html/watervale/application/views/items/index.php 92
ERROR - 2018-09-27 15:38:08 --> Severity: Notice --> Undefined property: stdClass::$userName /var/www/html/watervale/application/views/items/index.php 92
ERROR - 2018-09-27 15:38:08 --> Severity: Notice --> Undefined property: stdClass::$userName /var/www/html/watervale/application/views/items/index.php 92
ERROR - 2018-09-27 15:38:08 --> Severity: Notice --> Undefined property: stdClass::$userName /var/www/html/watervale/application/views/items/index.php 92
ERROR - 2018-09-27 15:38:08 --> Severity: Notice --> Undefined property: stdClass::$userName /var/www/html/watervale/application/views/items/index.php 92
ERROR - 2018-09-27 15:38:08 --> Severity: Notice --> Undefined property: stdClass::$userName /var/www/html/watervale/application/views/items/index.php 92
ERROR - 2018-09-27 15:38:08 --> Severity: Notice --> Undefined property: stdClass::$userName /var/www/html/watervale/application/views/items/index.php 92
ERROR - 2018-09-27 15:38:08 --> Severity: Notice --> Undefined property: stdClass::$userName /var/www/html/watervale/application/views/items/index.php 92
ERROR - 2018-09-27 15:38:09 --> Severity: Notice --> Undefined property: stdClass::$userName /var/www/html/watervale/application/views/items/index.php 92
ERROR - 2018-09-27 15:38:09 --> Severity: Notice --> Undefined property: stdClass::$userName /var/www/html/watervale/application/views/items/index.php 92
ERROR - 2018-09-27 15:38:09 --> Severity: Notice --> Undefined property: stdClass::$userName /var/www/html/watervale/application/views/items/index.php 92
ERROR - 2018-09-27 15:38:09 --> Severity: Notice --> Undefined property: stdClass::$userName /var/www/html/watervale/application/views/items/index.php 92
ERROR - 2018-09-27 15:38:09 --> Severity: Notice --> Undefined property: stdClass::$userName /var/www/html/watervale/application/views/items/index.php 92
ERROR - 2018-09-27 15:38:09 --> 404 Page Not Found: Img/favicon.png
ERROR - 2018-09-27 15:38:52 --> Severity: Notice --> Undefined property: stdClass::$userName /var/www/html/watervale/application/views/items/index.php 92
ERROR - 2018-09-27 15:38:52 --> Severity: Notice --> Undefined property: stdClass::$userName /var/www/html/watervale/application/views/items/index.php 92
ERROR - 2018-09-27 15:38:52 --> Severity: Notice --> Undefined property: stdClass::$userName /var/www/html/watervale/application/views/items/index.php 92
ERROR - 2018-09-27 15:38:52 --> Severity: Notice --> Undefined property: stdClass::$userName /var/www/html/watervale/application/views/items/index.php 92
ERROR - 2018-09-27 15:38:52 --> Severity: Notice --> Undefined property: stdClass::$userName /var/www/html/watervale/application/views/items/index.php 92
ERROR - 2018-09-27 15:41:32 --> Severity: Notice --> Undefined property: stdClass::$userName /var/www/html/watervale/application/views/items/index.php 92
ERROR - 2018-09-27 15:41:32 --> Severity: Notice --> Undefined property: stdClass::$userName /var/www/html/watervale/application/views/items/index.php 92
ERROR - 2018-09-27 15:41:32 --> Severity: Notice --> Undefined property: stdClass::$userName /var/www/html/watervale/application/views/items/index.php 92
ERROR - 2018-09-27 15:41:32 --> Severity: Notice --> Undefined property: stdClass::$userName /var/www/html/watervale/application/views/items/index.php 92
ERROR - 2018-09-27 15:41:32 --> Severity: Notice --> Undefined property: stdClass::$userName /var/www/html/watervale/application/views/items/index.php 92
ERROR - 2018-09-27 15:41:33 --> Severity: Notice --> Undefined property: stdClass::$userName /var/www/html/watervale/application/views/items/index.php 92
ERROR - 2018-09-27 15:41:33 --> Severity: Notice --> Undefined property: stdClass::$userName /var/www/html/watervale/application/views/items/index.php 92
ERROR - 2018-09-27 15:41:33 --> Severity: Notice --> Undefined property: stdClass::$userName /var/www/html/watervale/application/views/items/index.php 92
ERROR - 2018-09-27 15:41:33 --> Severity: Notice --> Undefined property: stdClass::$userName /var/www/html/watervale/application/views/items/index.php 92
ERROR - 2018-09-27 15:41:33 --> Severity: Notice --> Undefined property: stdClass::$userName /var/www/html/watervale/application/views/items/index.php 92
ERROR - 2018-09-27 15:41:33 --> Severity: Notice --> Undefined property: stdClass::$userName /var/www/html/watervale/application/views/items/index.php 92
ERROR - 2018-09-27 15:41:33 --> Severity: Notice --> Undefined property: stdClass::$userName /var/www/html/watervale/application/views/items/index.php 92
ERROR - 2018-09-27 15:41:33 --> Severity: Notice --> Undefined property: stdClass::$userName /var/www/html/watervale/application/views/items/index.php 92
ERROR - 2018-09-27 15:41:33 --> Severity: Notice --> Undefined property: stdClass::$userName /var/www/html/watervale/application/views/items/index.php 92
ERROR - 2018-09-27 15:41:33 --> Severity: Notice --> Undefined property: stdClass::$userName /var/www/html/watervale/application/views/items/index.php 92
ERROR - 2018-09-27 15:41:34 --> 404 Page Not Found: Img/favicon.png
ERROR - 2018-09-27 15:42:00 --> Severity: Notice --> Undefined property: stdClass::$userName /var/www/html/watervale/application/views/items/index.php 92
ERROR - 2018-09-27 15:42:00 --> Severity: Notice --> Undefined property: stdClass::$userName /var/www/html/watervale/application/views/items/index.php 92
ERROR - 2018-09-27 15:42:00 --> Severity: Notice --> Undefined property: stdClass::$userName /var/www/html/watervale/application/views/items/index.php 92
ERROR - 2018-09-27 15:42:00 --> Severity: Notice --> Undefined property: stdClass::$userName /var/www/html/watervale/application/views/items/index.php 92
ERROR - 2018-09-27 15:42:00 --> Severity: Notice --> Undefined property: stdClass::$userName /var/www/html/watervale/application/views/items/index.php 92
ERROR - 2018-09-27 15:42:00 --> Severity: Notice --> Undefined property: stdClass::$userName /var/www/html/watervale/application/views/items/index.php 92
ERROR - 2018-09-27 15:42:00 --> Severity: Notice --> Undefined property: stdClass::$userName /var/www/html/watervale/application/views/items/index.php 92
ERROR - 2018-09-27 15:42:00 --> Severity: Notice --> Undefined property: stdClass::$userName /var/www/html/watervale/application/views/items/index.php 92
ERROR - 2018-09-27 15:42:00 --> Severity: Notice --> Undefined property: stdClass::$userName /var/www/html/watervale/application/views/items/index.php 92
ERROR - 2018-09-27 15:42:00 --> Severity: Notice --> Undefined property: stdClass::$userName /var/www/html/watervale/application/views/items/index.php 92
ERROR - 2018-09-27 15:42:00 --> Severity: Notice --> Undefined property: stdClass::$userName /var/www/html/watervale/application/views/items/index.php 92
ERROR - 2018-09-27 15:42:00 --> Severity: Notice --> Undefined property: stdClass::$userName /var/www/html/watervale/application/views/items/index.php 92
ERROR - 2018-09-27 15:42:00 --> Severity: Notice --> Undefined property: stdClass::$userName /var/www/html/watervale/application/views/items/index.php 92
ERROR - 2018-09-27 15:42:00 --> Severity: Notice --> Undefined property: stdClass::$userName /var/www/html/watervale/application/views/items/index.php 92
ERROR - 2018-09-27 15:42:00 --> Severity: Notice --> Undefined property: stdClass::$userName /var/www/html/watervale/application/views/items/index.php 92
ERROR - 2018-09-27 15:42:00 --> Severity: Notice --> Undefined property: stdClass::$userName /var/www/html/watervale/application/views/items/index.php 92
ERROR - 2018-09-27 15:42:00 --> Severity: Notice --> Undefined property: stdClass::$userName /var/www/html/watervale/application/views/items/index.php 92
ERROR - 2018-09-27 15:42:00 --> Severity: Notice --> Undefined property: stdClass::$userName /var/www/html/watervale/application/views/items/index.php 92
ERROR - 2018-09-27 15:42:00 --> Severity: Notice --> Undefined property: stdClass::$userName /var/www/html/watervale/application/views/items/index.php 92
ERROR - 2018-09-27 15:42:00 --> Severity: Notice --> Undefined property: stdClass::$userName /var/www/html/watervale/application/views/items/index.php 92
ERROR - 2018-09-27 15:42:00 --> Severity: Notice --> Undefined property: stdClass::$userName /var/www/html/watervale/application/views/items/index.php 92
ERROR - 2018-09-27 15:42:00 --> Severity: Notice --> Undefined property: stdClass::$userName /var/www/html/watervale/application/views/items/index.php 92
ERROR - 2018-09-27 15:42:00 --> Severity: Notice --> Undefined property: stdClass::$userName /var/www/html/watervale/application/views/items/index.php 92
ERROR - 2018-09-27 15:42:00 --> Severity: Notice --> Undefined property: stdClass::$userName /var/www/html/watervale/application/views/items/index.php 92
ERROR - 2018-09-27 15:42:00 --> Severity: Notice --> Undefined property: stdClass::$userName /var/www/html/watervale/application/views/items/index.php 92
ERROR - 2018-09-27 15:42:00 --> Severity: Notice --> Undefined property: stdClass::$userName /var/www/html/watervale/application/views/items/index.php 92
ERROR - 2018-09-27 15:42:00 --> Severity: Notice --> Undefined property: stdClass::$userName /var/www/html/watervale/application/views/items/index.php 92
ERROR - 2018-09-27 15:42:00 --> Severity: Notice --> Undefined property: stdClass::$userName /var/www/html/watervale/application/views/items/index.php 92
ERROR - 2018-09-27 15:42:00 --> Severity: Notice --> Undefined property: stdClass::$userName /var/www/html/watervale/application/views/items/index.php 92
ERROR - 2018-09-27 15:42:00 --> Severity: Notice --> Undefined property: stdClass::$userName /var/www/html/watervale/application/views/items/index.php 92
ERROR - 2018-09-27 15:42:00 --> Severity: Notice --> Undefined property: stdClass::$userName /var/www/html/watervale/application/views/items/index.php 92
ERROR - 2018-09-27 15:42:00 --> Severity: Notice --> Undefined property: stdClass::$userName /var/www/html/watervale/application/views/items/index.php 92
ERROR - 2018-09-27 15:42:00 --> Severity: Notice --> Undefined property: stdClass::$userName /var/www/html/watervale/application/views/items/index.php 92
ERROR - 2018-09-27 15:42:00 --> Severity: Notice --> Undefined property: stdClass::$userName /var/www/html/watervale/application/views/items/index.php 92
ERROR - 2018-09-27 15:42:00 --> Severity: Notice --> Undefined property: stdClass::$userName /var/www/html/watervale/application/views/items/index.php 92
ERROR - 2018-09-27 15:42:01 --> Severity: Notice --> Undefined property: stdClass::$userName /var/www/html/watervale/application/views/items/index.php 92
ERROR - 2018-09-27 15:42:01 --> Severity: Notice --> Undefined property: stdClass::$userName /var/www/html/watervale/application/views/items/index.php 92
ERROR - 2018-09-27 15:42:01 --> Severity: Notice --> Undefined property: stdClass::$userName /var/www/html/watervale/application/views/items/index.php 92
ERROR - 2018-09-27 15:42:01 --> Severity: Notice --> Undefined property: stdClass::$userName /var/www/html/watervale/application/views/items/index.php 92
ERROR - 2018-09-27 15:42:01 --> Severity: Notice --> Undefined property: stdClass::$userName /var/www/html/watervale/application/views/items/index.php 92
ERROR - 2018-09-27 15:42:01 --> Severity: Notice --> Undefined property: stdClass::$userName /var/www/html/watervale/application/views/items/index.php 92
ERROR - 2018-09-27 15:42:01 --> Severity: Notice --> Undefined property: stdClass::$userName /var/www/html/watervale/application/views/items/index.php 92
ERROR - 2018-09-27 15:42:01 --> Severity: Notice --> Undefined property: stdClass::$userName /var/www/html/watervale/application/views/items/index.php 92
ERROR - 2018-09-27 15:42:01 --> Severity: Notice --> Undefined property: stdClass::$userName /var/www/html/watervale/application/views/items/index.php 92
ERROR - 2018-09-27 15:42:01 --> Severity: Notice --> Undefined property: stdClass::$userName /var/www/html/watervale/application/views/items/index.php 92
ERROR - 2018-09-27 15:42:01 --> Severity: Notice --> Undefined property: stdClass::$userName /var/www/html/watervale/application/views/items/index.php 92
ERROR - 2018-09-27 15:42:01 --> Severity: Notice --> Undefined property: stdClass::$userName /var/www/html/watervale/application/views/items/index.php 92
ERROR - 2018-09-27 15:42:01 --> Severity: Notice --> Undefined property: stdClass::$userName /var/www/html/watervale/application/views/items/index.php 92
ERROR - 2018-09-27 15:42:01 --> Severity: Notice --> Undefined property: stdClass::$userName /var/www/html/watervale/application/views/items/index.php 92
ERROR - 2018-09-27 15:42:01 --> Severity: Notice --> Undefined property: stdClass::$userName /var/www/html/watervale/application/views/items/index.php 92
ERROR - 2018-09-27 15:44:15 --> Severity: Notice --> Undefined property: stdClass::$userName /var/www/html/watervale/application/views/items/index.php 92
ERROR - 2018-09-27 15:44:15 --> Severity: Notice --> Undefined property: stdClass::$userName /var/www/html/watervale/application/views/items/index.php 92
ERROR - 2018-09-27 15:44:15 --> Severity: Notice --> Undefined property: stdClass::$userName /var/www/html/watervale/application/views/items/index.php 92
ERROR - 2018-09-27 15:44:15 --> Severity: Notice --> Undefined property: stdClass::$userName /var/www/html/watervale/application/views/items/index.php 92
ERROR - 2018-09-27 15:44:15 --> Severity: Notice --> Undefined property: stdClass::$userName /var/www/html/watervale/application/views/items/index.php 92
ERROR - 2018-09-27 15:44:15 --> Severity: Notice --> Undefined property: stdClass::$userName /var/www/html/watervale/application/views/items/index.php 92
ERROR - 2018-09-27 15:44:15 --> Severity: Notice --> Undefined property: stdClass::$userName /var/www/html/watervale/application/views/items/index.php 92
ERROR - 2018-09-27 15:44:15 --> Severity: Notice --> Undefined property: stdClass::$userName /var/www/html/watervale/application/views/items/index.php 92
ERROR - 2018-09-27 15:44:15 --> Severity: Notice --> Undefined property: stdClass::$userName /var/www/html/watervale/application/views/items/index.php 92
ERROR - 2018-09-27 15:44:15 --> Severity: Notice --> Undefined property: stdClass::$userName /var/www/html/watervale/application/views/items/index.php 92
ERROR - 2018-09-27 15:44:15 --> Severity: Notice --> Undefined property: stdClass::$userName /var/www/html/watervale/application/views/items/index.php 92
ERROR - 2018-09-27 15:44:15 --> Severity: Notice --> Undefined property: stdClass::$userName /var/www/html/watervale/application/views/items/index.php 92
ERROR - 2018-09-27 15:44:15 --> Severity: Notice --> Undefined property: stdClass::$userName /var/www/html/watervale/application/views/items/index.php 92
ERROR - 2018-09-27 15:44:15 --> Severity: Notice --> Undefined property: stdClass::$userName /var/www/html/watervale/application/views/items/index.php 92
ERROR - 2018-09-27 15:44:15 --> Severity: Notice --> Undefined property: stdClass::$userName /var/www/html/watervale/application/views/items/index.php 92
ERROR - 2018-09-27 15:44:15 --> Severity: Notice --> Undefined property: stdClass::$userName /var/www/html/watervale/application/views/items/index.php 92
ERROR - 2018-09-27 15:44:15 --> Severity: Notice --> Undefined property: stdClass::$userName /var/www/html/watervale/application/views/items/index.php 92
ERROR - 2018-09-27 15:44:15 --> Severity: Notice --> Undefined property: stdClass::$userName /var/www/html/watervale/application/views/items/index.php 92
ERROR - 2018-09-27 15:44:15 --> Severity: Notice --> Undefined property: stdClass::$userName /var/www/html/watervale/application/views/items/index.php 92
ERROR - 2018-09-27 15:44:15 --> Severity: Notice --> Undefined property: stdClass::$userName /var/www/html/watervale/application/views/items/index.php 92
ERROR - 2018-09-27 15:44:16 --> Severity: Notice --> Undefined property: stdClass::$userName /var/www/html/watervale/application/views/items/index.php 92
ERROR - 2018-09-27 15:44:16 --> Severity: Notice --> Undefined property: stdClass::$userName /var/www/html/watervale/application/views/items/index.php 92
ERROR - 2018-09-27 15:44:16 --> Severity: Notice --> Undefined property: stdClass::$userName /var/www/html/watervale/application/views/items/index.php 92
ERROR - 2018-09-27 15:44:16 --> Severity: Notice --> Undefined property: stdClass::$userName /var/www/html/watervale/application/views/items/index.php 92
ERROR - 2018-09-27 15:44:16 --> Severity: Notice --> Undefined property: stdClass::$userName /var/www/html/watervale/application/views/items/index.php 92
ERROR - 2018-09-27 15:44:16 --> Severity: Notice --> Undefined property: stdClass::$userName /var/www/html/watervale/application/views/items/index.php 92
ERROR - 2018-09-27 15:44:16 --> Severity: Notice --> Undefined property: stdClass::$userName /var/www/html/watervale/application/views/items/index.php 92
ERROR - 2018-09-27 15:44:16 --> Severity: Notice --> Undefined property: stdClass::$userName /var/www/html/watervale/application/views/items/index.php 92
ERROR - 2018-09-27 15:44:16 --> Severity: Notice --> Undefined property: stdClass::$userName /var/www/html/watervale/application/views/items/index.php 92
ERROR - 2018-09-27 15:44:16 --> Severity: Notice --> Undefined property: stdClass::$userName /var/www/html/watervale/application/views/items/index.php 92
ERROR - 2018-09-27 15:44:38 --> Severity: Notice --> Undefined property: stdClass::$userName /var/www/html/watervale/application/views/items/index.php 92
ERROR - 2018-09-27 15:44:38 --> Severity: Notice --> Undefined property: stdClass::$userName /var/www/html/watervale/application/views/items/index.php 92
ERROR - 2018-09-27 15:44:38 --> Severity: Notice --> Undefined property: stdClass::$userName /var/www/html/watervale/application/views/items/index.php 92
ERROR - 2018-09-27 15:44:38 --> Severity: Notice --> Undefined property: stdClass::$userName /var/www/html/watervale/application/views/items/index.php 92
ERROR - 2018-09-27 15:44:38 --> Severity: Notice --> Undefined property: stdClass::$userName /var/www/html/watervale/application/views/items/index.php 92
ERROR - 2018-09-27 15:45:31 --> Severity: Notice --> Undefined property: stdClass::$userName /var/www/html/watervale/application/views/items/index.php 92
ERROR - 2018-09-27 15:45:31 --> Severity: Notice --> Undefined property: stdClass::$userName /var/www/html/watervale/application/views/items/index.php 92
ERROR - 2018-09-27 15:45:31 --> Severity: Notice --> Undefined property: stdClass::$userName /var/www/html/watervale/application/views/items/index.php 92
ERROR - 2018-09-27 15:45:31 --> Severity: Notice --> Undefined property: stdClass::$userName /var/www/html/watervale/application/views/items/index.php 92
ERROR - 2018-09-27 15:45:31 --> Severity: Notice --> Undefined property: stdClass::$userName /var/www/html/watervale/application/views/items/index.php 92
ERROR - 2018-09-27 15:46:12 --> Severity: Notice --> Undefined property: stdClass::$userName /var/www/html/watervale/application/views/items/index.php 92
ERROR - 2018-09-27 15:46:12 --> Severity: Notice --> Undefined property: stdClass::$userName /var/www/html/watervale/application/views/items/index.php 92
ERROR - 2018-09-27 15:46:12 --> Severity: Notice --> Undefined property: stdClass::$userName /var/www/html/watervale/application/views/items/index.php 92
ERROR - 2018-09-27 15:46:12 --> Severity: Notice --> Undefined property: stdClass::$userName /var/www/html/watervale/application/views/items/index.php 92
ERROR - 2018-09-27 15:46:12 --> Severity: Notice --> Undefined property: stdClass::$userName /var/www/html/watervale/application/views/items/index.php 92
ERROR - 2018-09-27 15:46:25 --> 404 Page Not Found: Img/favicon.png
ERROR - 2018-09-27 15:47:19 --> Severity: Notice --> Undefined property: stdClass::$userName /var/www/html/watervale/application/views/items/index.php 92
ERROR - 2018-09-27 15:47:19 --> Severity: Notice --> Undefined property: stdClass::$userName /var/www/html/watervale/application/views/items/index.php 92
ERROR - 2018-09-27 15:47:19 --> Severity: Notice --> Undefined property: stdClass::$userName /var/www/html/watervale/application/views/items/index.php 92
ERROR - 2018-09-27 15:47:19 --> Severity: Notice --> Undefined property: stdClass::$userName /var/www/html/watervale/application/views/items/index.php 92
ERROR - 2018-09-27 15:47:19 --> Severity: Notice --> Undefined property: stdClass::$userName /var/www/html/watervale/application/views/items/index.php 92
ERROR - 2018-09-27 15:47:37 --> Severity: Notice --> Undefined property: stdClass::$userName /var/www/html/watervale/application/views/items/index.php 92
ERROR - 2018-09-27 15:47:37 --> Severity: Notice --> Undefined property: stdClass::$userName /var/www/html/watervale/application/views/items/index.php 92
ERROR - 2018-09-27 15:47:37 --> Severity: Notice --> Undefined property: stdClass::$userName /var/www/html/watervale/application/views/items/index.php 92
ERROR - 2018-09-27 15:47:37 --> Severity: Notice --> Undefined property: stdClass::$userName /var/www/html/watervale/application/views/items/index.php 92
ERROR - 2018-09-27 15:47:37 --> Severity: Notice --> Undefined property: stdClass::$userName /var/www/html/watervale/application/views/items/index.php 92
ERROR - 2018-09-27 15:47:42 --> Severity: Notice --> Undefined property: stdClass::$userName /var/www/html/watervale/application/views/items/index.php 92
ERROR - 2018-09-27 15:47:42 --> Severity: Notice --> Undefined property: stdClass::$userName /var/www/html/watervale/application/views/items/index.php 92
ERROR - 2018-09-27 15:47:42 --> Severity: Notice --> Undefined property: stdClass::$userName /var/www/html/watervale/application/views/items/index.php 92
ERROR - 2018-09-27 15:47:42 --> Severity: Notice --> Undefined property: stdClass::$userName /var/www/html/watervale/application/views/items/index.php 92
ERROR - 2018-09-27 15:47:42 --> Severity: Notice --> Undefined property: stdClass::$userName /var/www/html/watervale/application/views/items/index.php 92
ERROR - 2018-09-27 15:55:24 --> Severity: Notice --> Undefined property: stdClass::$userName /var/www/html/watervale/application/views/items/index.php 92
ERROR - 2018-09-27 15:55:24 --> Severity: Notice --> Undefined property: stdClass::$userName /var/www/html/watervale/application/views/items/index.php 92
ERROR - 2018-09-27 15:55:24 --> Severity: Notice --> Undefined property: stdClass::$userName /var/www/html/watervale/application/views/items/index.php 92
ERROR - 2018-09-27 15:55:24 --> Severity: Notice --> Undefined property: stdClass::$userName /var/www/html/watervale/application/views/items/index.php 92
ERROR - 2018-09-27 15:55:24 --> Severity: Notice --> Undefined property: stdClass::$userName /var/www/html/watervale/application/views/items/index.php 92
ERROR - 2018-09-27 15:55:24 --> 404 Page Not Found: Img/favicon.png
ERROR - 2018-09-27 15:56:06 --> Severity: Notice --> Undefined property: stdClass::$userName /var/www/html/watervale/application/views/items/index.php 92
ERROR - 2018-09-27 15:56:06 --> Severity: Notice --> Undefined property: stdClass::$userName /var/www/html/watervale/application/views/items/index.php 92
ERROR - 2018-09-27 15:56:06 --> Severity: Notice --> Undefined property: stdClass::$userName /var/www/html/watervale/application/views/items/index.php 92
ERROR - 2018-09-27 15:56:06 --> Severity: Notice --> Undefined property: stdClass::$userName /var/www/html/watervale/application/views/items/index.php 92
ERROR - 2018-09-27 15:56:06 --> Severity: Notice --> Undefined property: stdClass::$userName /var/www/html/watervale/application/views/items/index.php 92
ERROR - 2018-09-27 15:57:57 --> Severity: Notice --> Undefined property: stdClass::$userName /var/www/html/watervale/application/views/items/index.php 92
ERROR - 2018-09-27 15:57:57 --> Severity: Notice --> Undefined property: stdClass::$userName /var/www/html/watervale/application/views/items/index.php 92
ERROR - 2018-09-27 15:57:57 --> Severity: Notice --> Undefined property: stdClass::$userName /var/www/html/watervale/application/views/items/index.php 92
ERROR - 2018-09-27 15:57:57 --> Severity: Notice --> Undefined property: stdClass::$userName /var/www/html/watervale/application/views/items/index.php 92
ERROR - 2018-09-27 15:57:57 --> Severity: Notice --> Undefined property: stdClass::$userName /var/www/html/watervale/application/views/items/index.php 92
ERROR - 2018-09-27 16:08:19 --> 404 Page Not Found: Img/favicon.png
ERROR - 2018-09-27 16:12:20 --> 404 Page Not Found: Img/favicon.png
ERROR - 2018-09-27 16:29:23 --> 404 Page Not Found: Img/favicon.png
ERROR - 2018-09-27 16:31:33 --> 404 Page Not Found: Img/favicon.png
ERROR - 2018-09-27 16:32:13 --> 404 Page Not Found: Img/favicon.png
ERROR - 2018-09-27 16:37:36 --> 404 Page Not Found: Order-details/img
ERROR - 2018-09-27 18:11:18 --> Severity: Notice --> Undefined property: stdClass::$userName /var/www/html/watervale/application/views/items/index.php 92
ERROR - 2018-09-27 18:11:18 --> Severity: Notice --> Undefined property: stdClass::$userName /var/www/html/watervale/application/views/items/index.php 92
ERROR - 2018-09-27 18:11:18 --> Severity: Notice --> Undefined property: stdClass::$userName /var/www/html/watervale/application/views/items/index.php 92
ERROR - 2018-09-27 18:11:18 --> Severity: Notice --> Undefined property: stdClass::$userName /var/www/html/watervale/application/views/items/index.php 92
ERROR - 2018-09-27 18:11:18 --> Severity: Notice --> Undefined property: stdClass::$userName /var/www/html/watervale/application/views/items/index.php 92
ERROR - 2018-09-27 18:11:42 --> Severity: Notice --> Undefined offset: 1 /var/www/html/watervale/application/controllers/ItemController.php 201
ERROR - 2018-09-27 18:12:16 --> Severity: Notice --> Undefined offset: 1 /var/www/html/watervale/application/controllers/ItemController.php 201
ERROR - 2018-09-27 18:12:25 --> Severity: Notice --> Undefined offset: 1 /var/www/html/watervale/application/controllers/ItemController.php 201
ERROR - 2018-09-27 18:25:39 --> Severity: Notice --> Undefined property: stdClass::$userName /var/www/html/watervale/application/views/items/index.php 92
ERROR - 2018-09-27 18:25:39 --> Severity: Notice --> Undefined property: stdClass::$userName /var/www/html/watervale/application/views/items/index.php 92
ERROR - 2018-09-27 18:25:39 --> Severity: Notice --> Undefined property: stdClass::$userName /var/www/html/watervale/application/views/items/index.php 92
ERROR - 2018-09-27 18:25:39 --> Severity: Notice --> Undefined property: stdClass::$userName /var/www/html/watervale/application/views/items/index.php 92
ERROR - 2018-09-27 18:25:39 --> Severity: Notice --> Undefined property: stdClass::$userName /var/www/html/watervale/application/views/items/index.php 92
ERROR - 2018-09-27 18:25:40 --> 404 Page Not Found: Img/favicon.png
ERROR - 2018-09-27 18:26:04 --> Severity: Notice --> Undefined property: stdClass::$userName /var/www/html/watervale/application/views/items/index.php 92
ERROR - 2018-09-27 18:26:04 --> Severity: Notice --> Undefined property: stdClass::$userName /var/www/html/watervale/application/views/items/index.php 92
ERROR - 2018-09-27 18:26:04 --> Severity: Notice --> Undefined property: stdClass::$userName /var/www/html/watervale/application/views/items/index.php 92
ERROR - 2018-09-27 18:26:04 --> Severity: Notice --> Undefined property: stdClass::$userName /var/www/html/watervale/application/views/items/index.php 92
ERROR - 2018-09-27 18:26:04 --> Severity: Notice --> Undefined property: stdClass::$userName /var/www/html/watervale/application/views/items/index.php 92
ERROR - 2018-09-27 18:26:04 --> Severity: Notice --> Undefined property: stdClass::$userName /var/www/html/watervale/application/views/items/index.php 92
ERROR - 2018-09-27 18:26:04 --> Severity: Notice --> Undefined property: stdClass::$userName /var/www/html/watervale/application/views/items/index.php 92
ERROR - 2018-09-27 18:26:04 --> Severity: Notice --> Undefined property: stdClass::$userName /var/www/html/watervale/application/views/items/index.php 92
ERROR - 2018-09-27 18:26:04 --> Severity: Notice --> Undefined property: stdClass::$userName /var/www/html/watervale/application/views/items/index.php 92
ERROR - 2018-09-27 18:26:04 --> Severity: Notice --> Undefined property: stdClass::$userName /var/www/html/watervale/application/views/items/index.php 92
ERROR - 2018-09-27 18:26:04 --> Severity: Notice --> Undefined property: stdClass::$userName /var/www/html/watervale/application/views/items/index.php 92
ERROR - 2018-09-27 18:26:04 --> Severity: Notice --> Undefined property: stdClass::$userName /var/www/html/watervale/application/views/items/index.php 92
ERROR - 2018-09-27 18:26:04 --> Severity: Notice --> Undefined property: stdClass::$userName /var/www/html/watervale/application/views/items/index.php 92
ERROR - 2018-09-27 18:26:04 --> Severity: Notice --> Undefined property: stdClass::$userName /var/www/html/watervale/application/views/items/index.php 92
ERROR - 2018-09-27 18:26:04 --> Severity: Notice --> Undefined property: stdClass::$userName /var/www/html/watervale/application/views/items/index.php 92
ERROR - 2018-09-27 18:26:04 --> Severity: Notice --> Undefined property: stdClass::$userName /var/www/html/watervale/application/views/items/index.php 92
ERROR - 2018-09-27 18:26:04 --> Severity: Notice --> Undefined property: stdClass::$userName /var/www/html/watervale/application/views/items/index.php 92
ERROR - 2018-09-27 18:26:04 --> Severity: Notice --> Undefined property: stdClass::$userName /var/www/html/watervale/application/views/items/index.php 92
ERROR - 2018-09-27 18:26:04 --> Severity: Notice --> Undefined property: stdClass::$userName /var/www/html/watervale/application/views/items/index.php 92
ERROR - 2018-09-27 18:26:04 --> Severity: Notice --> Undefined property: stdClass::$userName /var/www/html/watervale/application/views/items/index.php 92
ERROR - 2018-09-27 18:26:05 --> Severity: Notice --> Undefined property: stdClass::$userName /var/www/html/watervale/application/views/items/index.php 92
ERROR - 2018-09-27 18:26:05 --> Severity: Notice --> Undefined property: stdClass::$userName /var/www/html/watervale/application/views/items/index.php 92
ERROR - 2018-09-27 18:26:05 --> Severity: Notice --> Undefined property: stdClass::$userName /var/www/html/watervale/application/views/items/index.php 92
ERROR - 2018-09-27 18:26:05 --> Severity: Notice --> Undefined property: stdClass::$userName /var/www/html/watervale/application/views/items/index.php 92
ERROR - 2018-09-27 18:26:05 --> Severity: Notice --> Undefined property: stdClass::$userName /var/www/html/watervale/application/views/items/index.php 92
ERROR - 2018-09-27 18:26:05 --> Severity: Notice --> Undefined property: stdClass::$userName /var/www/html/watervale/application/views/items/index.php 92
ERROR - 2018-09-27 18:26:05 --> Severity: Notice --> Undefined property: stdClass::$userName /var/www/html/watervale/application/views/items/index.php 92
ERROR - 2018-09-27 18:26:05 --> Severity: Notice --> Undefined property: stdClass::$userName /var/www/html/watervale/application/views/items/index.php 92
ERROR - 2018-09-27 18:26:05 --> Severity: Notice --> Undefined property: stdClass::$userName /var/www/html/watervale/application/views/items/index.php 92
ERROR - 2018-09-27 18:26:05 --> Severity: Notice --> Undefined property: stdClass::$userName /var/www/html/watervale/application/views/items/index.php 92
ERROR - 2018-09-27 18:26:05 --> Severity: Notice --> Undefined property: stdClass::$userName /var/www/html/watervale/application/views/items/index.php 92
ERROR - 2018-09-27 18:26:05 --> Severity: Notice --> Undefined property: stdClass::$userName /var/www/html/watervale/application/views/items/index.php 92
ERROR - 2018-09-27 18:26:05 --> Severity: Notice --> Undefined property: stdClass::$userName /var/www/html/watervale/application/views/items/index.php 92
ERROR - 2018-09-27 18:26:05 --> Severity: Notice --> Undefined property: stdClass::$userName /var/www/html/watervale/application/views/items/index.php 92
ERROR - 2018-09-27 18:26:05 --> Severity: Notice --> Undefined property: stdClass::$userName /var/www/html/watervale/application/views/items/index.php 92
ERROR - 2018-09-27 18:26:06 --> 404 Page Not Found: Img/favicon.png
ERROR - 2018-09-27 18:34:09 --> Severity: Notice --> Undefined property: stdClass::$userName /var/www/html/watervale/application/views/items/index.php 92
ERROR - 2018-09-27 18:34:09 --> Severity: Notice --> Undefined property: stdClass::$userName /var/www/html/watervale/application/views/items/index.php 92
ERROR - 2018-09-27 18:34:09 --> Severity: Notice --> Undefined property: stdClass::$userName /var/www/html/watervale/application/views/items/index.php 92
ERROR - 2018-09-27 18:34:09 --> Severity: Notice --> Undefined property: stdClass::$userName /var/www/html/watervale/application/views/items/index.php 92
ERROR - 2018-09-27 18:34:09 --> Severity: Notice --> Undefined property: stdClass::$userName /var/www/html/watervale/application/views/items/index.php 92
ERROR - 2018-09-27 18:35:49 --> Severity: Notice --> Undefined property: stdClass::$userName /var/www/html/watervale/application/views/items/index.php 92
ERROR - 2018-09-27 18:35:49 --> Severity: Notice --> Undefined property: stdClass::$userName /var/www/html/watervale/application/views/items/index.php 92
ERROR - 2018-09-27 18:35:49 --> Severity: Notice --> Undefined property: stdClass::$userName /var/www/html/watervale/application/views/items/index.php 92
ERROR - 2018-09-27 18:35:49 --> Severity: Notice --> Undefined property: stdClass::$userName /var/www/html/watervale/application/views/items/index.php 92
ERROR - 2018-09-27 18:35:49 --> Severity: Notice --> Undefined property: stdClass::$userName /var/www/html/watervale/application/views/items/index.php 92
ERROR - 2018-09-27 18:35:49 --> Severity: Notice --> Undefined property: stdClass::$userName /var/www/html/watervale/application/views/items/index.php 92
ERROR - 2018-09-27 18:35:49 --> Severity: Notice --> Undefined property: stdClass::$userName /var/www/html/watervale/application/views/items/index.php 92
ERROR - 2018-09-27 18:35:49 --> Severity: Notice --> Undefined property: stdClass::$userName /var/www/html/watervale/application/views/items/index.php 92
ERROR - 2018-09-27 18:35:49 --> Severity: Notice --> Undefined property: stdClass::$userName /var/www/html/watervale/application/views/items/index.php 92
ERROR - 2018-09-27 18:35:49 --> Severity: Notice --> Undefined property: stdClass::$userName /var/www/html/watervale/application/views/items/index.php 92
ERROR - 2018-09-27 18:35:49 --> Severity: Notice --> Undefined property: stdClass::$userName /var/www/html/watervale/application/views/items/index.php 92
ERROR - 2018-09-27 18:35:49 --> Severity: Notice --> Undefined property: stdClass::$userName /var/www/html/watervale/application/views/items/index.php 92
ERROR - 2018-09-27 18:35:49 --> Severity: Notice --> Undefined property: stdClass::$userName /var/www/html/watervale/application/views/items/index.php 92
ERROR - 2018-09-27 18:35:49 --> Severity: Notice --> Undefined property: stdClass::$userName /var/www/html/watervale/application/views/items/index.php 92
ERROR - 2018-09-27 18:35:49 --> Severity: Notice --> Undefined property: stdClass::$userName /var/www/html/watervale/application/views/items/index.php 92
ERROR - 2018-09-27 18:35:49 --> Severity: Notice --> Undefined property: stdClass::$userName /var/www/html/watervale/application/views/items/index.php 92
ERROR - 2018-09-27 18:35:49 --> Severity: Notice --> Undefined property: stdClass::$userName /var/www/html/watervale/application/views/items/index.php 92
ERROR - 2018-09-27 18:35:49 --> Severity: Notice --> Undefined property: stdClass::$userName /var/www/html/watervale/application/views/items/index.php 92
ERROR - 2018-09-27 18:35:49 --> Severity: Notice --> Undefined property: stdClass::$userName /var/www/html/watervale/application/views/items/index.php 92
ERROR - 2018-09-27 18:35:49 --> Severity: Notice --> Undefined property: stdClass::$userName /var/www/html/watervale/application/views/items/index.php 92
ERROR - 2018-09-27 18:35:50 --> Severity: Notice --> Undefined property: stdClass::$userName /var/www/html/watervale/application/views/items/index.php 92
ERROR - 2018-09-27 18:35:50 --> Severity: Notice --> Undefined property: stdClass::$userName /var/www/html/watervale/application/views/items/index.php 92
ERROR - 2018-09-27 18:35:50 --> Severity: Notice --> Undefined property: stdClass::$userName /var/www/html/watervale/application/views/items/index.php 92
ERROR - 2018-09-27 18:35:50 --> Severity: Notice --> Undefined property: stdClass::$userName /var/www/html/watervale/application/views/items/index.php 92
ERROR - 2018-09-27 18:35:50 --> Severity: Notice --> Undefined property: stdClass::$userName /var/www/html/watervale/application/views/items/index.php 92
ERROR - 2018-09-27 18:48:45 --> 404 Page Not Found: Img/favicon.png
