ERROR - 2018-11-16 05:47:20 --> 404 Page Not Found: Img/favicon.png
ERROR - 2018-11-16 05:49:53 --> 404 Page Not Found: Img/favicon.png
ERROR - 2018-11-16 05:55:05 --> 404 Page Not Found: Img/favicon.png
ERROR - 2018-11-16 06:16:14 --> 404 Page Not Found: Img/favicon.png
ERROR - 2018-11-16 07:19:30 --> 404 Page Not Found: Img/favicon.png
ERROR - 2018-11-16 07:45:31 --> Severity: Notice --> Undefined property: stdClass::$readyEstDate /var/www/html/watervale_live/application/views/orders/production/index.php 339
ERROR - 2018-11-16 07:45:31 --> Severity: Notice --> Undefined property: stdClass::$readyEstDate /var/www/html/watervale_live/application/views/orders/production/index.php 339
ERROR - 2018-11-16 07:45:31 --> Severity: Notice --> Undefined property: stdClass::$readyEstDate /var/www/html/watervale_live/application/views/orders/production/index.php 339
ERROR - 2018-11-16 07:45:31 --> Severity: Notice --> Undefined property: stdClass::$readyEstDate /var/www/html/watervale_live/application/views/orders/production/index.php 339
ERROR - 2018-11-16 07:45:31 --> Severity: Notice --> Undefined property: stdClass::$readyEstDate /var/www/html/watervale_live/application/views/orders/production/index.php 339
ERROR - 2018-11-16 07:45:31 --> Severity: Notice --> Undefined property: stdClass::$readyEstDate /var/www/html/watervale_live/application/views/orders/production/index.php 339
ERROR - 2018-11-16 07:45:31 --> Severity: Notice --> Undefined property: stdClass::$readyEstDate /var/www/html/watervale_live/application/views/orders/production/index.php 339
ERROR - 2018-11-16 07:45:31 --> Severity: Notice --> Undefined property: stdClass::$readyEstDate /var/www/html/watervale_live/application/views/orders/production/index.php 339
ERROR - 2018-11-16 07:45:31 --> Severity: Notice --> Undefined property: stdClass::$readyEstDate /var/www/html/watervale_live/application/views/orders/production/index.php 339
ERROR - 2018-11-16 07:45:31 --> Severity: Notice --> Undefined property: stdClass::$readyEstDate /var/www/html/watervale_live/application/views/orders/production/index.php 339
ERROR - 2018-11-16 07:45:31 --> Severity: Notice --> Undefined property: stdClass::$readyEstDate /var/www/html/watervale_live/application/views/orders/production/index.php 339
ERROR - 2018-11-16 07:45:31 --> Severity: Notice --> Undefined property: stdClass::$readyEstDate /var/www/html/watervale_live/application/views/orders/production/index.php 339
ERROR - 2018-11-16 07:45:31 --> Severity: Notice --> Undefined property: stdClass::$readyEstDate /var/www/html/watervale_live/application/views/orders/production/index.php 339
ERROR - 2018-11-16 07:45:31 --> Severity: Notice --> Undefined property: stdClass::$readyEstDate /var/www/html/watervale_live/application/views/orders/production/index.php 339
ERROR - 2018-11-16 07:45:31 --> Severity: Notice --> Undefined property: stdClass::$readyEstDate /var/www/html/watervale_live/application/views/orders/production/index.php 339
ERROR - 2018-11-16 07:45:31 --> Severity: Notice --> Undefined property: stdClass::$readyEstDate /var/www/html/watervale_live/application/views/orders/production/index.php 339
ERROR - 2018-11-16 07:45:31 --> Severity: Notice --> Undefined property: stdClass::$readyEstDate /var/www/html/watervale_live/application/views/orders/production/index.php 339
ERROR - 2018-11-16 07:45:31 --> Severity: Notice --> Undefined property: stdClass::$readyEstDate /var/www/html/watervale_live/application/views/orders/production/index.php 339
ERROR - 2018-11-16 07:45:35 --> 404 Page Not Found: Img/favicon.png
ERROR - 2018-11-16 07:45:49 --> Severity: Notice --> Undefined property: stdClass::$readyEstDate /var/www/html/watervale_live/application/views/orders/production/index.php 339
ERROR - 2018-11-16 07:45:49 --> Severity: Notice --> Undefined property: stdClass::$readyEstDate /var/www/html/watervale_live/application/views/orders/production/index.php 339
ERROR - 2018-11-16 07:45:49 --> Severity: Notice --> Undefined property: stdClass::$readyEstDate /var/www/html/watervale_live/application/views/orders/production/index.php 339
ERROR - 2018-11-16 07:45:49 --> Severity: Notice --> Undefined property: stdClass::$readyEstDate /var/www/html/watervale_live/application/views/orders/production/index.php 339
ERROR - 2018-11-16 07:45:49 --> Severity: Notice --> Undefined property: stdClass::$readyEstDate /var/www/html/watervale_live/application/views/orders/production/index.php 339
ERROR - 2018-11-16 07:45:49 --> Severity: Notice --> Undefined property: stdClass::$readyEstDate /var/www/html/watervale_live/application/views/orders/production/index.php 339
ERROR - 2018-11-16 07:45:49 --> Severity: Notice --> Undefined property: stdClass::$readyEstDate /var/www/html/watervale_live/application/views/orders/production/index.php 339
ERROR - 2018-11-16 07:45:49 --> Severity: Notice --> Undefined property: stdClass::$readyEstDate /var/www/html/watervale_live/application/views/orders/production/index.php 339
ERROR - 2018-11-16 07:45:49 --> Severity: Notice --> Undefined property: stdClass::$readyEstDate /var/www/html/watervale_live/application/views/orders/production/index.php 339
ERROR - 2018-11-16 07:45:49 --> Severity: Notice --> Undefined property: stdClass::$readyEstDate /var/www/html/watervale_live/application/views/orders/production/index.php 339
ERROR - 2018-11-16 07:45:49 --> Severity: Notice --> Undefined property: stdClass::$readyEstDate /var/www/html/watervale_live/application/views/orders/production/index.php 339
ERROR - 2018-11-16 07:45:49 --> Severity: Notice --> Undefined property: stdClass::$readyEstDate /var/www/html/watervale_live/application/views/orders/production/index.php 339
ERROR - 2018-11-16 07:45:49 --> Severity: Notice --> Undefined property: stdClass::$readyEstDate /var/www/html/watervale_live/application/views/orders/production/index.php 339
ERROR - 2018-11-16 07:45:49 --> Severity: Notice --> Undefined property: stdClass::$readyEstDate /var/www/html/watervale_live/application/views/orders/production/index.php 339
ERROR - 2018-11-16 07:45:49 --> Severity: Notice --> Undefined property: stdClass::$readyEstDate /var/www/html/watervale_live/application/views/orders/production/index.php 339
ERROR - 2018-11-16 07:45:49 --> Severity: Notice --> Undefined property: stdClass::$readyEstDate /var/www/html/watervale_live/application/views/orders/production/index.php 339
ERROR - 2018-11-16 07:45:49 --> Severity: Notice --> Undefined property: stdClass::$readyEstDate /var/www/html/watervale_live/application/views/orders/production/index.php 339
ERROR - 2018-11-16 07:45:49 --> Severity: Notice --> Undefined property: stdClass::$readyEstDate /var/www/html/watervale_live/application/views/orders/production/index.php 339
ERROR - 2018-11-16 07:45:52 --> Severity: Notice --> Undefined property: stdClass::$readyEstDate /var/www/html/watervale_live/application/views/orders/production/index.php 339
ERROR - 2018-11-16 07:45:52 --> Severity: Notice --> Undefined property: stdClass::$readyEstDate /var/www/html/watervale_live/application/views/orders/production/index.php 339
ERROR - 2018-11-16 07:45:52 --> Severity: Notice --> Undefined property: stdClass::$readyEstDate /var/www/html/watervale_live/application/views/orders/production/index.php 339
ERROR - 2018-11-16 07:45:52 --> Severity: Notice --> Undefined property: stdClass::$readyEstDate /var/www/html/watervale_live/application/views/orders/production/index.php 339
ERROR - 2018-11-16 07:45:52 --> Severity: Notice --> Undefined property: stdClass::$readyEstDate /var/www/html/watervale_live/application/views/orders/production/index.php 339
ERROR - 2018-11-16 07:45:52 --> Severity: Notice --> Undefined property: stdClass::$readyEstDate /var/www/html/watervale_live/application/views/orders/production/index.php 339
ERROR - 2018-11-16 07:45:52 --> Severity: Notice --> Undefined property: stdClass::$readyEstDate /var/www/html/watervale_live/application/views/orders/production/index.php 339
ERROR - 2018-11-16 07:45:52 --> Severity: Notice --> Undefined property: stdClass::$readyEstDate /var/www/html/watervale_live/application/views/orders/production/index.php 339
ERROR - 2018-11-16 07:45:52 --> Severity: Notice --> Undefined property: stdClass::$readyEstDate /var/www/html/watervale_live/application/views/orders/production/index.php 339
ERROR - 2018-11-16 07:45:52 --> Severity: Notice --> Undefined property: stdClass::$readyEstDate /var/www/html/watervale_live/application/views/orders/production/index.php 339
ERROR - 2018-11-16 07:45:52 --> Severity: Notice --> Undefined property: stdClass::$readyEstDate /var/www/html/watervale_live/application/views/orders/production/index.php 339
ERROR - 2018-11-16 07:45:52 --> Severity: Notice --> Undefined property: stdClass::$readyEstDate /var/www/html/watervale_live/application/views/orders/production/index.php 339
ERROR - 2018-11-16 07:45:52 --> Severity: Notice --> Undefined property: stdClass::$readyEstDate /var/www/html/watervale_live/application/views/orders/production/index.php 339
ERROR - 2018-11-16 07:45:52 --> Severity: Notice --> Undefined property: stdClass::$readyEstDate /var/www/html/watervale_live/application/views/orders/production/index.php 339
ERROR - 2018-11-16 07:45:52 --> Severity: Notice --> Undefined property: stdClass::$readyEstDate /var/www/html/watervale_live/application/views/orders/production/index.php 339
ERROR - 2018-11-16 07:45:52 --> Severity: Notice --> Undefined property: stdClass::$readyEstDate /var/www/html/watervale_live/application/views/orders/production/index.php 339
ERROR - 2018-11-16 07:45:52 --> Severity: Notice --> Undefined property: stdClass::$readyEstDate /var/www/html/watervale_live/application/views/orders/production/index.php 339
ERROR - 2018-11-16 07:45:52 --> Severity: Notice --> Undefined property: stdClass::$readyEstDate /var/www/html/watervale_live/application/views/orders/production/index.php 339
ERROR - 2018-11-16 07:52:54 --> 
{
   "orderRef":"",
   "userRef":"JjgDalfOlUQWpSeL",
   "customerRef":"Xo5udQJS1ltbYBFh",
   "orderRemarks":"no remarks",
   "deliveryMethodRef":"IpL3oC5GPQCr72HZ",
   "newDeliveryMethod":"",
   "newAreaCode":"",
   "paymentMethodRef":"2iCbflXYQAJNTl5D",
   "dueDays":"10",
   "dueAmount":"200",
   "orderPipline":"3",
   "orderStatus":"queued",
   "orderInProduction":"1",
   "managerApprove":"1",
   "preAuthorization":"naman",
   "approvalType":"management",
   "newCustomer":[],
   "orderItems":[
      {
         "itemName":"Red",
         "itemRef":"PRO-TYG3-00035",
         "qty":2,
		 "saleUOM": "uqaxliRfyO7azQs4",
         "saleConvQty": "1",
         "saleConvLength": "0",
         "baseUOM": "4gSmL0wloljqBtaY",
         "baseConvQty": "1",
         "baseConvLength": "0",
		 "productionOnDemand" : "1",
		 "variants": [
            {
            	"item_variant_id" : 1829,
                "height": "34",
                "width": "343",
                "length": "43",
                "color": "Red",
                "design": "rr",
                "qty" : 1 ,
                "price"    : "232",
                "minPrice"        : "222",
                "priceChanged"    :"",
                "blockPercentage" : 22 ,
                "transportCost":"1",
        		"transportCostChanged":"10",
        		"blockType": "Recon",
        		"discountType" : 1,
        		"discount" : "10"
        		
            }
            
        ]
         
      }
   ]
}
ERROR - 2018-11-16 07:52:54 --> {"success":true,"success_message":"Order Submitted successfully Order No00013"}
ERROR - 2018-11-16 10:59:48 --> 404 Page Not Found: Img/favicon.png
ERROR - 2018-11-16 11:02:31 --> 404 Page Not Found: Img/favicon.png
ERROR - 2018-11-16 11:10:59 --> 404 Page Not Found: Img/favicon.png
ERROR - 2018-11-16 11:26:34 --> 404 Page Not Found: App/index
ERROR - 2018-11-16 11:28:07 --> 404 Page Not Found: App/index
ERROR - 2018-11-16 12:02:51 --> 404 Page Not Found: Img/favicon.png
ERROR - 2018-11-16 12:03:18 --> Severity: Notice --> Undefined property: stdClass::$readyEstDate /var/www/html/watervale_live/application/views/orders/orderDetails.php 240
ERROR - 2018-11-16 12:03:19 --> 404 Page Not Found: Order-details/img
ERROR - 2018-11-16 12:06:24 --> 404 Page Not Found: Order-details/img
ERROR - 2018-11-16 12:06:33 --> 404 Page Not Found: Img/favicon.png
