ERROR - 2018-09-06 10:15:24 --> 404 Page Not Found: Img/favicon.png
ERROR - 2018-09-06 10:15:29 --> 404 Page Not Found: Img/favicon.png
ERROR - 2018-09-06 10:15:43 --> Severity: Notice --> Undefined property: stdClass::$userName /var/www/html/watervale/application/views/items/index.php 92
ERROR - 2018-09-06 10:15:43 --> Severity: Notice --> Undefined property: stdClass::$userName /var/www/html/watervale/application/views/items/index.php 92
ERROR - 2018-09-06 10:15:43 --> Severity: Notice --> Undefined property: stdClass::$userName /var/www/html/watervale/application/views/items/index.php 92
ERROR - 2018-09-06 10:15:43 --> Severity: Notice --> Undefined property: stdClass::$userName /var/www/html/watervale/application/views/items/index.php 92
ERROR - 2018-09-06 10:15:43 --> Severity: Notice --> Undefined property: stdClass::$userName /var/www/html/watervale/application/views/items/index.php 92
ERROR - 2018-09-06 10:18:03 --> Severity: Notice --> Undefined property: stdClass::$userName /var/www/html/watervale/application/views/items/index.php 92
ERROR - 2018-09-06 10:18:03 --> Severity: Notice --> Undefined property: stdClass::$userName /var/www/html/watervale/application/views/items/index.php 92
ERROR - 2018-09-06 10:18:03 --> Severity: Notice --> Undefined property: stdClass::$userName /var/www/html/watervale/application/views/items/index.php 92
ERROR - 2018-09-06 10:18:03 --> Severity: Notice --> Undefined property: stdClass::$userName /var/www/html/watervale/application/views/items/index.php 92
ERROR - 2018-09-06 10:18:03 --> Severity: Notice --> Undefined property: stdClass::$userName /var/www/html/watervale/application/views/items/index.php 92
ERROR - 2018-09-06 10:18:03 --> Severity: Notice --> Undefined property: stdClass::$userName /var/www/html/watervale/application/views/items/index.php 92
ERROR - 2018-09-06 10:18:03 --> Severity: Notice --> Undefined property: stdClass::$userName /var/www/html/watervale/application/views/items/index.php 92
ERROR - 2018-09-06 10:18:03 --> Severity: Notice --> Undefined property: stdClass::$userName /var/www/html/watervale/application/views/items/index.php 92
ERROR - 2018-09-06 10:18:03 --> Severity: Notice --> Undefined property: stdClass::$userName /var/www/html/watervale/application/views/items/index.php 92
ERROR - 2018-09-06 10:18:03 --> Severity: Notice --> Undefined property: stdClass::$userName /var/www/html/watervale/application/views/items/index.php 92
ERROR - 2018-09-06 10:18:03 --> Severity: Notice --> Undefined property: stdClass::$userName /var/www/html/watervale/application/views/items/index.php 92
ERROR - 2018-09-06 10:18:03 --> Severity: Notice --> Undefined property: stdClass::$userName /var/www/html/watervale/application/views/items/index.php 92
ERROR - 2018-09-06 10:18:03 --> Severity: Notice --> Undefined property: stdClass::$userName /var/www/html/watervale/application/views/items/index.php 92
ERROR - 2018-09-06 10:18:03 --> Severity: Notice --> Undefined property: stdClass::$userName /var/www/html/watervale/application/views/items/index.php 92
ERROR - 2018-09-06 10:18:03 --> Severity: Notice --> Undefined property: stdClass::$userName /var/www/html/watervale/application/views/items/index.php 92
ERROR - 2018-09-06 10:18:03 --> Severity: Notice --> Undefined property: stdClass::$userName /var/www/html/watervale/application/views/items/index.php 92
ERROR - 2018-09-06 10:18:03 --> Severity: Notice --> Undefined property: stdClass::$userName /var/www/html/watervale/application/views/items/index.php 92
ERROR - 2018-09-06 10:18:03 --> Severity: Notice --> Undefined property: stdClass::$userName /var/www/html/watervale/application/views/items/index.php 92
ERROR - 2018-09-06 10:18:03 --> Severity: Notice --> Undefined property: stdClass::$userName /var/www/html/watervale/application/views/items/index.php 92
ERROR - 2018-09-06 10:18:03 --> Severity: Notice --> Undefined property: stdClass::$userName /var/www/html/watervale/application/views/items/index.php 92
ERROR - 2018-09-06 10:18:40 --> Severity: Notice --> Undefined property: stdClass::$userName /var/www/html/watervale/application/views/items/index.php 92
ERROR - 2018-09-06 10:18:41 --> Severity: Notice --> Undefined property: stdClass::$userName /var/www/html/watervale/application/views/items/index.php 92
ERROR - 2018-09-06 10:18:41 --> Severity: Notice --> Undefined property: stdClass::$userName /var/www/html/watervale/application/views/items/index.php 92
ERROR - 2018-09-06 10:18:41 --> Severity: Notice --> Undefined property: stdClass::$userName /var/www/html/watervale/application/views/items/index.php 92
ERROR - 2018-09-06 10:18:41 --> Severity: Notice --> Undefined property: stdClass::$userName /var/www/html/watervale/application/views/items/index.php 92
ERROR - 2018-09-06 10:19:24 --> Severity: Notice --> Undefined property: stdClass::$userName /var/www/html/watervale/application/views/items/index.php 92
ERROR - 2018-09-06 10:19:24 --> Severity: Notice --> Undefined property: stdClass::$userName /var/www/html/watervale/application/views/items/index.php 92
ERROR - 2018-09-06 10:19:24 --> Severity: Notice --> Undefined property: stdClass::$userName /var/www/html/watervale/application/views/items/index.php 92
ERROR - 2018-09-06 10:19:24 --> Severity: Notice --> Undefined property: stdClass::$userName /var/www/html/watervale/application/views/items/index.php 92
ERROR - 2018-09-06 10:19:24 --> Severity: Notice --> Undefined property: stdClass::$userName /var/www/html/watervale/application/views/items/index.php 92
ERROR - 2018-09-06 10:19:48 --> Severity: Notice --> Undefined property: stdClass::$userName /var/www/html/watervale/application/views/items/index.php 92
ERROR - 2018-09-06 10:19:48 --> Severity: Notice --> Undefined property: stdClass::$userName /var/www/html/watervale/application/views/items/index.php 92
ERROR - 2018-09-06 10:19:48 --> Severity: Notice --> Undefined property: stdClass::$userName /var/www/html/watervale/application/views/items/index.php 92
ERROR - 2018-09-06 10:19:48 --> Severity: Notice --> Undefined property: stdClass::$userName /var/www/html/watervale/application/views/items/index.php 92
ERROR - 2018-09-06 10:19:48 --> Severity: Notice --> Undefined property: stdClass::$userName /var/www/html/watervale/application/views/items/index.php 92
ERROR - 2018-09-06 10:35:54 --> Severity: Notice --> Undefined variable: sizesArray /var/www/html/watervale/application/controllers/ItemController.php 255
ERROR - 2018-09-06 10:36:20 --> Severity: Notice --> Undefined property: stdClass::$userName /var/www/html/watervale/application/views/items/index.php 92
ERROR - 2018-09-06 10:36:20 --> Severity: Notice --> Undefined property: stdClass::$userName /var/www/html/watervale/application/views/items/index.php 92
ERROR - 2018-09-06 10:36:20 --> Severity: Notice --> Undefined property: stdClass::$userName /var/www/html/watervale/application/views/items/index.php 92
ERROR - 2018-09-06 10:36:20 --> Severity: Notice --> Undefined property: stdClass::$userName /var/www/html/watervale/application/views/items/index.php 92
ERROR - 2018-09-06 10:36:20 --> Severity: Notice --> Undefined property: stdClass::$userName /var/www/html/watervale/application/views/items/index.php 92
ERROR - 2018-09-06 10:38:29 --> Severity: Notice --> Undefined property: stdClass::$userName /var/www/html/watervale/application/views/items/index.php 92
ERROR - 2018-09-06 10:38:29 --> Severity: Notice --> Undefined property: stdClass::$userName /var/www/html/watervale/application/views/items/index.php 92
ERROR - 2018-09-06 10:38:29 --> Severity: Notice --> Undefined property: stdClass::$userName /var/www/html/watervale/application/views/items/index.php 92
ERROR - 2018-09-06 10:38:29 --> Severity: Notice --> Undefined property: stdClass::$userName /var/www/html/watervale/application/views/items/index.php 92
ERROR - 2018-09-06 10:38:29 --> Severity: Notice --> Undefined property: stdClass::$userName /var/www/html/watervale/application/views/items/index.php 92
ERROR - 2018-09-06 10:40:07 --> Severity: Notice --> Undefined property: stdClass::$userName /var/www/html/watervale/application/views/items/index.php 92
ERROR - 2018-09-06 10:40:07 --> Severity: Notice --> Undefined property: stdClass::$userName /var/www/html/watervale/application/views/items/index.php 92
ERROR - 2018-09-06 10:40:07 --> Severity: Notice --> Undefined property: stdClass::$userName /var/www/html/watervale/application/views/items/index.php 92
ERROR - 2018-09-06 10:40:07 --> Severity: Notice --> Undefined property: stdClass::$userName /var/www/html/watervale/application/views/items/index.php 92
ERROR - 2018-09-06 10:40:07 --> Severity: Notice --> Undefined property: stdClass::$userName /var/www/html/watervale/application/views/items/index.php 92
ERROR - 2018-09-06 10:40:07 --> Severity: Notice --> Undefined property: stdClass::$userName /var/www/html/watervale/application/views/items/index.php 92
ERROR - 2018-09-06 10:40:07 --> Severity: Notice --> Undefined property: stdClass::$userName /var/www/html/watervale/application/views/items/index.php 92
ERROR - 2018-09-06 10:40:07 --> Severity: Notice --> Undefined property: stdClass::$userName /var/www/html/watervale/application/views/items/index.php 92
ERROR - 2018-09-06 10:40:07 --> Severity: Notice --> Undefined property: stdClass::$userName /var/www/html/watervale/application/views/items/index.php 92
ERROR - 2018-09-06 10:40:07 --> Severity: Notice --> Undefined property: stdClass::$userName /var/www/html/watervale/application/views/items/index.php 92
ERROR - 2018-09-06 10:40:18 --> Severity: Notice --> Undefined property: stdClass::$userName /var/www/html/watervale/application/views/items/index.php 92
ERROR - 2018-09-06 10:40:18 --> Severity: Notice --> Undefined property: stdClass::$userName /var/www/html/watervale/application/views/items/index.php 92
ERROR - 2018-09-06 10:40:18 --> Severity: Notice --> Undefined property: stdClass::$userName /var/www/html/watervale/application/views/items/index.php 92
ERROR - 2018-09-06 10:40:18 --> Severity: Notice --> Undefined property: stdClass::$userName /var/www/html/watervale/application/views/items/index.php 92
ERROR - 2018-09-06 10:40:18 --> Severity: Notice --> Undefined property: stdClass::$userName /var/www/html/watervale/application/views/items/index.php 92
ERROR - 2018-09-06 10:43:38 --> Severity: Notice --> Undefined property: stdClass::$userName /var/www/html/watervale/application/views/items/itemlistajax.php 30
ERROR - 2018-09-06 10:43:38 --> Severity: Notice --> Undefined property: stdClass::$userName /var/www/html/watervale/application/views/items/itemlistajax.php 30
ERROR - 2018-09-06 10:43:38 --> Severity: Notice --> Undefined property: stdClass::$userName /var/www/html/watervale/application/views/items/itemlistajax.php 30
ERROR - 2018-09-06 10:43:38 --> Severity: Notice --> Undefined property: stdClass::$userName /var/www/html/watervale/application/views/items/itemlistajax.php 30
ERROR - 2018-09-06 10:43:40 --> Severity: Notice --> Undefined property: stdClass::$userName /var/www/html/watervale/application/views/items/itemlistajax.php 30
ERROR - 2018-09-06 10:43:40 --> Severity: Notice --> Undefined property: stdClass::$userName /var/www/html/watervale/application/views/items/itemlistajax.php 30
ERROR - 2018-09-06 10:43:40 --> Severity: Notice --> Undefined property: stdClass::$userName /var/www/html/watervale/application/views/items/itemlistajax.php 30
ERROR - 2018-09-06 10:43:40 --> Severity: Notice --> Undefined property: stdClass::$userName /var/www/html/watervale/application/views/items/itemlistajax.php 30
ERROR - 2018-09-06 10:43:40 --> Severity: Notice --> Undefined property: stdClass::$userName /var/www/html/watervale/application/views/items/itemlistajax.php 30
ERROR - 2018-09-06 10:43:41 --> Severity: Notice --> Undefined property: stdClass::$userName /var/www/html/watervale/application/views/items/itemlistajax.php 30
ERROR - 2018-09-06 10:43:41 --> Severity: Notice --> Undefined property: stdClass::$userName /var/www/html/watervale/application/views/items/itemlistajax.php 30
ERROR - 2018-09-06 10:43:41 --> Severity: Notice --> Undefined property: stdClass::$userName /var/www/html/watervale/application/views/items/itemlistajax.php 30
ERROR - 2018-09-06 10:43:41 --> Severity: Notice --> Undefined property: stdClass::$userName /var/www/html/watervale/application/views/items/itemlistajax.php 30
ERROR - 2018-09-06 10:43:41 --> Severity: Notice --> Undefined property: stdClass::$userName /var/www/html/watervale/application/views/items/itemlistajax.php 30
ERROR - 2018-09-06 10:43:41 --> Severity: Notice --> Undefined property: stdClass::$userName /var/www/html/watervale/application/views/items/itemlistajax.php 30
ERROR - 2018-09-06 10:43:41 --> Severity: Notice --> Undefined property: stdClass::$userName /var/www/html/watervale/application/views/items/itemlistajax.php 30
ERROR - 2018-09-06 10:43:41 --> Severity: Notice --> Undefined property: stdClass::$userName /var/www/html/watervale/application/views/items/itemlistajax.php 30
ERROR - 2018-09-06 10:43:41 --> Severity: Notice --> Undefined property: stdClass::$userName /var/www/html/watervale/application/views/items/itemlistajax.php 30
ERROR - 2018-09-06 10:43:41 --> Severity: Notice --> Undefined property: stdClass::$userName /var/www/html/watervale/application/views/items/itemlistajax.php 30
ERROR - 2018-09-06 10:43:42 --> Severity: Notice --> Undefined property: stdClass::$userName /var/www/html/watervale/application/views/items/itemlistajax.php 30
ERROR - 2018-09-06 10:43:42 --> Severity: Notice --> Undefined property: stdClass::$userName /var/www/html/watervale/application/views/items/itemlistajax.php 30
ERROR - 2018-09-06 10:43:42 --> Severity: Notice --> Undefined property: stdClass::$userName /var/www/html/watervale/application/views/items/itemlistajax.php 30
ERROR - 2018-09-06 10:43:42 --> Severity: Notice --> Undefined property: stdClass::$userName /var/www/html/watervale/application/views/items/itemlistajax.php 30
ERROR - 2018-09-06 10:43:44 --> Severity: Notice --> Undefined property: stdClass::$userName /var/www/html/watervale/application/views/items/itemlistajax.php 30
ERROR - 2018-09-06 10:43:44 --> Severity: Notice --> Undefined property: stdClass::$userName /var/www/html/watervale/application/views/items/itemlistajax.php 30
ERROR - 2018-09-06 10:43:44 --> Severity: Notice --> Undefined property: stdClass::$userName /var/www/html/watervale/application/views/items/itemlistajax.php 30
ERROR - 2018-09-06 10:43:44 --> Severity: Notice --> Undefined property: stdClass::$userName /var/www/html/watervale/application/views/items/itemlistajax.php 30
ERROR - 2018-09-06 10:43:44 --> Severity: Notice --> Undefined property: stdClass::$userName /var/www/html/watervale/application/views/items/itemlistajax.php 30
ERROR - 2018-09-06 10:43:45 --> Severity: Notice --> Undefined property: stdClass::$userName /var/www/html/watervale/application/views/items/itemlistajax.php 30
ERROR - 2018-09-06 10:43:45 --> Severity: Notice --> Undefined property: stdClass::$userName /var/www/html/watervale/application/views/items/itemlistajax.php 30
ERROR - 2018-09-06 10:43:45 --> Severity: Notice --> Undefined property: stdClass::$userName /var/www/html/watervale/application/views/items/itemlistajax.php 30
ERROR - 2018-09-06 10:43:45 --> Severity: Notice --> Undefined property: stdClass::$userName /var/www/html/watervale/application/views/items/itemlistajax.php 30
ERROR - 2018-09-06 10:43:45 --> Severity: Notice --> Undefined property: stdClass::$userName /var/www/html/watervale/application/views/items/itemlistajax.php 30
ERROR - 2018-09-06 01:52:53 --> Severity: Warning --> mysqli::real_connect(): (28000/1045): Access denied for user 'root'@'localhost' (using password: YES) /home/onewayit/public_html/watervale/system/database/drivers/mysqli/mysqli_driver.php 201
ERROR - 2018-09-06 01:52:53 --> Unable to connect to the database
ERROR - 2018-09-06 01:57:45 --> 404 Page Not Found: Img/favicon.png
ERROR - 2018-09-06 01:57:56 --> Severity: Notice --> Undefined property: stdClass::$userName /home/onewayit/public_html/watervale/application/views/items/index.php 92
ERROR - 2018-09-06 01:57:56 --> Severity: Notice --> Undefined property: stdClass::$userName /home/onewayit/public_html/watervale/application/views/items/index.php 92
ERROR - 2018-09-06 01:57:56 --> Severity: Notice --> Undefined property: stdClass::$userName /home/onewayit/public_html/watervale/application/views/items/index.php 92
ERROR - 2018-09-06 01:57:56 --> Severity: Notice --> Undefined property: stdClass::$userName /home/onewayit/public_html/watervale/application/views/items/index.php 92
ERROR - 2018-09-06 01:57:56 --> Severity: Notice --> Undefined property: stdClass::$userName /home/onewayit/public_html/watervale/application/views/items/index.php 92
ERROR - 2018-09-06 01:57:57 --> Severity: Notice --> Undefined property: stdClass::$userName /home/onewayit/public_html/watervale/application/views/items/index.php 92
ERROR - 2018-09-06 01:57:57 --> Severity: Notice --> Undefined property: stdClass::$userName /home/onewayit/public_html/watervale/application/views/items/index.php 92
ERROR - 2018-09-06 01:57:57 --> Severity: Notice --> Undefined property: stdClass::$userName /home/onewayit/public_html/watervale/application/views/items/index.php 92
ERROR - 2018-09-06 01:57:57 --> Severity: Notice --> Undefined property: stdClass::$userName /home/onewayit/public_html/watervale/application/views/items/index.php 92
ERROR - 2018-09-06 01:57:57 --> Severity: Notice --> Undefined property: stdClass::$userName /home/onewayit/public_html/watervale/application/views/items/index.php 92
ERROR - 2018-09-06 01:57:59 --> 404 Page Not Found: Img/favicon.png
ERROR - 2018-09-06 01:57:59 --> Severity: Notice --> Undefined property: stdClass::$userName /home/onewayit/public_html/watervale/application/views/items/index.php 92
ERROR - 2018-09-06 01:57:59 --> Severity: Notice --> Undefined property: stdClass::$userName /home/onewayit/public_html/watervale/application/views/items/index.php 92
ERROR - 2018-09-06 01:57:59 --> Severity: Notice --> Undefined property: stdClass::$userName /home/onewayit/public_html/watervale/application/views/items/index.php 92
ERROR - 2018-09-06 01:57:59 --> Severity: Notice --> Undefined property: stdClass::$userName /home/onewayit/public_html/watervale/application/views/items/index.php 92
ERROR - 2018-09-06 01:57:59 --> Severity: Notice --> Undefined property: stdClass::$userName /home/onewayit/public_html/watervale/application/views/items/index.php 92
ERROR - 2018-09-06 01:58:20 --> Severity: Notice --> Undefined property: stdClass::$userName /home/onewayit/public_html/watervale/application/views/items/index.php 92
ERROR - 2018-09-06 01:58:20 --> Severity: Notice --> Undefined property: stdClass::$userName /home/onewayit/public_html/watervale/application/views/items/index.php 92
ERROR - 2018-09-06 01:58:20 --> Severity: Notice --> Undefined property: stdClass::$userName /home/onewayit/public_html/watervale/application/views/items/index.php 92
ERROR - 2018-09-06 01:58:20 --> Severity: Notice --> Undefined property: stdClass::$userName /home/onewayit/public_html/watervale/application/views/items/index.php 92
ERROR - 2018-09-06 01:58:20 --> Severity: Notice --> Undefined property: stdClass::$userName /home/onewayit/public_html/watervale/application/views/items/index.php 92
ERROR - 2018-09-06 01:58:46 --> Severity: Notice --> Undefined property: stdClass::$userName /home/onewayit/public_html/watervale/application/views/items/index.php 92
ERROR - 2018-09-06 01:58:46 --> Severity: Notice --> Undefined property: stdClass::$userName /home/onewayit/public_html/watervale/application/views/items/index.php 92
ERROR - 2018-09-06 01:58:46 --> Severity: Notice --> Undefined property: stdClass::$userName /home/onewayit/public_html/watervale/application/views/items/index.php 92
ERROR - 2018-09-06 01:58:46 --> Severity: Notice --> Undefined property: stdClass::$userName /home/onewayit/public_html/watervale/application/views/items/index.php 92
ERROR - 2018-09-06 01:58:46 --> Severity: Notice --> Undefined property: stdClass::$userName /home/onewayit/public_html/watervale/application/views/items/index.php 92
ERROR - 2018-09-06 02:02:33 --> Severity: Notice --> Undefined property: stdClass::$userName /home/onewayit/public_html/watervale/application/views/items/index.php 92
ERROR - 2018-09-06 02:02:33 --> Severity: Notice --> Undefined property: stdClass::$userName /home/onewayit/public_html/watervale/application/views/items/index.php 92
ERROR - 2018-09-06 02:02:33 --> Severity: Notice --> Undefined property: stdClass::$userName /home/onewayit/public_html/watervale/application/views/items/index.php 92
ERROR - 2018-09-06 02:02:33 --> Severity: Notice --> Undefined property: stdClass::$userName /home/onewayit/public_html/watervale/application/views/items/index.php 92
ERROR - 2018-09-06 02:02:33 --> Severity: Notice --> Undefined property: stdClass::$userName /home/onewayit/public_html/watervale/application/views/items/index.php 92
ERROR - 2018-09-06 02:02:44 --> Severity: Notice --> Undefined property: stdClass::$userName /home/onewayit/public_html/watervale/application/views/items/index.php 92
ERROR - 2018-09-06 02:02:44 --> Severity: Notice --> Undefined property: stdClass::$userName /home/onewayit/public_html/watervale/application/views/items/index.php 92
ERROR - 2018-09-06 02:02:44 --> Severity: Notice --> Undefined property: stdClass::$userName /home/onewayit/public_html/watervale/application/views/items/index.php 92
ERROR - 2018-09-06 02:02:44 --> Severity: Notice --> Undefined property: stdClass::$userName /home/onewayit/public_html/watervale/application/views/items/index.php 92
ERROR - 2018-09-06 02:02:44 --> Severity: Notice --> Undefined property: stdClass::$userName /home/onewayit/public_html/watervale/application/views/items/index.php 92
ERROR - 2018-09-06 02:02:46 --> 404 Page Not Found: Img/favicon.png
ERROR - 2018-09-06 02:02:56 --> Severity: Notice --> Undefined property: stdClass::$userName /home/onewayit/public_html/watervale/application/views/items/index.php 92
ERROR - 2018-09-06 02:02:56 --> Severity: Notice --> Undefined property: stdClass::$userName /home/onewayit/public_html/watervale/application/views/items/index.php 92
ERROR - 2018-09-06 02:02:56 --> Severity: Notice --> Undefined property: stdClass::$userName /home/onewayit/public_html/watervale/application/views/items/index.php 92
ERROR - 2018-09-06 02:02:56 --> Severity: Notice --> Undefined property: stdClass::$userName /home/onewayit/public_html/watervale/application/views/items/index.php 92
ERROR - 2018-09-06 02:02:56 --> Severity: Notice --> Undefined property: stdClass::$userName /home/onewayit/public_html/watervale/application/views/items/index.php 92
