ERROR - 2018-08-28 09:42:26 --> 404 Page Not Found: Img/favicon.png
ERROR - 2018-08-28 11:09:59 --> Severity: Notice --> Undefined property: stdClass::$userName /var/www/html/watervale/application/views/items/index.php 92
ERROR - 2018-08-28 11:09:59 --> Severity: Notice --> Undefined property: stdClass::$userName /var/www/html/watervale/application/views/items/index.php 92
ERROR - 2018-08-28 11:09:59 --> Severity: Notice --> Undefined property: stdClass::$userName /var/www/html/watervale/application/views/items/index.php 92
ERROR - 2018-08-28 11:09:59 --> Severity: Notice --> Undefined property: stdClass::$userName /var/www/html/watervale/application/views/items/index.php 92
ERROR - 2018-08-28 11:09:59 --> Severity: Notice --> Undefined property: stdClass::$userName /var/www/html/watervale/application/views/items/index.php 92
ERROR - 2018-08-28 11:10:05 --> Severity: Notice --> Undefined property: stdClass::$userName /var/www/html/watervale/application/views/items/itemlistajax.php 30
ERROR - 2018-08-28 11:10:05 --> Severity: Notice --> Undefined property: stdClass::$userName /var/www/html/watervale/application/views/items/itemlistajax.php 30
ERROR - 2018-08-28 11:10:05 --> Severity: Notice --> Undefined property: stdClass::$userName /var/www/html/watervale/application/views/items/itemlistajax.php 30
ERROR - 2018-08-28 11:10:05 --> Severity: Notice --> Undefined property: stdClass::$userName /var/www/html/watervale/application/views/items/itemlistajax.php 30
ERROR - 2018-08-28 11:10:05 --> Severity: Notice --> Undefined property: stdClass::$userName /var/www/html/watervale/application/views/items/itemlistajax.php 30
ERROR - 2018-08-28 11:10:08 --> Severity: Notice --> Undefined property: stdClass::$userName /var/www/html/watervale/application/views/items/itemlistajax.php 30
ERROR - 2018-08-28 11:10:08 --> Severity: Notice --> Undefined property: stdClass::$userName /var/www/html/watervale/application/views/items/itemlistajax.php 30
ERROR - 2018-08-28 11:10:08 --> Severity: Notice --> Undefined property: stdClass::$userName /var/www/html/watervale/application/views/items/itemlistajax.php 30
ERROR - 2018-08-28 11:10:08 --> Severity: Notice --> Undefined property: stdClass::$userName /var/www/html/watervale/application/views/items/itemlistajax.php 30
ERROR - 2018-08-28 11:10:08 --> Severity: Notice --> Undefined property: stdClass::$userName /var/www/html/watervale/application/views/items/itemlistajax.php 30
ERROR - 2018-08-28 11:18:31 --> 404 Page Not Found: Img/favicon.png
ERROR - 2018-08-28 11:24:10 --> 404 Page Not Found: Img/favicon.png
ERROR - 2018-08-28 11:24:19 --> 404 Page Not Found: Img/favicon.png
ERROR - 2018-08-28 11:24:59 --> 404 Page Not Found: Img/favicon.png
ERROR - 2018-08-28 11:25:27 --> 404 Page Not Found: Img/favicon.png
ERROR - 2018-08-28 11:25:53 --> 404 Page Not Found: Img/favicon.png
ERROR - 2018-08-28 11:26:05 --> 404 Page Not Found: Img/favicon.png
ERROR - 2018-08-28 11:26:16 --> 404 Page Not Found: Img/favicon.png
ERROR - 2018-08-28 11:37:17 --> 404 Page Not Found: Img/favicon.png
ERROR - 2018-08-28 11:37:17 --> 404 Page Not Found: Img/favicon.png
ERROR - 2018-08-28 12:04:49 --> 404 Page Not Found: Img/favicon.png
ERROR - 2018-08-28 12:10:01 --> 404 Page Not Found: Img/favicon.png
ERROR - 2018-08-28 12:10:01 --> 404 Page Not Found: Img/favicon.png
ERROR - 2018-08-28 12:13:54 --> 404 Page Not Found: Img/favicon.png
ERROR - 2018-08-28 12:15:02 --> 404 Page Not Found: Img/favicon.png
ERROR - 2018-08-28 12:15:02 --> 404 Page Not Found: Img/favicon.png
ERROR - 2018-08-28 12:15:03 --> 404 Page Not Found: Img/favicon.png
ERROR - 2018-08-28 12:16:15 --> 404 Page Not Found: Img/favicon.png
ERROR - 2018-08-28 12:16:16 --> 404 Page Not Found: Img/favicon.png
ERROR - 2018-08-28 12:16:16 --> 404 Page Not Found: Img/favicon.png
ERROR - 2018-08-28 12:31:53 --> 404 Page Not Found: Img/favicon.png
ERROR - 2018-08-28 12:57:14 --> 404 Page Not Found: Forget-password/index
ERROR - 2018-08-28 12:59:26 --> 404 Page Not Found: Forget-password/index
ERROR - 2018-08-28 13:01:24 --> 404 Page Not Found: Img/favicon.png
ERROR - 2018-08-28 13:03:52 --> 404 Page Not Found: Img/favicon.png
ERROR - 2018-08-28 13:04:38 --> 404 Page Not Found: Img/favicon.png
ERROR - 2018-08-28 13:05:33 --> 404 Page Not Found: Img/favicon.png
ERROR - 2018-08-28 13:06:02 --> 404 Page Not Found: Img/favicon.png
ERROR - 2018-08-28 13:08:31 --> 404 Page Not Found: Img/favicon.png
ERROR - 2018-08-28 13:09:00 --> 404 Page Not Found: Img/favicon.png
ERROR - 2018-08-28 13:09:47 --> 404 Page Not Found: Img/favicon.png
ERROR - 2018-08-28 13:11:02 --> 404 Page Not Found: Img/favicon.png
ERROR - 2018-08-28 13:12:13 --> 404 Page Not Found: Img/favicon.png
ERROR - 2018-08-28 13:12:14 --> 404 Page Not Found: Img/favicon.png
ERROR - 2018-08-28 13:19:32 --> 404 Page Not Found: Img/favicon.png
ERROR - 2018-08-28 13:21:29 --> 404 Page Not Found: Img/favicon.png
ERROR - 2018-08-28 13:21:42 --> 404 Page Not Found: Img/favicon.png
ERROR - 2018-08-28 13:23:41 --> 404 Page Not Found: Forget-password/index
ERROR - 2018-08-28 13:27:17 --> 404 Page Not Found: LoginController/forgetPassword
ERROR - 2018-08-28 14:40:15 --> 404 Page Not Found: Img/favicon.png
ERROR - 2018-08-28 14:48:33 --> Severity: error --> Exception: syntax error, unexpected '(', expecting identifier (T_STRING) or variable (T_VARIABLE) or '{' or '$' /var/www/html/watervale/application/controllers/LoginController.php 129
ERROR - 2018-08-28 14:48:55 --> Severity: error --> Exception: Call to undefined method CI_Loader::modal() /var/www/html/watervale/application/controllers/LoginController.php 129
ERROR - 2018-08-28 14:49:17 --> Severity: error --> Exception: Call to undefined method CI_Loader::modal() /var/www/html/watervale/application/controllers/LoginController.php 129
ERROR - 2018-08-28 14:52:52 --> Severity: Notice --> Undefined index: email /var/www/html/watervale/application/models/AppLogin.php 73
ERROR - 2018-08-28 15:03:38 --> Severity: error --> Exception: syntax error, unexpected ';', expecting ',' or ')' /var/www/html/watervale/application/controllers/LoginController.php 128
ERROR - 2018-08-28 15:03:57 --> Severity: error --> Exception: Call to undefined function checkexist() /var/www/html/watervale/application/controllers/LoginController.php 128
ERROR - 2018-08-28 15:04:44 --> Severity: Notice --> Undefined variable: res /var/www/html/watervale/application/controllers/LoginController.php 145
ERROR - 2018-08-28 15:06:21 --> Severity: Notice --> Undefined variable: res /var/www/html/watervale/application/controllers/LoginController.php 146
ERROR - 2018-08-28 15:07:41 --> Severity: error --> Exception: syntax error, unexpected '=' /var/www/html/watervale/application/controllers/LoginController.php 129
ERROR - 2018-08-28 15:10:54 --> 404 Page Not Found: Img/favicon.png
ERROR - 2018-08-28 16:01:14 --> 404 Page Not Found: Img/favicon.png
ERROR - 2018-08-28 16:35:32 --> 404 Page Not Found: Img/favicon.png
ERROR - 2018-08-28 16:37:07 --> Severity: Notice --> Undefined property: stdClass::$userName /var/www/html/watervale/application/views/items/index.php 92
ERROR - 2018-08-28 16:37:07 --> Severity: Notice --> Undefined property: stdClass::$userName /var/www/html/watervale/application/views/items/index.php 92
ERROR - 2018-08-28 16:37:07 --> Severity: Notice --> Undefined property: stdClass::$userName /var/www/html/watervale/application/views/items/index.php 92
ERROR - 2018-08-28 16:37:07 --> Severity: Notice --> Undefined property: stdClass::$userName /var/www/html/watervale/application/views/items/index.php 92
ERROR - 2018-08-28 16:37:07 --> Severity: Notice --> Undefined property: stdClass::$userName /var/www/html/watervale/application/views/items/index.php 92
ERROR - 2018-08-28 16:41:32 --> 404 Page Not Found: Update-user/img
