ERROR - 2018-08-29 09:33:54 --> 404 Page Not Found: Img/favicon.png
ERROR - 2018-08-29 10:04:58 --> Severity: Notice --> Undefined property: stdClass::$userName /var/www/html/watervale/application/views/items/index.php 92
ERROR - 2018-08-29 10:04:58 --> Severity: Notice --> Undefined property: stdClass::$userName /var/www/html/watervale/application/views/items/index.php 92
ERROR - 2018-08-29 10:04:58 --> Severity: Notice --> Undefined property: stdClass::$userName /var/www/html/watervale/application/views/items/index.php 92
ERROR - 2018-08-29 10:04:58 --> Severity: Notice --> Undefined property: stdClass::$userName /var/www/html/watervale/application/views/items/index.php 92
ERROR - 2018-08-29 10:04:58 --> Severity: Notice --> Undefined property: stdClass::$userName /var/www/html/watervale/application/views/items/index.php 92
ERROR - 2018-08-29 12:16:18 --> Severity: Notice --> Undefined index: page /var/www/html/watervale/application/controllers/api/Webservicecontroller.php 272
ERROR - 2018-08-29 12:16:18 --> Severity: Notice --> Undefined index: catRef /var/www/html/watervale/application/controllers/api/Webservicecontroller.php 274
ERROR - 2018-08-29 12:16:50 --> Severity: Notice --> Undefined index: page /var/www/html/watervale/application/controllers/api/Webservicecontroller.php 272
ERROR - 2018-08-29 12:16:50 --> Severity: Notice --> Undefined index: catRef /var/www/html/watervale/application/controllers/api/Webservicecontroller.php 274
ERROR - 2018-08-29 12:17:52 --> Severity: Notice --> Undefined index: page /var/www/html/watervale/application/controllers/api/Webservicecontroller.php 272
ERROR - 2018-08-29 12:17:52 --> Severity: Notice --> Undefined index: catRef /var/www/html/watervale/application/controllers/api/Webservicecontroller.php 274
ERROR - 2018-08-29 12:18:40 --> Severity: Notice --> Undefined property: stdClass::$userName /var/www/html/watervale/application/views/items/index.php 92
ERROR - 2018-08-29 12:18:40 --> Severity: Notice --> Undefined property: stdClass::$userName /var/www/html/watervale/application/views/items/index.php 92
ERROR - 2018-08-29 12:18:40 --> Severity: Notice --> Undefined property: stdClass::$userName /var/www/html/watervale/application/views/items/index.php 92
ERROR - 2018-08-29 12:18:40 --> Severity: Notice --> Undefined property: stdClass::$userName /var/www/html/watervale/application/views/items/index.php 92
ERROR - 2018-08-29 12:18:40 --> Severity: Notice --> Undefined property: stdClass::$userName /var/www/html/watervale/application/views/items/index.php 92
ERROR - 2018-08-29 12:36:25 --> Severity: Notice --> Undefined property: stdClass::$userName /var/www/html/watervale/application/views/items/index.php 92
ERROR - 2018-08-29 12:36:25 --> Severity: Notice --> Undefined property: stdClass::$userName /var/www/html/watervale/application/views/items/index.php 92
ERROR - 2018-08-29 12:36:25 --> Severity: Notice --> Undefined property: stdClass::$userName /var/www/html/watervale/application/views/items/index.php 92
ERROR - 2018-08-29 12:36:25 --> Severity: Notice --> Undefined property: stdClass::$userName /var/www/html/watervale/application/views/items/index.php 92
ERROR - 2018-08-29 12:36:25 --> Severity: Notice --> Undefined property: stdClass::$userName /var/www/html/watervale/application/views/items/index.php 92
ERROR - 2018-08-29 12:38:49 --> Severity: Notice --> Undefined property: stdClass::$userName /var/www/html/watervale/application/views/items/index.php 92
ERROR - 2018-08-29 12:38:49 --> Severity: Notice --> Undefined property: stdClass::$userName /var/www/html/watervale/application/views/items/index.php 92
ERROR - 2018-08-29 12:38:49 --> Severity: Notice --> Undefined property: stdClass::$userName /var/www/html/watervale/application/views/items/index.php 92
ERROR - 2018-08-29 12:38:49 --> Severity: Notice --> Undefined property: stdClass::$userName /var/www/html/watervale/application/views/items/index.php 92
ERROR - 2018-08-29 12:38:49 --> Severity: Notice --> Undefined property: stdClass::$userName /var/www/html/watervale/application/views/items/index.php 92
ERROR - 2018-08-29 12:38:50 --> Severity: Notice --> Undefined property: stdClass::$userName /var/www/html/watervale/application/views/items/index.php 92
ERROR - 2018-08-29 12:38:50 --> Severity: Notice --> Undefined property: stdClass::$userName /var/www/html/watervale/application/views/items/index.php 92
ERROR - 2018-08-29 12:38:50 --> Severity: Notice --> Undefined property: stdClass::$userName /var/www/html/watervale/application/views/items/index.php 92
ERROR - 2018-08-29 12:38:50 --> Severity: Notice --> Undefined property: stdClass::$userName /var/www/html/watervale/application/views/items/index.php 92
ERROR - 2018-08-29 12:38:50 --> Severity: Notice --> Undefined property: stdClass::$userName /var/www/html/watervale/application/views/items/index.php 92
ERROR - 2018-08-29 12:38:50 --> Severity: Notice --> Undefined property: stdClass::$userName /var/www/html/watervale/application/views/items/index.php 92
ERROR - 2018-08-29 12:38:50 --> Severity: Notice --> Undefined property: stdClass::$userName /var/www/html/watervale/application/views/items/index.php 92
ERROR - 2018-08-29 12:38:50 --> Severity: Notice --> Undefined property: stdClass::$userName /var/www/html/watervale/application/views/items/index.php 92
ERROR - 2018-08-29 12:38:50 --> Severity: Notice --> Undefined property: stdClass::$userName /var/www/html/watervale/application/views/items/index.php 92
ERROR - 2018-08-29 12:38:50 --> Severity: Notice --> Undefined property: stdClass::$userName /var/www/html/watervale/application/views/items/index.php 92
ERROR - 2018-08-29 12:39:15 --> Severity: Notice --> Undefined property: stdClass::$userName /var/www/html/watervale/application/views/items/index.php 92
ERROR - 2018-08-29 12:39:15 --> Severity: Notice --> Undefined property: stdClass::$userName /var/www/html/watervale/application/views/items/index.php 92
ERROR - 2018-08-29 12:39:15 --> Severity: Notice --> Undefined property: stdClass::$userName /var/www/html/watervale/application/views/items/index.php 92
ERROR - 2018-08-29 12:39:15 --> Severity: Notice --> Undefined property: stdClass::$userName /var/www/html/watervale/application/views/items/index.php 92
ERROR - 2018-08-29 12:39:15 --> Severity: Notice --> Undefined property: stdClass::$userName /var/www/html/watervale/application/views/items/index.php 92
ERROR - 2018-08-29 12:40:01 --> Severity: Notice --> Undefined property: stdClass::$userName /var/www/html/watervale/application/views/items/index.php 92
ERROR - 2018-08-29 12:40:01 --> Severity: Notice --> Undefined property: stdClass::$userName /var/www/html/watervale/application/views/items/index.php 92
ERROR - 2018-08-29 12:40:01 --> Severity: Notice --> Undefined property: stdClass::$userName /var/www/html/watervale/application/views/items/index.php 92
ERROR - 2018-08-29 12:40:01 --> Severity: Notice --> Undefined property: stdClass::$userName /var/www/html/watervale/application/views/items/index.php 92
ERROR - 2018-08-29 12:40:01 --> Severity: Notice --> Undefined property: stdClass::$userName /var/www/html/watervale/application/views/items/index.php 92
ERROR - 2018-08-29 12:40:02 --> Severity: Notice --> Undefined property: stdClass::$userName /var/www/html/watervale/application/views/items/index.php 92
ERROR - 2018-08-29 12:40:02 --> Severity: Notice --> Undefined property: stdClass::$userName /var/www/html/watervale/application/views/items/index.php 92
ERROR - 2018-08-29 12:40:02 --> Severity: Notice --> Undefined property: stdClass::$userName /var/www/html/watervale/application/views/items/index.php 92
ERROR - 2018-08-29 12:40:02 --> Severity: Notice --> Undefined property: stdClass::$userName /var/www/html/watervale/application/views/items/index.php 92
ERROR - 2018-08-29 12:40:02 --> Severity: Notice --> Undefined property: stdClass::$userName /var/www/html/watervale/application/views/items/index.php 92
ERROR - 2018-08-29 12:40:02 --> Severity: Notice --> Undefined property: stdClass::$userName /var/www/html/watervale/application/views/items/index.php 92
ERROR - 2018-08-29 12:40:02 --> Severity: Notice --> Undefined property: stdClass::$userName /var/www/html/watervale/application/views/items/index.php 92
ERROR - 2018-08-29 12:40:02 --> Severity: Notice --> Undefined property: stdClass::$userName /var/www/html/watervale/application/views/items/index.php 92
ERROR - 2018-08-29 12:40:02 --> Severity: Notice --> Undefined property: stdClass::$userName /var/www/html/watervale/application/views/items/index.php 92
ERROR - 2018-08-29 12:40:02 --> Severity: Notice --> Undefined property: stdClass::$userName /var/www/html/watervale/application/views/items/index.php 92
ERROR - 2018-08-29 12:41:23 --> Severity: Notice --> Undefined property: stdClass::$userName /var/www/html/watervale/application/views/items/index.php 92
ERROR - 2018-08-29 12:41:23 --> Severity: Notice --> Undefined property: stdClass::$userName /var/www/html/watervale/application/views/items/index.php 92
ERROR - 2018-08-29 12:41:23 --> Severity: Notice --> Undefined property: stdClass::$userName /var/www/html/watervale/application/views/items/index.php 92
ERROR - 2018-08-29 12:41:23 --> Severity: Notice --> Undefined property: stdClass::$userName /var/www/html/watervale/application/views/items/index.php 92
ERROR - 2018-08-29 12:41:23 --> Severity: Notice --> Undefined property: stdClass::$userName /var/www/html/watervale/application/views/items/index.php 92
ERROR - 2018-08-29 12:41:24 --> Severity: Notice --> Undefined property: stdClass::$userName /var/www/html/watervale/application/views/items/index.php 92
ERROR - 2018-08-29 12:41:24 --> Severity: Notice --> Undefined property: stdClass::$userName /var/www/html/watervale/application/views/items/index.php 92
ERROR - 2018-08-29 12:41:24 --> Severity: Notice --> Undefined property: stdClass::$userName /var/www/html/watervale/application/views/items/index.php 92
ERROR - 2018-08-29 12:41:24 --> Severity: Notice --> Undefined property: stdClass::$userName /var/www/html/watervale/application/views/items/index.php 92
ERROR - 2018-08-29 12:41:24 --> Severity: Notice --> Undefined property: stdClass::$userName /var/www/html/watervale/application/views/items/index.php 92
ERROR - 2018-08-29 13:10:46 --> 404 Page Not Found: Img/favicon.png
ERROR - 2018-08-29 13:15:15 --> 404 Page Not Found: Img/favicon.png
ERROR - 2018-08-29 13:15:43 --> 404 Page Not Found: Img/favicon.png
ERROR - 2018-08-29 13:16:39 --> 404 Page Not Found: Img/favicon.png
ERROR - 2018-08-29 13:17:38 --> 404 Page Not Found: Img/favicon.png
ERROR - 2018-08-29 14:43:19 --> Severity: Notice --> Undefined property: stdClass::$userName /var/www/html/watervale/application/views/items/index.php 92
ERROR - 2018-08-29 14:43:19 --> Severity: Notice --> Undefined property: stdClass::$userName /var/www/html/watervale/application/views/items/index.php 92
ERROR - 2018-08-29 14:43:19 --> Severity: Notice --> Undefined property: stdClass::$userName /var/www/html/watervale/application/views/items/index.php 92
ERROR - 2018-08-29 14:43:19 --> Severity: Notice --> Undefined property: stdClass::$userName /var/www/html/watervale/application/views/items/index.php 92
ERROR - 2018-08-29 14:43:19 --> Severity: Notice --> Undefined property: stdClass::$userName /var/www/html/watervale/application/views/items/index.php 92
ERROR - 2018-08-29 14:44:48 --> Severity: Notice --> Undefined property: stdClass::$userName /var/www/html/watervale/application/views/items/index.php 92
ERROR - 2018-08-29 14:44:48 --> Severity: Notice --> Undefined property: stdClass::$userName /var/www/html/watervale/application/views/items/index.php 92
ERROR - 2018-08-29 14:44:48 --> Severity: Notice --> Undefined property: stdClass::$userName /var/www/html/watervale/application/views/items/index.php 92
ERROR - 2018-08-29 14:44:48 --> Severity: Notice --> Undefined property: stdClass::$userName /var/www/html/watervale/application/views/items/index.php 92
ERROR - 2018-08-29 14:44:48 --> Severity: Notice --> Undefined property: stdClass::$userName /var/www/html/watervale/application/views/items/index.php 92
ERROR - 2018-08-29 14:46:35 --> Severity: Notice --> Undefined property: stdClass::$userName /var/www/html/watervale/application/views/items/index.php 92
ERROR - 2018-08-29 14:46:35 --> Severity: Notice --> Undefined property: stdClass::$userName /var/www/html/watervale/application/views/items/index.php 92
ERROR - 2018-08-29 14:46:35 --> Severity: Notice --> Undefined property: stdClass::$userName /var/www/html/watervale/application/views/items/index.php 92
ERROR - 2018-08-29 14:46:35 --> Severity: Notice --> Undefined property: stdClass::$userName /var/www/html/watervale/application/views/items/index.php 92
ERROR - 2018-08-29 14:46:35 --> Severity: Notice --> Undefined property: stdClass::$userName /var/www/html/watervale/application/views/items/index.php 92
ERROR - 2018-08-29 14:49:58 --> Severity: Notice --> Undefined property: stdClass::$userName /var/www/html/watervale/application/views/items/index.php 92
ERROR - 2018-08-29 14:49:58 --> Severity: Notice --> Undefined property: stdClass::$userName /var/www/html/watervale/application/views/items/index.php 92
ERROR - 2018-08-29 14:49:58 --> Severity: Notice --> Undefined property: stdClass::$userName /var/www/html/watervale/application/views/items/index.php 92
ERROR - 2018-08-29 14:49:58 --> Severity: Notice --> Undefined property: stdClass::$userName /var/www/html/watervale/application/views/items/index.php 92
ERROR - 2018-08-29 14:49:58 --> Severity: Notice --> Undefined property: stdClass::$userName /var/www/html/watervale/application/views/items/index.php 92
ERROR - 2018-08-29 15:02:12 --> Severity: Notice --> Undefined property: stdClass::$userName /var/www/html/watervale/application/views/items/index.php 92
ERROR - 2018-08-29 15:02:12 --> Severity: Notice --> Undefined property: stdClass::$userName /var/www/html/watervale/application/views/items/index.php 92
ERROR - 2018-08-29 15:02:12 --> Severity: Notice --> Undefined property: stdClass::$userName /var/www/html/watervale/application/views/items/index.php 92
ERROR - 2018-08-29 15:02:12 --> Severity: Notice --> Undefined property: stdClass::$userName /var/www/html/watervale/application/views/items/index.php 92
ERROR - 2018-08-29 15:02:12 --> Severity: Notice --> Undefined property: stdClass::$userName /var/www/html/watervale/application/views/items/index.php 92
ERROR - 2018-08-29 15:02:15 --> 404 Page Not Found: Img/favicon.png
ERROR - 2018-08-29 15:04:24 --> Severity: Notice --> Undefined property: stdClass::$userName /var/www/html/watervale/application/views/items/index.php 92
ERROR - 2018-08-29 15:04:24 --> Severity: Notice --> Undefined property: stdClass::$userName /var/www/html/watervale/application/views/items/index.php 92
ERROR - 2018-08-29 15:04:24 --> Severity: Notice --> Undefined property: stdClass::$userName /var/www/html/watervale/application/views/items/index.php 92
ERROR - 2018-08-29 15:04:24 --> Severity: Notice --> Undefined property: stdClass::$userName /var/www/html/watervale/application/views/items/index.php 92
ERROR - 2018-08-29 15:04:24 --> Severity: Notice --> Undefined property: stdClass::$userName /var/www/html/watervale/application/views/items/index.php 92
ERROR - 2018-08-29 15:04:37 --> Severity: Notice --> Undefined property: stdClass::$userName /var/www/html/watervale/application/views/items/index.php 92
ERROR - 2018-08-29 15:04:37 --> Severity: Notice --> Undefined property: stdClass::$userName /var/www/html/watervale/application/views/items/index.php 92
ERROR - 2018-08-29 15:04:37 --> Severity: Notice --> Undefined property: stdClass::$userName /var/www/html/watervale/application/views/items/index.php 92
ERROR - 2018-08-29 15:04:37 --> Severity: Notice --> Undefined property: stdClass::$userName /var/www/html/watervale/application/views/items/index.php 92
ERROR - 2018-08-29 15:04:37 --> Severity: Notice --> Undefined property: stdClass::$userName /var/www/html/watervale/application/views/items/index.php 92
ERROR - 2018-08-29 15:04:46 --> Severity: Notice --> Undefined property: stdClass::$userName /var/www/html/watervale/application/views/items/index.php 92
ERROR - 2018-08-29 15:04:46 --> Severity: Notice --> Undefined property: stdClass::$userName /var/www/html/watervale/application/views/items/index.php 92
ERROR - 2018-08-29 15:04:46 --> Severity: Notice --> Undefined property: stdClass::$userName /var/www/html/watervale/application/views/items/index.php 92
ERROR - 2018-08-29 15:04:46 --> Severity: Notice --> Undefined property: stdClass::$userName /var/www/html/watervale/application/views/items/index.php 92
ERROR - 2018-08-29 15:04:46 --> Severity: Notice --> Undefined property: stdClass::$userName /var/www/html/watervale/application/views/items/index.php 92
ERROR - 2018-08-29 15:05:11 --> Severity: Notice --> Undefined property: stdClass::$userName /var/www/html/watervale/application/views/items/index.php 92
ERROR - 2018-08-29 15:05:11 --> Severity: Notice --> Undefined property: stdClass::$userName /var/www/html/watervale/application/views/items/index.php 92
ERROR - 2018-08-29 15:05:11 --> Severity: Notice --> Undefined property: stdClass::$userName /var/www/html/watervale/application/views/items/index.php 92
ERROR - 2018-08-29 15:05:11 --> Severity: Notice --> Undefined property: stdClass::$userName /var/www/html/watervale/application/views/items/index.php 92
ERROR - 2018-08-29 15:05:11 --> Severity: Notice --> Undefined property: stdClass::$userName /var/www/html/watervale/application/views/items/index.php 92
ERROR - 2018-08-29 15:05:28 --> Severity: Notice --> Undefined property: stdClass::$userName /var/www/html/watervale/application/views/items/index.php 92
ERROR - 2018-08-29 15:05:28 --> Severity: Notice --> Undefined property: stdClass::$userName /var/www/html/watervale/application/views/items/index.php 92
ERROR - 2018-08-29 15:05:28 --> Severity: Notice --> Undefined property: stdClass::$userName /var/www/html/watervale/application/views/items/index.php 92
ERROR - 2018-08-29 15:05:28 --> Severity: Notice --> Undefined property: stdClass::$userName /var/www/html/watervale/application/views/items/index.php 92
ERROR - 2018-08-29 15:05:28 --> Severity: Notice --> Undefined property: stdClass::$userName /var/www/html/watervale/application/views/items/index.php 92
ERROR - 2018-08-29 15:05:48 --> Severity: Notice --> Undefined property: stdClass::$userName /var/www/html/watervale/application/views/items/index.php 92
ERROR - 2018-08-29 15:05:48 --> Severity: Notice --> Undefined property: stdClass::$userName /var/www/html/watervale/application/views/items/index.php 92
ERROR - 2018-08-29 15:05:48 --> Severity: Notice --> Undefined property: stdClass::$userName /var/www/html/watervale/application/views/items/index.php 92
ERROR - 2018-08-29 15:05:48 --> Severity: Notice --> Undefined property: stdClass::$userName /var/www/html/watervale/application/views/items/index.php 92
ERROR - 2018-08-29 15:05:48 --> Severity: Notice --> Undefined property: stdClass::$userName /var/www/html/watervale/application/views/items/index.php 92
ERROR - 2018-08-29 15:05:59 --> Severity: Notice --> Undefined property: stdClass::$userName /var/www/html/watervale/application/views/items/index.php 92
ERROR - 2018-08-29 15:05:59 --> Severity: Notice --> Undefined property: stdClass::$userName /var/www/html/watervale/application/views/items/index.php 92
ERROR - 2018-08-29 15:05:59 --> Severity: Notice --> Undefined property: stdClass::$userName /var/www/html/watervale/application/views/items/index.php 92
ERROR - 2018-08-29 15:05:59 --> Severity: Notice --> Undefined property: stdClass::$userName /var/www/html/watervale/application/views/items/index.php 92
ERROR - 2018-08-29 15:05:59 --> Severity: Notice --> Undefined property: stdClass::$userName /var/www/html/watervale/application/views/items/index.php 92
ERROR - 2018-08-29 15:13:42 --> Severity: Notice --> Undefined property: stdClass::$userName /var/www/html/watervale/application/views/items/index.php 92
ERROR - 2018-08-29 15:13:42 --> Severity: Notice --> Undefined property: stdClass::$userName /var/www/html/watervale/application/views/items/index.php 92
ERROR - 2018-08-29 15:13:42 --> Severity: Notice --> Undefined property: stdClass::$userName /var/www/html/watervale/application/views/items/index.php 92
ERROR - 2018-08-29 15:13:42 --> Severity: Notice --> Undefined property: stdClass::$userName /var/www/html/watervale/application/views/items/index.php 92
ERROR - 2018-08-29 15:13:42 --> Severity: Notice --> Undefined property: stdClass::$userName /var/www/html/watervale/application/views/items/index.php 92
ERROR - 2018-08-29 15:15:28 --> Severity: Notice --> Undefined property: stdClass::$userName /var/www/html/watervale/application/views/items/index.php 92
ERROR - 2018-08-29 15:15:28 --> Severity: Notice --> Undefined property: stdClass::$userName /var/www/html/watervale/application/views/items/index.php 92
ERROR - 2018-08-29 15:15:28 --> Severity: Notice --> Undefined property: stdClass::$userName /var/www/html/watervale/application/views/items/index.php 92
ERROR - 2018-08-29 15:15:28 --> Severity: Notice --> Undefined property: stdClass::$userName /var/www/html/watervale/application/views/items/index.php 92
ERROR - 2018-08-29 15:15:28 --> Severity: Notice --> Undefined property: stdClass::$userName /var/www/html/watervale/application/views/items/index.php 92
ERROR - 2018-08-29 15:15:29 --> Severity: Notice --> Undefined property: stdClass::$userName /var/www/html/watervale/application/views/items/index.php 92
ERROR - 2018-08-29 15:15:29 --> Severity: Notice --> Undefined property: stdClass::$userName /var/www/html/watervale/application/views/items/index.php 92
ERROR - 2018-08-29 15:15:29 --> Severity: Notice --> Undefined property: stdClass::$userName /var/www/html/watervale/application/views/items/index.php 92
ERROR - 2018-08-29 15:15:29 --> Severity: Notice --> Undefined property: stdClass::$userName /var/www/html/watervale/application/views/items/index.php 92
ERROR - 2018-08-29 15:15:29 --> Severity: Notice --> Undefined property: stdClass::$userName /var/www/html/watervale/application/views/items/index.php 92
ERROR - 2018-08-29 15:15:29 --> Severity: Notice --> Undefined property: stdClass::$userName /var/www/html/watervale/application/views/items/index.php 92
ERROR - 2018-08-29 15:15:29 --> Severity: Notice --> Undefined property: stdClass::$userName /var/www/html/watervale/application/views/items/index.php 92
ERROR - 2018-08-29 15:15:29 --> Severity: Notice --> Undefined property: stdClass::$userName /var/www/html/watervale/application/views/items/index.php 92
ERROR - 2018-08-29 15:15:29 --> Severity: Notice --> Undefined property: stdClass::$userName /var/www/html/watervale/application/views/items/index.php 92
ERROR - 2018-08-29 15:15:29 --> Severity: Notice --> Undefined property: stdClass::$userName /var/www/html/watervale/application/views/items/index.php 92
ERROR - 2018-08-29 15:15:30 --> Severity: Notice --> Undefined property: stdClass::$userName /var/www/html/watervale/application/views/items/index.php 92
ERROR - 2018-08-29 15:15:30 --> Severity: Notice --> Undefined property: stdClass::$userName /var/www/html/watervale/application/views/items/index.php 92
ERROR - 2018-08-29 15:15:30 --> Severity: Notice --> Undefined property: stdClass::$userName /var/www/html/watervale/application/views/items/index.php 92
ERROR - 2018-08-29 15:15:30 --> Severity: Notice --> Undefined property: stdClass::$userName /var/www/html/watervale/application/views/items/index.php 92
ERROR - 2018-08-29 15:15:30 --> Severity: Notice --> Undefined property: stdClass::$userName /var/www/html/watervale/application/views/items/index.php 92
ERROR - 2018-08-29 15:18:44 --> Severity: Notice --> Undefined property: stdClass::$userName /var/www/html/watervale/application/views/items/index.php 92
ERROR - 2018-08-29 15:18:44 --> Severity: Notice --> Undefined property: stdClass::$userName /var/www/html/watervale/application/views/items/index.php 92
ERROR - 2018-08-29 15:18:44 --> Severity: Notice --> Undefined property: stdClass::$userName /var/www/html/watervale/application/views/items/index.php 92
ERROR - 2018-08-29 15:18:44 --> Severity: Notice --> Undefined property: stdClass::$userName /var/www/html/watervale/application/views/items/index.php 92
ERROR - 2018-08-29 15:18:44 --> Severity: Notice --> Undefined property: stdClass::$userName /var/www/html/watervale/application/views/items/index.php 92
ERROR - 2018-08-29 15:18:44 --> Severity: Notice --> Undefined property: stdClass::$userName /var/www/html/watervale/application/views/items/index.php 92
ERROR - 2018-08-29 15:18:44 --> Severity: Notice --> Undefined property: stdClass::$userName /var/www/html/watervale/application/views/items/index.php 92
ERROR - 2018-08-29 15:18:44 --> Severity: Notice --> Undefined property: stdClass::$userName /var/www/html/watervale/application/views/items/index.php 92
ERROR - 2018-08-29 15:18:44 --> Severity: Notice --> Undefined property: stdClass::$userName /var/www/html/watervale/application/views/items/index.php 92
ERROR - 2018-08-29 15:18:44 --> Severity: Notice --> Undefined property: stdClass::$userName /var/www/html/watervale/application/views/items/index.php 92
ERROR - 2018-08-29 15:18:44 --> Severity: Notice --> Undefined property: stdClass::$userName /var/www/html/watervale/application/views/items/index.php 92
ERROR - 2018-08-29 15:18:44 --> Severity: Notice --> Undefined property: stdClass::$userName /var/www/html/watervale/application/views/items/index.php 92
ERROR - 2018-08-29 15:18:44 --> Severity: Notice --> Undefined property: stdClass::$userName /var/www/html/watervale/application/views/items/index.php 92
ERROR - 2018-08-29 15:18:44 --> Severity: Notice --> Undefined property: stdClass::$userName /var/www/html/watervale/application/views/items/index.php 92
ERROR - 2018-08-29 15:18:44 --> Severity: Notice --> Undefined property: stdClass::$userName /var/www/html/watervale/application/views/items/index.php 92
ERROR - 2018-08-29 15:18:44 --> Severity: Notice --> Undefined property: stdClass::$userName /var/www/html/watervale/application/views/items/index.php 92
ERROR - 2018-08-29 15:18:44 --> Severity: Notice --> Undefined property: stdClass::$userName /var/www/html/watervale/application/views/items/index.php 92
ERROR - 2018-08-29 15:18:44 --> Severity: Notice --> Undefined property: stdClass::$userName /var/www/html/watervale/application/views/items/index.php 92
ERROR - 2018-08-29 15:18:44 --> Severity: Notice --> Undefined property: stdClass::$userName /var/www/html/watervale/application/views/items/index.php 92
ERROR - 2018-08-29 15:18:44 --> Severity: Notice --> Undefined property: stdClass::$userName /var/www/html/watervale/application/views/items/index.php 92
ERROR - 2018-08-29 15:20:01 --> Severity: Notice --> Undefined property: stdClass::$userName /var/www/html/watervale/application/views/items/index.php 92
ERROR - 2018-08-29 15:20:01 --> Severity: Notice --> Undefined property: stdClass::$userName /var/www/html/watervale/application/views/items/index.php 92
ERROR - 2018-08-29 15:20:01 --> Severity: Notice --> Undefined property: stdClass::$userName /var/www/html/watervale/application/views/items/index.php 92
ERROR - 2018-08-29 15:20:01 --> Severity: Notice --> Undefined property: stdClass::$userName /var/www/html/watervale/application/views/items/index.php 92
ERROR - 2018-08-29 15:20:01 --> Severity: Notice --> Undefined property: stdClass::$userName /var/www/html/watervale/application/views/items/index.php 92
ERROR - 2018-08-29 15:20:02 --> Severity: Notice --> Undefined property: stdClass::$userName /var/www/html/watervale/application/views/items/index.php 92
ERROR - 2018-08-29 15:20:02 --> Severity: Notice --> Undefined property: stdClass::$userName /var/www/html/watervale/application/views/items/index.php 92
ERROR - 2018-08-29 15:20:02 --> Severity: Notice --> Undefined property: stdClass::$userName /var/www/html/watervale/application/views/items/index.php 92
ERROR - 2018-08-29 15:20:02 --> Severity: Notice --> Undefined property: stdClass::$userName /var/www/html/watervale/application/views/items/index.php 92
ERROR - 2018-08-29 15:20:02 --> Severity: Notice --> Undefined property: stdClass::$userName /var/www/html/watervale/application/views/items/index.php 92
ERROR - 2018-08-29 15:20:16 --> Severity: Notice --> Undefined property: stdClass::$userName /var/www/html/watervale/application/views/items/index.php 92
ERROR - 2018-08-29 15:20:16 --> Severity: Notice --> Undefined property: stdClass::$userName /var/www/html/watervale/application/views/items/index.php 92
ERROR - 2018-08-29 15:20:16 --> Severity: Notice --> Undefined property: stdClass::$userName /var/www/html/watervale/application/views/items/index.php 92
ERROR - 2018-08-29 15:20:16 --> Severity: Notice --> Undefined property: stdClass::$userName /var/www/html/watervale/application/views/items/index.php 92
ERROR - 2018-08-29 15:20:16 --> Severity: Notice --> Undefined property: stdClass::$userName /var/www/html/watervale/application/views/items/index.php 92
ERROR - 2018-08-29 15:20:33 --> Severity: Notice --> Undefined property: stdClass::$userName /var/www/html/watervale/application/views/items/index.php 92
ERROR - 2018-08-29 15:20:33 --> Severity: Notice --> Undefined property: stdClass::$userName /var/www/html/watervale/application/views/items/index.php 92
ERROR - 2018-08-29 15:20:33 --> Severity: Notice --> Undefined property: stdClass::$userName /var/www/html/watervale/application/views/items/index.php 92
ERROR - 2018-08-29 15:20:33 --> Severity: Notice --> Undefined property: stdClass::$userName /var/www/html/watervale/application/views/items/index.php 92
ERROR - 2018-08-29 15:20:33 --> Severity: Notice --> Undefined property: stdClass::$userName /var/www/html/watervale/application/views/items/index.php 92
ERROR - 2018-08-29 15:20:33 --> Severity: Notice --> Undefined property: stdClass::$userName /var/www/html/watervale/application/views/items/index.php 92
ERROR - 2018-08-29 15:20:33 --> Severity: Notice --> Undefined property: stdClass::$userName /var/www/html/watervale/application/views/items/index.php 92
ERROR - 2018-08-29 15:20:33 --> Severity: Notice --> Undefined property: stdClass::$userName /var/www/html/watervale/application/views/items/index.php 92
ERROR - 2018-08-29 15:20:33 --> Severity: Notice --> Undefined property: stdClass::$userName /var/www/html/watervale/application/views/items/index.php 92
ERROR - 2018-08-29 15:20:33 --> Severity: Notice --> Undefined property: stdClass::$userName /var/www/html/watervale/application/views/items/index.php 92
ERROR - 2018-08-29 15:29:03 --> Severity: Notice --> Undefined property: stdClass::$userName /var/www/html/watervale/application/views/items/index.php 92
ERROR - 2018-08-29 15:29:03 --> Severity: Notice --> Undefined property: stdClass::$userName /var/www/html/watervale/application/views/items/index.php 92
ERROR - 2018-08-29 15:29:03 --> Severity: Notice --> Undefined property: stdClass::$userName /var/www/html/watervale/application/views/items/index.php 92
ERROR - 2018-08-29 15:29:03 --> Severity: Notice --> Undefined property: stdClass::$userName /var/www/html/watervale/application/views/items/index.php 92
ERROR - 2018-08-29 15:29:03 --> Severity: Notice --> Undefined property: stdClass::$userName /var/www/html/watervale/application/views/items/index.php 92
ERROR - 2018-08-29 18:00:47 --> 404 Page Not Found: Img/favicon.png
ERROR - 2018-08-29 18:00:49 --> 404 Page Not Found: Img/favicon.png
ERROR - 2018-08-29 18:01:07 --> 404 Page Not Found: Img/favicon.png
ERROR - 2018-08-29 18:03:57 --> 404 Page Not Found: Img/favicon.png
ERROR - 2018-08-29 18:05:14 --> Severity: Notice --> Undefined property: stdClass::$userName /var/www/html/watervale/application/views/categories/index.php 63
ERROR - 2018-08-29 18:05:14 --> Severity: Notice --> Undefined property: stdClass::$userName /var/www/html/watervale/application/views/categories/index.php 63
ERROR - 2018-08-29 18:05:14 --> Severity: Notice --> Undefined property: stdClass::$userName /var/www/html/watervale/application/views/categories/index.php 63
ERROR - 2018-08-29 18:05:14 --> Severity: Notice --> Undefined property: stdClass::$userName /var/www/html/watervale/application/views/categories/index.php 63
ERROR - 2018-08-29 18:05:14 --> Severity: Notice --> Undefined property: stdClass::$userName /var/www/html/watervale/application/views/categories/index.php 63
ERROR - 2018-08-29 18:05:28 --> Severity: Notice --> Undefined property: stdClass::$userName /var/www/html/watervale/application/views/categories/index.php 63
ERROR - 2018-08-29 18:05:28 --> Severity: Notice --> Undefined property: stdClass::$userName /var/www/html/watervale/application/views/categories/index.php 63
ERROR - 2018-08-29 18:05:28 --> Severity: Notice --> Undefined property: stdClass::$userName /var/www/html/watervale/application/views/categories/index.php 63
ERROR - 2018-08-29 18:05:28 --> Severity: Notice --> Undefined property: stdClass::$userName /var/www/html/watervale/application/views/categories/index.php 63
ERROR - 2018-08-29 18:05:28 --> Severity: Notice --> Undefined property: stdClass::$userName /var/www/html/watervale/application/views/categories/index.php 63
ERROR - 2018-08-29 18:05:56 --> Severity: Notice --> Undefined property: stdClass::$userName /var/www/html/watervale/application/views/categories/index.php 63
ERROR - 2018-08-29 18:05:56 --> Severity: Notice --> Undefined property: stdClass::$userName /var/www/html/watervale/application/views/categories/index.php 63
ERROR - 2018-08-29 18:05:56 --> Severity: Notice --> Undefined property: stdClass::$userName /var/www/html/watervale/application/views/categories/index.php 63
ERROR - 2018-08-29 18:05:56 --> Severity: Notice --> Undefined property: stdClass::$userName /var/www/html/watervale/application/views/categories/index.php 63
ERROR - 2018-08-29 18:05:56 --> Severity: Notice --> Undefined property: stdClass::$userName /var/www/html/watervale/application/views/categories/index.php 63
ERROR - 2018-08-29 18:06:01 --> Severity: Notice --> Undefined property: stdClass::$userName /var/www/html/watervale/application/views/items/index.php 92
ERROR - 2018-08-29 18:06:01 --> Severity: Notice --> Undefined property: stdClass::$userName /var/www/html/watervale/application/views/items/index.php 92
ERROR - 2018-08-29 18:06:01 --> Severity: Notice --> Undefined property: stdClass::$userName /var/www/html/watervale/application/views/items/index.php 92
ERROR - 2018-08-29 18:06:01 --> Severity: Notice --> Undefined property: stdClass::$userName /var/www/html/watervale/application/views/items/index.php 92
ERROR - 2018-08-29 18:06:01 --> Severity: Notice --> Undefined property: stdClass::$userName /var/www/html/watervale/application/views/items/index.php 92
ERROR - 2018-08-29 18:06:24 --> Severity: Notice --> Undefined property: stdClass::$userName /var/www/html/watervale/application/views/categories/index.php 63
ERROR - 2018-08-29 18:06:24 --> Severity: Notice --> Undefined property: stdClass::$userName /var/www/html/watervale/application/views/categories/index.php 63
ERROR - 2018-08-29 18:06:24 --> Severity: Notice --> Undefined property: stdClass::$userName /var/www/html/watervale/application/views/categories/index.php 63
ERROR - 2018-08-29 18:06:24 --> Severity: Notice --> Undefined property: stdClass::$userName /var/www/html/watervale/application/views/categories/index.php 63
ERROR - 2018-08-29 18:06:24 --> Severity: Notice --> Undefined property: stdClass::$userName /var/www/html/watervale/application/views/categories/index.php 63
