ERROR - 2018-11-22 03:57:52 --> 404 Page Not Found: Img/favicon.png
ERROR - 2018-11-22 03:58:05 --> Severity: Notice --> Undefined property: stdClass::$userName /var/www/html/watervale_live/application/views/items/index.php 94
ERROR - 2018-11-22 03:58:05 --> Severity: Notice --> Undefined property: stdClass::$userName /var/www/html/watervale_live/application/views/items/index.php 94
ERROR - 2018-11-22 04:26:45 --> 404 Page Not Found: Img/favicon.png
ERROR - 2018-11-22 04:28:30 --> Severity: error --> Exception: Call to undefined function getVariantsByOrderRef() /var/www/html/watervale_live/application/models/OrderModel.php 445
ERROR - 2018-11-22 04:28:53 --> 404 Page Not Found: Img/favicon.png
ERROR - 2018-11-22 04:29:27 --> 404 Page Not Found: Img/favicon.png
ERROR - 2018-11-22 04:30:03 --> 404 Page Not Found: Img/favicon.png
ERROR - 2018-11-22 04:30:31 --> 404 Page Not Found: Img/favicon.png
ERROR - 2018-11-22 04:31:15 --> 404 Page Not Found: Img/favicon.png
ERROR - 2018-11-22 04:32:08 --> 404 Page Not Found: Img/favicon.png
ERROR - 2018-11-22 04:32:38 --> 404 Page Not Found: Img/favicon.png
ERROR - 2018-11-22 04:33:26 --> 404 Page Not Found: Img/favicon.png
ERROR - 2018-11-22 04:34:00 --> 404 Page Not Found: Img/favicon.png
ERROR - 2018-11-22 04:35:50 --> 404 Page Not Found: Img/favicon.png
ERROR - 2018-11-22 04:36:15 --> 404 Page Not Found: Img/favicon.png
ERROR - 2018-11-22 04:41:56 --> 404 Page Not Found: Img/favicon.png
ERROR - 2018-11-22 05:00:58 --> 404 Page Not Found: Img/favicon.png
ERROR - 2018-11-22 05:01:03 --> 404 Page Not Found: Order-details/img
ERROR - 2018-11-22 05:01:34 --> 404 Page Not Found: Img/favicon.png
ERROR - 2018-11-22 05:02:28 --> 404 Page Not Found: Img/favicon.png
ERROR - 2018-11-22 05:03:32 --> 404 Page Not Found: Img/favicon.png
ERROR - 2018-11-22 05:13:35 --> 404 Page Not Found: Order-details/img
ERROR - 2018-11-22 05:41:23 --> Severity: Notice --> Undefined property: stdClass::$userName /var/www/html/watervale_live/application/views/items/index.php 94
ERROR - 2018-11-22 05:41:23 --> Severity: Notice --> Undefined property: stdClass::$userName /var/www/html/watervale_live/application/views/items/index.php 94
ERROR - 2018-11-22 05:42:53 --> Severity: Notice --> Undefined property: stdClass::$userName /var/www/html/watervale_live/application/views/items/index.php 94
ERROR - 2018-11-22 05:42:53 --> Severity: Notice --> Undefined property: stdClass::$userName /var/www/html/watervale_live/application/views/items/index.php 94
ERROR - 2018-11-22 05:50:54 --> 404 Page Not Found: Img/favicon.png
ERROR - 2018-11-22 05:51:22 --> Severity: Notice --> Undefined property: stdClass::$userName /var/www/html/watervale_live/application/views/items/index.php 94
ERROR - 2018-11-22 05:51:22 --> Severity: Notice --> Undefined property: stdClass::$userName /var/www/html/watervale_live/application/views/items/index.php 94
ERROR - 2018-11-22 05:51:50 --> 404 Page Not Found: Order-details/img
ERROR - 2018-11-22 05:53:26 --> Severity: Notice --> Undefined property: stdClass::$userName /var/www/html/watervale_live/application/views/items/index.php 94
ERROR - 2018-11-22 05:53:26 --> Severity: Notice --> Undefined property: stdClass::$userName /var/www/html/watervale_live/application/views/items/index.php 94
ERROR - 2018-11-22 06:07:49 --> 404 Page Not Found: Img/favicon.png
ERROR - 2018-11-22 06:12:30 --> Severity: Notice --> Undefined property: stdClass::$userName /var/www/html/watervale_live/application/views/items/index.php 94
ERROR - 2018-11-22 06:12:30 --> Severity: Notice --> Undefined property: stdClass::$userName /var/www/html/watervale_live/application/views/items/index.php 94
ERROR - 2018-11-22 06:18:03 --> Severity: Notice --> Undefined index: data /var/www/html/watervale_live/application/controllers/api/Webservicecontroller.php 708
ERROR - 2018-11-22 06:18:14 --> 404 Page Not Found: Img/favicon.png
ERROR - 2018-11-22 06:18:15 --> Severity: Notice --> Undefined property: stdClass::$userName /var/www/html/watervale_live/application/views/items/index.php 94
ERROR - 2018-11-22 06:18:15 --> Severity: Notice --> Undefined property: stdClass::$userName /var/www/html/watervale_live/application/views/items/index.php 94
ERROR - 2018-11-22 06:21:23 --> {"orderRef":"","userRef":"qOoAcdisbsO91v64","customerRef":"dXMJ1FSHdfYwMI5Z","orderRemarks":"","deliveryMethodRef":"4k6GrpPR1ZPOeuwR","newDeliveryMethod":"","newAreaCode":"","paymentMethodRef":"GLQ7xW9duKY7c6sU","dueDays":"","dueAmount":"","orderPipline":"3","orderStatus":"queued","orderInProduction":"1","managerApprove":"1","approvalType":"management","preAuthorization":"","orderDiscount":"41.0","newCustomer":[],"orderItems":[{"itemName":"Comfort Foam","itemRef":"PRO-TDLK-00002","qty":3,"saleUOM":"PC","saleConvQty":"1","saleConvLength":"0","baseUOM":"PC","baseConvQty":"1","baseConvLength":"0","productionOnDemand":"1","transportCost":"","transportCostChanged":"20","discountType":"1","discount":"20","variants":[{"item_variant_id":"20X20X4XNAXNA","length":"20","width":"20","height":"4","color":"NA","design":"NA","qty":"1","price":"20","minPrice":"80","blockPercentage":"100","blockType":"Comfort","isCustomize":"0"},{"item_variant_id":"20X20X8XNAXNA","length":"20","width":"20","height":"8","color":"NA","design":"NA","qty":"1","price":"30","minPrice":"80","blockPercentage":"100","blockType":"Comfort","isCustomize":"0"},{"item_variant_id":"80X40X4XNAXNA","length":"80","width":"40","height":"4","color":"NA","design":"NA","qty":"1","price":"100","minPrice":"80","blockPercentage":"100","blockType":"Comfort","isCustomize":"0"}]},{"itemName":"Item1","itemRef":"PRO-M1NK-00001","qty":2,"saleUOM":"SaleTUoM","saleConvQty":"1","saleConvLength":"0","baseUOM":"TUoM","baseConvQty":"1","baseConvLength":"0","productionOnDemand":"1","transportCost":"","transportCostChanged":"10.0","discountType":"1","discount":"10","variants":[{"item_variant_id":"11X12X13XBlackXSquare","length":"11","width":"12","height":"13","color":"Black","design":"Square","qty":"1","price":"100","minPrice":"10","blockPercentage":"100","blockType":"TBlock Type","isCustomize":"0"},{"item_variant_id":"11X12X13XBlueXSquare","length":"11","width":"12","height":"13","color":"Blue","design":"Square","qty":"1","price":"10","minPrice":"10","blockPercentage":"100","blockType":"TBlock Type","isCustomize":"0"}]}]}
ERROR - 2018-11-22 06:21:23 --> {"success":true,"success_message":"Order 00001 Submitted successfully."}
ERROR - 2018-11-22 06:24:18 --> Severity: Notice --> Undefined property: stdClass::$userName /var/www/html/watervale_live/application/views/items/index.php 94
ERROR - 2018-11-22 06:24:18 --> Severity: Notice --> Undefined property: stdClass::$userName /var/www/html/watervale_live/application/views/items/index.php 94
ERROR - 2018-11-22 06:28:54 --> Severity: Notice --> Undefined property: stdClass::$userName /var/www/html/watervale_live/application/views/items/index.php 94
ERROR - 2018-11-22 06:28:54 --> Severity: Notice --> Undefined property: stdClass::$userName /var/www/html/watervale_live/application/views/items/index.php 94
ERROR - 2018-11-22 06:28:54 --> Severity: Notice --> Undefined property: stdClass::$userName /var/www/html/watervale_live/application/views/items/index.php 94
ERROR - 2018-11-22 06:29:43 --> Severity: Notice --> Undefined property: stdClass::$userName /var/www/html/watervale_live/application/views/items/index.php 94
ERROR - 2018-11-22 06:29:43 --> Severity: Notice --> Undefined property: stdClass::$userName /var/www/html/watervale_live/application/views/items/index.php 94
ERROR - 2018-11-22 06:29:43 --> Severity: Notice --> Undefined property: stdClass::$userName /var/www/html/watervale_live/application/views/items/index.php 94
ERROR - 2018-11-22 06:29:50 --> Severity: Notice --> Undefined property: stdClass::$userName /var/www/html/watervale_live/application/views/items/index.php 94
ERROR - 2018-11-22 06:29:50 --> Severity: Notice --> Undefined property: stdClass::$userName /var/www/html/watervale_live/application/views/items/index.php 94
ERROR - 2018-11-22 06:29:50 --> Severity: Notice --> Undefined property: stdClass::$userName /var/www/html/watervale_live/application/views/items/index.php 94
ERROR - 2018-11-22 06:29:50 --> Severity: Notice --> Undefined property: stdClass::$userName /var/www/html/watervale_live/application/views/items/index.php 94
ERROR - 2018-11-22 06:29:50 --> Severity: Notice --> Undefined property: stdClass::$userName /var/www/html/watervale_live/application/views/items/index.php 94
ERROR - 2018-11-22 06:29:50 --> Severity: Notice --> Undefined property: stdClass::$userName /var/www/html/watervale_live/application/views/items/index.php 94
ERROR - 2018-11-22 06:29:50 --> Severity: Notice --> Undefined property: stdClass::$userName /var/www/html/watervale_live/application/views/items/index.php 94
ERROR - 2018-11-22 06:29:50 --> Severity: Notice --> Undefined property: stdClass::$userName /var/www/html/watervale_live/application/views/items/index.php 94
ERROR - 2018-11-22 06:29:50 --> Severity: Notice --> Undefined property: stdClass::$userName /var/www/html/watervale_live/application/views/items/index.php 94
ERROR - 2018-11-22 06:30:04 --> 404 Page Not Found: Img/favicon.png
ERROR - 2018-11-22 06:30:17 --> 404 Page Not Found: Order-details/img
ERROR - 2018-11-22 06:30:24 --> Severity: Notice --> Undefined property: stdClass::$userName /var/www/html/watervale_live/application/views/items/index.php 94
ERROR - 2018-11-22 06:30:24 --> Severity: Notice --> Undefined property: stdClass::$userName /var/www/html/watervale_live/application/views/items/index.php 94
ERROR - 2018-11-22 06:30:24 --> Severity: Notice --> Undefined property: stdClass::$userName /var/www/html/watervale_live/application/views/items/index.php 94
ERROR - 2018-11-22 06:31:15 --> Severity: Notice --> Undefined property: stdClass::$userName /var/www/html/watervale_live/application/views/items/index.php 94
ERROR - 2018-11-22 06:31:15 --> Severity: Notice --> Undefined property: stdClass::$userName /var/www/html/watervale_live/application/views/items/index.php 94
ERROR - 2018-11-22 06:31:15 --> Severity: Notice --> Undefined property: stdClass::$userName /var/www/html/watervale_live/application/views/items/index.php 94
ERROR - 2018-11-22 06:52:01 --> 404 Page Not Found: Order-details/img
ERROR - 2018-11-22 07:10:19 --> Severity: Notice --> Undefined property: stdClass::$userName /var/www/html/watervale_live/application/views/items/index.php 94
ERROR - 2018-11-22 07:10:19 --> Severity: Notice --> Undefined property: stdClass::$userName /var/www/html/watervale_live/application/views/items/index.php 94
ERROR - 2018-11-22 07:10:19 --> Severity: Notice --> Undefined property: stdClass::$userName /var/www/html/watervale_live/application/views/items/index.php 94
ERROR - 2018-11-22 07:10:19 --> Severity: Notice --> Undefined property: stdClass::$userName /var/www/html/watervale_live/application/views/items/index.php 94
ERROR - 2018-11-22 07:10:30 --> 404 Page Not Found: Update-customer/img
ERROR - 2018-11-22 07:15:27 --> Severity: Notice --> Undefined property: stdClass::$userName /var/www/html/watervale_live/application/views/items/index.php 94
ERROR - 2018-11-22 07:15:27 --> Severity: Notice --> Undefined property: stdClass::$userName /var/www/html/watervale_live/application/views/items/index.php 94
ERROR - 2018-11-22 07:15:27 --> Severity: Notice --> Undefined property: stdClass::$userName /var/www/html/watervale_live/application/views/items/index.php 94
ERROR - 2018-11-22 07:15:27 --> Severity: Notice --> Undefined property: stdClass::$userName /var/www/html/watervale_live/application/views/items/index.php 94
ERROR - 2018-11-22 07:15:48 --> Severity: Notice --> Undefined property: stdClass::$userName /var/www/html/watervale_live/application/views/items/index.php 94
ERROR - 2018-11-22 07:15:48 --> Severity: Notice --> Undefined property: stdClass::$userName /var/www/html/watervale_live/application/views/items/index.php 94
ERROR - 2018-11-22 07:15:48 --> Severity: Notice --> Undefined property: stdClass::$userName /var/www/html/watervale_live/application/views/items/index.php 94
ERROR - 2018-11-22 07:15:48 --> Severity: Notice --> Undefined property: stdClass::$userName /var/www/html/watervale_live/application/views/items/index.php 94
ERROR - 2018-11-22 08:58:12 --> Severity: Notice --> Undefined property: stdClass::$userName /var/www/html/watervale_live/application/views/items/index.php 94
ERROR - 2018-11-22 08:58:12 --> Severity: Notice --> Undefined property: stdClass::$userName /var/www/html/watervale_live/application/views/items/index.php 94
ERROR - 2018-11-22 08:58:12 --> Severity: Notice --> Undefined property: stdClass::$userName /var/www/html/watervale_live/application/views/items/index.php 94
ERROR - 2018-11-22 08:58:12 --> Severity: Notice --> Undefined property: stdClass::$userName /var/www/html/watervale_live/application/views/items/index.php 94
ERROR - 2018-11-22 09:12:12 --> 404 Page Not Found: Img/favicon.png
ERROR - 2018-11-22 09:15:52 --> Severity: Notice --> Undefined property: stdClass::$userName /var/www/html/watervale_live/application/views/items/index.php 94
ERROR - 2018-11-22 09:15:52 --> Severity: Notice --> Undefined property: stdClass::$userName /var/www/html/watervale_live/application/views/items/index.php 94
ERROR - 2018-11-22 09:15:52 --> Severity: Notice --> Undefined property: stdClass::$userName /var/www/html/watervale_live/application/views/items/index.php 94
ERROR - 2018-11-22 09:15:52 --> Severity: Notice --> Undefined property: stdClass::$userName /var/www/html/watervale_live/application/views/items/index.php 94
ERROR - 2018-11-22 09:18:10 --> Severity: Notice --> Undefined property: stdClass::$userName /var/www/html/watervale_live/application/views/items/index.php 94
ERROR - 2018-11-22 09:18:10 --> Severity: Notice --> Undefined property: stdClass::$userName /var/www/html/watervale_live/application/views/items/index.php 94
ERROR - 2018-11-22 09:18:10 --> Severity: Notice --> Undefined property: stdClass::$userName /var/www/html/watervale_live/application/views/items/index.php 94
ERROR - 2018-11-22 09:18:10 --> Severity: Notice --> Undefined property: stdClass::$userName /var/www/html/watervale_live/application/views/items/index.php 94
ERROR - 2018-11-22 09:18:13 --> 404 Page Not Found: Img/favicon.png
ERROR - 2018-11-22 09:23:54 --> 404 Page Not Found: Img/favicon.png
ERROR - 2018-11-22 09:48:36 --> 404 Page Not Found: Img/favicon.png
ERROR - 2018-11-22 09:48:51 --> Severity: Notice --> Undefined property: stdClass::$userName /var/www/html/watervale_live/application/views/items/index.php 94
ERROR - 2018-11-22 09:48:51 --> Severity: Notice --> Undefined property: stdClass::$userName /var/www/html/watervale_live/application/views/items/index.php 94
ERROR - 2018-11-22 09:48:51 --> Severity: Notice --> Undefined property: stdClass::$userName /var/www/html/watervale_live/application/views/items/index.php 94
ERROR - 2018-11-22 09:48:51 --> Severity: Notice --> Undefined property: stdClass::$userName /var/www/html/watervale_live/application/views/items/index.php 94
ERROR - 2018-11-22 10:16:42 --> Severity: Notice --> Undefined property: stdClass::$userName /var/www/html/watervale_live/application/views/items/index.php 94
ERROR - 2018-11-22 10:16:42 --> Severity: Notice --> Undefined property: stdClass::$userName /var/www/html/watervale_live/application/views/items/index.php 94
ERROR - 2018-11-22 10:16:42 --> Severity: Notice --> Undefined property: stdClass::$userName /var/www/html/watervale_live/application/views/items/index.php 94
ERROR - 2018-11-22 10:16:42 --> Severity: Notice --> Undefined property: stdClass::$userName /var/www/html/watervale_live/application/views/items/index.php 94
ERROR - 2018-11-22 10:23:59 --> {"orderRef":"","userRef":"XUe7oDvLiJlGTFqu","customerRef":"dXMJ1FSHdfYwMI5Z","orderRemarks":"","deliveryMethodRef":"4k6GrpPR1ZPOeuwR","newDeliveryMethod":"","newAreaCode":"","paymentMethodRef":"GLQ7xW9duKY7c6sU","dueDays":"","dueAmount":"","orderPipline":"3","orderStatus":"queued","orderInProduction":"1","managerApprove":"1","approvalType":"management","preAuthorization":"","orderDiscount":"1601.6999999999998","newCustomer":[],"orderItems":[{"itemName":"Sofa Fabric","itemRef":"PRO-9RHD-00004","qty":17,"saleUOM":"SsaleUoM","saleConvQty":"1","saleConvLength":"0","baseUOM":"SUoM","baseConvQty":"1","baseConvLength":"0","productionOnDemand":"1","transportCost":"","transportCostChanged":"20","discountType":"1","discount":"20","variants":[{"item_variant_id":"11X12X13XwXSqaure","length":"11","width":"12","height":"13","color":"w","design":"Sqaure","qty":"5","price":"400.50","minPrice":"151","blockPercentage":"56.76","blockType":"TBlock Type","isCustomize":"0"},{"item_variant_id":"21X22X23XwXSqaure","length":"21","width":"22","height":"23","color":"w","design":"Sqaure","qty":"12","price":"500.50","minPrice":"151","blockPercentage":"56.76","blockType":"TBlock Type","isCustomize":"0"}]}]}
ERROR - 2018-11-22 10:23:59 --> {"success":true,"success_message":"Order 00002 Submitted successfully."}
ERROR - 2018-11-22 10:27:03 --> {"orderRef":"","userRef":"qOoAcdisbsO91v64","customerRef":"dXMJ1FSHdfYwMI5Z","orderRemarks":"","deliveryMethodRef":"4k6GrpPR1ZPOeuwR","newDeliveryMethod":"","newAreaCode":"","paymentMethodRef":"GLQ7xW9duKY7c6sU","dueDays":"","dueAmount":"","orderPipline":"3","orderStatus":"queued","orderInProduction":"1","managerApprove":"1","approvalType":"management","preAuthorization":"","orderDiscount":"30.0","newCustomer":[],"orderItems":[{"itemName":"Sofa Fabric","itemRef":"PRO-9RHD-00004","qty":2,"saleUOM":"SsaleUoM","saleConvQty":"1","saleConvLength":"0","baseUOM":"SUoM","baseConvQty":"1","baseConvLength":"0","productionOnDemand":"1","transportCost":"","transportCostChanged":"10","discountType":"1","discount":"10","variants":[{"item_variant_id":"11X12X13XwXSqaure","length":"11","width":"12","height":"13","color":"w","design":"Sqaure","qty":"1","price":"100","minPrice":"50","blockPercentage":"56.76","blockType":"TBlock Type","isCustomize":"0"},{"item_variant_id":"21X22X23XwXSqaure","length":"21","width":"22","height":"23","color":"w","design":"Sqaure","qty":"1","price":"200","minPrice":"50","blockPercentage":"56.76","blockType":"TBlock Type","isCustomize":"0"}]}]}
ERROR - 2018-11-22 10:27:03 --> {"success":true,"success_message":"Order 00003 Submitted successfully."}
ERROR - 2018-11-22 10:27:21 --> Severity: Notice --> Undefined property: stdClass::$userName /var/www/html/watervale_live/application/views/items/index.php 94
ERROR - 2018-11-22 10:27:21 --> Severity: Notice --> Undefined property: stdClass::$userName /var/www/html/watervale_live/application/views/items/index.php 94
ERROR - 2018-11-22 10:27:21 --> Severity: Notice --> Undefined property: stdClass::$userName /var/www/html/watervale_live/application/views/items/index.php 94
ERROR - 2018-11-22 10:27:21 --> Severity: Notice --> Undefined property: stdClass::$userName /var/www/html/watervale_live/application/views/items/index.php 94
ERROR - 2018-11-22 10:27:35 --> 404 Page Not Found: Order-details/img
ERROR - 2018-11-22 10:33:31 --> 404 Page Not Found: Img/favicon.png
ERROR - 2018-11-22 10:35:06 --> {"orderRef":"","userRef":"XUe7oDvLiJlGTFqu","customerRef":"dXMJ1FSHdfYwMI5Z","orderRemarks":"","deliveryMethodRef":"4k6GrpPR1ZPOeuwR","newDeliveryMethod":"","newAreaCode":"","paymentMethodRef":"GLQ7xW9duKY7c6sU","dueDays":"","dueAmount":"","orderPipline":"3","orderStatus":"queued","orderInProduction":"1","managerApprove":"1","approvalType":"management","preAuthorization":"","orderDiscount":"1601.6999999999998","newCustomer":[],"orderItems":[{"itemName":"Sofa Fabric","itemRef":"PRO-9RHD-00004","qty":17,"saleUOM":"SsaleUoM","saleConvQty":"1","saleConvLength":"0","baseUOM":"SUoM","baseConvQty":"1","baseConvLength":"0","productionOnDemand":"1","transportCost":"","transportCostChanged":"50","discountType":"1","discount":"20","variants":[{"item_variant_id":"11X12X13XwXSqaure","length":"11","width":"12","height":"13","color":"w","design":"Sqaure","qty":"5","price":"400.5","minPrice":"50","blockPercentage":"56.76","blockType":"TBlock Type","isCustomize":"0"},{"item_variant_id":"21X22X23XwXSqaure","length":"21","width":"22","height":"23","color":"w","design":"Sqaure","qty":"12","price":"500.5","minPrice":"50","blockPercentage":"56.76","blockType":"TBlock Type","isCustomize":"0"}]}]}
ERROR - 2018-11-22 10:35:06 --> {"success":true,"success_message":"Order 00004 Submitted successfully."}
ERROR - 2018-11-22 10:47:29 --> {"orderRef":"","userRef":"qOoAcdisbsO91v64","customerRef":"dXMJ1FSHdfYwMI5Z","orderRemarks":"","deliveryMethodRef":"4k6GrpPR1ZPOeuwR","newDeliveryMethod":"","newAreaCode":"","paymentMethodRef":"GLQ7xW9duKY7c6sU","dueDays":"","dueAmount":"","orderPipline":"3","orderStatus":"queued","orderInProduction":"1","managerApprove":"0","approvalType":" ","preAuthorization":"","orderDiscount":"30.0","newCustomer":[],"orderItems":[{"itemName":"New Car","itemRef":"PRO-PI9B-00003","qty":2,"saleUOM":"METER","saleConvQty":"1","saleConvLength":"10","baseUOM":"ROLL","baseConvQty":"1","baseConvLength":"10","productionOnDemand":"1","transportCost":"50","transportCostChanged":"","discountType":"1","discount":"10","variants":[{"item_variant_id":"","length":"1","width":"2","height":"3","color":"Black","design":"Casual","qty":"1","price":"100","minPrice":"50","blockPercentage":"80","blockType":"Comfort","isCustomize":"0"},{"item_variant_id":"","length":"1","width":"2","height":"3","color":"Red","design":"Casual","qty":"1","price":"200","minPrice":"50","blockPercentage":"80","blockType":"Comfort","isCustomize":"0"}]}]}
ERROR - 2018-11-22 10:47:29 --> {"success":true,"success_message":"Order 00005 Submitted successfully."}
ERROR - 2018-11-22 11:02:56 --> {"orderRef":"","userRef":"qOoAcdisbsO91v64","customerRef":"dXMJ1FSHdfYwMI5Z","orderRemarks":"","deliveryMethodRef":"4k6GrpPR1ZPOeuwR","newDeliveryMethod":"","newAreaCode":"","paymentMethodRef":"GLQ7xW9duKY7c6sU","dueDays":"","dueAmount":"","orderPipline":"2","orderStatus":"MAN","orderInProduction":"0","managerApprove":"1","approvalType":"management","preAuthorization":"","orderDiscount":"110.4","newCustomer":[],"orderItems":[{"itemName":"Sofa Fabric","itemRef":"PRO-9RHD-00004","qty":8,"saleUOM":"SsaleUoM","saleConvQty":"1","saleConvLength":"0","baseUOM":"SUoM","baseConvQty":"1","baseConvLength":"0","productionOnDemand":"0","transportCost":"","transportCostChanged":"30","discountType":"1","discount":"10","variants":[{"item_variant_id":"11X12X13XwXSqaure","length":"11","width":"12","height":"13","color":"w","design":"Sqaure","qty":"5","price":"100.5","minPrice":"50","blockPercentage":"56.76","blockType":"TBlock Type","isCustomize":"0"},{"item_variant_id":"21X22X23XwXSqaure","length":"21","width":"22","height":"23","color":"w","design":"Sqaure","qty":"3","price":"200.5","minPrice":"50","blockPercentage":"56.76","blockType":"TBlock Type","isCustomize":"0"}]}]}
ERROR - 2018-11-22 11:02:56 --> {"success":true,"success_message":"Order 00006 Submitted successfully."}
ERROR - 2018-11-22 11:15:48 --> {"orderRef":"KuvoQsaz1OoP7nN8","userRef":"qOoAcdisbsO91v64","customerRef":"dXMJ1FSHdfYwMI5Z","orderRemarks":"","deliveryMethodRef":"4k6GrpPR1ZPOeuwR","newDeliveryMethod":"","newAreaCode":"","paymentMethodRef":"GLQ7xW9duKY7c6sU","dueDays":"","dueAmount":"","orderPipline":"2","orderStatus":"MAN","orderInProduction":"0","managerApprove":"1","approvalType":"management","preAuthorization":"","orderDiscount":"0","newCustomer":[],"orderItems":[{"itemName":"Sofa Fabric","itemRef":"PRO-9RHD-00004","qty":8,"saleUOM":"SsaleUoM","saleConvQty":"1","saleConvLength":"0","baseUOM":"SUoM","baseConvQty":"1","baseConvLength":"0","productionOnDemand":"0","transportCost":"","transportCostChanged":"30","discountType":"1","discount":"","variants":[{"item_variant_id":"11X12X13XwXSqaure","length":"11","width":"12","height":"13","color":"w","design":"Sqaure","qty":"5","price":"101","minPrice":"50","blockPercentage":"57","isCustomize":"0"},{"item_variant_id":"21X22X23XwXSqaure","length":"21","width":"22","height":"23","color":"w","design":"Sqaure","qty":"3","price":"201","minPrice":"50","blockPercentage":"57","isCustomize":"0"}]}]}
ERROR - 2018-11-22 11:15:48 --> Severity: Notice --> Undefined index: discount /var/www/html/watervale_live/application/models/OrderModel.php 288
ERROR - 2018-11-22 11:15:48 --> Severity: Notice --> Undefined index: discount /var/www/html/watervale_live/application/models/OrderModel.php 288
ERROR - 2018-11-22 11:15:48 --> {"success":true,"success_message":"Order 00006 Submitted successfully."}
ERROR - 2018-11-22 11:15:55 --> {"orderRef":"KuvoQsaz1OoP7nN8","userRef":"qOoAcdisbsO91v64","customerRef":"dXMJ1FSHdfYwMI5Z","orderRemarks":"","deliveryMethodRef":"4k6GrpPR1ZPOeuwR","newDeliveryMethod":"","newAreaCode":"","paymentMethodRef":"GLQ7xW9duKY7c6sU","dueDays":"","dueAmount":"","orderPipline":"2","orderStatus":"MAN","orderInProduction":"0","managerApprove":"1","approvalType":"management","preAuthorization":"","orderDiscount":"0","newCustomer":[],"orderItems":[{"itemName":"Sofa Fabric","itemRef":"PRO-9RHD-00004","qty":8,"saleUOM":"SsaleUoM","saleConvQty":"1","saleConvLength":"0","baseUOM":"SUoM","baseConvQty":"1","baseConvLength":"0","productionOnDemand":"0","transportCost":"","transportCostChanged":"30","discountType":"1","discount":"","variants":[{"item_variant_id":"11X12X13XwXSqaure","length":"11","width":"12","height":"13","color":"w","design":"Sqaure","qty":"5","price":"101","minPrice":"50","blockPercentage":"57","isCustomize":"0"},{"item_variant_id":"21X22X23XwXSqaure","length":"21","width":"22","height":"23","color":"w","design":"Sqaure","qty":"3","price":"201","minPrice":"50","blockPercentage":"57","isCustomize":"0"}]}]}
ERROR - 2018-11-22 11:15:55 --> Severity: Notice --> Undefined index: discount /var/www/html/watervale_live/application/models/OrderModel.php 288
ERROR - 2018-11-22 11:15:55 --> Severity: Notice --> Undefined index: discount /var/www/html/watervale_live/application/models/OrderModel.php 288
ERROR - 2018-11-22 11:15:55 --> {"success":true,"success_message":"Order 00006 Updated successfully."}
ERROR - 2018-11-22 11:16:16 --> {"orderRef":"KuvoQsaz1OoP7nN8","userRef":"qOoAcdisbsO91v64","customerRef":"dXMJ1FSHdfYwMI5Z","orderRemarks":"","deliveryMethodRef":"4k6GrpPR1ZPOeuwR","newDeliveryMethod":"","newAreaCode":"","paymentMethodRef":"GLQ7xW9duKY7c6sU","dueDays":"","dueAmount":"","orderPipline":"2","orderStatus":"MAN","orderInProduction":"0","managerApprove":"1","approvalType":"management","preAuthorization":"","orderDiscount":"0","newCustomer":[],"orderItems":[{"itemName":"Sofa Fabric","itemRef":"PRO-9RHD-00004","qty":8,"saleUOM":"SsaleUoM","saleConvQty":"1","saleConvLength":"0","baseUOM":"SUoM","baseConvQty":"1","baseConvLength":"0","productionOnDemand":"0","transportCost":"","transportCostChanged":"30","discountType":"1","discount":"","variants":[{"item_variant_id":"11X12X13XwXSqaure","length":"11","width":"12","height":"13","color":"w","design":"Sqaure","qty":"5","price":"101","minPrice":"50","blockPercentage":"57","isCustomize":"0"},{"item_variant_id":"21X22X23XwXSqaure","length":"21","width":"22","height":"23","color":"w","design":"Sqaure","qty":"3","price":"201","minPrice":"50","blockPercentage":"57","isCustomize":"0"}]}]}
ERROR - 2018-11-22 11:16:16 --> Severity: Notice --> Undefined index: discount /var/www/html/watervale_live/application/models/OrderModel.php 288
ERROR - 2018-11-22 11:16:16 --> Severity: Notice --> Undefined index: discount /var/www/html/watervale_live/application/models/OrderModel.php 288
ERROR - 2018-11-22 11:16:16 --> {"success":true,"success_message":"Order 00006 Updated successfully."}
ERROR - 2018-11-22 11:22:38 --> {"orderRef":"KuvoQsaz1OoP7nN8","userRef":"qOoAcdisbsO91v64","customerRef":"dXMJ1FSHdfYwMI5Z","orderRemarks":"","deliveryMethodRef":"4k6GrpPR1ZPOeuwR","newDeliveryMethod":"","newAreaCode":"","paymentMethodRef":"GLQ7xW9duKY7c6sU","dueDays":"","dueAmount":"","orderPipline":"2","orderStatus":"MAN","orderInProduction":"0","managerApprove":"1","approvalType":"management","preAuthorization":"","orderDiscount":"0","newCustomer":[],"orderItems":[{"itemName":"Sofa Fabric","itemRef":"PRO-9RHD-00004","qty":8,"saleUOM":"SsaleUoM","saleConvQty":"1","saleConvLength":"0","baseUOM":"SUoM","baseConvQty":"1","baseConvLength":"0","productionOnDemand":"0","transportCost":"","transportCostChanged":"30","discountType":"1","discount":"","variants":[{"item_variant_id":"11X12X13XwXSqaure","length":"11","width":"12","height":"13","color":"w","design":"Sqaure","qty":"5","price":"101","minPrice":"50","blockPercentage":"57","isCustomize":"0"},{"item_variant_id":"21X22X23XwXSqaure","length":"21","width":"22","height":"23","color":"w","design":"Sqaure","qty":"3","price":"201","minPrice":"50","blockPercentage":"57","isCustomize":"0"}]}]}
ERROR - 2018-11-22 11:22:38 --> Severity: Notice --> Undefined index: discount /var/www/html/watervale_live/application/models/OrderModel.php 288
ERROR - 2018-11-22 11:22:38 --> Severity: Notice --> Undefined index: discount /var/www/html/watervale_live/application/models/OrderModel.php 288
ERROR - 2018-11-22 11:22:38 --> {"success":true,"success_message":"Order 00006 Updated successfully."}
ERROR - 2018-11-22 11:40:03 --> {"orderRef":"","userRef":"qOoAcdisbsO91v64","customerRef":"dXMJ1FSHdfYwMI5Z","orderRemarks":"","deliveryMethodRef":"4k6GrpPR1ZPOeuwR","newDeliveryMethod":"","newAreaCode":"","paymentMethodRef":"GLQ7xW9duKY7c6sU","dueDays":"","dueAmount":"","orderPipline":"2","orderStatus":"MAN","orderInProduction":"0","managerApprove":"1","approvalType":"management","preAuthorization":"","orderDiscount":"80.25","newCustomer":[],"orderItems":[{"itemName":"Sofa Fabric","itemRef":"PRO-9RHD-00004","qty":5,"saleUOM":"SsaleUoM","saleConvQty":"1","saleConvLength":"0","baseUOM":"SUoM","baseConvQty":"1","baseConvLength":"0","productionOnDemand":"0","transportCost":"","transportCostChanged":"50","discountType":"1","discount":"10","variants":[{"item_variant_id":"11X12X13XwXSqaure","length":"11","width":"12","height":"13","color":"w","design":"Sqaure","qty":"2","price":"100.5","minPrice":"50","blockPercentage":"56.76","blockType":"TBlock Type","isCustomize":"0"},{"item_variant_id":"21X22X23XwXSqaure","length":"21","width":"22","height":"23","color":"w","design":"Sqaure","qty":"3","price":"200.5","minPrice":"50","blockPercentage":"56.76","blockType":"TBlock Type","isCustomize":"0"}]}]}
ERROR - 2018-11-22 11:40:03 --> {"success":true,"success_message":"Order 00007 Submitted successfully."}
ERROR - 2018-11-22 11:55:08 --> {"orderRef":"","userRef":"qOoAcdisbsO91v64","customerRef":"dXMJ1FSHdfYwMI5Z","orderRemarks":"","deliveryMethodRef":"4k6GrpPR1ZPOeuwR","newDeliveryMethod":"","newAreaCode":"","paymentMethodRef":"GLQ7xW9duKY7c6sU","dueDays":"","dueAmount":"","orderPipline":"2","orderStatus":"MAN","orderInProduction":"0","managerApprove":"1","approvalType":"management","preAuthorization":"","orderDiscount":"80.25","newCustomer":[],"orderItems":[{"itemName":"Sofa Fabric","itemRef":"PRO-9RHD-00004","qty":5,"saleUOM":"SsaleUoM","saleConvQty":"1","saleConvLength":"0","baseUOM":"SUoM","baseConvQty":"1","baseConvLength":"0","productionOnDemand":"0","transportCost":"","transportCostChanged":"50","discountType":"1","discount":"10","variants":[{"item_variant_id":"11X12X13XwXSqaure","length":"11","width":"12","height":"13","color":"w","design":"Sqaure","qty":"2","price":"100.5","minPrice":"50","blockPercentage":"56.76","blockType":"TBlock Type","isCustomize":"0"},{"item_variant_id":"21X22X23XwXSqaure","length":"21","width":"22","height":"23","color":"w","design":"Sqaure","qty":"3","price":"200.5","minPrice":"50","blockPercentage":"56.76","blockType":"TBlock Type","isCustomize":"0"}]}]}
ERROR - 2018-11-22 11:55:08 --> {"success":true,"success_message":"Order 00008 Submitted successfully."}
ERROR - 2018-11-22 11:55:25 --> {"orderRef":"UAeTGjCwtPwFnRIJ","userRef":"qOoAcdisbsO91v64","customerRef":"dXMJ1FSHdfYwMI5Z","orderRemarks":"","deliveryMethodRef":"4k6GrpPR1ZPOeuwR","newDeliveryMethod":"","newAreaCode":"","paymentMethodRef":"GLQ7xW9duKY7c6sU","dueDays":"","dueAmount":"","orderPipline":"2","orderStatus":"MAN","orderInProduction":"0","managerApprove":"1","approvalType":"management","preAuthorization":"","orderDiscount":"80.25","newCustomer":[],"orderItems":[{"itemName":"Sofa Fabric","itemRef":"PRO-9RHD-00004","qty":5,"saleUOM":"SsaleUoM","saleConvQty":"1","saleConvLength":"0","baseUOM":"SUoM","baseConvQty":"1","baseConvLength":"0","productionOnDemand":"0","transportCost":"","transportCostChanged":"50","discountType":"1","discount":"10","variants":[{"item_variant_id":"11X12X13XwXSqaure","length":"11","width":"12","height":"13","color":"w","design":"Sqaure","qty":"2","price":"100.5","minPrice":"50","blockPercentage":"56.76","isCustomize":"0"},{"item_variant_id":"21X22X23XwXSqaure","length":"21","width":"22","height":"23","color":"w","design":"Sqaure","qty":"3","price":"200.5","minPrice":"50","blockPercentage":"56.76","isCustomize":"0"}]}]}
ERROR - 2018-11-22 11:55:25 --> {"success":true,"success_message":"Order 00007 Updated successfully."}
ERROR - 2018-11-22 11:55:32 --> Severity: Notice --> Undefined index: data /var/www/html/watervale_live/application/controllers/api/Webservicecontroller.php 708
ERROR - 2018-11-22 11:57:39 --> {  "orderRef":"",
   "userRef":"JjgDalfOlUQWpSeL",
   "customerRef":"dXMJ1FSHdfYwMI5Z",
   "orderRemarks":"",
   "deliveryMethodRef":"4k6GrpPR1ZPOeuwR",
   "newDeliveryMethod":"",
   "newAreaCode":"",
   "paymentMethodRef":"GLQ7xW9duKY7c6sU",
   "dueDays":"",
   "dueAmount":"",
   "orderPipline":"2",
   "orderStatus":"MAN",
   "orderInProduction":"0",
   "managerApprove":"1",
   "approvalType":"management",
   "preAuthorization":"",
   "orderDiscount":"80.25",
   "newCustomer":[  

   ],
   "orderItems":[  
      {  
         "itemName":"Sofa Fabric",
         "itemRef":"PRO-9RHD-00004",
         "qty":5,
         "saleUOM":"SsaleUoM",
         "saleConvQty":"1",
         "saleConvLength":"0",
         "baseUOM":"SUoM",
         "baseConvQty":"1",
         "baseConvLength":"0",
         "productionOnDemand":"0",
         "transportCost":"",
         "transportCostChanged":"50",
         "discountType":"1",
         "discount":"10",
         "variants":[  
            {  
               "item_variant_id":"11X12X13XwXSqaure",
               "length":"11",
               "width":"12",
               "height":"13",
               "color":"w",
               "design":"Sqaure",
               "qty":"2",
               "price":"100.5",
               "minPrice":"50",
               "blockPercentage":"56.76",
               "blockType":"TBlock Type",
               "isCustomize":"0"
            },
            {  
               "item_variant_id":"21X22X23XwXSqaure",
               "length":"21",
               "width":"22",
               "height":"23",
               "color":"w",
               "design":"Sqaure",
               "qty":"3",
               "price":"200.5",
               "minPrice":"50",
               "blockPercentage":"56.76",
               "blockType":"TBlock Type",
               "isCustomize":"0"
            }
         ]
      }
   ]
}
ERROR - 2018-11-22 11:57:39 --> {"success":true,"success_message":"Order 00009 Submitted successfully."}
ERROR - 2018-11-22 12:00:14 --> {  "orderRef":"",
   "userRef":"JjgDalfOlUQWpSeL",
   "customerRef":"dXMJ1FSHdfYwMI5Z",
   "orderRemarks":"",
   "deliveryMethodRef":"4k6GrpPR1ZPOeuwR",
   "newDeliveryMethod":"",
   "newAreaCode":"",
   "paymentMethodRef":"GLQ7xW9duKY7c6sU",
   "dueDays":"",
   "dueAmount":"",
   "orderPipline":"2",
   "orderStatus":"MAN",
   "orderInProduction":"0",
   "managerApprove":"1",
   "approvalType":"management",
   "preAuthorization":"",
   "orderDiscount":"80.25",
   "newCustomer":[  

   ],
   "orderItems":[  
      {  
         "itemName":"Sofa Fabric",
         "itemRef":"PRO-9RHD-00004",
         "qty":5,
         "saleUOM":"SsaleUoM",
         "saleConvQty":"1",
         "saleConvLength":"0",
         "baseUOM":"SUoM",
         "baseConvQty":"1",
         "baseConvLength":"0",
         "productionOnDemand":"0",
         "transportCost":"",
         "transportCostChanged":"50",
         "discountType":"1",
         "discount":"10",
         "variants":[  
            {  
               "item_variant_id":"11X12X13XwXSqaure",
               "length":"11",
               "width":"12",
               "height":"13",
               "color":"w",
               "design":"Sqaure",
               "qty":"2",
               "price":"100.5",
               "minPrice":"50",
               "blockPercentage":"56.76",
               "blockType":"TBlock Type",
               "isCustomize":"0"
            },
            {  
               "item_variant_id":"21X22X23XwXSqaure",
               "length":"21",
               "width":"22",
               "height":"23",
               "color":"w",
               "design":"Sqaure",
               "qty":"3",
               "price":"200.5",
               "minPrice":"50",
               "blockPercentage":"56.76",
               "blockType":"TBlock Type",
               "isCustomize":"0"
            }
         ]
      }
   ]
}
ERROR - 2018-11-22 12:00:14 --> {"success":true,"success_message":"Order 00010 Submitted successfully."}
ERROR - 2018-11-22 12:00:18 --> Severity: Notice --> Undefined property: stdClass::$userName /var/www/html/watervale_live/application/views/items/index.php 94
ERROR - 2018-11-22 12:00:18 --> Severity: Notice --> Undefined property: stdClass::$userName /var/www/html/watervale_live/application/views/items/index.php 94
ERROR - 2018-11-22 12:00:18 --> Severity: Notice --> Undefined property: stdClass::$userName /var/www/html/watervale_live/application/views/items/index.php 94
ERROR - 2018-11-22 12:00:18 --> Severity: Notice --> Undefined property: stdClass::$userName /var/www/html/watervale_live/application/views/items/index.php 94
ERROR - 2018-11-22 12:01:01 --> {  "orderRef":"",
   "userRef":"JjgDalfOlUQWpSeL",
   "customerRef":"dXMJ1FSHdfYwMI5Z",
   "orderRemarks":"",
   "deliveryMethodRef":"4k6GrpPR1ZPOeuwR",
   "newDeliveryMethod":"",
   "newAreaCode":"",
   "paymentMethodRef":"GLQ7xW9duKY7c6sU",
   "dueDays":"",
   "dueAmount":"",
   "orderPipline":"2",
   "orderStatus":"MAN",
   "orderInProduction":"0",
   "managerApprove":"1",
   "approvalType":"management",
   "preAuthorization":"",
   "orderDiscount":"80.25",
   "newCustomer":[  

   ],
   "orderItems":[  
      {  
         "itemName":"Sofa Fabric",
         "itemRef":"PRO-9RHD-00004",
         "qty":5,
         "saleUOM":"SsaleUoM",
         "saleConvQty":"1",
         "saleConvLength":"0",
         "baseUOM":"SUoM",
         "baseConvQty":"1",
         "baseConvLength":"0",
         "productionOnDemand":"0",
         "transportCost":"",
         "transportCostChanged":"50",
         "discountType":"1",
         "discount":"10",
         "variants":[  
            {  
               "item_variant_id":"11X12X13XwXSqaure",
               "length":"11",
               "width":"12",
               "height":"13",
               "color":"w",
               "design":"Sqaure",
               "qty":"2",
               "price":"100.5",
               "minPrice":"50",
               "blockPercentage":"56.76",
               "blockType":"TBlock Type",
               "isCustomize":"0"
            },
            {  
               "item_variant_id":"21X22X23XwXSqaure",
               "length":"21",
               "width":"22",
               "height":"23",
               "color":"w",
               "design":"Sqaure",
               "qty":"3",
               "price":"200.5",
               "minPrice":"50",
               "blockPercentage":"56.76",
               "blockType":"TBlock Type",
               "isCustomize":"0"
            }
         ]
      }
   ]
}
ERROR - 2018-11-22 12:01:01 --> {"success":true,"success_message":"Order 00011 Submitted successfully."}
ERROR - 2018-11-22 12:02:27 --> {  "orderRef":"",
   "userRef":"JjgDalfOlUQWpSeL",
   "customerRef":"dXMJ1FSHdfYwMI5Z",
   "orderRemarks":"",
   "deliveryMethodRef":"4k6GrpPR1ZPOeuwR",
   "newDeliveryMethod":"",
   "newAreaCode":"",
   "paymentMethodRef":"GLQ7xW9duKY7c6sU",
   "dueDays":"",
   "dueAmount":"",
   "orderPipline":"2",
   "orderStatus":"MAN",
   "orderInProduction":"0",
   "managerApprove":"1",
   "approvalType":"management",
   "preAuthorization":"",
   "orderDiscount":"80.25",
   "newCustomer":[  

   ],
   "orderItems":[  
      {  
         "itemName":"Sofa Fabric",
         "itemRef":"PRO-9RHD-00004",
         "qty":5,
         "saleUOM":"SsaleUoM",
         "saleConvQty":"1",
         "saleConvLength":"0",
         "baseUOM":"SUoM",
         "baseConvQty":"1",
         "baseConvLength":"0",
         "productionOnDemand":"0",
         "transportCost":"",
         "transportCostChanged":"50",
         "discountType":"1",
         "discount":"10",
         "variants":[  
            {  
               "item_variant_id":"11X12X13XwXSqaure",
               "length":"11",
               "width":"12",
               "height":"13",
               "color":"w",
               "design":"Sqaure",
               "qty":"2",
               "price":"100.5",
               "minPrice":"50",
               "blockPercentage":"56.76",
               "blockType":"TBlock Type",
               "isCustomize":"0"
            },
            {  
               "item_variant_id":"21X22X23XwXSqaure",
               "length":"21",
               "width":"22",
               "height":"23",
               "color":"w",
               "design":"Sqaure",
               "qty":"3",
               "price":"200.5",
               "minPrice":"50",
               "blockPercentage":"56.76",
               "blockType":"TBlock Type",
               "isCustomize":"0"
            }
         ]
      }
   ]
}
ERROR - 2018-11-22 12:02:27 --> {"success":true,"success_message":"Order 00012 Submitted successfully."}
ERROR - 2018-11-22 12:02:37 --> {  "orderRef":"",
   "userRef":"JjgDalfOlUQWpSeL",
   "customerRef":"dXMJ1FSHdfYwMI5Z",
   "orderRemarks":"",
   "deliveryMethodRef":"4k6GrpPR1ZPOeuwR",
   "newDeliveryMethod":"",
   "newAreaCode":"",
   "paymentMethodRef":"GLQ7xW9duKY7c6sU",
   "dueDays":"",
   "dueAmount":"",
   "orderPipline":"2",
   "orderStatus":"MAN",
   "orderInProduction":"0",
   "managerApprove":"1",
   "approvalType":"management",
   "preAuthorization":"",
   "orderDiscount":"80.25",
   "newCustomer":[  

   ],
   "orderItems":[  
      {  
         "itemName":"Sofa Fabric",
         "itemRef":"PRO-9RHD-00004",
         "qty":5,
         "saleUOM":"SsaleUoM",
         "saleConvQty":"1",
         "saleConvLength":"0",
         "baseUOM":"SUoM",
         "baseConvQty":"1",
         "baseConvLength":"0",
         "productionOnDemand":"0",
         "transportCost":"",
         "transportCostChanged":"50",
         "discountType":"1",
         "discount":"10",
         "variants":[  
            {  
               "item_variant_id":"11X12X13XwXSqaure",
               "length":"11",
               "width":"12",
               "height":"13",
               "color":"w",
               "design":"Sqaure",
               "qty":"2",
               "price":"100.5",
               "minPrice":"50",
               "blockPercentage":"56.76",
               "blockType":"TBlock Type",
               "isCustomize":"0"
            },
            {  
               "item_variant_id":"21X22X23XwXSqaure",
               "length":"21",
               "width":"22",
               "height":"23",
               "color":"w",
               "design":"Sqaure",
               "qty":"3",
               "price":"200.5",
               "minPrice":"50",
               "blockPercentage":"56.76",
               "blockType":"TBlock Type",
               "isCustomize":"0"
            }
         ]
      }
   ]
}
ERROR - 2018-11-22 12:02:37 --> {"success":true,"success_message":"Order 00013 Submitted successfully.500"}
ERROR - 2018-11-22 12:03:15 --> {  "orderRef":"",
   "userRef":"JjgDalfOlUQWpSeL",
   "customerRef":"dXMJ1FSHdfYwMI5Z",
   "orderRemarks":"",
   "deliveryMethodRef":"4k6GrpPR1ZPOeuwR",
   "newDeliveryMethod":"",
   "newAreaCode":"",
   "paymentMethodRef":"GLQ7xW9duKY7c6sU",
   "dueDays":"",
   "dueAmount":"",
   "orderPipline":"2",
   "orderStatus":"MAN",
   "orderInProduction":"0",
   "managerApprove":"1",
   "approvalType":"management",
   "preAuthorization":"",
   "orderDiscount":"80.25",
   "newCustomer":[  

   ],
   "orderItems":[  
      {  
         "itemName":"Sofa Fabric",
         "itemRef":"PRO-9RHD-00004",
         "qty":5,
         "saleUOM":"SsaleUoM",
         "saleConvQty":"1",
         "saleConvLength":"0",
         "baseUOM":"SUoM",
         "baseConvQty":"1",
         "baseConvLength":"0",
         "productionOnDemand":"0",
         "transportCost":"",
         "transportCostChanged":"50",
         "discountType":"1",
         "discount":"10",
         "variants":[  
            {  
               "item_variant_id":"11X12X13XwXSqaure",
               "length":"11",
               "width":"12",
               "height":"13",
               "color":"w",
               "design":"Sqaure",
               "qty":"2",
               "price":"100.5",
               "minPrice":"50",
               "blockPercentage":"56.76",
               "blockType":"TBlock Type",
               "isCustomize":"0"
            },
            {  
               "item_variant_id":"21X22X23XwXSqaure",
               "length":"21",
               "width":"22",
               "height":"23",
               "color":"w",
               "design":"Sqaure",
               "qty":"3",
               "price":"200.5",
               "minPrice":"50",
               "blockPercentage":"56.76",
               "blockType":"TBlock Type",
               "isCustomize":"0"
            }
         ]
      }
   ]
}
ERROR - 2018-11-22 12:03:15 --> {"success":true,"success_message":"Order 00014 Submitted successfully.500"}
ERROR - 2018-11-22 12:03:55 --> {  "orderRef":"",
   "userRef":"JjgDalfOlUQWpSeL",
   "customerRef":"dXMJ1FSHdfYwMI5Z",
   "orderRemarks":"",
   "deliveryMethodRef":"4k6GrpPR1ZPOeuwR",
   "newDeliveryMethod":"",
   "newAreaCode":"",
   "paymentMethodRef":"GLQ7xW9duKY7c6sU",
   "dueDays":"",
   "dueAmount":"",
   "orderPipline":"2",
   "orderStatus":"MAN",
   "orderInProduction":"0",
   "managerApprove":"1",
   "approvalType":"management",
   "preAuthorization":"",
   "orderDiscount":"80.25",
   "newCustomer":[  

   ],
   "orderItems":[  
      {  
         "itemName":"Sofa Fabric",
         "itemRef":"PRO-9RHD-00004",
         "qty":5,
         "saleUOM":"SsaleUoM",
         "saleConvQty":"1",
         "saleConvLength":"0",
         "baseUOM":"SUoM",
         "baseConvQty":"1",
         "baseConvLength":"0",
         "productionOnDemand":"0",
         "transportCost":"",
         "transportCostChanged":"50",
         "discountType":"1",
         "discount":"10",
         "variants":[  
            {  
               "item_variant_id":"11X12X13XwXSqaure",
               "length":"11",
               "width":"12",
               "height":"13",
               "color":"w",
               "design":"Sqaure",
               "qty":"2",
               "price":"100.5",
               "minPrice":"50",
               "blockPercentage":"56.76",
               "blockType":"TBlock Type",
               "isCustomize":"0"
            },
            {  
               "item_variant_id":"21X22X23XwXSqaure",
               "length":"21",
               "width":"22",
               "height":"23",
               "color":"w",
               "design":"Sqaure",
               "qty":"3",
               "price":"200.5",
               "minPrice":"50",
               "blockPercentage":"56.76",
               "blockType":"TBlock Type",
               "isCustomize":"0"
            }
         ]
      }
   ]
}
ERROR - 2018-11-22 12:03:55 --> {"success":true,"success_message":"Order 00015 Submitted successfully.250"}
ERROR - 2018-11-22 12:04:18 --> {  "orderRef":"",
   "userRef":"JjgDalfOlUQWpSeL",
   "customerRef":"dXMJ1FSHdfYwMI5Z",
   "orderRemarks":"",
   "deliveryMethodRef":"4k6GrpPR1ZPOeuwR",
   "newDeliveryMethod":"",
   "newAreaCode":"",
   "paymentMethodRef":"GLQ7xW9duKY7c6sU",
   "dueDays":"",
   "dueAmount":"",
   "orderPipline":"2",
   "orderStatus":"MAN",
   "orderInProduction":"0",
   "managerApprove":"1",
   "approvalType":"management",
   "preAuthorization":"",
   "orderDiscount":"80.25",
   "newCustomer":[  

   ],
   "orderItems":[  
      {  
         "itemName":"Sofa Fabric",
         "itemRef":"PRO-9RHD-00004",
         "qty":5,
         "saleUOM":"SsaleUoM",
         "saleConvQty":"1",
         "saleConvLength":"0",
         "baseUOM":"SUoM",
         "baseConvQty":"1",
         "baseConvLength":"0",
         "productionOnDemand":"0",
         "transportCost":"",
         "transportCostChanged":"50",
         "discountType":"1",
         "discount":"10",
         "variants":[  
            {  
               "item_variant_id":"11X12X13XwXSqaure",
               "length":"11",
               "width":"12",
               "height":"13",
               "color":"w",
               "design":"Sqaure",
               "qty":"2",
               "price":"100.5",
               "minPrice":"50",
               "blockPercentage":"56.76",
               "blockType":"TBlock Type",
               "isCustomize":"0"
            },
            {  
               "item_variant_id":"21X22X23XwXSqaure",
               "length":"21",
               "width":"22",
               "height":"23",
               "color":"w",
               "design":"Sqaure",
               "qty":"3",
               "price":"200.5",
               "minPrice":"50",
               "blockPercentage":"56.76",
               "blockType":"TBlock Type",
               "isCustomize":"0"
            }
         ]
      }
   ]
}
ERROR - 2018-11-22 12:04:18 --> {"success":true,"success_message":"Order 00016 Submitted successfully."}
ERROR - 2018-11-22 12:04:33 --> 404 Page Not Found: Img/favicon.png
ERROR - 2018-11-22 12:04:42 --> Severity: Notice --> Undefined property: stdClass::$userName /var/www/html/watervale_live/application/views/items/index.php 94
ERROR - 2018-11-22 12:04:42 --> Severity: Notice --> Undefined property: stdClass::$userName /var/www/html/watervale_live/application/views/items/index.php 94
ERROR - 2018-11-22 12:04:42 --> Severity: Notice --> Undefined property: stdClass::$userName /var/www/html/watervale_live/application/views/items/index.php 94
ERROR - 2018-11-22 12:04:42 --> Severity: Notice --> Undefined property: stdClass::$userName /var/www/html/watervale_live/application/views/items/index.php 94
ERROR - 2018-11-22 12:04:46 --> 404 Page Not Found: Order-details/img
ERROR - 2018-11-22 12:13:15 --> Severity: Notice --> Undefined property: stdClass::$userName /var/www/html/watervale_live/application/views/items/index.php 94
ERROR - 2018-11-22 12:15:08 --> Severity: Notice --> Undefined property: stdClass::$userName /var/www/html/watervale_live/application/views/items/index.php 94
ERROR - 2018-11-22 12:15:21 --> Severity: Notice --> Undefined property: stdClass::$userName /var/www/html/watervale_live/application/views/items/index.php 94
ERROR - 2018-11-22 12:17:51 --> Severity: Notice --> Undefined property: stdClass::$userName /var/www/html/watervale_live/application/views/items/index.php 94
ERROR - 2018-11-22 12:17:52 --> 404 Page Not Found: Img/favicon.png
ERROR - 2018-11-22 12:17:55 --> Severity: Notice --> Undefined property: stdClass::$userName /var/www/html/watervale_live/application/views/items/index.php 94
ERROR - 2018-11-22 12:19:52 --> Severity: Notice --> Undefined property: stdClass::$userName /var/www/html/watervale_live/application/views/items/index.php 94
ERROR - 2018-11-22 12:26:28 --> Severity: Notice --> Undefined property: stdClass::$userName /var/www/html/watervale_live/application/views/items/index.php 94
ERROR - 2018-11-22 12:26:41 --> Severity: Notice --> Undefined property: stdClass::$userName /var/www/html/watervale_live/application/views/items/index.php 94
ERROR - 2018-11-22 12:26:44 --> 404 Page Not Found: Img/favicon.png
ERROR - 2018-11-22 12:38:54 --> {"orderRef":"","userRef":"XUe7oDvLiJlGTFqu","customerRef":"dXMJ1FSHdfYwMI5Z","orderRemarks":"","deliveryMethodRef":"4k6GrpPR1ZPOeuwR","newDeliveryMethod":"","newAreaCode":"","paymentMethodRef":"GLQ7xW9duKY7c6sU","dueDays":"","dueAmount":"","orderPipline":"3","orderStatus":"queued","orderInProduction":"1","managerApprove":"1","approvalType":"management","preAuthorization":"","orderDiscount":"1202.76","newCustomer":[],"orderItems":[{"itemName":"Sofa Fabric","itemRef":"PRO-F4BJ-00001","qty":15,"saleUOM":"SUoM","saleConvQty":"1","saleConvLength":"0","baseUOM":"TUoM","baseConvQty":"1","baseConvLength":"0","productionOnDemand":"1","transportCost":"","transportCostChanged":"100","discountType":"1","discount":"40","variants":[{"item_variant_id":"11X12X13XWXSquare","length":"11","width":"12","height":"13","color":"W","design":"Square","qty":"7","price":"200.30","minPrice":"150.00","blockPercentage":"50.99","blockType":"SblockT","isCustomize":"0"},{"item_variant_id":"11X12X13XZXSquare","length":"11","width":"12","height":"13","color":"Z","design":"Square","qty":"8","price":"200.60","minPrice":"150.00","blockPercentage":"50.99","blockType":"SblockT","isCustomize":"0"}]}]}
ERROR - 2018-11-22 12:38:54 --> {"success":true,"success_message":"Order 00001 Submitted successfully."}
ERROR - 2018-11-22 12:41:03 --> {"orderRef":"","userRef":"XUe7oDvLiJlGTFqu","customerRef":"dXMJ1FSHdfYwMI5Z","orderRemarks":"","deliveryMethodRef":"4k6GrpPR1ZPOeuwR","newDeliveryMethod":"","newAreaCode":"","paymentMethodRef":"GLQ7xW9duKY7c6sU","dueDays":"","dueAmount":"","orderPipline":"3","orderStatus":"queued","orderInProduction":"1","managerApprove":"1","approvalType":"management","preAuthorization":"","orderDiscount":"0","newCustomer":[],"orderItems":[{"itemName":"Sofa Fabric","itemRef":"PRO-F4BJ-00001","qty":4,"saleUOM":"SUoM","saleConvQty":"1","saleConvLength":"0","baseUOM":"TUoM","baseConvQty":"1","baseConvLength":"0","productionOnDemand":"1","transportCost":"0","transportCostChanged":"","discountType":"1","discount":"","variants":[{"item_variant_id":"11X12X13XWXSquare","length":"11","width":"12","height":"13","color":"W","design":"Square","qty":"2","price":"100","minPrice":"150.00","blockPercentage":"50.99","blockType":"SblockT","isCustomize":"0"},{"item_variant_id":"11X12X13XZXSquare","length":"11","width":"12","height":"13","color":"Z","design":"Square","qty":"2","price":"200","minPrice":"150.00","blockPercentage":"50.99","blockType":"SblockT","isCustomize":"0"}]}]}
ERROR - 2018-11-22 12:41:03 --> Severity: Notice --> Undefined index: discount /var/www/html/watervale_live/application/models/OrderModel.php 297
ERROR - 2018-11-22 12:41:03 --> Severity: Notice --> Undefined index: discount /var/www/html/watervale_live/application/models/OrderModel.php 297
ERROR - 2018-11-22 12:41:03 --> {"success":true,"success_message":"Order 00002 Submitted successfully."}
ERROR - 2018-11-22 12:41:06 --> {"orderRef":"","userRef":"XUe7oDvLiJlGTFqu","customerRef":"dXMJ1FSHdfYwMI5Z","orderRemarks":"","deliveryMethodRef":"4k6GrpPR1ZPOeuwR","newDeliveryMethod":"","newAreaCode":"","paymentMethodRef":"GLQ7xW9duKY7c6sU","dueDays":"","dueAmount":"","orderPipline":"3","orderStatus":"queued","orderInProduction":"1","managerApprove":"1","approvalType":"management","preAuthorization":"","orderDiscount":"0","newCustomer":[],"orderItems":[{"itemName":"Sofa Fabric","itemRef":"PRO-F4BJ-00001","qty":4,"saleUOM":"SUoM","saleConvQty":"1","saleConvLength":"0","baseUOM":"TUoM","baseConvQty":"1","baseConvLength":"0","productionOnDemand":"1","transportCost":"0","transportCostChanged":"","discountType":"1","discount":"","variants":[{"item_variant_id":"11X12X13XWXSquare","length":"11","width":"12","height":"13","color":"W","design":"Square","qty":"2","price":"100","minPrice":"150.00","blockPercentage":"50.99","blockType":"SblockT","isCustomize":"0"},{"item_variant_id":"11X12X13XZXSquare","length":"11","width":"12","height":"13","color":"Z","design":"Square","qty":"2","price":"200","minPrice":"150.00","blockPercentage":"50.99","blockType":"SblockT","isCustomize":"0"}]}]}
ERROR - 2018-11-22 12:41:06 --> Severity: Notice --> Undefined index: discount /var/www/html/watervale_live/application/models/OrderModel.php 297
ERROR - 2018-11-22 12:41:06 --> Severity: Notice --> Undefined index: discount /var/www/html/watervale_live/application/models/OrderModel.php 297
ERROR - 2018-11-22 12:41:06 --> {"success":true,"success_message":"Order 00003 Submitted successfully."}
ERROR - 2018-11-22 12:45:18 --> {"orderRef":"","userRef":"XUe7oDvLiJlGTFqu","customerRef":"dXMJ1FSHdfYwMI5Z","orderRemarks":"","deliveryMethodRef":"4k6GrpPR1ZPOeuwR","newDeliveryMethod":"","newAreaCode":"","paymentMethodRef":"GLQ7xW9duKY7c6sU","dueDays":"","dueAmount":"","orderPipline":"2","orderStatus":"MAN","orderInProduction":"0","managerApprove":"1","approvalType":"management","preAuthorization":"","orderDiscount":"0","newCustomer":[],"orderItems":[{"itemName":"Sofa Fabric","itemRef":"PRO-F4BJ-00001","qty":5,"saleUOM":"SUoM","saleConvQty":"1","saleConvLength":"0","baseUOM":"TUoM","baseConvQty":"1","baseConvLength":"0","productionOnDemand":"0","transportCost":"0","transportCostChanged":"","discountType":"1","discount":"","variants":[{"item_variant_id":"11X12X13XWXSquare","length":"11","width":"12","height":"13","color":"W","design":"Square","qty":"4","price":"5","minPrice":"150.00","blockPercentage":"50.99","blockType":"SblockT","isCustomize":"0"},{"item_variant_id":"11X12X13XZXSquare","length":"11","width":"12","height":"13","color":"Z","design":"Square","qty":"1","price":"20","minPrice":"150.00","blockPercentage":"50.99","blockType":"SblockT","isCustomize":"0"}]}]}
ERROR - 2018-11-22 12:45:18 --> Severity: Notice --> Undefined index: discount /var/www/html/watervale_live/application/models/OrderModel.php 297
ERROR - 2018-11-22 12:45:18 --> Severity: Notice --> Undefined index: discount /var/www/html/watervale_live/application/models/OrderModel.php 297
ERROR - 2018-11-22 12:45:18 --> {"success":true,"success_message":"Order 00004 Submitted successfully."}
ERROR - 2018-11-22 12:47:44 --> {"orderRef":"Ssn7blXI43tE7Vgi","userRef":"XUe7oDvLiJlGTFqu","customerRef":"dXMJ1FSHdfYwMI5Z","orderRemarks":"","deliveryMethodRef":"4k6GrpPR1ZPOeuwR","newDeliveryMethod":"","newAreaCode":"","paymentMethodRef":"GLQ7xW9duKY7c6sU","dueDays":"","dueAmount":"","orderPipline":"2","orderStatus":"MAN","orderInProduction":"0","managerApprove":"1","approvalType":"management","preAuthorization":"","orderDiscount":"0","newCustomer":[],"orderItems":[{"itemName":"Sofa Fabric","itemRef":"PRO-F4BJ-00001","qty":5,"saleUOM":"SUoM","saleConvQty":"1","saleConvLength":"0","baseUOM":"TUoM","baseConvQty":"1","baseConvLength":"0","productionOnDemand":"0","transportCost":"","transportCostChanged":"10","discountType":"1","discount":"0","variants":[{"item_variant_id":"11X12X13XWXSquare","length":"11","width":"12","height":"13","color":"W","design":"Square","qty":"4","price":"5","minPrice":"150.00","blockPercentage":"50.99","isCustomize":"0"},{"item_variant_id":"11X12X13XZXSquare","length":"11","width":"12","height":"13","color":"Z","design":"Square","qty":"1","price":"20","minPrice":"150.00","blockPercentage":"50.99","isCustomize":"0"}]}]}
ERROR - 2018-11-22 12:47:44 --> Severity: Notice --> Undefined index: discount /var/www/html/watervale_live/application/models/OrderModel.php 297
ERROR - 2018-11-22 12:47:44 --> Severity: Notice --> Undefined index: discount /var/www/html/watervale_live/application/models/OrderModel.php 297
ERROR - 2018-11-22 12:47:44 --> {"success":true,"success_message":"Order 00004 Submitted successfully."}
ERROR - 2018-11-22 12:47:50 --> {"orderRef":"Ssn7blXI43tE7Vgi","userRef":"XUe7oDvLiJlGTFqu","customerRef":"dXMJ1FSHdfYwMI5Z","orderRemarks":"","deliveryMethodRef":"4k6GrpPR1ZPOeuwR","newDeliveryMethod":"","newAreaCode":"","paymentMethodRef":"GLQ7xW9duKY7c6sU","dueDays":"","dueAmount":"","orderPipline":"2","orderStatus":"MAN","orderInProduction":"0","managerApprove":"1","approvalType":"management","preAuthorization":"","orderDiscount":"0","newCustomer":[],"orderItems":[{"itemName":"Sofa Fabric","itemRef":"PRO-F4BJ-00001","qty":5,"saleUOM":"SUoM","saleConvQty":"1","saleConvLength":"0","baseUOM":"TUoM","baseConvQty":"1","baseConvLength":"0","productionOnDemand":"0","transportCost":"","transportCostChanged":"10","discountType":"1","discount":"0","variants":[{"item_variant_id":"11X12X13XWXSquare","length":"11","width":"12","height":"13","color":"W","design":"Square","qty":"4","price":"5","minPrice":"150.00","blockPercentage":"50.99","isCustomize":"0"},{"item_variant_id":"11X12X13XZXSquare","length":"11","width":"12","height":"13","color":"Z","design":"Square","qty":"1","price":"20","minPrice":"150.00","blockPercentage":"50.99","isCustomize":"0"}]}]}
ERROR - 2018-11-22 12:47:50 --> Severity: Notice --> Undefined index: discount /var/www/html/watervale_live/application/models/OrderModel.php 297
ERROR - 2018-11-22 12:47:50 --> Severity: Notice --> Undefined index: discount /var/www/html/watervale_live/application/models/OrderModel.php 297
ERROR - 2018-11-22 12:47:50 --> {"success":true,"success_message":"Order 00004 Updated successfully."}
ERROR - 2018-11-22 12:48:30 --> {"orderRef":"Ssn7blXI43tE7Vgi","userRef":"XUe7oDvLiJlGTFqu","customerRef":"dXMJ1FSHdfYwMI5Z","orderRemarks":"","deliveryMethodRef":"4k6GrpPR1ZPOeuwR","newDeliveryMethod":"","newAreaCode":"","paymentMethodRef":"GLQ7xW9duKY7c6sU","dueDays":"","dueAmount":"","orderPipline":"2","orderStatus":"MAN","orderInProduction":"0","managerApprove":"1","approvalType":"management","preAuthorization":"","orderDiscount":"0","newCustomer":[],"orderItems":[{"itemName":"Sofa Fabric","itemRef":"PRO-F4BJ-00001","qty":5,"saleUOM":"SUoM","saleConvQty":"1","saleConvLength":"0","baseUOM":"TUoM","baseConvQty":"1","baseConvLength":"0","productionOnDemand":"0","transportCost":"","transportCostChanged":"10","discountType":"1","discount":"0","variants":[{"item_variant_id":"11X12X13XWXSquare","length":"11","width":"12","height":"13","color":"W","design":"Square","qty":"4","price":"5","minPrice":"150.00","blockPercentage":"50.99","isCustomize":"0"},{"item_variant_id":"11X12X13XZXSquare","length":"11","width":"12","height":"13","color":"Z","design":"Square","qty":"1","price":"20","minPrice":"150.00","blockPercentage":"50.99","isCustomize":"0"}]}]}
ERROR - 2018-11-22 12:48:30 --> Severity: Notice --> Undefined index: discount /var/www/html/watervale_live/application/models/OrderModel.php 297
ERROR - 2018-11-22 12:48:30 --> Severity: Notice --> Undefined index: discount /var/www/html/watervale_live/application/models/OrderModel.php 297
ERROR - 2018-11-22 12:48:30 --> {"success":true,"success_message":"Order 00004 Updated successfully."}
ERROR - 2018-11-22 12:48:37 --> {"orderRef":"Ssn7blXI43tE7Vgi","userRef":"XUe7oDvLiJlGTFqu","customerRef":"dXMJ1FSHdfYwMI5Z","orderRemarks":"","deliveryMethodRef":"4k6GrpPR1ZPOeuwR","newDeliveryMethod":"","newAreaCode":"","paymentMethodRef":"GLQ7xW9duKY7c6sU","dueDays":"","dueAmount":"","orderPipline":"2","orderStatus":"MAN","orderInProduction":"0","managerApprove":"1","approvalType":"management","preAuthorization":"","orderDiscount":"0","newCustomer":[],"orderItems":[{"itemName":"Sofa Fabric","itemRef":"PRO-F4BJ-00001","qty":5,"saleUOM":"SUoM","saleConvQty":"1","saleConvLength":"0","baseUOM":"TUoM","baseConvQty":"1","baseConvLength":"0","productionOnDemand":"0","transportCost":"","transportCostChanged":"10","discountType":"1","discount":"0","variants":[{"item_variant_id":"11X12X13XWXSquare","length":"11","width":"12","height":"13","color":"W","design":"Square","qty":"4","price":"5","minPrice":"150.00","blockPercentage":"50.99","isCustomize":"0"},{"item_variant_id":"11X12X13XZXSquare","length":"11","width":"12","height":"13","color":"Z","design":"Square","qty":"1","price":"20","minPrice":"150.00","blockPercentage":"50.99","isCustomize":"0"}]}]}
ERROR - 2018-11-22 12:48:37 --> Severity: Notice --> Undefined index: discount /var/www/html/watervale_live/application/models/OrderModel.php 297
ERROR - 2018-11-22 12:48:37 --> Severity: Notice --> Undefined index: discount /var/www/html/watervale_live/application/models/OrderModel.php 297
ERROR - 2018-11-22 12:48:37 --> {"success":true,"success_message":"Order 00004 Updated successfully."}
ERROR - 2018-11-22 12:49:05 --> {"orderRef":"Ssn7blXI43tE7Vgi","userRef":"XUe7oDvLiJlGTFqu","customerRef":"dXMJ1FSHdfYwMI5Z","orderRemarks":"","deliveryMethodRef":"4k6GrpPR1ZPOeuwR","newDeliveryMethod":"","newAreaCode":"","paymentMethodRef":"GLQ7xW9duKY7c6sU","dueDays":"","dueAmount":"","orderPipline":"2","orderStatus":"MAN","orderInProduction":"0","managerApprove":"1","approvalType":"management","preAuthorization":"","orderDiscount":"0","newCustomer":[],"orderItems":[{"itemName":"Sofa Fabric","itemRef":"PRO-F4BJ-00001","qty":5,"saleUOM":"SUoM","saleConvQty":"1","saleConvLength":"0","baseUOM":"TUoM","baseConvQty":"1","baseConvLength":"0","productionOnDemand":"0","transportCost":"","transportCostChanged":"10","discountType":"1","discount":"0","variants":[{"item_variant_id":"11X12X13XWXSquare","length":"11","width":"12","height":"13","color":"W","design":"Square","qty":"4","price":"5","minPrice":"150.00","blockPercentage":"50.99","isCustomize":"0"},{"item_variant_id":"11X12X13XZXSquare","length":"11","width":"12","height":"13","color":"Z","design":"Square","qty":"1","price":"20","minPrice":"150.00","blockPercentage":"50.99","isCustomize":"0"}]}]}
ERROR - 2018-11-22 12:49:05 --> Severity: Notice --> Undefined index: discount /var/www/html/watervale_live/application/models/OrderModel.php 297
ERROR - 2018-11-22 12:49:05 --> Severity: Notice --> Undefined index: discount /var/www/html/watervale_live/application/models/OrderModel.php 297
ERROR - 2018-11-22 12:49:05 --> {"success":true,"success_message":"Order 00004 Updated successfully."}
ERROR - 2018-11-22 12:52:05 --> {"orderRef":"","userRef":"XUe7oDvLiJlGTFqu","customerRef":"dXMJ1FSHdfYwMI5Z","orderRemarks":"","deliveryMethodRef":"4k6GrpPR1ZPOeuwR","newDeliveryMethod":"","newAreaCode":"","paymentMethodRef":"GLQ7xW9duKY7c6sU","dueDays":"","dueAmount":"","orderPipline":"2","orderStatus":"MAN","orderInProduction":"0","managerApprove":"1","approvalType":"management","preAuthorization":"","orderDiscount":"0","newCustomer":[],"orderItems":[{"itemName":"Sofa Fabric","itemRef":"PRO-F4BJ-00001","qty":15,"saleUOM":"SUoM","saleConvQty":"1","saleConvLength":"0","baseUOM":"TUoM","baseConvQty":"1","baseConvLength":"0","productionOnDemand":"0","transportCost":"0","transportCostChanged":"","discountType":"1","discount":"","variants":[{"item_variant_id":"11X12X13XWXSquare","length":"11","width":"12","height":"13","color":"W","design":"Square","qty":"5","price":"2","minPrice":"150.00","blockPercentage":"50.99","blockType":"SblockT","isCustomize":"0"},{"item_variant_id":"11X12X13XZXSquare","length":"11","width":"12","height":"13","color":"Z","design":"Square","qty":"10","price":"5","minPrice":"150.00","blockPercentage":"50.99","blockType":"SblockT","isCustomize":"0"}]}]}
ERROR - 2018-11-22 12:52:05 --> Severity: Notice --> Undefined index: discount /var/www/html/watervale_live/application/models/OrderModel.php 297
ERROR - 2018-11-22 12:52:05 --> Severity: Notice --> Undefined index: discount /var/www/html/watervale_live/application/models/OrderModel.php 297
ERROR - 2018-11-22 12:52:05 --> {"success":true,"success_message":"Order 00005 Submitted successfully."}
ERROR - 2018-11-22 12:53:13 --> {  
    "orderRef":"",
    "userRef":"XUe7oDvLiJlGTFqu",
    "customerRef":"dXMJ1FSHdfYwMI5Z",
    "orderRemarks":"",
    "deliveryMethodRef":"4k6GrpPR1ZPOeuwR",
    "newDeliveryMethod":"",
    "newAreaCode":"",
    "paymentMethodRef":"GLQ7xW9duKY7c6sU",
    "dueDays":"",
    "dueAmount":"",
    "orderPipline":"2",
    "orderStatus":"MAN",
    "orderInProduction":"0",
    "managerApprove":"1",
    "approvalType":"management",
    "preAuthorization":"",
    "orderDiscount":"0",
    "newCustomer":[  

    ],
    "orderItems":[  
        {  
            "itemName":"Sofa Fabric",
            "itemRef":"PRO-F4BJ-00001",
            "qty":15,
            "saleUOM":"SUoM",
            "saleConvQty":"1",
            "saleConvLength":"0",
            "baseUOM":"TUoM",
            "baseConvQty":"1",
            "baseConvLength":"0",
            "productionOnDemand":"0",
            "transportCost":"0",
            "transportCostChanged":"",
            "discountType":"1",
            "discount":"",
            "variants":[  
                {  
                    "item_variant_id":"11X12X13XWXSquare",
                    "length":"11",
                    "width":"12",
                    "height":"13",
                    "color":"W",
                    "design":"Square",
                    "qty":"5",
                    "price":"2",
                    "minPrice":"150.00",
                    "blockPercentage":"50.99",
                    "blockType":"SblockT",
                    "isCustomize":"0"
                },
                {  
                    "item_variant_id":"11X12X13XZXSquare",
                    "length":"11",
                    "width":"12",
                    "height":"13",
                    "color":"Z",
                    "design":"Square",
                    "qty":"10",
                    "price":"5",
                    "minPrice":"150.00",
                    "blockPercentage":"50.99",
                    "blockType":"SblockT",
                    "isCustomize":"0"
                }
            ]
        }
    ]
}
ERROR - 2018-11-22 12:53:13 --> Severity: Notice --> Undefined index: discount /var/www/html/watervale_live/application/models/OrderModel.php 297
ERROR - 2018-11-22 12:53:13 --> Severity: Notice --> Undefined index: discount /var/www/html/watervale_live/application/models/OrderModel.php 297
ERROR - 2018-11-22 12:53:13 --> {"success":true,"success_message":"Order 00006 Submitted successfully."}
ERROR - 2018-11-22 12:55:48 --> {"orderRef":"","userRef":"qOoAcdisbsO91v64","customerRef":"dXMJ1FSHdfYwMI5Z","orderRemarks":"","deliveryMethodRef":"4k6GrpPR1ZPOeuwR","newDeliveryMethod":"","newAreaCode":"","paymentMethodRef":"GLQ7xW9duKY7c6sU","dueDays":"","dueAmount":"","orderPipline":"2","orderStatus":"MAN","orderInProduction":"0","managerApprove":"1","approvalType":"management","preAuthorization":"","orderDiscount":"100.18","newCustomer":[],"orderItems":[{"itemName":"Sofa Fabric","itemRef":"PRO-F4BJ-00001","qty":4,"saleUOM":"SUoM","saleConvQty":"1","saleConvLength":"0","baseUOM":"TUoM","baseConvQty":"1","baseConvLength":"0","productionOnDemand":"0","transportCost":"","transportCostChanged":"10","discountType":"1","discount":"10","variants":[{"item_variant_id":"11X12X13XWXSquare","length":"11","width":"12","height":"13","color":"W","design":"Square","qty":"2","price":"200.30","minPrice":"150.00","blockPercentage":"50.99","blockType":"SblockT","isCustomize":"0"},{"item_variant_id":"11X12X13XZXSquare","length":"11","width":"12","height":"13","color":"Z","design":"Square","qty":"2","price":"300.60","minPrice":"150.00","blockPercentage":"50.99","blockType":"SblockT","isCustomize":"0"}]}]}
ERROR - 2018-11-22 12:55:48 --> {"success":true,"success_message":"Order 00007 Submitted successfully."}
