ERROR - 2018-11-30 05:24:51 --> 404 Page Not Found: Img/favicon.png
ERROR - 2018-11-30 09:11:16 --> 404 Page Not Found: Img/favicon.png
ERROR - 2018-11-30 09:17:15 --> Severity: Notice --> Undefined property: stdClass::$userName /var/www/html/watervale_live/application/views/items/index.php 94
ERROR - 2018-11-30 09:17:15 --> Severity: Notice --> Undefined property: stdClass::$userName /var/www/html/watervale_live/application/views/items/index.php 94
ERROR - 2018-11-30 09:17:15 --> Severity: Notice --> Undefined property: stdClass::$userName /var/www/html/watervale_live/application/views/items/index.php 94
ERROR - 2018-11-30 09:23:13 --> 404 Page Not Found: Img/favicon.png
ERROR - 2018-11-30 09:25:02 --> Severity: Notice --> Undefined variable: variants /var/www/html/watervale_live/application/views/customerFollowup/followupOrders.php 227
ERROR - 2018-11-30 09:25:02 --> Severity: Notice --> Trying to get property of non-object /var/www/html/watervale_live/application/views/customerFollowup/followupOrders.php 227
ERROR - 2018-11-30 09:25:02 --> Severity: Notice --> Undefined variable: variants /var/www/html/watervale_live/application/views/customerFollowup/followupOrders.php 227
ERROR - 2018-11-30 09:25:02 --> Severity: Notice --> Trying to get property of non-object /var/www/html/watervale_live/application/views/customerFollowup/followupOrders.php 227
ERROR - 2018-11-30 09:25:02 --> Severity: Notice --> Undefined variable: variants /var/www/html/watervale_live/application/views/customerFollowup/followupOrders.php 227
ERROR - 2018-11-30 09:25:02 --> Severity: Notice --> Trying to get property of non-object /var/www/html/watervale_live/application/views/customerFollowup/followupOrders.php 227
ERROR - 2018-11-30 09:25:02 --> Severity: Notice --> Undefined variable: variants /var/www/html/watervale_live/application/views/customerFollowup/followupOrders.php 227
ERROR - 2018-11-30 09:25:02 --> Severity: Notice --> Trying to get property of non-object /var/www/html/watervale_live/application/views/customerFollowup/followupOrders.php 227
ERROR - 2018-11-30 09:25:02 --> Severity: Notice --> Undefined variable: variants /var/www/html/watervale_live/application/views/customerFollowup/followupOrders.php 227
ERROR - 2018-11-30 09:25:02 --> Severity: Notice --> Trying to get property of non-object /var/www/html/watervale_live/application/views/customerFollowup/followupOrders.php 227
ERROR - 2018-11-30 09:25:02 --> Severity: Notice --> Undefined variable: variants /var/www/html/watervale_live/application/views/customerFollowup/followupOrders.php 227
ERROR - 2018-11-30 09:25:02 --> Severity: Notice --> Trying to get property of non-object /var/www/html/watervale_live/application/views/customerFollowup/followupOrders.php 227
ERROR - 2018-11-30 09:25:02 --> Severity: Notice --> Undefined variable: variants /var/www/html/watervale_live/application/views/customerFollowup/followupOrders.php 227
ERROR - 2018-11-30 09:25:02 --> Severity: Notice --> Trying to get property of non-object /var/www/html/watervale_live/application/views/customerFollowup/followupOrders.php 227
ERROR - 2018-11-30 09:25:02 --> Severity: Notice --> Undefined variable: variants /var/www/html/watervale_live/application/views/customerFollowup/followupOrders.php 227
ERROR - 2018-11-30 09:25:02 --> Severity: Notice --> Trying to get property of non-object /var/www/html/watervale_live/application/views/customerFollowup/followupOrders.php 227
ERROR - 2018-11-30 09:25:02 --> Severity: Notice --> Undefined variable: variants /var/www/html/watervale_live/application/views/customerFollowup/followupOrders.php 227
ERROR - 2018-11-30 09:25:02 --> Severity: Notice --> Trying to get property of non-object /var/www/html/watervale_live/application/views/customerFollowup/followupOrders.php 227
ERROR - 2018-11-30 09:25:02 --> Severity: Notice --> Undefined variable: variants /var/www/html/watervale_live/application/views/customerFollowup/followupOrders.php 227
ERROR - 2018-11-30 09:25:02 --> Severity: Notice --> Trying to get property of non-object /var/www/html/watervale_live/application/views/customerFollowup/followupOrders.php 227
ERROR - 2018-11-30 09:25:02 --> Severity: Notice --> Undefined variable: variants /var/www/html/watervale_live/application/views/customerFollowup/followupOrders.php 227
ERROR - 2018-11-30 09:25:02 --> Severity: Notice --> Trying to get property of non-object /var/www/html/watervale_live/application/views/customerFollowup/followupOrders.php 227
ERROR - 2018-11-30 09:25:02 --> Severity: Notice --> Undefined variable: variants /var/www/html/watervale_live/application/views/customerFollowup/followupOrders.php 227
ERROR - 2018-11-30 09:25:02 --> Severity: Notice --> Trying to get property of non-object /var/www/html/watervale_live/application/views/customerFollowup/followupOrders.php 227
ERROR - 2018-11-30 09:25:02 --> Severity: Notice --> Undefined variable: variants /var/www/html/watervale_live/application/views/customerFollowup/followupOrders.php 227
ERROR - 2018-11-30 09:25:02 --> Severity: Notice --> Trying to get property of non-object /var/www/html/watervale_live/application/views/customerFollowup/followupOrders.php 227
ERROR - 2018-11-30 09:25:02 --> Severity: Notice --> Undefined variable: variants /var/www/html/watervale_live/application/views/customerFollowup/followupOrders.php 227
ERROR - 2018-11-30 09:25:02 --> Severity: Notice --> Trying to get property of non-object /var/www/html/watervale_live/application/views/customerFollowup/followupOrders.php 227
ERROR - 2018-11-30 09:25:02 --> Severity: Notice --> Undefined variable: variants /var/www/html/watervale_live/application/views/customerFollowup/followupOrders.php 227
ERROR - 2018-11-30 09:25:02 --> Severity: Notice --> Trying to get property of non-object /var/www/html/watervale_live/application/views/customerFollowup/followupOrders.php 227
ERROR - 2018-11-30 09:25:02 --> Severity: Notice --> Undefined variable: variants /var/www/html/watervale_live/application/views/customerFollowup/followupOrders.php 227
ERROR - 2018-11-30 09:25:02 --> Severity: Notice --> Trying to get property of non-object /var/www/html/watervale_live/application/views/customerFollowup/followupOrders.php 227
ERROR - 2018-11-30 09:25:02 --> Severity: Notice --> Undefined variable: variants /var/www/html/watervale_live/application/views/customerFollowup/followupOrders.php 227
ERROR - 2018-11-30 09:25:02 --> Severity: Notice --> Trying to get property of non-object /var/www/html/watervale_live/application/views/customerFollowup/followupOrders.php 227
ERROR - 2018-11-30 09:25:02 --> Severity: Notice --> Undefined variable: variants /var/www/html/watervale_live/application/views/customerFollowup/followupOrders.php 227
ERROR - 2018-11-30 09:25:02 --> Severity: Notice --> Trying to get property of non-object /var/www/html/watervale_live/application/views/customerFollowup/followupOrders.php 227
ERROR - 2018-11-30 09:25:02 --> Severity: Notice --> Undefined variable: variants /var/www/html/watervale_live/application/views/customerFollowup/followupOrders.php 227
ERROR - 2018-11-30 09:25:02 --> Severity: Notice --> Trying to get property of non-object /var/www/html/watervale_live/application/views/customerFollowup/followupOrders.php 227
ERROR - 2018-11-30 09:25:02 --> Severity: Notice --> Undefined variable: variants /var/www/html/watervale_live/application/views/customerFollowup/followupOrders.php 227
ERROR - 2018-11-30 09:25:02 --> Severity: Notice --> Trying to get property of non-object /var/www/html/watervale_live/application/views/customerFollowup/followupOrders.php 227
ERROR - 2018-11-30 09:28:22 --> {"orderRef":"","userRef":"XUe7oDvLiJlGTFqu","customerRef":"dXMJ1FSHdfYwMI5Z","orderRemarks":"","deliveryMethodRef":"4k6GrpPR1ZPOeuwR","newDeliveryMethod":"","newAreaCode":"","paymentMethodRef":"GLQ7xW9duKY7c6sU","dueDays":"","dueAmount":"","orderPipline":"3","orderStatus":"queued","orderInProduction":"1","managerApprove":"0","approvalType":" ","preAuthorization":"","orderDiscount":"0","newCustomer":[],"orderItems":[{"itemName":"Comfort Foam","itemRef":"PRO-O04G-00002","qty":100,"saleUOM":"PC","saleConvQty":"1","saleConvLength":"0","baseUOM":"ROLL","baseConvQty":"1","baseConvLength":"50","productionOnDemand":"1","transportCost":"5","transportCostChanged":"","discountType":"1","discount":"","variants":[{"item_variant_id":"20X20X4XNAXNA","length":"20","width":"20","height":"4","color":"NA","design":"NA","qty":"100","price":"100.00","minPrice":"99.00","blockPercentage":"1.00","blockType":"Comfort","isCustomize":"0"}]},{"itemName":"Velvet Fabric","itemRef":"PRO-XT8B-00003","qty":5,"saleUOM":"ROLL","saleConvQty":"1","saleConvLength":"50","baseUOM":"METER","baseConvQty":"1","baseConvLength":"50","productionOnDemand":"0","transportCost":"0","transportCostChanged":"","discountType":"1","discount":"","variants":[{"item_variant_id":"0X0X0XRedXCircles","length":"0","width":"0","height":"0","color":"Red","design":"Circles","qty":"5","price":"100.00","minPrice":"85.00","blockPercentage":"0","isCustomize":"0"}]}]}
ERROR - 2018-11-30 09:28:22 --> {"success":true,"success_message":"Order 00007 Submitted successfully."}
ERROR - 2018-11-30 09:37:21 --> Severity: Notice --> Undefined property: stdClass::$userName /var/www/html/watervale_live/application/views/items/index.php 94
ERROR - 2018-11-30 09:37:21 --> Severity: Notice --> Undefined property: stdClass::$userName /var/www/html/watervale_live/application/views/items/index.php 94
ERROR - 2018-11-30 09:37:21 --> Severity: Notice --> Undefined property: stdClass::$userName /var/www/html/watervale_live/application/views/items/index.php 94
ERROR - 2018-11-30 09:48:05 --> {"orderRef":"","userRef":"XUe7oDvLiJlGTFqu","customerRef":"dXMJ1FSHdfYwMI5Z","orderRemarks":"","deliveryMethodRef":"4k6GrpPR1ZPOeuwR","newDeliveryMethod":"","newAreaCode":"","paymentMethodRef":"GLQ7xW9duKY7c6sU","dueDays":"","dueAmount":"","orderPipline":"3","orderStatus":"queued","orderInProduction":"1","managerApprove":"0","approvalType":" ","preAuthorization":"","orderDiscount":"0","newCustomer":[],"orderItems":[{"itemName":"Item1","itemRef":"PRO-8LSM-00001","qty":10,"saleUOM":"ROLL","saleConvQty":"1","saleConvLength":"50","baseUOM":"METER","baseConvQty":"1","baseConvLength":"50","productionOnDemand":"1","transportCost":"0","transportCostChanged":"","discountType":"1","discount":"","variants":[{"item_variant_id":"11X22X23XWXSquare","length":"11","width":"22","height":"23","color":"W","design":"Square","qty":"10","price":"50.15","minPrice":"25.15","blockPercentage":"99.99","blockType":"Comfort","isCustomize":"0"}]}]}
ERROR - 2018-11-30 09:48:05 --> {"success":true,"success_message":"Order 00008 Submitted successfully."}
ERROR - 2018-11-30 09:48:18 --> 404 Page Not Found: Order-details/img
ERROR - 2018-11-30 09:49:40 --> 404 Page Not Found: Order-details/img
ERROR - 2018-11-30 09:51:12 --> Severity: Notice --> Undefined property: stdClass::$userName /var/www/html/watervale_live/application/views/items/index.php 94
ERROR - 2018-11-30 09:51:12 --> Severity: Notice --> Undefined property: stdClass::$userName /var/www/html/watervale_live/application/views/items/index.php 94
ERROR - 2018-11-30 09:51:12 --> Severity: Notice --> Undefined property: stdClass::$userName /var/www/html/watervale_live/application/views/items/index.php 94
ERROR - 2018-11-30 09:56:01 --> {"orderRef":"","userRef":"XUe7oDvLiJlGTFqu","customerRef":"dXMJ1FSHdfYwMI5Z","orderRemarks":"","deliveryMethodRef":"4k6GrpPR1ZPOeuwR","newDeliveryMethod":"","newAreaCode":"","paymentMethodRef":"GLQ7xW9duKY7c6sU","dueDays":"","dueAmount":"","orderPipline":"3","orderStatus":"queued","orderInProduction":"1","managerApprove":"0","approvalType":" ","preAuthorization":"","orderDiscount":"0","newCustomer":[],"orderItems":[{"itemName":"Item1","itemRef":"PRO-8LSM-00001","qty":10,"saleUOM":"ROLL","saleConvQty":"1","saleConvLength":"50","baseUOM":"METER","baseConvQty":"1","baseConvLength":"50","productionOnDemand":"1","transportCost":"0","transportCostChanged":"","discountType":"1","discount":"","variants":[{"item_variant_id":"11X22X23XWXSquare","length":"11","width":"22","height":"23","color":"W","design":"Square","qty":"10","price":"50.15","minPrice":"25.15","blockPercentage":"99.99","blockType":"Comfort","isCustomize":"0"}]}]}
ERROR - 2018-11-30 09:56:01 --> {"success":true,"success_message":"Order 00009 Submitted successfully."}
ERROR - 2018-11-30 10:06:20 --> {"orderRef":"","userRef":"XUe7oDvLiJlGTFqu","customerRef":"dXMJ1FSHdfYwMI5Z","orderRemarks":"","deliveryMethodRef":"4k6GrpPR1ZPOeuwR","newDeliveryMethod":"","newAreaCode":"","paymentMethodRef":"GLQ7xW9duKY7c6sU","dueDays":"","dueAmount":"","orderPipline":"3","orderStatus":"queued","orderInProduction":"1","managerApprove":"0","approvalType":" ","preAuthorization":"","orderDiscount":"0","newCustomer":[],"orderItems":[{"itemName":"Item1","itemRef":"PRO-8LSM-00001","qty":10,"saleUOM":"ROLL","saleConvQty":"1","saleConvLength":"50","baseUOM":"METER","baseConvQty":"1","baseConvLength":"50","productionOnDemand":"1","transportCost":"0","transportCostChanged":"","discountType":"1","discount":"","variants":[{"item_variant_id":"11X22X23XWXSquare","length":"11","width":"22","height":"23","color":"W","design":"Square","qty":"10","price":"50.15","minPrice":"25.15","blockPercentage":"99.99","blockType":"Comfort","isCustomize":"0"}]}]}
ERROR - 2018-11-30 10:06:20 --> {"success":true,"success_message":"Order 00010 Submitted successfully."}
ERROR - 2018-11-30 10:06:34 --> Severity: Notice --> Undefined property: stdClass::$userName /var/www/html/watervale_live/application/views/items/index.php 94
ERROR - 2018-11-30 10:06:34 --> Severity: Notice --> Undefined property: stdClass::$userName /var/www/html/watervale_live/application/views/items/index.php 94
ERROR - 2018-11-30 10:06:34 --> Severity: Notice --> Undefined property: stdClass::$userName /var/www/html/watervale_live/application/views/items/index.php 94
ERROR - 2018-11-30 10:34:09 --> 404 Page Not Found: Img/favicon.png
ERROR - 2018-11-30 10:34:16 --> Severity: Warning --> Division by zero /var/www/html/watervale_live/application/views/dashboard/statistics.php 21
ERROR - 2018-11-30 10:34:26 --> 404 Page Not Found: Img/favicon.png
ERROR - 2018-11-30 10:34:26 --> Severity: Warning --> Division by zero /var/www/html/watervale_live/application/views/dashboard/statistics.php 21
ERROR - 2018-11-30 10:35:03 --> Severity: Notice --> Undefined property: stdClass::$userName /var/www/html/watervale_live/application/views/items/index.php 94
ERROR - 2018-11-30 10:35:03 --> Severity: Notice --> Undefined property: stdClass::$userName /var/www/html/watervale_live/application/views/items/index.php 94
ERROR - 2018-11-30 10:35:03 --> Severity: Notice --> Undefined property: stdClass::$userName /var/www/html/watervale_live/application/views/items/index.php 94
ERROR - 2018-11-30 10:47:10 --> Severity: Notice --> Undefined variable: variants /var/www/html/watervale_live/application/views/customerFollowup/followupOrders.php 227
ERROR - 2018-11-30 10:47:10 --> Severity: Notice --> Trying to get property of non-object /var/www/html/watervale_live/application/views/customerFollowup/followupOrders.php 227
ERROR - 2018-11-30 10:47:10 --> Severity: Notice --> Undefined variable: variants /var/www/html/watervale_live/application/views/customerFollowup/followupOrders.php 227
ERROR - 2018-11-30 10:47:10 --> Severity: Notice --> Trying to get property of non-object /var/www/html/watervale_live/application/views/customerFollowup/followupOrders.php 227
ERROR - 2018-11-30 10:47:10 --> Severity: Notice --> Undefined variable: variants /var/www/html/watervale_live/application/views/customerFollowup/followupOrders.php 227
ERROR - 2018-11-30 10:47:10 --> Severity: Notice --> Trying to get property of non-object /var/www/html/watervale_live/application/views/customerFollowup/followupOrders.php 227
ERROR - 2018-11-30 10:47:10 --> Severity: Notice --> Undefined variable: variants /var/www/html/watervale_live/application/views/customerFollowup/followupOrders.php 227
ERROR - 2018-11-30 10:47:10 --> Severity: Notice --> Trying to get property of non-object /var/www/html/watervale_live/application/views/customerFollowup/followupOrders.php 227
ERROR - 2018-11-30 10:47:10 --> Severity: Notice --> Undefined variable: variants /var/www/html/watervale_live/application/views/customerFollowup/followupOrders.php 227
ERROR - 2018-11-30 10:47:10 --> Severity: Notice --> Trying to get property of non-object /var/www/html/watervale_live/application/views/customerFollowup/followupOrders.php 227
ERROR - 2018-11-30 10:47:10 --> Severity: Notice --> Undefined variable: variants /var/www/html/watervale_live/application/views/customerFollowup/followupOrders.php 227
ERROR - 2018-11-30 10:47:10 --> Severity: Notice --> Trying to get property of non-object /var/www/html/watervale_live/application/views/customerFollowup/followupOrders.php 227
ERROR - 2018-11-30 10:47:10 --> Severity: Notice --> Undefined variable: variants /var/www/html/watervale_live/application/views/customerFollowup/followupOrders.php 227
ERROR - 2018-11-30 10:47:10 --> Severity: Notice --> Trying to get property of non-object /var/www/html/watervale_live/application/views/customerFollowup/followupOrders.php 227
ERROR - 2018-11-30 10:47:10 --> Severity: Notice --> Undefined variable: variants /var/www/html/watervale_live/application/views/customerFollowup/followupOrders.php 227
ERROR - 2018-11-30 10:47:10 --> Severity: Notice --> Trying to get property of non-object /var/www/html/watervale_live/application/views/customerFollowup/followupOrders.php 227
ERROR - 2018-11-30 10:47:10 --> Severity: Notice --> Undefined variable: variants /var/www/html/watervale_live/application/views/customerFollowup/followupOrders.php 227
ERROR - 2018-11-30 10:47:10 --> Severity: Notice --> Trying to get property of non-object /var/www/html/watervale_live/application/views/customerFollowup/followupOrders.php 227
ERROR - 2018-11-30 10:47:10 --> Severity: Notice --> Undefined variable: variants /var/www/html/watervale_live/application/views/customerFollowup/followupOrders.php 227
ERROR - 2018-11-30 10:47:10 --> Severity: Notice --> Trying to get property of non-object /var/www/html/watervale_live/application/views/customerFollowup/followupOrders.php 227
ERROR - 2018-11-30 10:47:10 --> Severity: Notice --> Undefined variable: variants /var/www/html/watervale_live/application/views/customerFollowup/followupOrders.php 227
ERROR - 2018-11-30 10:47:10 --> Severity: Notice --> Trying to get property of non-object /var/www/html/watervale_live/application/views/customerFollowup/followupOrders.php 227
ERROR - 2018-11-30 10:47:10 --> Severity: Notice --> Undefined variable: variants /var/www/html/watervale_live/application/views/customerFollowup/followupOrders.php 227
ERROR - 2018-11-30 10:47:10 --> Severity: Notice --> Trying to get property of non-object /var/www/html/watervale_live/application/views/customerFollowup/followupOrders.php 227
ERROR - 2018-11-30 10:47:10 --> Severity: Notice --> Undefined variable: variants /var/www/html/watervale_live/application/views/customerFollowup/followupOrders.php 227
ERROR - 2018-11-30 10:47:10 --> Severity: Notice --> Trying to get property of non-object /var/www/html/watervale_live/application/views/customerFollowup/followupOrders.php 227
ERROR - 2018-11-30 10:47:10 --> Severity: Notice --> Undefined variable: variants /var/www/html/watervale_live/application/views/customerFollowup/followupOrders.php 227
ERROR - 2018-11-30 10:47:10 --> Severity: Notice --> Trying to get property of non-object /var/www/html/watervale_live/application/views/customerFollowup/followupOrders.php 227
ERROR - 2018-11-30 10:47:10 --> Severity: Notice --> Undefined variable: variants /var/www/html/watervale_live/application/views/customerFollowup/followupOrders.php 227
ERROR - 2018-11-30 10:47:10 --> Severity: Notice --> Trying to get property of non-object /var/www/html/watervale_live/application/views/customerFollowup/followupOrders.php 227
ERROR - 2018-11-30 10:47:10 --> Severity: Notice --> Undefined variable: variants /var/www/html/watervale_live/application/views/customerFollowup/followupOrders.php 227
ERROR - 2018-11-30 10:47:10 --> Severity: Notice --> Trying to get property of non-object /var/www/html/watervale_live/application/views/customerFollowup/followupOrders.php 227
ERROR - 2018-11-30 10:47:10 --> Severity: Notice --> Undefined variable: variants /var/www/html/watervale_live/application/views/customerFollowup/followupOrders.php 227
ERROR - 2018-11-30 10:47:10 --> Severity: Notice --> Trying to get property of non-object /var/www/html/watervale_live/application/views/customerFollowup/followupOrders.php 227
ERROR - 2018-11-30 10:47:10 --> Severity: Notice --> Undefined variable: variants /var/www/html/watervale_live/application/views/customerFollowup/followupOrders.php 227
ERROR - 2018-11-30 10:47:10 --> Severity: Notice --> Trying to get property of non-object /var/www/html/watervale_live/application/views/customerFollowup/followupOrders.php 227
ERROR - 2018-11-30 10:47:10 --> Severity: Notice --> Undefined variable: variants /var/www/html/watervale_live/application/views/customerFollowup/followupOrders.php 227
ERROR - 2018-11-30 10:47:10 --> Severity: Notice --> Trying to get property of non-object /var/www/html/watervale_live/application/views/customerFollowup/followupOrders.php 227
ERROR - 2018-11-30 10:47:10 --> Severity: Notice --> Undefined variable: variants /var/www/html/watervale_live/application/views/customerFollowup/followupOrders.php 227
ERROR - 2018-11-30 10:47:10 --> Severity: Notice --> Trying to get property of non-object /var/www/html/watervale_live/application/views/customerFollowup/followupOrders.php 227
ERROR - 2018-11-30 10:47:10 --> Severity: Notice --> Undefined variable: variants /var/www/html/watervale_live/application/views/customerFollowup/followupOrders.php 227
ERROR - 2018-11-30 10:47:10 --> Severity: Notice --> Trying to get property of non-object /var/www/html/watervale_live/application/views/customerFollowup/followupOrders.php 227
ERROR - 2018-11-30 10:47:10 --> Severity: Notice --> Undefined variable: variants /var/www/html/watervale_live/application/views/customerFollowup/followupOrders.php 227
ERROR - 2018-11-30 10:47:10 --> Severity: Notice --> Trying to get property of non-object /var/www/html/watervale_live/application/views/customerFollowup/followupOrders.php 227
ERROR - 2018-11-30 10:47:10 --> Severity: Notice --> Undefined variable: variants /var/www/html/watervale_live/application/views/customerFollowup/followupOrders.php 227
ERROR - 2018-11-30 10:47:10 --> Severity: Notice --> Trying to get property of non-object /var/www/html/watervale_live/application/views/customerFollowup/followupOrders.php 227
ERROR - 2018-11-30 10:47:10 --> Severity: Notice --> Undefined variable: variants /var/www/html/watervale_live/application/views/customerFollowup/followupOrders.php 227
ERROR - 2018-11-30 10:47:10 --> Severity: Notice --> Trying to get property of non-object /var/www/html/watervale_live/application/views/customerFollowup/followupOrders.php 227
ERROR - 2018-11-30 10:47:10 --> Severity: Notice --> Undefined variable: variants /var/www/html/watervale_live/application/views/customerFollowup/followupOrders.php 227
ERROR - 2018-11-30 10:47:10 --> Severity: Notice --> Trying to get property of non-object /var/www/html/watervale_live/application/views/customerFollowup/followupOrders.php 227
ERROR - 2018-11-30 10:47:10 --> Severity: Notice --> Undefined variable: variants /var/www/html/watervale_live/application/views/customerFollowup/followupOrders.php 227
ERROR - 2018-11-30 10:47:10 --> Severity: Notice --> Trying to get property of non-object /var/www/html/watervale_live/application/views/customerFollowup/followupOrders.php 227
ERROR - 2018-11-30 10:47:10 --> Severity: Notice --> Undefined variable: variants /var/www/html/watervale_live/application/views/customerFollowup/followupOrders.php 227
ERROR - 2018-11-30 10:47:10 --> Severity: Notice --> Trying to get property of non-object /var/www/html/watervale_live/application/views/customerFollowup/followupOrders.php 227
ERROR - 2018-11-30 10:47:10 --> Severity: Notice --> Undefined variable: variants /var/www/html/watervale_live/application/views/customerFollowup/followupOrders.php 227
ERROR - 2018-11-30 10:47:10 --> Severity: Notice --> Trying to get property of non-object /var/www/html/watervale_live/application/views/customerFollowup/followupOrders.php 227
ERROR - 2018-11-30 10:47:10 --> Severity: Notice --> Undefined variable: variants /var/www/html/watervale_live/application/views/customerFollowup/followupOrders.php 227
ERROR - 2018-11-30 10:47:10 --> Severity: Notice --> Trying to get property of non-object /var/www/html/watervale_live/application/views/customerFollowup/followupOrders.php 227
ERROR - 2018-11-30 10:47:10 --> Severity: Notice --> Undefined variable: variants /var/www/html/watervale_live/application/views/customerFollowup/followupOrders.php 227
ERROR - 2018-11-30 10:47:10 --> Severity: Notice --> Trying to get property of non-object /var/www/html/watervale_live/application/views/customerFollowup/followupOrders.php 227
ERROR - 2018-11-30 10:47:10 --> Severity: Notice --> Undefined variable: variants /var/www/html/watervale_live/application/views/customerFollowup/followupOrders.php 227
ERROR - 2018-11-30 10:47:10 --> Severity: Notice --> Trying to get property of non-object /var/www/html/watervale_live/application/views/customerFollowup/followupOrders.php 227
ERROR - 2018-11-30 10:47:10 --> Severity: Notice --> Undefined variable: variants /var/www/html/watervale_live/application/views/customerFollowup/followupOrders.php 227
ERROR - 2018-11-30 10:47:10 --> Severity: Notice --> Trying to get property of non-object /var/www/html/watervale_live/application/views/customerFollowup/followupOrders.php 227
ERROR - 2018-11-30 10:47:10 --> Severity: Notice --> Undefined variable: variants /var/www/html/watervale_live/application/views/customerFollowup/followupOrders.php 227
ERROR - 2018-11-30 10:47:10 --> Severity: Notice --> Trying to get property of non-object /var/www/html/watervale_live/application/views/customerFollowup/followupOrders.php 227
ERROR - 2018-11-30 10:47:10 --> Severity: Notice --> Undefined variable: variants /var/www/html/watervale_live/application/views/customerFollowup/followupOrders.php 227
ERROR - 2018-11-30 10:47:10 --> Severity: Notice --> Trying to get property of non-object /var/www/html/watervale_live/application/views/customerFollowup/followupOrders.php 227
ERROR - 2018-11-30 10:47:10 --> Severity: Notice --> Undefined variable: variants /var/www/html/watervale_live/application/views/customerFollowup/followupOrders.php 227
ERROR - 2018-11-30 10:47:10 --> Severity: Notice --> Trying to get property of non-object /var/www/html/watervale_live/application/views/customerFollowup/followupOrders.php 227
ERROR - 2018-11-30 10:47:10 --> Severity: Notice --> Undefined variable: variants /var/www/html/watervale_live/application/views/customerFollowup/followupOrders.php 227
ERROR - 2018-11-30 10:47:10 --> Severity: Notice --> Trying to get property of non-object /var/www/html/watervale_live/application/views/customerFollowup/followupOrders.php 227
ERROR - 2018-11-30 10:47:10 --> Severity: Notice --> Undefined variable: variants /var/www/html/watervale_live/application/views/customerFollowup/followupOrders.php 227
ERROR - 2018-11-30 10:47:10 --> Severity: Notice --> Trying to get property of non-object /var/www/html/watervale_live/application/views/customerFollowup/followupOrders.php 227
ERROR - 2018-11-30 10:47:10 --> Severity: Notice --> Undefined variable: variants /var/www/html/watervale_live/application/views/customerFollowup/followupOrders.php 227
ERROR - 2018-11-30 10:47:10 --> Severity: Notice --> Trying to get property of non-object /var/www/html/watervale_live/application/views/customerFollowup/followupOrders.php 227
ERROR - 2018-11-30 10:47:10 --> Severity: Notice --> Undefined variable: variants /var/www/html/watervale_live/application/views/customerFollowup/followupOrders.php 227
ERROR - 2018-11-30 10:47:10 --> Severity: Notice --> Trying to get property of non-object /var/www/html/watervale_live/application/views/customerFollowup/followupOrders.php 227
ERROR - 2018-11-30 10:47:10 --> Severity: Notice --> Undefined variable: variants /var/www/html/watervale_live/application/views/customerFollowup/followupOrders.php 227
ERROR - 2018-11-30 10:47:10 --> Severity: Notice --> Trying to get property of non-object /var/www/html/watervale_live/application/views/customerFollowup/followupOrders.php 227
ERROR - 2018-11-30 11:11:13 --> Severity: Notice --> Undefined variable: blockType /var/www/html/watervale_live/application/views/orders/orderDetails.php 385
ERROR - 2018-11-30 11:11:13 --> Severity: Notice --> Undefined variable: blockType /var/www/html/watervale_live/application/views/orders/orderDetails.php 385
ERROR - 2018-11-30 11:11:13 --> 404 Page Not Found: Order-details/img
ERROR - 2018-11-30 11:14:03 --> Severity: Notice --> Undefined property: stdClass::$userName /var/www/html/watervale_live/application/views/items/index.php 94
ERROR - 2018-11-30 11:14:03 --> Severity: Notice --> Undefined property: stdClass::$userName /var/www/html/watervale_live/application/views/items/index.php 94
ERROR - 2018-11-30 11:14:03 --> Severity: Notice --> Undefined property: stdClass::$userName /var/www/html/watervale_live/application/views/items/index.php 94
