ERROR - 2018-08-24 14:37:01 --> 404 Page Not Found: Img/favicon.png
ERROR - 2018-08-24 14:38:01 --> Severity: Notice --> Undefined property: stdClass::$userName /var/www/html/watervale/application/views/items/index.php 92
ERROR - 2018-08-24 14:38:01 --> Severity: Notice --> Undefined property: stdClass::$userName /var/www/html/watervale/application/views/items/index.php 92
ERROR - 2018-08-24 14:38:01 --> Severity: Notice --> Undefined property: stdClass::$userName /var/www/html/watervale/application/views/items/index.php 92
ERROR - 2018-08-24 14:38:01 --> Severity: Notice --> Undefined property: stdClass::$userName /var/www/html/watervale/application/views/items/index.php 92
ERROR - 2018-08-24 14:38:01 --> Severity: Notice --> Undefined property: stdClass::$userName /var/www/html/watervale/application/views/items/index.php 92
ERROR - 2018-08-24 14:47:08 --> 404 Page Not Found: Img/favicon.png
ERROR - 2018-08-24 14:58:40 --> Severity: Notice --> Undefined property: stdClass::$userName /var/www/html/watervale/application/views/items/index.php 92
ERROR - 2018-08-24 14:58:40 --> Severity: Notice --> Undefined property: stdClass::$userName /var/www/html/watervale/application/views/items/index.php 92
ERROR - 2018-08-24 14:58:40 --> Severity: Notice --> Undefined property: stdClass::$userName /var/www/html/watervale/application/views/items/index.php 92
ERROR - 2018-08-24 14:58:40 --> Severity: Notice --> Undefined property: stdClass::$userName /var/www/html/watervale/application/views/items/index.php 92
ERROR - 2018-08-24 14:58:40 --> Severity: Notice --> Undefined property: stdClass::$userName /var/www/html/watervale/application/views/items/index.php 92
ERROR - 2018-08-24 14:59:20 --> Severity: Notice --> Undefined property: stdClass::$userName /var/www/html/watervale/application/views/items/index.php 92
ERROR - 2018-08-24 14:59:20 --> Severity: Notice --> Undefined property: stdClass::$userName /var/www/html/watervale/application/views/items/index.php 92
ERROR - 2018-08-24 14:59:20 --> Severity: Notice --> Undefined property: stdClass::$userName /var/www/html/watervale/application/views/items/index.php 92
ERROR - 2018-08-24 14:59:20 --> Severity: Notice --> Undefined property: stdClass::$userName /var/www/html/watervale/application/views/items/index.php 92
ERROR - 2018-08-24 14:59:20 --> Severity: Notice --> Undefined property: stdClass::$userName /var/www/html/watervale/application/views/items/index.php 92
ERROR - 2018-08-24 15:00:27 --> 404 Page Not Found: Order-details/img
ERROR - 2018-08-24 15:09:37 --> 404 Page Not Found: Img/favicon.png
ERROR - 2018-08-24 15:34:44 --> Severity: Notice --> Undefined property: stdClass::$userName /var/www/html/watervale/application/views/items/index.php 92
ERROR - 2018-08-24 15:34:44 --> Severity: Notice --> Undefined property: stdClass::$userName /var/www/html/watervale/application/views/items/index.php 92
ERROR - 2018-08-24 15:34:44 --> Severity: Notice --> Undefined property: stdClass::$userName /var/www/html/watervale/application/views/items/index.php 92
ERROR - 2018-08-24 15:34:44 --> Severity: Notice --> Undefined property: stdClass::$userName /var/www/html/watervale/application/views/items/index.php 92
ERROR - 2018-08-24 15:34:44 --> Severity: Notice --> Undefined property: stdClass::$userName /var/www/html/watervale/application/views/items/index.php 92
ERROR - 2018-08-24 15:36:37 --> Severity: Notice --> Undefined property: stdClass::$userName /var/www/html/watervale/application/views/items/index.php 92
ERROR - 2018-08-24 15:36:37 --> Severity: Notice --> Undefined property: stdClass::$userName /var/www/html/watervale/application/views/items/index.php 92
ERROR - 2018-08-24 15:36:37 --> Severity: Notice --> Undefined property: stdClass::$userName /var/www/html/watervale/application/views/items/index.php 92
ERROR - 2018-08-24 15:36:37 --> Severity: Notice --> Undefined property: stdClass::$userName /var/www/html/watervale/application/views/items/index.php 92
ERROR - 2018-08-24 15:36:37 --> Severity: Notice --> Undefined property: stdClass::$userName /var/www/html/watervale/application/views/items/index.php 92
ERROR - 2018-08-24 15:37:18 --> Severity: Notice --> Undefined property: stdClass::$userName /var/www/html/watervale/application/views/items/itemlistajax.php 30
ERROR - 2018-08-24 15:37:18 --> Severity: Notice --> Undefined property: stdClass::$userName /var/www/html/watervale/application/views/items/itemlistajax.php 30
ERROR - 2018-08-24 15:37:18 --> Severity: Notice --> Undefined property: stdClass::$userName /var/www/html/watervale/application/views/items/itemlistajax.php 30
ERROR - 2018-08-24 15:37:18 --> Severity: Notice --> Undefined property: stdClass::$userName /var/www/html/watervale/application/views/items/itemlistajax.php 30
ERROR - 2018-08-24 15:37:18 --> Severity: Notice --> Undefined property: stdClass::$userName /var/www/html/watervale/application/views/items/itemlistajax.php 30
ERROR - 2018-08-24 15:37:19 --> Severity: Notice --> Undefined property: stdClass::$userName /var/www/html/watervale/application/views/items/itemlistajax.php 30
ERROR - 2018-08-24 15:37:19 --> Severity: Notice --> Undefined property: stdClass::$userName /var/www/html/watervale/application/views/items/itemlistajax.php 30
ERROR - 2018-08-24 15:37:19 --> Severity: Notice --> Undefined property: stdClass::$userName /var/www/html/watervale/application/views/items/itemlistajax.php 30
ERROR - 2018-08-24 15:37:19 --> Severity: Notice --> Undefined property: stdClass::$userName /var/www/html/watervale/application/views/items/itemlistajax.php 30
ERROR - 2018-08-24 15:37:19 --> Severity: Notice --> Undefined property: stdClass::$userName /var/www/html/watervale/application/views/items/itemlistajax.php 30
ERROR - 2018-08-24 16:16:14 --> 404 Page Not Found: Img/favicon.png
ERROR - 2018-08-24 16:17:23 --> 404 Page Not Found: Img/favicon.png
ERROR - 2018-08-24 16:36:17 --> 404 Page Not Found: Update-user/img
ERROR - 2018-08-24 17:53:42 --> Severity: Notice --> Undefined property: stdClass::$userName /var/www/html/watervale/application/views/items/index.php 92
ERROR - 2018-08-24 17:53:42 --> Severity: Notice --> Undefined property: stdClass::$userName /var/www/html/watervale/application/views/items/index.php 92
ERROR - 2018-08-24 17:53:42 --> Severity: Notice --> Undefined property: stdClass::$userName /var/www/html/watervale/application/views/items/index.php 92
ERROR - 2018-08-24 17:53:42 --> Severity: Notice --> Undefined property: stdClass::$userName /var/www/html/watervale/application/views/items/index.php 92
ERROR - 2018-08-24 17:53:42 --> Severity: Notice --> Undefined property: stdClass::$userName /var/www/html/watervale/application/views/items/index.php 92
ERROR - 2018-08-24 17:54:38 --> Severity: Notice --> Undefined property: stdClass::$userName /var/www/html/watervale/application/views/items/index.php 92
ERROR - 2018-08-24 17:54:38 --> Severity: Notice --> Undefined property: stdClass::$userName /var/www/html/watervale/application/views/items/index.php 92
ERROR - 2018-08-24 17:54:38 --> Severity: Notice --> Undefined property: stdClass::$userName /var/www/html/watervale/application/views/items/index.php 92
ERROR - 2018-08-24 17:54:38 --> Severity: Notice --> Undefined property: stdClass::$userName /var/www/html/watervale/application/views/items/index.php 92
ERROR - 2018-08-24 17:54:38 --> Severity: Notice --> Undefined property: stdClass::$userName /var/www/html/watervale/application/views/items/index.php 92
ERROR - 2018-08-24 17:54:49 --> Severity: Notice --> Undefined property: stdClass::$userName /var/www/html/watervale/application/views/items/index.php 92
ERROR - 2018-08-24 17:54:49 --> Severity: Notice --> Undefined property: stdClass::$userName /var/www/html/watervale/application/views/items/index.php 92
ERROR - 2018-08-24 17:54:49 --> Severity: Notice --> Undefined property: stdClass::$userName /var/www/html/watervale/application/views/items/index.php 92
ERROR - 2018-08-24 17:54:49 --> Severity: Notice --> Undefined property: stdClass::$userName /var/www/html/watervale/application/views/items/index.php 92
ERROR - 2018-08-24 17:54:49 --> Severity: Notice --> Undefined property: stdClass::$userName /var/www/html/watervale/application/views/items/index.php 92
ERROR - 2018-08-24 17:56:00 --> Severity: Notice --> Undefined property: stdClass::$userName /var/www/html/watervale/application/views/items/index.php 92
ERROR - 2018-08-24 17:56:00 --> Severity: Notice --> Undefined property: stdClass::$userName /var/www/html/watervale/application/views/items/index.php 92
ERROR - 2018-08-24 17:56:00 --> Severity: Notice --> Undefined property: stdClass::$userName /var/www/html/watervale/application/views/items/index.php 92
ERROR - 2018-08-24 17:56:00 --> Severity: Notice --> Undefined property: stdClass::$userName /var/www/html/watervale/application/views/items/index.php 92
ERROR - 2018-08-24 17:56:00 --> Severity: Notice --> Undefined property: stdClass::$userName /var/www/html/watervale/application/views/items/index.php 92
ERROR - 2018-08-24 17:57:57 --> Severity: Notice --> Undefined property: stdClass::$userName /var/www/html/watervale/application/views/items/index.php 92
ERROR - 2018-08-24 17:57:57 --> Severity: Notice --> Undefined property: stdClass::$userName /var/www/html/watervale/application/views/items/index.php 92
ERROR - 2018-08-24 17:57:57 --> Severity: Notice --> Undefined property: stdClass::$userName /var/www/html/watervale/application/views/items/index.php 92
ERROR - 2018-08-24 17:57:57 --> Severity: Notice --> Undefined property: stdClass::$userName /var/www/html/watervale/application/views/items/index.php 92
ERROR - 2018-08-24 17:57:57 --> Severity: Notice --> Undefined property: stdClass::$userName /var/www/html/watervale/application/views/items/index.php 92
ERROR - 2018-08-24 17:58:43 --> Severity: Notice --> Undefined property: stdClass::$userName /var/www/html/watervale/application/views/items/index.php 92
ERROR - 2018-08-24 17:58:43 --> Severity: Notice --> Undefined property: stdClass::$userName /var/www/html/watervale/application/views/items/index.php 92
ERROR - 2018-08-24 17:58:43 --> Severity: Notice --> Undefined property: stdClass::$userName /var/www/html/watervale/application/views/items/index.php 92
ERROR - 2018-08-24 17:58:43 --> Severity: Notice --> Undefined property: stdClass::$userName /var/www/html/watervale/application/views/items/index.php 92
ERROR - 2018-08-24 17:58:43 --> Severity: Notice --> Undefined property: stdClass::$userName /var/www/html/watervale/application/views/items/index.php 92
ERROR - 2018-08-24 17:59:10 --> Severity: Notice --> Undefined property: stdClass::$userName /var/www/html/watervale/application/views/items/index.php 92
ERROR - 2018-08-24 17:59:10 --> Severity: Notice --> Undefined property: stdClass::$userName /var/www/html/watervale/application/views/items/index.php 92
ERROR - 2018-08-24 17:59:10 --> Severity: Notice --> Undefined property: stdClass::$userName /var/www/html/watervale/application/views/items/index.php 92
ERROR - 2018-08-24 17:59:10 --> Severity: Notice --> Undefined property: stdClass::$userName /var/www/html/watervale/application/views/items/index.php 92
ERROR - 2018-08-24 17:59:10 --> Severity: Notice --> Undefined property: stdClass::$userName /var/www/html/watervale/application/views/items/index.php 92
ERROR - 2018-08-24 18:00:44 --> Severity: Notice --> Undefined property: stdClass::$userName /var/www/html/watervale/application/views/items/index.php 92
ERROR - 2018-08-24 18:00:44 --> Severity: Notice --> Undefined property: stdClass::$userName /var/www/html/watervale/application/views/items/index.php 92
ERROR - 2018-08-24 18:00:44 --> Severity: Notice --> Undefined property: stdClass::$userName /var/www/html/watervale/application/views/items/index.php 92
ERROR - 2018-08-24 18:00:44 --> Severity: Notice --> Undefined property: stdClass::$userName /var/www/html/watervale/application/views/items/index.php 92
ERROR - 2018-08-24 18:00:44 --> Severity: Notice --> Undefined property: stdClass::$userName /var/www/html/watervale/application/views/items/index.php 92
ERROR - 2018-08-24 18:01:26 --> Severity: Notice --> Undefined property: stdClass::$userName /var/www/html/watervale/application/views/items/index.php 92
ERROR - 2018-08-24 18:01:26 --> Severity: Notice --> Undefined property: stdClass::$userName /var/www/html/watervale/application/views/items/index.php 92
ERROR - 2018-08-24 18:01:26 --> Severity: Notice --> Undefined property: stdClass::$userName /var/www/html/watervale/application/views/items/index.php 92
ERROR - 2018-08-24 18:01:26 --> Severity: Notice --> Undefined property: stdClass::$userName /var/www/html/watervale/application/views/items/index.php 92
ERROR - 2018-08-24 18:01:26 --> Severity: Notice --> Undefined property: stdClass::$userName /var/www/html/watervale/application/views/items/index.php 92
ERROR - 2018-08-24 18:02:07 --> Severity: Notice --> Undefined property: stdClass::$userName /var/www/html/watervale/application/views/items/index.php 92
ERROR - 2018-08-24 18:02:07 --> Severity: Notice --> Undefined property: stdClass::$userName /var/www/html/watervale/application/views/items/index.php 92
ERROR - 2018-08-24 18:02:07 --> Severity: Notice --> Undefined property: stdClass::$userName /var/www/html/watervale/application/views/items/index.php 92
ERROR - 2018-08-24 18:02:07 --> Severity: Notice --> Undefined property: stdClass::$userName /var/www/html/watervale/application/views/items/index.php 92
ERROR - 2018-08-24 18:02:07 --> Severity: Notice --> Undefined property: stdClass::$userName /var/www/html/watervale/application/views/items/index.php 92
ERROR - 2018-08-24 18:02:36 --> Severity: Notice --> Undefined property: stdClass::$userName /var/www/html/watervale/application/views/items/index.php 92
ERROR - 2018-08-24 18:02:36 --> Severity: Notice --> Undefined property: stdClass::$userName /var/www/html/watervale/application/views/items/index.php 92
ERROR - 2018-08-24 18:02:36 --> Severity: Notice --> Undefined property: stdClass::$userName /var/www/html/watervale/application/views/items/index.php 92
ERROR - 2018-08-24 18:02:36 --> Severity: Notice --> Undefined property: stdClass::$userName /var/www/html/watervale/application/views/items/index.php 92
ERROR - 2018-08-24 18:02:36 --> Severity: Notice --> Undefined property: stdClass::$userName /var/www/html/watervale/application/views/items/index.php 92
ERROR - 2018-08-24 18:03:18 --> Severity: Notice --> Undefined property: stdClass::$userName /var/www/html/watervale/application/views/items/index.php 92
ERROR - 2018-08-24 18:03:18 --> Severity: Notice --> Undefined property: stdClass::$userName /var/www/html/watervale/application/views/items/index.php 92
ERROR - 2018-08-24 18:03:18 --> Severity: Notice --> Undefined property: stdClass::$userName /var/www/html/watervale/application/views/items/index.php 92
ERROR - 2018-08-24 18:03:18 --> Severity: Notice --> Undefined property: stdClass::$userName /var/www/html/watervale/application/views/items/index.php 92
ERROR - 2018-08-24 18:03:18 --> Severity: Notice --> Undefined property: stdClass::$userName /var/www/html/watervale/application/views/items/index.php 92
ERROR - 2018-08-24 18:04:28 --> 404 Page Not Found: Update-user/img
ERROR - 2018-08-24 18:04:30 --> Severity: Notice --> Undefined property: stdClass::$userName /var/www/html/watervale/application/views/items/index.php 92
ERROR - 2018-08-24 18:04:30 --> Severity: Notice --> Undefined property: stdClass::$userName /var/www/html/watervale/application/views/items/index.php 92
ERROR - 2018-08-24 18:04:30 --> Severity: Notice --> Undefined property: stdClass::$userName /var/www/html/watervale/application/views/items/index.php 92
ERROR - 2018-08-24 18:04:30 --> Severity: Notice --> Undefined property: stdClass::$userName /var/www/html/watervale/application/views/items/index.php 92
ERROR - 2018-08-24 18:04:30 --> Severity: Notice --> Undefined property: stdClass::$userName /var/www/html/watervale/application/views/items/index.php 92
ERROR - 2018-08-24 18:04:30 --> 404 Page Not Found: Img/favicon.png
ERROR - 2018-08-24 18:04:48 --> Severity: Notice --> Undefined property: stdClass::$userName /var/www/html/watervale/application/views/items/index.php 92
ERROR - 2018-08-24 18:04:48 --> Severity: Notice --> Undefined property: stdClass::$userName /var/www/html/watervale/application/views/items/index.php 92
ERROR - 2018-08-24 18:04:48 --> Severity: Notice --> Undefined property: stdClass::$userName /var/www/html/watervale/application/views/items/index.php 92
ERROR - 2018-08-24 18:04:48 --> Severity: Notice --> Undefined property: stdClass::$userName /var/www/html/watervale/application/views/items/index.php 92
ERROR - 2018-08-24 18:04:48 --> Severity: Notice --> Undefined property: stdClass::$userName /var/www/html/watervale/application/views/items/index.php 92
ERROR - 2018-08-24 18:04:49 --> 404 Page Not Found: Img/favicon.png
ERROR - 2018-08-24 18:12:22 --> Severity: Notice --> Undefined property: stdClass::$userName /var/www/html/watervale/application/views/items/index.php 92
ERROR - 2018-08-24 18:12:22 --> Severity: Notice --> Undefined property: stdClass::$userName /var/www/html/watervale/application/views/items/index.php 92
ERROR - 2018-08-24 18:12:22 --> Severity: Notice --> Undefined property: stdClass::$userName /var/www/html/watervale/application/views/items/index.php 92
ERROR - 2018-08-24 18:12:22 --> Severity: Notice --> Undefined property: stdClass::$userName /var/www/html/watervale/application/views/items/index.php 92
ERROR - 2018-08-24 18:12:22 --> Severity: Notice --> Undefined property: stdClass::$userName /var/www/html/watervale/application/views/items/index.php 92
ERROR - 2018-08-24 18:12:23 --> 404 Page Not Found: Img/favicon.png
ERROR - 2018-08-24 18:15:19 --> Severity: Notice --> Undefined property: stdClass::$userName /var/www/html/watervale/application/views/items/index.php 92
ERROR - 2018-08-24 18:15:19 --> Severity: Notice --> Undefined property: stdClass::$userName /var/www/html/watervale/application/views/items/index.php 92
ERROR - 2018-08-24 18:15:19 --> Severity: Notice --> Undefined property: stdClass::$userName /var/www/html/watervale/application/views/items/index.php 92
ERROR - 2018-08-24 18:15:19 --> Severity: Notice --> Undefined property: stdClass::$userName /var/www/html/watervale/application/views/items/index.php 92
ERROR - 2018-08-24 18:15:19 --> Severity: Notice --> Undefined property: stdClass::$userName /var/www/html/watervale/application/views/items/index.php 92
ERROR - 2018-08-24 18:15:20 --> 404 Page Not Found: Img/favicon.png
ERROR - 2018-08-24 18:16:28 --> Severity: Notice --> Undefined property: stdClass::$userName /var/www/html/watervale/application/views/items/index.php 92
ERROR - 2018-08-24 18:16:28 --> Severity: Notice --> Undefined property: stdClass::$userName /var/www/html/watervale/application/views/items/index.php 92
ERROR - 2018-08-24 18:16:28 --> Severity: Notice --> Undefined property: stdClass::$userName /var/www/html/watervale/application/views/items/index.php 92
ERROR - 2018-08-24 18:16:28 --> Severity: Notice --> Undefined property: stdClass::$userName /var/www/html/watervale/application/views/items/index.php 92
ERROR - 2018-08-24 18:16:28 --> Severity: Notice --> Undefined property: stdClass::$userName /var/www/html/watervale/application/views/items/index.php 92
ERROR - 2018-08-24 18:16:29 --> Severity: Notice --> Undefined property: stdClass::$userName /var/www/html/watervale/application/views/items/index.php 92
ERROR - 2018-08-24 18:16:29 --> Severity: Notice --> Undefined property: stdClass::$userName /var/www/html/watervale/application/views/items/index.php 92
ERROR - 2018-08-24 18:16:29 --> Severity: Notice --> Undefined property: stdClass::$userName /var/www/html/watervale/application/views/items/index.php 92
ERROR - 2018-08-24 18:16:29 --> Severity: Notice --> Undefined property: stdClass::$userName /var/www/html/watervale/application/views/items/index.php 92
ERROR - 2018-08-24 18:16:29 --> Severity: Notice --> Undefined property: stdClass::$userName /var/www/html/watervale/application/views/items/index.php 92
ERROR - 2018-08-24 18:17:31 --> Severity: Notice --> Undefined property: stdClass::$userName /var/www/html/watervale/application/views/items/index.php 92
ERROR - 2018-08-24 18:17:31 --> Severity: Notice --> Undefined property: stdClass::$userName /var/www/html/watervale/application/views/items/index.php 92
ERROR - 2018-08-24 18:17:31 --> Severity: Notice --> Undefined property: stdClass::$userName /var/www/html/watervale/application/views/items/index.php 92
ERROR - 2018-08-24 18:17:31 --> Severity: Notice --> Undefined property: stdClass::$userName /var/www/html/watervale/application/views/items/index.php 92
ERROR - 2018-08-24 18:17:31 --> Severity: Notice --> Undefined property: stdClass::$userName /var/www/html/watervale/application/views/items/index.php 92
ERROR - 2018-08-24 18:17:32 --> 404 Page Not Found: Img/favicon.png
ERROR - 2018-08-24 18:19:17 --> Severity: Notice --> Undefined property: stdClass::$userName /var/www/html/watervale/application/views/items/index.php 92
ERROR - 2018-08-24 18:19:17 --> Severity: Notice --> Undefined property: stdClass::$userName /var/www/html/watervale/application/views/items/index.php 92
ERROR - 2018-08-24 18:19:17 --> Severity: Notice --> Undefined property: stdClass::$userName /var/www/html/watervale/application/views/items/index.php 92
ERROR - 2018-08-24 18:19:17 --> Severity: Notice --> Undefined property: stdClass::$userName /var/www/html/watervale/application/views/items/index.php 92
ERROR - 2018-08-24 18:19:17 --> Severity: Notice --> Undefined property: stdClass::$userName /var/www/html/watervale/application/views/items/index.php 92
ERROR - 2018-08-24 18:28:51 --> 404 Page Not Found: Order-details/img
