ERROR - 2018-11-21 04:11:41 --> 404 Page Not Found: Img/favicon.png
ERROR - 2018-11-21 05:11:54 --> 404 Page Not Found: Img/favicon.png
ERROR - 2018-11-21 05:12:44 --> Severity: Notice --> Undefined variable: variants /var/www/html/watervale_live/application/views/customerFollowup/followupOrders.php 227
ERROR - 2018-11-21 05:12:44 --> Severity: Notice --> Trying to get property of non-object /var/www/html/watervale_live/application/views/customerFollowup/followupOrders.php 227
ERROR - 2018-11-21 05:12:44 --> Severity: Notice --> Undefined variable: variants /var/www/html/watervale_live/application/views/customerFollowup/followupOrders.php 227
ERROR - 2018-11-21 05:12:44 --> Severity: Notice --> Trying to get property of non-object /var/www/html/watervale_live/application/views/customerFollowup/followupOrders.php 227
ERROR - 2018-11-21 05:12:44 --> Severity: Notice --> Undefined variable: variants /var/www/html/watervale_live/application/views/customerFollowup/followupOrders.php 227
ERROR - 2018-11-21 05:12:44 --> Severity: Notice --> Trying to get property of non-object /var/www/html/watervale_live/application/views/customerFollowup/followupOrders.php 227
ERROR - 2018-11-21 05:12:44 --> Severity: Notice --> Undefined variable: variants /var/www/html/watervale_live/application/views/customerFollowup/followupOrders.php 227
ERROR - 2018-11-21 05:12:44 --> Severity: Notice --> Trying to get property of non-object /var/www/html/watervale_live/application/views/customerFollowup/followupOrders.php 227
ERROR - 2018-11-21 05:12:44 --> Severity: Notice --> Undefined variable: variants /var/www/html/watervale_live/application/views/customerFollowup/followupOrders.php 227
ERROR - 2018-11-21 05:12:44 --> Severity: Notice --> Trying to get property of non-object /var/www/html/watervale_live/application/views/customerFollowup/followupOrders.php 227
ERROR - 2018-11-21 05:13:28 --> Severity: Notice --> Undefined property: stdClass::$userName /var/www/html/watervale_live/application/views/items/index.php 94
ERROR - 2018-11-21 05:13:28 --> Severity: Notice --> Undefined property: stdClass::$userName /var/www/html/watervale_live/application/views/items/index.php 94
ERROR - 2018-11-21 05:14:02 --> Severity: Notice --> Undefined property: stdClass::$userName /var/www/html/watervale_live/application/views/items/index.php 94
ERROR - 2018-11-21 05:14:02 --> Severity: Notice --> Undefined property: stdClass::$userName /var/www/html/watervale_live/application/views/items/index.php 94
ERROR - 2018-11-21 05:18:10 --> Severity: Notice --> Undefined variable: variants /var/www/html/watervale_live/application/views/customerFollowup/followupOrders.php 227
ERROR - 2018-11-21 05:18:10 --> Severity: Notice --> Trying to get property of non-object /var/www/html/watervale_live/application/views/customerFollowup/followupOrders.php 227
ERROR - 2018-11-21 05:18:10 --> Severity: Notice --> Undefined variable: variants /var/www/html/watervale_live/application/views/customerFollowup/followupOrders.php 227
ERROR - 2018-11-21 05:18:10 --> Severity: Notice --> Trying to get property of non-object /var/www/html/watervale_live/application/views/customerFollowup/followupOrders.php 227
ERROR - 2018-11-21 05:18:10 --> Severity: Notice --> Undefined variable: variants /var/www/html/watervale_live/application/views/customerFollowup/followupOrders.php 227
ERROR - 2018-11-21 05:18:10 --> Severity: Notice --> Trying to get property of non-object /var/www/html/watervale_live/application/views/customerFollowup/followupOrders.php 227
ERROR - 2018-11-21 05:18:10 --> Severity: Notice --> Undefined variable: variants /var/www/html/watervale_live/application/views/customerFollowup/followupOrders.php 227
ERROR - 2018-11-21 05:18:10 --> Severity: Notice --> Trying to get property of non-object /var/www/html/watervale_live/application/views/customerFollowup/followupOrders.php 227
ERROR - 2018-11-21 05:18:10 --> Severity: Notice --> Undefined variable: variants /var/www/html/watervale_live/application/views/customerFollowup/followupOrders.php 227
ERROR - 2018-11-21 05:18:10 --> Severity: Notice --> Trying to get property of non-object /var/www/html/watervale_live/application/views/customerFollowup/followupOrders.php 227
ERROR - 2018-11-21 05:24:03 --> Severity: Notice --> Undefined property: stdClass::$userName /var/www/html/watervale_live/application/views/items/index.php 94
ERROR - 2018-11-21 05:24:03 --> Severity: Notice --> Undefined property: stdClass::$userName /var/www/html/watervale_live/application/views/items/index.php 94
ERROR - 2018-11-21 05:29:53 --> Severity: Notice --> Undefined property: stdClass::$userName /var/www/html/watervale_live/application/views/items/index.php 94
ERROR - 2018-11-21 05:29:53 --> Severity: Notice --> Undefined property: stdClass::$userName /var/www/html/watervale_live/application/views/items/index.php 94
ERROR - 2018-11-21 05:30:57 --> Severity: Notice --> Undefined property: stdClass::$userName /var/www/html/watervale_live/application/views/items/index.php 94
ERROR - 2018-11-21 05:30:57 --> Severity: Notice --> Undefined property: stdClass::$userName /var/www/html/watervale_live/application/views/items/index.php 94
ERROR - 2018-11-21 05:31:20 --> Severity: Notice --> Undefined property: stdClass::$userName /var/www/html/watervale_live/application/views/items/index.php 94
ERROR - 2018-11-21 05:31:20 --> Severity: Notice --> Undefined property: stdClass::$userName /var/www/html/watervale_live/application/views/items/index.php 94
ERROR - 2018-11-21 05:44:34 --> Severity: Notice --> Undefined variable: variants /var/www/html/watervale_live/application/views/customerFollowup/followupOrders.php 227
ERROR - 2018-11-21 05:44:34 --> Severity: Notice --> Trying to get property of non-object /var/www/html/watervale_live/application/views/customerFollowup/followupOrders.php 227
ERROR - 2018-11-21 05:44:34 --> Severity: Notice --> Undefined variable: variants /var/www/html/watervale_live/application/views/customerFollowup/followupOrders.php 227
ERROR - 2018-11-21 05:44:34 --> Severity: Notice --> Trying to get property of non-object /var/www/html/watervale_live/application/views/customerFollowup/followupOrders.php 227
ERROR - 2018-11-21 05:44:34 --> Severity: Notice --> Undefined variable: variants /var/www/html/watervale_live/application/views/customerFollowup/followupOrders.php 227
ERROR - 2018-11-21 05:44:34 --> Severity: Notice --> Trying to get property of non-object /var/www/html/watervale_live/application/views/customerFollowup/followupOrders.php 227
ERROR - 2018-11-21 05:44:34 --> Severity: Notice --> Undefined variable: variants /var/www/html/watervale_live/application/views/customerFollowup/followupOrders.php 227
ERROR - 2018-11-21 05:44:34 --> Severity: Notice --> Trying to get property of non-object /var/www/html/watervale_live/application/views/customerFollowup/followupOrders.php 227
ERROR - 2018-11-21 05:44:34 --> Severity: Notice --> Undefined variable: variants /var/www/html/watervale_live/application/views/customerFollowup/followupOrders.php 227
ERROR - 2018-11-21 05:44:34 --> Severity: Notice --> Trying to get property of non-object /var/www/html/watervale_live/application/views/customerFollowup/followupOrders.php 227
ERROR - 2018-11-21 06:05:44 --> 404 Page Not Found: Img/favicon.png
ERROR - 2018-11-21 06:09:41 --> 404 Page Not Found: Img/favicon.png
ERROR - 2018-11-21 06:09:43 --> Severity: Notice --> Undefined property: stdClass::$userName /var/www/html/watervale_live/application/views/items/index.php 94
ERROR - 2018-11-21 06:09:43 --> Severity: Notice --> Undefined property: stdClass::$userName /var/www/html/watervale_live/application/views/items/index.php 94
ERROR - 2018-11-21 06:12:43 --> Severity: Notice --> Undefined property: stdClass::$userName /var/www/html/watervale_live/application/views/items/index.php 94
ERROR - 2018-11-21 06:12:43 --> Severity: Notice --> Undefined property: stdClass::$userName /var/www/html/watervale_live/application/views/items/index.php 94
ERROR - 2018-11-21 06:16:10 --> Severity: Notice --> Undefined property: stdClass::$userName /var/www/html/watervale_live/application/views/items/index.php 94
ERROR - 2018-11-21 06:16:10 --> Severity: Notice --> Undefined property: stdClass::$userName /var/www/html/watervale_live/application/views/items/index.php 94
ERROR - 2018-11-21 06:16:10 --> Severity: Notice --> Undefined property: stdClass::$userName /var/www/html/watervale_live/application/views/items/index.php 94
ERROR - 2018-11-21 06:16:10 --> Severity: Notice --> Undefined property: stdClass::$userName /var/www/html/watervale_live/application/views/items/index.php 94
ERROR - 2018-11-21 06:16:11 --> Severity: Notice --> Undefined property: stdClass::$userName /var/www/html/watervale_live/application/views/items/index.php 94
ERROR - 2018-11-21 06:16:11 --> Severity: Notice --> Undefined property: stdClass::$userName /var/www/html/watervale_live/application/views/items/index.php 94
ERROR - 2018-11-21 06:16:54 --> Severity: Notice --> Undefined property: stdClass::$userName /var/www/html/watervale_live/application/views/items/index.php 94
ERROR - 2018-11-21 06:16:54 --> Severity: Notice --> Undefined property: stdClass::$userName /var/www/html/watervale_live/application/views/items/index.php 94
ERROR - 2018-11-21 06:17:29 --> Severity: Notice --> Undefined property: stdClass::$userName /var/www/html/watervale_live/application/views/items/index.php 94
ERROR - 2018-11-21 06:17:29 --> Severity: Notice --> Undefined property: stdClass::$userName /var/www/html/watervale_live/application/views/items/index.php 94
ERROR - 2018-11-21 07:11:19 --> Severity: Notice --> Undefined property: stdClass::$userName /var/www/html/watervale_live/application/views/items/index.php 94
ERROR - 2018-11-21 07:11:19 --> Severity: Notice --> Undefined property: stdClass::$userName /var/www/html/watervale_live/application/views/items/index.php 94
ERROR - 2018-11-21 07:11:20 --> Severity: Notice --> Undefined property: stdClass::$userName /var/www/html/watervale_live/application/views/items/index.php 94
ERROR - 2018-11-21 07:11:20 --> Severity: Notice --> Undefined property: stdClass::$userName /var/www/html/watervale_live/application/views/items/index.php 94
ERROR - 2018-11-21 07:11:21 --> Severity: Notice --> Undefined property: stdClass::$userName /var/www/html/watervale_live/application/views/items/index.php 94
ERROR - 2018-11-21 07:11:21 --> Severity: Notice --> Undefined property: stdClass::$userName /var/www/html/watervale_live/application/views/items/index.php 94
ERROR - 2018-11-21 07:11:55 --> 404 Page Not Found: Img/favicon.png
ERROR - 2018-11-21 07:13:20 --> Severity: Notice --> Undefined property: stdClass::$userName /var/www/html/watervale_live/application/views/items/index.php 94
ERROR - 2018-11-21 07:13:20 --> Severity: Notice --> Undefined property: stdClass::$userName /var/www/html/watervale_live/application/views/items/index.php 94
ERROR - 2018-11-21 07:14:06 --> Severity: Notice --> Undefined property: stdClass::$userName /var/www/html/watervale_live/application/views/items/index.php 94
ERROR - 2018-11-21 07:14:06 --> Severity: Notice --> Undefined property: stdClass::$userName /var/www/html/watervale_live/application/views/items/index.php 94
ERROR - 2018-11-21 07:16:42 --> Severity: Notice --> Undefined property: stdClass::$userName /var/www/html/watervale_live/application/views/items/index.php 94
ERROR - 2018-11-21 07:16:42 --> Severity: Notice --> Undefined property: stdClass::$userName /var/www/html/watervale_live/application/views/items/index.php 94
ERROR - 2018-11-21 07:16:43 --> Severity: Notice --> Undefined property: stdClass::$userName /var/www/html/watervale_live/application/views/items/index.php 94
ERROR - 2018-11-21 07:16:43 --> Severity: Notice --> Undefined property: stdClass::$userName /var/www/html/watervale_live/application/views/items/index.php 94
ERROR - 2018-11-21 07:16:44 --> Severity: Notice --> Undefined property: stdClass::$userName /var/www/html/watervale_live/application/views/items/index.php 94
ERROR - 2018-11-21 07:16:44 --> Severity: Notice --> Undefined property: stdClass::$userName /var/www/html/watervale_live/application/views/items/index.php 94
ERROR - 2018-11-21 07:17:36 --> Severity: Notice --> Undefined property: stdClass::$userName /var/www/html/watervale_live/application/views/items/index.php 94
ERROR - 2018-11-21 07:17:36 --> Severity: Notice --> Undefined property: stdClass::$userName /var/www/html/watervale_live/application/views/items/index.php 94
ERROR - 2018-11-21 07:18:11 --> Severity: Notice --> Undefined property: stdClass::$userName /var/www/html/watervale_live/application/views/items/index.php 94
ERROR - 2018-11-21 07:18:11 --> Severity: Notice --> Undefined property: stdClass::$userName /var/www/html/watervale_live/application/views/items/index.php 94
ERROR - 2018-11-21 07:20:03 --> Severity: Notice --> Undefined property: stdClass::$userName /var/www/html/watervale_live/application/views/items/index.php 94
ERROR - 2018-11-21 07:20:03 --> Severity: Notice --> Undefined property: stdClass::$userName /var/www/html/watervale_live/application/views/items/index.php 94
ERROR - 2018-11-21 07:20:05 --> Severity: Notice --> Undefined property: stdClass::$userName /var/www/html/watervale_live/application/views/items/index.php 94
ERROR - 2018-11-21 07:20:05 --> Severity: Notice --> Undefined property: stdClass::$userName /var/www/html/watervale_live/application/views/items/index.php 94
ERROR - 2018-11-21 07:22:05 --> Severity: Notice --> Undefined property: stdClass::$userName /var/www/html/watervale_live/application/views/items/index.php 94
ERROR - 2018-11-21 07:22:05 --> Severity: Notice --> Undefined property: stdClass::$userName /var/www/html/watervale_live/application/views/items/index.php 94
ERROR - 2018-11-21 07:23:31 --> Severity: Notice --> Undefined property: stdClass::$userName /var/www/html/watervale_live/application/views/items/index.php 94
ERROR - 2018-11-21 07:23:31 --> Severity: Notice --> Undefined property: stdClass::$userName /var/www/html/watervale_live/application/views/items/index.php 94
ERROR - 2018-11-21 07:25:03 --> Severity: Notice --> Undefined property: stdClass::$userName /var/www/html/watervale_live/application/views/items/index.php 94
ERROR - 2018-11-21 07:25:03 --> Severity: Notice --> Undefined property: stdClass::$userName /var/www/html/watervale_live/application/views/items/index.php 94
ERROR - 2018-11-21 07:25:54 --> Severity: Notice --> Undefined property: stdClass::$userName /var/www/html/watervale_live/application/views/items/index.php 94
ERROR - 2018-11-21 07:25:54 --> Severity: Notice --> Undefined property: stdClass::$userName /var/www/html/watervale_live/application/views/items/index.php 94
ERROR - 2018-11-21 07:26:56 --> Severity: Notice --> Undefined property: stdClass::$userName /var/www/html/watervale_live/application/views/items/index.php 94
ERROR - 2018-11-21 07:26:56 --> Severity: Notice --> Undefined property: stdClass::$userName /var/www/html/watervale_live/application/views/items/index.php 94
ERROR - 2018-11-21 07:27:27 --> Severity: Notice --> Undefined property: stdClass::$userName /var/www/html/watervale_live/application/views/items/index.php 94
ERROR - 2018-11-21 07:27:27 --> Severity: Notice --> Undefined property: stdClass::$userName /var/www/html/watervale_live/application/views/items/index.php 94
ERROR - 2018-11-21 07:28:52 --> Severity: Notice --> Undefined property: stdClass::$userName /var/www/html/watervale_live/application/views/items/index.php 94
ERROR - 2018-11-21 07:28:52 --> Severity: Notice --> Undefined property: stdClass::$userName /var/www/html/watervale_live/application/views/items/index.php 94
ERROR - 2018-11-21 07:30:12 --> Severity: Notice --> Undefined property: stdClass::$userName /var/www/html/watervale_live/application/views/items/index.php 94
ERROR - 2018-11-21 07:30:12 --> Severity: Notice --> Undefined property: stdClass::$userName /var/www/html/watervale_live/application/views/items/index.php 94
ERROR - 2018-11-21 07:30:44 --> Severity: Notice --> Undefined property: stdClass::$userName /var/www/html/watervale_live/application/views/items/index.php 94
ERROR - 2018-11-21 07:30:44 --> Severity: Notice --> Undefined property: stdClass::$userName /var/www/html/watervale_live/application/views/items/index.php 94
ERROR - 2018-11-21 07:38:21 --> 404 Page Not Found: Img/favicon.png
ERROR - 2018-11-21 07:40:57 --> 404 Page Not Found: Img/favicon.png
ERROR - 2018-11-21 07:47:40 --> Severity: Notice --> Undefined property: stdClass::$userName /var/www/html/watervale_live/application/views/items/index.php 94
ERROR - 2018-11-21 07:47:40 --> Severity: Notice --> Undefined property: stdClass::$userName /var/www/html/watervale_live/application/views/items/index.php 94
ERROR - 2018-11-21 07:49:28 --> Severity: Notice --> Undefined property: stdClass::$userName /var/www/html/watervale_live/application/views/items/index.php 94
ERROR - 2018-11-21 07:49:28 --> Severity: Notice --> Undefined property: stdClass::$userName /var/www/html/watervale_live/application/views/items/index.php 94
ERROR - 2018-11-21 09:24:16 --> Severity: Warning --> Division by zero /var/www/html/watervale_live/application/views/dashboard/statistics.php 21
ERROR - 2018-11-21 09:24:16 --> 404 Page Not Found: Img/favicon.png
ERROR - 2018-11-21 09:24:39 --> Severity: Warning --> Division by zero /var/www/html/watervale_live/application/views/dashboard/statistics.php 21
ERROR - 2018-11-21 09:25:09 --> Severity: Warning --> Division by zero /var/www/html/watervale_live/application/views/dashboard/statistics.php 21
ERROR - 2018-11-21 09:25:56 --> Severity: Notice --> Undefined property: stdClass::$userName /var/www/html/watervale_live/application/views/items/index.php 94
ERROR - 2018-11-21 09:25:56 --> Severity: Notice --> Undefined property: stdClass::$userName /var/www/html/watervale_live/application/views/items/index.php 94
ERROR - 2018-11-21 09:35:11 --> {"orderRef":"","userRef":"JjgDalfOlUQWpSeL","customerRef":"dXMJ1FSHdfYwMI5Z","orderRemarks":"","deliveryMethodRef":"4k6GrpPR1ZPOeuwR","newDeliveryMethod":"","newAreaCode":"","paymentMethodRef":"GLQ7xW9duKY7c6sU","dueDays":"","dueAmount":"","orderPipline":"3","orderStatus":"queued","orderInProduction":"1","managerApprove":"1","approvalType":"management","preAuthorization":"","orderDiscount":"160.0","newCustomer":[],"orderItems":[{"itemName":"Item1","itemRef":"PRO-M1NK-00001","qty":2,"saleUOM":"SaleTUoM","saleConvQty":"1","saleConvLength":"0","baseUOM":"TUoM","baseConvQty":"1","baseConvLength":"0","productionOnDemand":"0","transportCost":"0","transportCostChanged":"","variants":[{"item_variant_id":"141","length":"11","width":"12","height":"13","color":"Black","design":"Square","qty":"1","price":"100","minPrice":"10","blockPercentage":"20","blockType":"TBlock Type","discountType":"2","discount":"40","isCustomize":"0"},{"item_variant_id":"142","length":"11","width":"12","height":"13","color":"Blue","design":"Square","qty":"1","price":"200","minPrice":"10","blockPercentage":"20","blockType":"TBlock Type","discountType":"1","discount":"25","isCustomize":"0"}]},{"itemName":"Comfort Foam","itemRef":"PRO-TDLK-00002","qty":2,"saleUOM":"PC","saleConvQty":"1","saleConvLength":"0","baseUOM":"PC","baseConvQty":"1","baseConvLength":"0","productionOnDemand":"1","transportCost":"","transportCostChanged":"10","variants":[{"item_variant_id":"145","length":"20","width":"20","height":"4","color":"NA","design":"NA","qty":"1","price":"100","minPrice":"80","blockPercentage":"0","blockType":"Comfort","discountType":"2","discount":"50","isCustomize":"0"},{"item_variant_id":"146","length":"20","width":"20","height":"8","color":"NA","design":"NA","qty":"1","price":"100","minPrice":"80","blockPercentage":"0","blockType":"Comfort","discountType":"1","discount":"20","isCustomize":"0"}]}]}
ERROR - 2018-11-21 09:35:11 --> {"success":true,"success_message":"Order 00010 Submitted successfully."}
ERROR - 2018-11-21 09:41:18 --> {  
   "orderRef":"",
   "userRef":"JjgDalfOlUQWpSeL",
   "customerRef":"dXMJ1FSHdfYwMI5Z",
   "orderRemarks":"",
   "deliveryMethodRef":"4k6GrpPR1ZPOeuwR",
   "newDeliveryMethod":"",
   "newAreaCode":"",
   "paymentMethodRef":"GLQ7xW9duKY7c6sU",
   "dueDays":"",
   "dueAmount":"",
   "orderPipline":"3",
   "orderStatus":"queued",
   "orderInProduction":"1",
   "managerApprove":"1",
   "approvalType":"management",
   "preAuthorization":"",
   "orderDiscount":"160.0",
   "newCustomer":[],
   "orderItems":[  
      {  
         "itemName":"Item1",
         "itemRef":"PRO-M1NK-00001",
         "qty":2,
         "saleUOM":"SaleTUoM",
         "saleConvQty":"1",
         "saleConvLength":"0",
         "baseUOM":"TUoM",
         "baseConvQty":"1",
         "baseConvLength":"0",
         "productionOnDemand":"0",
         "transportCost":"0",
         "transportCostChanged":"",
         "discountType":"1",
         "discount":"25",
         "variants":[  
            {  
               "item_variant_id":"141",
               "length":"11",
               "width":"12",
               "height":"13",
               "color":"Black",
               "design":"Square",
               "qty":"1",
               "price":"100",
               "minPrice":"10",
               "blockPercentage":"20",
               "blockType":"TBlock Type",
               "isCustomize":"0"
            },
            {  
               "item_variant_id":"142",
               "length":"11",
               "width":"12",
               "height":"13",
               "color":"Blue",
               "design":"Square",
               "qty":"1",
               "price":"200",
               "minPrice":"10",
               "blockPercentage":"20",
               "blockType":"TBlock Type",
               "isCustomize":"0"
            }
         ]
      },
      {  
         "itemName":"Comfort Foam",
         "itemRef":"PRO-TDLK-00002",
         "qty":2,
         "saleUOM":"PC",
         "saleConvQty":"1",
         "saleConvLength":"0",
         "baseUOM":"PC",
         "baseConvQty":"1",
         "baseConvLength":"0",
         "productionOnDemand":"1",
         "transportCost":"",
         "transportCostChanged":"10",
         "discountType":"2",
         "discount":"50",
         "variants":[  
            {  
               "item_variant_id":"145",
               "length":"20",
               "width":"20",
               "height":"4",
               "color":"NA",
               "design":"NA",
               "qty":"1",
               "price":"100",
               "minPrice":"80",
               "blockPercentage":"0",
               "blockType":"Comfort",
               "isCustomize":"0"
            },
            {  
               "item_variant_id":"146",
               "length":"20",
               "width":"20",
               "height":"8",
               "color":"NA",
               "design":"NA",
               "qty":"1",
               "price":"100",
               "minPrice":"80",
               "blockPercentage":"0",
               "blockType":"Comfort",
               "isCustomize":"0"
            }
         ]
      }
   ]
}
ERROR - 2018-11-21 09:50:01 --> 404 Page Not Found: Img/favicon.png
ERROR - 2018-11-21 09:50:15 --> 404 Page Not Found: Order-details/img
ERROR - 2018-11-21 09:50:15 --> Severity: Notice --> Undefined property: stdClass::$userName /var/www/html/watervale_live/application/views/items/index.php 94
ERROR - 2018-11-21 09:50:15 --> Severity: Notice --> Undefined property: stdClass::$userName /var/www/html/watervale_live/application/views/items/index.php 94
ERROR - 2018-11-21 09:52:36 --> {  
   "orderRef":"",
   "userRef":"JjgDalfOlUQWpSeL",
   "customerRef":"dXMJ1FSHdfYwMI5Z",
   "orderRemarks":"",
   "deliveryMethodRef":"4k6GrpPR1ZPOeuwR",
   "newDeliveryMethod":"",
   "newAreaCode":"",
   "paymentMethodRef":"GLQ7xW9duKY7c6sU",
   "dueDays":"",
   "dueAmount":"",
   "orderPipline":"3",
   "orderStatus":"queued",
   "orderInProduction":"1",
   "managerApprove":"1",
   "approvalType":"management",
   "preAuthorization":"",
   "orderDiscount":"160.0",
   "newCustomer":[],
   "orderItems":[  
      {  
         "itemName":"Item1",
         "itemRef":"PRO-M1NK-00001",
         "qty":2,
         "saleUOM":"SaleTUoM",
         "saleConvQty":"1",
         "saleConvLength":"0",
         "baseUOM":"TUoM",
         "baseConvQty":"1",
         "baseConvLength":"0",
         "productionOnDemand":"0",
         "transportCost":"0",
         "transportCostChanged":"",
         "discountType":"1",
         "discount":"25",
         "variants":[  
            {  
               "item_variant_id":"141",
               "length":"11",
               "width":"12",
               "height":"13",
               "color":"Black",
               "design":"Square",
               "qty":"1",
               "price":"100",
               "minPrice":"10",
               "blockPercentage":"20",
               "blockType":"TBlock Type",
               "isCustomize":"0"
            },
            {  
               "item_variant_id":"142",
               "length":"11",
               "width":"12",
               "height":"13",
               "color":"Blue",
               "design":"Square",
               "qty":"1",
               "price":"200",
               "minPrice":"10",
               "blockPercentage":"20",
               "blockType":"TBlock Type",
               "isCustomize":"0"
            }
         ]
      },
      {  
         "itemName":"Comfort Foam",
         "itemRef":"PRO-TDLK-00002",
         "qty":2,
         "saleUOM":"PC",
         "saleConvQty":"1",
         "saleConvLength":"0",
         "baseUOM":"PC",
         "baseConvQty":"1",
         "baseConvLength":"0",
         "productionOnDemand":"1",
         "transportCost":"",
         "transportCostChanged":"10",
         "discountType":"2",
         "discount":"50",
         "variants":[  
            {  
               "item_variant_id":"145",
               "length":"20",
               "width":"20",
               "height":"4",
               "color":"NA",
               "design":"NA",
               "qty":"1",
               "price":"100",
               "minPrice":"80",
               "blockPercentage":"0",
               "blockType":"Comfort",
               "isCustomize":"0"
            },
            {  
               "item_variant_id":"146",
               "length":"20",
               "width":"20",
               "height":"8",
               "color":"NA",
               "design":"NA",
               "qty":"1",
               "price":"100",
               "minPrice":"80",
               "blockPercentage":"0",
               "blockType":"Comfort",
               "isCustomize":"0"
            }
         ]
      }
   ]
}
ERROR - 2018-11-21 09:52:46 --> {  
   "orderRef":"",
   "userRef":"JjgDalfOlUQWpSeL",
   "customerRef":"dXMJ1FSHdfYwMI5Z",
   "orderRemarks":"",
   "deliveryMethodRef":"4k6GrpPR1ZPOeuwR",
   "newDeliveryMethod":"",
   "newAreaCode":"",
   "paymentMethodRef":"GLQ7xW9duKY7c6sU",
   "dueDays":"",
   "dueAmount":"",
   "orderPipline":"3",
   "orderStatus":"queued",
   "orderInProduction":"1",
   "managerApprove":"1",
   "approvalType":"management",
   "preAuthorization":"",
   "orderDiscount":"160.0",
   "newCustomer":[],
   "orderItems":[  
      {  
         "itemName":"Item1",
         "itemRef":"PRO-M1NK-00001",
         "qty":2,
         "saleUOM":"SaleTUoM",
         "saleConvQty":"1",
         "saleConvLength":"0",
         "baseUOM":"TUoM",
         "baseConvQty":"1",
         "baseConvLength":"0",
         "productionOnDemand":"0",
         "transportCost":"0",
         "transportCostChanged":"",
         "discountType":"1",
         "discount":"25",
         "variants":[  
            {  
               "item_variant_id":"141",
               "length":"11",
               "width":"12",
               "height":"13",
               "color":"Black",
               "design":"Square",
               "qty":"1",
               "price":"100",
               "minPrice":"10",
               "blockPercentage":"20",
               "blockType":"TBlock Type",
               "isCustomize":"0"
            },
            {  
               "item_variant_id":"142",
               "length":"11",
               "width":"12",
               "height":"13",
               "color":"Blue",
               "design":"Square",
               "qty":"1",
               "price":"200",
               "minPrice":"10",
               "blockPercentage":"20",
               "blockType":"TBlock Type",
               "isCustomize":"0"
            }
         ]
      },
      {  
         "itemName":"Comfort Foam",
         "itemRef":"PRO-TDLK-00002",
         "qty":2,
         "saleUOM":"PC",
         "saleConvQty":"1",
         "saleConvLength":"0",
         "baseUOM":"PC",
         "baseConvQty":"1",
         "baseConvLength":"0",
         "productionOnDemand":"1",
         "transportCost":"",
         "transportCostChanged":"10",
         "discountType":"2",
         "discount":"50",
         "variants":[  
            {  
               "item_variant_id":"145",
               "length":"20",
               "width":"20",
               "height":"4",
               "color":"NA",
               "design":"NA",
               "qty":"1",
               "price":"100",
               "minPrice":"80",
               "blockPercentage":"0",
               "blockType":"Comfort",
               "isCustomize":"0"
            },
            {  
               "item_variant_id":"146",
               "length":"20",
               "width":"20",
               "height":"8",
               "color":"NA",
               "design":"NA",
               "qty":"1",
               "price":"100",
               "minPrice":"80",
               "blockPercentage":"0",
               "blockType":"Comfort",
               "isCustomize":"0"
            }
         ]
      }
   ]
}
ERROR - 2018-11-21 09:52:46 --> Severity: Notice --> Undefined index: discount /var/www/html/watervale_live/application/models/OrderModel.php 289
ERROR - 2018-11-21 09:52:46 --> Severity: Notice --> Undefined index: discount /var/www/html/watervale_live/application/models/OrderModel.php 289
ERROR - 2018-11-21 09:52:46 --> {"success":true,"success_message":"Order 00011 Submitted successfully."}
ERROR - 2018-11-21 09:53:51 --> {  
   "orderRef":"",
   "userRef":"JjgDalfOlUQWpSeL",
   "customerRef":"dXMJ1FSHdfYwMI5Z",
   "orderRemarks":"",
   "deliveryMethodRef":"4k6GrpPR1ZPOeuwR",
   "newDeliveryMethod":"",
   "newAreaCode":"",
   "paymentMethodRef":"GLQ7xW9duKY7c6sU",
   "dueDays":"",
   "dueAmount":"",
   "orderPipline":"3",
   "orderStatus":"queued",
   "orderInProduction":"1",
   "managerApprove":"1",
   "approvalType":"management",
   "preAuthorization":"",
   "orderDiscount":"160.0",
   "newCustomer":[],
   "orderItems":[  
      {  
         "itemName":"Item1",
         "itemRef":"PRO-M1NK-00001",
         "qty":2,
         "saleUOM":"SaleTUoM",
         "saleConvQty":"1",
         "saleConvLength":"0",
         "baseUOM":"TUoM",
         "baseConvQty":"1",
         "baseConvLength":"0",
         "productionOnDemand":"0",
         "transportCost":"0",
         "transportCostChanged":"",
         "discountType":"1",
         "discount":"25",
         "variants":[  
            {  
               "item_variant_id":"141",
               "length":"11",
               "width":"12",
               "height":"13",
               "color":"Black",
               "design":"Square",
               "qty":"1",
               "price":"100",
               "minPrice":"10",
               "blockPercentage":"20",
               "blockType":"TBlock Type",
               "isCustomize":"0"
            },
            {  
               "item_variant_id":"142",
               "length":"11",
               "width":"12",
               "height":"13",
               "color":"Blue",
               "design":"Square",
               "qty":"1",
               "price":"200",
               "minPrice":"10",
               "blockPercentage":"20",
               "blockType":"TBlock Type",
               "isCustomize":"0"
            }
         ]
      },
      {  
         "itemName":"Comfort Foam",
         "itemRef":"PRO-TDLK-00002",
         "qty":2,
         "saleUOM":"PC",
         "saleConvQty":"1",
         "saleConvLength":"0",
         "baseUOM":"PC",
         "baseConvQty":"1",
         "baseConvLength":"0",
         "productionOnDemand":"1",
         "transportCost":"",
         "transportCostChanged":"10",
         "discountType":"2",
         "discount":"50",
         "variants":[  
            {  
               "item_variant_id":"145",
               "length":"20",
               "width":"20",
               "height":"4",
               "color":"NA",
               "design":"NA",
               "qty":"1",
               "price":"100",
               "minPrice":"80",
               "blockPercentage":"0",
               "blockType":"Comfort",
               "isCustomize":"0"
            },
            {  
               "item_variant_id":"146",
               "length":"20",
               "width":"20",
               "height":"8",
               "color":"NA",
               "design":"NA",
               "qty":"1",
               "price":"100",
               "minPrice":"80",
               "blockPercentage":"0",
               "blockType":"Comfort",
               "isCustomize":"0"
            }
         ]
      }
   ]
}
ERROR - 2018-11-21 09:53:51 --> Severity: Notice --> Undefined index: discount /var/www/html/watervale_live/application/models/OrderModel.php 289
ERROR - 2018-11-21 09:53:51 --> Severity: Notice --> Undefined index: discount /var/www/html/watervale_live/application/models/OrderModel.php 289
ERROR - 2018-11-21 09:53:51 --> {"success":true,"success_message":"Order 00012 Submitted successfully."}
ERROR - 2018-11-21 10:13:55 --> 404 Page Not Found: Order-details/img
ERROR - 2018-11-21 10:14:18 --> 404 Page Not Found: Order-details/img
ERROR - 2018-11-21 10:24:14 --> {  
   "orderRef":"",
   "userRef":"JjgDalfOlUQWpSeL",
   "customerRef":"dXMJ1FSHdfYwMI5Z",
   "orderRemarks":"",
   "deliveryMethodRef":"4k6GrpPR1ZPOeuwR",
   "newDeliveryMethod":"",
   "newAreaCode":"",
   "paymentMethodRef":"GLQ7xW9duKY7c6sU",
   "dueDays":"",
   "dueAmount":"",
   "orderPipline":"3",
   "orderStatus":"queued",
   "orderInProduction":"1",
   "managerApprove":"1",
   "approvalType":"management",
   "preAuthorization":"",
   "orderDiscount":"160.0",
   "newCustomer":[],
   "orderItems":[  
      {  
         "itemName":"Item1",
         "itemRef":"PRO-M1NK-00001",
         "qty":2,
         "saleUOM":"SaleTUoM",
         "saleConvQty":"1",
         "saleConvLength":"0",
         "baseUOM":"TUoM",
         "baseConvQty":"1",
         "baseConvLength":"0",
         "productionOnDemand":"0",
         "transportCost":"0",
         "transportCostChanged":"",
         "discountType":"1",
         "discount":"25",
         "variants":[  
            {  
               "item_variant_id":"141",
               "length":"11",
               "width":"12",
               "height":"13",
               "color":"Black",
               "design":"Square",
               "qty":"1",
               "price":"100",
               "minPrice":"10",
               "blockPercentage":"20",
               "blockType":"TBlock Type",
               "isCustomize":"0"
            },
            {  
               "item_variant_id":"142",
               "length":"11",
               "width":"12",
               "height":"13",
               "color":"Blue",
               "design":"Square",
               "qty":"1",
               "price":"200",
               "minPrice":"10",
               "blockPercentage":"20",
               "blockType":"TBlock Type",
               "isCustomize":"0"
            }
         ]
      },
      {  
         "itemName":"Comfort Foam",
         "itemRef":"PRO-TDLK-00002",
         "qty":2,
         "saleUOM":"PC",
         "saleConvQty":"1",
         "saleConvLength":"0",
         "baseUOM":"PC",
         "baseConvQty":"1",
         "baseConvLength":"0",
         "productionOnDemand":"1",
         "transportCost":"",
         "transportCostChanged":"10",
         "discountType":"1",
         "discount":"50",
         "variants":[  
            {  
               "item_variant_id":"145",
               "length":"20",
               "width":"20",
               "height":"4",
               "color":"NA",
               "design":"NA",
               "qty":"1",
               "price":"100",
               "minPrice":"80",
               "blockPercentage":"0",
               "blockType":"Comfort",
               "isCustomize":"0"
            },
            {  
               "item_variant_id":"146",
               "length":"20",
               "width":"20",
               "height":"8",
               "color":"NA",
               "design":"NA",
               "qty":"1",
               "price":"100",
               "minPrice":"80",
               "blockPercentage":"0",
               "blockType":"Comfort",
               "isCustomize":"0"
            }
         ]
      }
   ]
}
ERROR - 2018-11-21 10:24:14 --> {"success":true,"success_message":"Order 00013 Submitted successfully."}
ERROR - 2018-11-21 10:24:22 --> 404 Page Not Found: Img/favicon.png
ERROR - 2018-11-21 10:40:42 --> Severity: Notice --> Undefined property: stdClass::$userName /var/www/html/watervale_live/application/views/items/index.php 94
ERROR - 2018-11-21 10:40:42 --> Severity: Notice --> Undefined property: stdClass::$userName /var/www/html/watervale_live/application/views/items/index.php 94
ERROR - 2018-11-21 10:43:33 --> Severity: Notice --> Undefined property: stdClass::$userName /var/www/html/watervale_live/application/views/items/index.php 94
ERROR - 2018-11-21 10:43:33 --> Severity: Notice --> Undefined property: stdClass::$userName /var/www/html/watervale_live/application/views/items/index.php 94
ERROR - 2018-11-21 10:43:56 --> Severity: Notice --> Undefined property: stdClass::$userName /var/www/html/watervale_live/application/views/items/index.php 94
ERROR - 2018-11-21 10:43:56 --> Severity: Notice --> Undefined property: stdClass::$userName /var/www/html/watervale_live/application/views/items/index.php 94
ERROR - 2018-11-21 10:44:32 --> Severity: Notice --> Undefined property: stdClass::$userName /var/www/html/watervale_live/application/views/items/index.php 94
ERROR - 2018-11-21 10:44:32 --> Severity: Notice --> Undefined property: stdClass::$userName /var/www/html/watervale_live/application/views/items/index.php 94
ERROR - 2018-11-21 10:53:49 --> Severity: error --> Exception: syntax error, unexpected ';', expecting ')' /var/www/html/watervale_live/application/controllers/ItemController.php 164
ERROR - 2018-11-21 11:08:57 --> Severity: Notice --> Undefined property: stdClass::$userName /var/www/html/watervale_live/application/views/items/index.php 94
ERROR - 2018-11-21 11:08:57 --> Severity: Notice --> Undefined property: stdClass::$userName /var/www/html/watervale_live/application/views/items/index.php 94
ERROR - 2018-11-21 11:08:58 --> 404 Page Not Found: Img/favicon.png
ERROR - 2018-11-21 11:29:29 --> {"orderRef":"","userRef":"qOoAcdisbsO91v64","customerRef":"dXMJ1FSHdfYwMI5Z","orderRemarks":"","deliveryMethodRef":"4k6GrpPR1ZPOeuwR","newDeliveryMethod":"","newAreaCode":"","paymentMethodRef":"GLQ7xW9duKY7c6sU","dueDays":"","dueAmount":"","orderPipline":"3","orderStatus":"queued","orderInProduction":"1","managerApprove":"1","approvalType":"management","preAuthorization":"","orderDiscount":"41.0","newCustomer":[],"orderItems":[{"itemName":"Comfort Foam","itemRef":"PRO-TDLK-00002","qty":3,"saleUOM":"PC","saleConvQty":"1","saleConvLength":"0","baseUOM":"PC","baseConvQty":"1","baseConvLength":"0","productionOnDemand":"1","transportCost":"","transportCostChanged":"10","discountType":"1","discount":"20","variants":[{"length":"20","width":"20","height":"4","color":"NA","design":"NA","qty":"1","price":"20","minPrice":"80","blockPercentage":"0","blockType":"Comfort","isCustomize":"0"},{"length":"20","width":"20","height":"8","color":"NA","design":"NA","qty":"1","price":"30","minPrice":"80","blockPercentage":"0","blockType":"Comfort","isCustomize":"0"},{"length":"80","width":"40","height":"4","color":"NA","design":"NA","qty":"1","price":"100","minPrice":"80","blockPercentage":"0","blockType":"Comfort","isCustomize":"0"}]},{"itemName":"Item1","itemRef":"PRO-M1NK-00001","qty":2,"saleUOM":"SaleTUoM","saleConvQty":"1","saleConvLength":"0","baseUOM":"TUoM","baseConvQty":"1","baseConvLength":"0","productionOnDemand":"0","transportCost":"0","transportCostChanged":"","discountType":"1","discount":"10","variants":[{"length":"11","width":"12","height":"13","color":"Black","design":"Square","qty":"1","price":"100","minPrice":"10","blockPercentage":"20","blockType":"TBlock Type","isCustomize":"0"},{"length":"11","width":"12","height":"13","color":"Blue","design":"Square","qty":"1","price":"10","minPrice":"10","blockPercentage":"20","blockType":"TBlock Type","isCustomize":"0"}]}]}
ERROR - 2018-11-21 11:29:29 --> {"success":true,"success_message":"Order 00014 Submitted successfully."}
ERROR - 2018-11-21 11:30:15 --> 404 Page Not Found: Img/favicon.png
ERROR - 2018-11-21 11:30:22 --> Severity: Notice --> Undefined property: stdClass::$userName /var/www/html/watervale_live/application/views/items/index.php 94
ERROR - 2018-11-21 11:30:22 --> Severity: Notice --> Undefined property: stdClass::$userName /var/www/html/watervale_live/application/views/items/index.php 94
ERROR - 2018-11-21 11:34:43 --> {"orderRef":"","userRef":"qOoAcdisbsO91v64","customerRef":"dXMJ1FSHdfYwMI5Z","orderRemarks":"","deliveryMethodRef":"4k6GrpPR1ZPOeuwR","newDeliveryMethod":"","newAreaCode":"","paymentMethodRef":"GLQ7xW9duKY7c6sU","dueDays":"","dueAmount":"","orderPipline":"3","orderStatus":"queued","orderInProduction":"1","managerApprove":"0","approvalType":" ","preAuthorization":"","orderDiscount":"0","newCustomer":[],"orderItems":[{"itemName":"Comfort Foam","itemRef":"PRO-TDLK-00002","qty":3,"saleUOM":"PC","saleConvQty":"1","saleConvLength":"0","baseUOM":"PC","baseConvQty":"1","baseConvLength":"0","productionOnDemand":"1","transportCost":"0","transportCostChanged":"","discountType":"1","discount":"","variants":[{"item_variant_id":"20X20X4XNAXNA","length":"20","width":"20","height":"4","color":"NA","design":"NA","qty":"1","price":"100","minPrice":"80","blockPercentage":"0","blockType":"Comfort","isCustomize":"0"},{"item_variant_id":"20X20X8XNAXNA","length":"20","width":"20","height":"8","color":"NA","design":"NA","qty":"1","price":"100","minPrice":"80","blockPercentage":"0","blockType":"Comfort","isCustomize":"0"},{"item_variant_id":"80X40X4XNAXNA","length":"80","width":"40","height":"4","color":"NA","design":"NA","qty":"1","price":"100","minPrice":"80","blockPercentage":"0","blockType":"Comfort","isCustomize":"0"}]}]}
ERROR - 2018-11-21 11:34:43 --> Severity: Notice --> Undefined index: discount /var/www/html/watervale_live/application/models/OrderModel.php 288
ERROR - 2018-11-21 11:34:43 --> Severity: Notice --> Undefined index: discount /var/www/html/watervale_live/application/models/OrderModel.php 288
ERROR - 2018-11-21 11:34:43 --> Severity: Notice --> Undefined index: discount /var/www/html/watervale_live/application/models/OrderModel.php 288
ERROR - 2018-11-21 11:34:43 --> {"success":true,"success_message":"Order 00015 Submitted successfully."}
ERROR - 2018-11-21 11:34:55 --> {  
   "orderRef":"",
   "userRef":"JjgDalfOlUQWpSeL",
   "customerRef":"dXMJ1FSHdfYwMI5Z",
   "orderRemarks":"",
   "deliveryMethodRef":"4k6GrpPR1ZPOeuwR",
   "newDeliveryMethod":"",
   "newAreaCode":"",
   "paymentMethodRef":"GLQ7xW9duKY7c6sU",
   "dueDays":"",
   "dueAmount":"",
   "orderPipline":"3",
   "orderStatus":"queued",
   "orderInProduction":"1",
   "managerApprove":"1",
   "approvalType":"management",
   "preAuthorization":"",
   "orderDiscount":"160.0",
   "newCustomer":[],
   "orderItems":[  
      {  
         "itemName":"Item1",
         "itemRef":"PRO-M1NK-00001",
         "qty":2,
         "saleUOM":"SaleTUoM",
         "saleConvQty":"1",
         "saleConvLength":"0",
         "baseUOM":"TUoM",
         "baseConvQty":"1",
         "baseConvLength":"0",
         "productionOnDemand":"0",
         "transportCost":"0",
         "transportCostChanged":"",
         "discountType":"1",
         "discount":"25",
         "variants":[  
            {  
               "item_variant_id":"11X12X13XBlackXSquare",
               "length":"11",
               "width":"12",
               "height":"13",
               "color":"Black",
               "design":"Square",
               "qty":"1",
               "price":"100",
               "minPrice":"10",
               "blockPercentage":"20",
               "blockType":"TBlock Type",
               "isCustomize":"0"
            },
            {  
               "item_variant_id":"11X12X13XBlueXSquare",
               "length":"11",
               "width":"12",
               "height":"13",
               "color":"Blue",
               "design":"Square",
               "qty":"1",
               "price":"200",
               "minPrice":"10",
               "blockPercentage":"20",
               "blockType":"TBlock Type",
               "isCustomize":"0"
            }
         ]
      }
   ]
}
ERROR - 2018-11-21 11:34:55 --> {"success":true,"success_message":"Order 00016 Submitted successfully."}
ERROR - 2018-11-21 11:35:02 --> 404 Page Not Found: Order-details/img
ERROR - 2018-11-21 11:36:01 --> Severity: Notice --> Undefined property: stdClass::$userName /var/www/html/watervale_live/application/views/items/index.php 94
ERROR - 2018-11-21 11:36:01 --> Severity: Notice --> Undefined property: stdClass::$userName /var/www/html/watervale_live/application/views/items/index.php 94
ERROR - 2018-11-21 11:36:03 --> 404 Page Not Found: Img/favicon.png
ERROR - 2018-11-21 11:38:11 --> {  
   "orderRef":"",
   "userRef":"JjgDalfOlUQWpSeL",
   "customerRef":"dXMJ1FSHdfYwMI5Z",
   "orderRemarks":"",
   "deliveryMethodRef":"4k6GrpPR1ZPOeuwR",
   "newDeliveryMethod":"",
   "newAreaCode":"",
   "paymentMethodRef":"GLQ7xW9duKY7c6sU",
   "dueDays":"",
   "dueAmount":"",
   "orderPipline":"3",
   "orderStatus":"queued",
   "orderInProduction":"1",
   "managerApprove":"1",
   "approvalType":"management",
   "preAuthorization":"",
   "orderDiscount":"160.0",
   "newCustomer":[],
   "orderItems":[  
      {  
         "itemName":"Item1",
         "itemRef":"PRO-M1NK-00001",
         "qty":2,
         "saleUOM":"SaleTUoM",
         "saleConvQty":"1",
         "saleConvLength":"0",
         "baseUOM":"TUoM",
         "baseConvQty":"1",
         "baseConvLength":"0",
         "productionOnDemand":"0",
         "transportCost":"0",
         "transportCostChanged":"",
         "discountType":"1",
         "discount":"25",
         "variants":[  
            {  
               "item_variant_id":"11X12X13XBlackXSquare",
               "length":"11",
               "width":"12",
               "height":"13",
               "color":"Black",
               "design":"Square",
               "qty":"1",
               "price":"100",
               "minPrice":"10",
               "blockPercentage":"20",
               "blockType":"TBlock Type",
               "isCustomize":"0"
            },
            {  
               "item_variant_id":"11X12X13XBlueXSquare",
               "length":"11",
               "width":"12",
               "height":"13",
               "color":"Blue",
               "design":"Square",
               "qty":"1",
               "price":"200",
               "minPrice":"10",
               "blockPercentage":"20",
               "blockType":"TBlock Type",
               "isCustomize":"0"
            }
         ]
      }
   ]
}
ERROR - 2018-11-21 11:38:11 --> {"success":true,"success_message":"Order 00017 Submitted successfully."}
ERROR - 2018-11-21 11:39:59 --> Severity: Notice --> Undefined property: stdClass::$userName /var/www/html/watervale_live/application/views/items/index.php 94
ERROR - 2018-11-21 11:39:59 --> Severity: Notice --> Undefined property: stdClass::$userName /var/www/html/watervale_live/application/views/items/index.php 94
ERROR - 2018-11-21 11:50:15 --> Severity: Notice --> Undefined property: stdClass::$userName /var/www/html/watervale_live/application/views/items/index.php 94
ERROR - 2018-11-21 11:50:15 --> Severity: Notice --> Undefined property: stdClass::$userName /var/www/html/watervale_live/application/views/items/index.php 94
ERROR - 2018-11-21 11:55:46 --> Severity: Notice --> Undefined property: stdClass::$userName /var/www/html/watervale_live/application/views/items/index.php 94
ERROR - 2018-11-21 11:55:46 --> Severity: Notice --> Undefined property: stdClass::$userName /var/www/html/watervale_live/application/views/items/index.php 94
ERROR - 2018-11-21 12:06:57 --> {"orderRef":"","userRef":"qOoAcdisbsO91v64","customerRef":"dXMJ1FSHdfYwMI5Z","orderRemarks":"","deliveryMethodRef":"4k6GrpPR1ZPOeuwR","newDeliveryMethod":"","newAreaCode":"","paymentMethodRef":"GLQ7xW9duKY7c6sU","dueDays":"","dueAmount":"","orderPipline":"3","orderStatus":"queued","orderInProduction":"1","managerApprove":"1","approvalType":"management","preAuthorization":"I","orderDiscount":"41.0","newCustomer":[],"orderItems":[{"itemName":"Comfort Foam","itemRef":"PRO-TDLK-00002","qty":3,"saleUOM":"PC","saleConvQty":"1","saleConvLength":"0","baseUOM":"PC","baseConvQty":"1","baseConvLength":"0","productionOnDemand":"1","transportCost":"0","transportCostChanged":"","discountType":"1","discount":"20","variants":[{"item_variant_id":"20X20X4XNAXNA","length":"20","width":"20","height":"4","color":"NA","design":"NA","qty":"1","price":"20","minPrice":"80","blockPercentage":"0","blockType":"Comfort","isCustomize":"0"},{"item_variant_id":"20X20X8XNAXNA","length":"20","width":"20","height":"8","color":"NA","design":"NA","qty":"1","price":"30","minPrice":"80","blockPercentage":"0","blockType":"Comfort","isCustomize":"0"},{"item_variant_id":"80X40X4XNAXNA","length":"80","width":"40","height":"4","color":"NA","design":"NA","qty":"1","price":"100","minPrice":"80","blockPercentage":"0","blockType":"Comfort","isCustomize":"0"}]},{"itemName":"Item1","itemRef":"PRO-M1NK-00001","qty":2,"saleUOM":"SaleTUoM","saleConvQty":"1","saleConvLength":"0","baseUOM":"TUoM","baseConvQty":"1","baseConvLength":"0","productionOnDemand":"0","transportCost":"0","transportCostChanged":"","discountType":"1","discount":"10","variants":[{"item_variant_id":"11X12X13XBlackXSquare","length":"11","width":"12","height":"13","color":"Black","design":"Square","qty":"1","price":"100","minPrice":"10","blockPercentage":"20","blockType":"TBlock Type","isCustomize":"0"},{"item_variant_id":"11X12X13XBlueXSquare","length":"11","width":"12","height":"13","color":"Blue","design":"Square","qty":"1","price":"10","minPrice":"10","blockPercentage":"20","blockType":"TBlock Type","isCustomize":"0"}]}]}
ERROR - 2018-11-21 12:06:57 --> {"success":true,"success_message":"Order 00018 Submitted successfully."}
ERROR - 2018-11-21 12:24:21 --> 404 Page Not Found: Order-details/img
ERROR - 2018-11-21 12:24:37 --> {"orderRef":"","userRef":"qOoAcdisbsO91v64","customerRef":"dXMJ1FSHdfYwMI5Z","orderRemarks":"","deliveryMethodRef":"4k6GrpPR1ZPOeuwR","newDeliveryMethod":"","newAreaCode":"","paymentMethodRef":"GLQ7xW9duKY7c6sU","dueDays":"","dueAmount":"","orderPipline":"3","orderStatus":"queued","orderInProduction":"1","managerApprove":"1","approvalType":"management","preAuthorization":"","orderDiscount":"41.0","newCustomer":[],"orderItems":[{"itemName":"Comfort Foam","itemRef":"PRO-TDLK-00002","qty":3,"saleUOM":"PC","saleConvQty":"1","saleConvLength":"0","baseUOM":"PC","baseConvQty":"1","baseConvLength":"0","productionOnDemand":"1","transportCost":"","transportCostChanged":"20","discountType":"1","discount":"20","variants":[{"item_variant_id":"20X20X4XNAXNA","length":"20","width":"20","height":"4","color":"NA","design":"NA","qty":"1","price":"20","minPrice":"80","blockPercentage":"0","blockType":"Comfort","isCustomize":"0"},{"item_variant_id":"20X20X8XNAXNA","length":"20","width":"20","height":"8","color":"NA","design":"NA","qty":"1","price":"30","minPrice":"80","blockPercentage":"0","blockType":"Comfort","isCustomize":"0"},{"item_variant_id":"80X40X4XNAXNA","length":"80","width":"40","height":"4","color":"NA","design":"NA","qty":"1","price":"100","minPrice":"80","blockPercentage":"0","blockType":"Comfort","isCustomize":"0"}]},{"itemName":"Item1","itemRef":"PRO-M1NK-00001","qty":2,"saleUOM":"SaleTUoM","saleConvQty":"1","saleConvLength":"0","baseUOM":"TUoM","baseConvQty":"1","baseConvLength":"0","productionOnDemand":"0","transportCost":"","transportCostChanged":"10","discountType":"1","discount":"10","variants":[{"item_variant_id":"11X12X13XBlackXSquare","length":"11","width":"12","height":"13","color":"Black","design":"Square","qty":"1","price":"100","minPrice":"10","blockPercentage":"20","blockType":"TBlock Type","isCustomize":"0"},{"item_variant_id":"11X12X13XBlueXSquare","length":"11","width":"12","height":"13","color":"Blue","design":"Square","qty":"1","price":"10","minPrice":"10","blockPercentage":"20","blockType":"TBlock Type","isCustomize":"0"}]}]}
ERROR - 2018-11-21 12:24:37 --> {"success":true,"success_message":"Order 00019 Submitted successfully."}
ERROR - 2018-11-21 12:25:33 --> 404 Page Not Found: Order-details/img
ERROR - 2018-11-21 12:28:53 --> Severity: error --> Exception: syntax error, unexpected ']' /var/www/html/watervale_live/application/views/orders/orderDetails.php 266
ERROR - 2018-11-21 12:29:17 --> 404 Page Not Found: Order-details/img
ERROR - 2018-11-21 12:34:36 --> 404 Page Not Found: Img/favicon.png
ERROR - 2018-11-21 12:39:02 --> Severity: Notice --> Undefined index: discount /var/www/html/watervale_live/application/views/orders/orderDetails.php 270
ERROR - 2018-11-21 12:39:02 --> Severity: Notice --> Undefined variable: variantsPrice /var/www/html/watervale_live/application/views/orders/orderDetails.php 270
ERROR - 2018-11-21 12:39:02 --> Severity: Notice --> Undefined index: discount /var/www/html/watervale_live/application/views/orders/orderDetails.php 270
ERROR - 2018-11-21 12:39:02 --> Severity: Notice --> Undefined variable: variantsPrice /var/www/html/watervale_live/application/views/orders/orderDetails.php 270
ERROR - 2018-11-21 12:41:03 --> Severity: Notice --> Undefined index: discount /var/www/html/watervale_live/application/views/orders/orderDetails.php 270
ERROR - 2018-11-21 12:41:03 --> Severity: Notice --> Undefined variable: variantsPrice /var/www/html/watervale_live/application/views/orders/orderDetails.php 270
ERROR - 2018-11-21 12:41:03 --> Severity: Notice --> Undefined index: discount /var/www/html/watervale_live/application/views/orders/orderDetails.php 270
ERROR - 2018-11-21 12:41:03 --> Severity: Notice --> Undefined variable: variantsPrice /var/www/html/watervale_live/application/views/orders/orderDetails.php 270
ERROR - 2018-11-21 12:41:06 --> 404 Page Not Found: Order-details/img
ERROR - 2018-11-21 12:41:34 --> Severity: Notice --> Undefined variable: variantsPrice /var/www/html/watervale_live/application/views/orders/orderDetails.php 270
ERROR - 2018-11-21 12:41:34 --> Severity: Notice --> Undefined variable: variantsPrice /var/www/html/watervale_live/application/views/orders/orderDetails.php 270
ERROR - 2018-11-21 12:41:37 --> 404 Page Not Found: Order-details/img
ERROR - 2018-11-21 12:41:57 --> 404 Page Not Found: Order-details/img
ERROR - 2018-11-21 12:44:35 --> 404 Page Not Found: Img/favicon.png
ERROR - 2018-11-21 12:52:04 --> Severity: Notice --> Undefined property: stdClass::$userName /var/www/html/watervale_live/application/views/items/index.php 94
ERROR - 2018-11-21 12:52:04 --> Severity: Notice --> Undefined property: stdClass::$userName /var/www/html/watervale_live/application/views/items/index.php 94
ERROR - 2018-11-21 12:53:25 --> 404 Page Not Found: Img/favicon.png
ERROR - 2018-11-21 12:56:57 --> Severity: Notice --> Undefined property: stdClass::$userName /var/www/html/watervale_live/application/views/categories/index.php 63
ERROR - 2018-11-21 12:56:57 --> Severity: Notice --> Undefined property: stdClass::$userName /var/www/html/watervale_live/application/views/categories/index.php 63
ERROR - 2018-11-21 12:56:57 --> Severity: Notice --> Undefined property: stdClass::$userName /var/www/html/watervale_live/application/views/categories/index.php 63
