ERROR - 2018-12-06 05:37:46 --> 404 Page Not Found: Img/favicon.png
ERROR - 2018-12-06 09:08:21 --> 404 Page Not Found: Img/favicon.png
ERROR - 2018-12-06 10:13:13 --> {"orderRef":"","userRef":"XUe7oDvLiJlGTFqu","customerRef":"dXMJ1FSHdfYwMI5Z","orderRemarks":"","deliveryMethodRef":"4k6GrpPR1ZPOeuwR","newDeliveryMethod":"","newAreaCode":"","paymentMethodRef":"GLQ7xW9duKY7c6sU","dueDays":"","dueAmount":"","orderPipline":"3","orderStatus":"queued","orderInProduction":"1","managerApprove":"0","approvalType":" ","preAuthorization":"","orderDiscount":"0","newCustomer":[],"orderItems":[{"itemName":"Item1","itemRef":"PRO-Q54R-00001","qty":30,"saleUOM":"ROLL","saleConvQty":"1","saleConvLength":"30","baseUOM":"METER","baseConvQty":"1","baseConvLength":"0","productionOnDemand":"1","transportCost":"0","transportCostChanged":"","discountType":"1","discount":"","variants":[{"item_variant_id":"11X22X33XWXRound","length":"11","width":"22","height":"33","color":"W","design":"Round","qty":"10","price":"110.15","minPrice":"100.15","blockPercentage":"25.99","blockType":"BlType1","isCustomize":"0"},{"item_variant_id":"11X22X33XBXRound","length":"11","width":"22","height":"33","color":"B","design":"Round","qty":"20","price":"110.15","minPrice":"100.15","blockPercentage":"25.99","blockType":"BlType1","isCustomize":"0"}]}]}
ERROR - 2018-12-06 10:13:13 --> {"success":true,"success_message":"Order 00001 Submitted successfully."}
ERROR - 2018-12-06 10:13:35 --> 404 Page Not Found: Order-details/img
ERROR - 2018-12-06 10:36:59 --> 404 Page Not Found: Img/favicon.png
ERROR - 2018-12-06 10:37:09 --> Severity: Warning --> Division by zero /var/www/html/watervale_live/application/views/dashboard/statistics.php 21
ERROR - 2018-12-06 10:37:09 --> Severity: Warning --> Division by zero /var/www/html/watervale_live/application/views/dashboard/statistics.php 29
ERROR - 2018-12-06 10:37:17 --> Severity: Warning --> Division by zero /var/www/html/watervale_live/application/views/dashboard/statistics.php 21
ERROR - 2018-12-06 10:37:17 --> Severity: Warning --> Division by zero /var/www/html/watervale_live/application/views/dashboard/statistics.php 29
ERROR - 2018-12-06 10:37:24 --> Severity: Warning --> Division by zero /var/www/html/watervale_live/application/views/dashboard/statistics.php 21
ERROR - 2018-12-06 10:37:24 --> Severity: Warning --> Division by zero /var/www/html/watervale_live/application/views/dashboard/statistics.php 29
ERROR - 2018-12-06 10:37:26 --> Severity: Warning --> Division by zero /var/www/html/watervale_live/application/views/dashboard/statistics.php 21
ERROR - 2018-12-06 10:37:26 --> Severity: Warning --> Division by zero /var/www/html/watervale_live/application/views/dashboard/statistics.php 29
ERROR - 2018-12-06 10:50:15 --> 404 Page Not Found: Img/favicon.png
ERROR - 2018-12-06 10:58:18 --> 404 Page Not Found: Img/favicon.png
ERROR - 2018-12-06 10:58:48 --> 404 Page Not Found: Order-details/img
ERROR - 2018-12-06 11:05:21 --> 404 Page Not Found: Order-details/img
ERROR - 2018-12-06 11:06:01 --> 404 Page Not Found: Img/favicon.png
ERROR - 2018-12-06 11:09:55 --> 404 Page Not Found: Img/favicon.png
ERROR - 2018-12-06 11:10:59 --> 404 Page Not Found: Img/favicon.png
ERROR - 2018-12-06 11:11:33 --> 404 Page Not Found: Img/favicon.png
ERROR - 2018-12-06 11:37:53 --> {"orderRef":"","userRef":"XUe7oDvLiJlGTFqu","customerRef":"dXMJ1FSHdfYwMI5Z","orderRemarks":"","deliveryMethodRef":"4k6GrpPR1ZPOeuwR","newDeliveryMethod":"","newAreaCode":"","paymentMethodRef":"GLQ7xW9duKY7c6sU","dueDays":"","dueAmount":"","orderPipline":"3","orderStatus":"queued","orderInProduction":"1","managerApprove":"1","approvalType":"management","preAuthorization":"","orderDiscount":"9913.5","newCustomer":[],"orderItems":[{"itemName":"Item1","itemRef":"PRO-Q54R-00001","qty":12,"saleUOM":"ROLL","saleConvQty":"1","saleConvLength":"30","baseUOM":"METER","baseConvQty":"1","baseConvLength":"0","productionOnDemand":"1","transportCost":"0","transportCostChanged":"","discountType":"1","discount":"25","variants":[{"item_variant_id":"11X22X33XWXRound","length":"11","width":"22","height":"33","color":"W","design":"Round","qty":"5","price":"110.15","minPrice":"100.15","blockPercentage":"25.99","blockType":"BlType1","isCustomize":"0"},{"item_variant_id":"11X22X33XBXRound","length":"11","width":"22","height":"33","color":"B","design":"Round","qty":"7","price":"110.15","minPrice":"100.15","blockPercentage":"25.99","blockType":"BlType1","isCustomize":"0"}]}]}
ERROR - 2018-12-06 11:37:53 --> {"success":true,"success_message":"Order 00002 Submitted successfully."}
ERROR - 2018-12-06 11:38:41 --> {"orderRef":"","userRef":"XUe7oDvLiJlGTFqu","customerRef":"dXMJ1FSHdfYwMI5Z","orderRemarks":"","deliveryMethodRef":"4k6GrpPR1ZPOeuwR","newDeliveryMethod":"","newAreaCode":"","paymentMethodRef":"GLQ7xW9duKY7c6sU","dueDays":"","dueAmount":"","orderPipline":"3","orderStatus":"queued","orderInProduction":"1","managerApprove":"1","approvalType":"management","preAuthorization":"","orderDiscount":"7600.35","newCustomer":[],"orderItems":[{"itemName":"Item1","itemRef":"PRO-Q54R-00001","qty":23,"saleUOM":"ROLL","saleConvQty":"1","saleConvLength":"30","baseUOM":"METER","baseConvQty":"1","baseConvLength":"0","productionOnDemand":"1","transportCost":"","transportCostChanged":"100","discountType":"1","discount":"10","variants":[{"item_variant_id":"11X22X33XWXRound","length":"11","width":"22","height":"33","color":"W","design":"Round","qty":"11","price":"110.15","minPrice":"100.15","blockPercentage":"25.99","blockType":"BlType1","isCustomize":"0"},{"item_variant_id":"11X22X33XBXRound","length":"11","width":"22","height":"33","color":"B","design":"Round","qty":"12","price":"110.15","minPrice":"100.15","blockPercentage":"25.99","blockType":"BlType1","isCustomize":"0"}]}]}
ERROR - 2018-12-06 11:38:41 --> {"success":true,"success_message":"Order 00003 Submitted successfully."}
ERROR - 2018-12-06 11:39:12 --> Severity: Warning --> Division by zero /var/www/html/watervale_live/application/views/dashboard/statistics.php 21
ERROR - 2018-12-06 11:39:12 --> Severity: Warning --> Division by zero /var/www/html/watervale_live/application/views/dashboard/statistics.php 29
ERROR - 2018-12-06 11:39:41 --> Severity: Warning --> Division by zero /var/www/html/watervale_live/application/views/dashboard/statistics.php 21
ERROR - 2018-12-06 11:39:41 --> Severity: Warning --> Division by zero /var/www/html/watervale_live/application/views/dashboard/statistics.php 29
ERROR - 2018-12-06 11:43:45 --> Severity: Warning --> Illegal string offset 'toLoadCount' /var/www/html/watervale_live/application/controllers/OrderController.php 1080
ERROR - 2018-12-06 11:43:45 --> Severity: Warning --> Illegal string offset 'unLoadCount' /var/www/html/watervale_live/application/controllers/OrderController.php 1081
ERROR - 2018-12-06 11:44:34 --> Severity: Warning --> Illegal string offset 'toLoadCount' /var/www/html/watervale_live/application/controllers/OrderController.php 1080
ERROR - 2018-12-06 11:44:34 --> Severity: Warning --> Illegal string offset 'unLoadCount' /var/www/html/watervale_live/application/controllers/OrderController.php 1081
ERROR - 2018-12-06 12:15:05 --> Severity: Warning --> Division by zero /var/www/html/watervale_live/application/views/dashboard/statistics.php 21
ERROR - 2018-12-06 12:16:57 --> Severity: Warning --> Illegal string offset 'toLoadCount' /var/www/html/watervale_live/application/controllers/OrderController.php 1080
ERROR - 2018-12-06 12:16:57 --> Severity: Warning --> Illegal string offset 'unLoadCount' /var/www/html/watervale_live/application/controllers/OrderController.php 1081
ERROR - 2018-12-06 12:18:40 --> Severity: Warning --> Illegal string offset 'toLoadCount' /var/www/html/watervale_live/application/controllers/OrderController.php 1080
ERROR - 2018-12-06 12:18:40 --> Severity: Warning --> Illegal string offset 'unLoadCount' /var/www/html/watervale_live/application/controllers/OrderController.php 1081
ERROR - 2018-12-06 12:37:44 --> {"orderRef":"","userRef":"JjgDalfOlUQWpSeL","customerRef":"dXMJ1FSHdfYwMI5Z","orderRemarks":"","deliveryMethodRef":"4k6GrpPR1ZPOeuwR","newDeliveryMethod":"","newAreaCode":"","paymentMethodRef":"GLQ7xW9duKY7c6sU","dueDays":"","dueAmount":"","orderPipline":"3","orderStatus":"queued","orderInProduction":"1","managerApprove":"1","approvalType":"management","preAuthorization":"","orderDiscount":"220.3","newCustomer":[],"orderItems":[{"itemName":"Item1","itemRef":"PRO-Q54R-00001","qty":20,"saleUOM":"ROLL","saleConvQty":"1","saleConvLength":"30","baseUOM":"METER","baseConvQty":"1","baseConvLength":"0","productionOnDemand":"1","transportCost":"0","transportCostChanged":"","discountType":"1","discount":"10","variants":[{"item_variant_id":"11X22X33XWXRound","length":"11","width":"22","height":"33","color":"W","design":"Round","qty":"10","price":"110.15","minPrice":"100.15","blockPercentage":"25.99","blockType":"BlType1","isCustomize":"0"},{"item_variant_id":"11X22X33XBXRound","length":"11","width":"22","height":"33","color":"B","design":"Round","qty":"10","price":"110.15","minPrice":"100.15","blockPercentage":"25.99","blockType":"BlType1","isCustomize":"0"}]}]}
ERROR - 2018-12-06 12:37:44 --> {"success":true,"success_message":"Order 00004 Submitted successfully."}
ERROR - 2018-12-06 12:39:38 --> Severity: Warning --> Illegal string offset 'toLoadCount' /var/www/html/watervale_live/application/controllers/OrderController.php 1080
ERROR - 2018-12-06 12:39:38 --> Severity: Warning --> Illegal string offset 'unLoadCount' /var/www/html/watervale_live/application/controllers/OrderController.php 1081
ERROR - 2018-12-06 12:39:49 --> Severity: Warning --> Illegal string offset 'toLoadCount' /var/www/html/watervale_live/application/controllers/OrderController.php 1080
ERROR - 2018-12-06 12:39:49 --> Severity: Warning --> Illegal string offset 'unLoadCount' /var/www/html/watervale_live/application/controllers/OrderController.php 1081
ERROR - 2018-12-06 12:44:52 --> 404 Page Not Found: Img/favicon.png
ERROR - 2018-12-06 12:47:00 --> {"orderRef":"","userRef":"JjgDalfOlUQWpSeL","customerRef":"dXMJ1FSHdfYwMI5Z","orderRemarks":"","deliveryMethodRef":"4k6GrpPR1ZPOeuwR","newDeliveryMethod":"","newAreaCode":"","paymentMethodRef":"GLQ7xW9duKY7c6sU","dueDays":"","dueAmount":"","orderPipline":"2","orderStatus":"pending","orderInProduction":"0","managerApprove":"0","approvalType":" ","preAuthorization":"","orderDiscount":"120.0","newCustomer":[],"orderItems":[{"itemName":"Item2","itemRef":"PRO-IK4T-00002","qty":10,"saleUOM":"METER","saleConvQty":"1","saleConvLength":"0","baseUOM":"METER","baseConvQty":"1","baseConvLength":"0","productionOnDemand":"0","transportCost":"0","transportCostChanged":"","discountType":"1","discount":"10","variants":[{"item_variant_id":"22X24X26XRedXRound","length":"22","width":"24","height":"26","color":"Red","design":"Round","qty":"10","price":"120.00","minPrice":"100.00","blockPercentage":"0","blockType":"BlType1","isCustomize":"0"}]}]}
ERROR - 2018-12-06 12:47:00 --> {"success":true,"success_message":"Order 00005 Submitted successfully."}
ERROR - 2018-12-06 12:47:16 --> 404 Page Not Found: Order-details/img
ERROR - 2018-12-06 12:51:59 --> {"orderRef":"","userRef":"JjgDalfOlUQWpSeL","customerRef":"dXMJ1FSHdfYwMI5Z","orderRemarks":"","deliveryMethodRef":"4k6GrpPR1ZPOeuwR","newDeliveryMethod":"","newAreaCode":"","paymentMethodRef":"GLQ7xW9duKY7c6sU","dueDays":"","dueAmount":"","orderPipline":"2","orderStatus":"pending","orderInProduction":"0","managerApprove":"0","approvalType":" ","preAuthorization":"","orderDiscount":"120.0","newCustomer":[],"orderItems":[{"itemName":"Item2","itemRef":"PRO-IK4T-00002","qty":10,"saleUOM":"METER","saleConvQty":"1","saleConvLength":"0","baseUOM":"METER","baseConvQty":"1","baseConvLength":"0","productionOnDemand":"0","transportCost":"0","transportCostChanged":"","discountType":"1","discount":"10","variants":[{"item_variant_id":"22X24X26XRedXRound","length":"22","width":"24","height":"26","color":"Red","design":"Round","qty":"10","price":"120.00","minPrice":"100.00","blockPercentage":"0","blockType":"BlType1","isCustomize":"0"}]}]}
ERROR - 2018-12-06 12:51:59 --> {"success":true,"success_message":"Order 00006 Submitted successfully."}
ERROR - 2018-12-06 12:53:19 --> {"orderRef":"","userRef":"JjgDalfOlUQWpSeL","customerRef":"dXMJ1FSHdfYwMI5Z","orderRemarks":"","deliveryMethodRef":"4k6GrpPR1ZPOeuwR","newDeliveryMethod":"","newAreaCode":"","paymentMethodRef":"GLQ7xW9duKY7c6sU","dueDays":"","dueAmount":"","orderPipline":"2","orderStatus":"pending","orderInProduction":"0","managerApprove":"0","approvalType":" ","preAuthorization":"","orderDiscount":"120.0","newCustomer":[],"orderItems":[{"itemName":"Item2","itemRef":"PRO-IK4T-00002","qty":10,"saleUOM":"METER","saleConvQty":"1","saleConvLength":"0","baseUOM":"METER","baseConvQty":"1","baseConvLength":"0","productionOnDemand":"0","transportCost":"0","transportCostChanged":"","discountType":"1","discount":"10","variants":[{"item_variant_id":"22X24X26XRedXRound","length":"22","width":"24","height":"26","color":"Red","design":"Round","qty":"10","price":"120.00","minPrice":"100.00","blockPercentage":"0","blockType":"BlType1","isCustomize":"0"}]}]}
ERROR - 2018-12-06 12:53:19 --> {"success":true,"success_message":"Order 00007 Submitted successfully."}
ERROR - 2018-12-06 12:54:56 --> {"orderRef":"","userRef":"JjgDalfOlUQWpSeL","customerRef":"dXMJ1FSHdfYwMI5Z","orderRemarks":"","deliveryMethodRef":"4k6GrpPR1ZPOeuwR","newDeliveryMethod":"","newAreaCode":"","paymentMethodRef":"GLQ7xW9duKY7c6sU","dueDays":"","dueAmount":"","orderPipline":"2","orderStatus":"pending","orderInProduction":"0","managerApprove":"0","approvalType":" ","preAuthorization":"","orderDiscount":"120.0","newCustomer":[],"orderItems":[{"itemName":"Item2","itemRef":"PRO-IK4T-00002","qty":10,"saleUOM":"METER","saleConvQty":"1","saleConvLength":"1","baseUOM":"METER","baseConvQty":"1","baseConvLength":"0","productionOnDemand":"0","transportCost":"0","transportCostChanged":"","discountType":"1","discount":"10","variants":[{"item_variant_id":"22X24X26XRedXRound","length":"22","width":"24","height":"26","color":"Red","design":"Round","qty":"10","price":"120.00","minPrice":"100.00","blockPercentage":"0","blockType":"BlType1","isCustomize":"0"}]}]}
ERROR - 2018-12-06 12:54:56 --> {"success":true,"success_message":"Order 00008 Submitted successfully."}
ERROR - 2018-12-06 12:58:59 --> {"orderRef":"","userRef":"JjgDalfOlUQWpSeL","customerRef":"dXMJ1FSHdfYwMI5Z","orderRemarks":"","deliveryMethodRef":"4k6GrpPR1ZPOeuwR","newDeliveryMethod":"","newAreaCode":"","paymentMethodRef":"GLQ7xW9duKY7c6sU","dueDays":"","dueAmount":"","orderPipline":"2","orderStatus":"MAN","orderInProduction":"0","managerApprove":"1","approvalType":"management","preAuthorization":"","orderDiscount":"110.0","newCustomer":[],"orderItems":[{"itemName":"Item2","itemRef":"PRO-IK4T-00002","qty":10,"saleUOM":"METER","saleConvQty":"1","saleConvLength":"1","baseUOM":"METER","baseConvQty":"1","baseConvLength":"0","productionOnDemand":"0","transportCost":"0","transportCostChanged":"","discountType":"1","discount":"10","variants":[{"item_variant_id":"22X24X26XRedXRound","length":"22","width":"24","height":"26","color":"Red","design":"Round","qty":"10","price":"110.00","minPrice":"100.00","blockPercentage":"0","blockType":"BlType1","isCustomize":"0"}]}]}
ERROR - 2018-12-06 12:58:59 --> {"success":true,"success_message":"Order 00009 Submitted successfully."}
ERROR - 2018-12-06 13:02:17 --> 404 Page Not Found: Img/favicon.png
ERROR - 2018-12-06 13:16:55 --> 404 Page Not Found: Img/favicon.png
ERROR - 2018-12-06 13:27:29 --> 404 Page Not Found: Img/favicon.png
