ERROR - 2018-10-06 00:19:04 --> 404 Page Not Found: Img/favicon.png
ERROR - 2018-10-06 00:22:02 --> 404 Page Not Found: Img/favicon.png
ERROR - 2018-10-06 00:42:08 --> 404 Page Not Found: Img/favicon.png
ERROR - 2018-10-06 00:43:51 --> 404 Page Not Found: Img/favicon.png
ERROR - 2018-10-06 00:44:37 --> 404 Page Not Found: Img/favicon.png
ERROR - 2018-10-06 00:45:59 --> 404 Page Not Found: Img/favicon.png
ERROR - 2018-10-06 00:53:18 --> 404 Page Not Found: Img/favicon.png
ERROR - 2018-10-06 00:54:16 --> 404 Page Not Found: Img/favicon.png
ERROR - 2018-10-06 00:56:04 --> 404 Page Not Found: Img/favicon.png
ERROR - 2018-10-06 00:59:11 --> 404 Page Not Found: Img/favicon.png
ERROR - 2018-10-06 00:59:57 --> 404 Page Not Found: Img/favicon.png
ERROR - 2018-10-06 01:00:24 --> 404 Page Not Found: Img/favicon.png
ERROR - 2018-10-06 01:24:50 --> 404 Page Not Found: Img/favicon.png
ERROR - 2018-10-06 01:25:05 --> 404 Page Not Found: Img/favicon.png
ERROR - 2018-10-06 01:30:07 --> 404 Page Not Found: Img/favicon.png
ERROR - 2018-10-06 01:30:28 --> 404 Page Not Found: Img/favicon.png
ERROR - 2018-10-06 01:31:16 --> 404 Page Not Found: Img/favicon.png
ERROR - 2018-10-06 01:34:43 --> 404 Page Not Found: Img/favicon.png
ERROR - 2018-10-06 01:38:05 --> 404 Page Not Found: Img/favicon.png
ERROR - 2018-10-06 01:40:59 --> 404 Page Not Found: Img/favicon.png
ERROR - 2018-10-06 01:46:12 --> 404 Page Not Found: Img/favicon.png
ERROR - 2018-10-06 01:51:43 --> 404 Page Not Found: Img/favicon.png
ERROR - 2018-10-06 01:51:58 --> 404 Page Not Found: Img/favicon.png
ERROR - 2018-10-06 01:53:29 --> 404 Page Not Found: Img/favicon.png
ERROR - 2018-10-06 02:05:13 --> 404 Page Not Found: Img/favicon.png
ERROR - 2018-10-06 02:09:09 --> 404 Page Not Found: Img/favicon.png
ERROR - 2018-10-06 02:23:31 --> 404 Page Not Found: Img/favicon.png
ERROR - 2018-10-06 02:33:53 --> 404 Page Not Found: Order-details/img
ERROR - 2018-10-06 02:34:59 --> 404 Page Not Found: Order-details/img
ERROR - 2018-10-06 02:43:02 --> 404 Page Not Found: Img/favicon.png
ERROR - 2018-10-06 02:43:29 --> 404 Page Not Found: Order-details/img
ERROR - 2018-10-06 02:48:33 --> 404 Page Not Found: Order-details/img
ERROR - 2018-10-06 02:49:57 --> 404 Page Not Found: Order-details/img
ERROR - 2018-10-06 02:53:47 --> 404 Page Not Found: Img/favicon.png
ERROR - 2018-10-06 02:58:40 --> 404 Page Not Found: Img/favicon.png
ERROR - 2018-10-06 03:16:03 --> 404 Page Not Found: Img/favicon.png
ERROR - 2018-10-06 03:17:41 --> 404 Page Not Found: Img/favicon.png
ERROR - 2018-10-06 03:21:01 --> {"orderRef":"","userRef":"JjgDalfOlUQWpSeL","customerRef":"pn7aCSj1RatGcESw","orderRemarks":"","deliveryMethodRef":"3vCbs18qoMa4j7k0","newDeliveryMethod":"","newAreaCode":"","paymentMethodRef":"Zcn7Oa1ha2XWD83c","dueDays":"","dueAmount":"","orderPipline":"2","orderStatus":"MAN","orderInProduction":"0","managerApprove":"1","approvalType":"management","preAuthorization":"","newCustomer":[],"orderItems":[{"itemName":"Zoe","itemRef":"PRO-7OZ1-00016","itemPrice":"35","qty":26,"priceChanged":"","transportCost":"","transportCostChanged":"20","height":"","width":"","length":"","saleUOM":"Cartons","saleConvQty":"1","saleConvLength":"0","baseUOM":"meters","baseConvQty":"1","baseConvLength":"0","productionOnDemand":"0","variants":[{"color":"0","design":"0","length":"0","width":"0","height":"0","qty":"2","isCustomize":"0"},{"color":"0","design":"2","length":"0","width":"0","height":"0","qty":"4","isCustomize":"0"},{"color":"1","design":"0","length":"0","width":"0","height":"0","qty":"1","isCustomize":"0"},{"color":"1","design":"2","length":"0","width":"0","height":"0","qty":"4","isCustomize":"0"},{"color":"2","design":"0","length":"0","width":"0","height":"0","qty":"4","isCustomize":"0"},{"color":"2","design":"2","length":"0","width":"0","height":"0","qty":"1","isCustomize":"0"},{"color":"3","design":"0","length":"0","width":"0","height":"0","qty":"4","isCustomize":"0"},{"color":"3","design":"2","length":"0","width":"0","height":"0","qty":"1","isCustomize":"0"},{"color":"4","design":"0","length":"0","width":"0","height":"0","qty":"1","isCustomize":"0"},{"color":"4","design":"2","length":"0","width":"0","height":"0","qty":"4","isCustomize":"0"}]}]}
ERROR - 2018-10-06 03:21:01 --> {"success":true,"success_message":"Order Submitted successfully Order No00067"}
ERROR - 2018-10-06 03:37:47 --> 404 Page Not Found: Img/favicon.png
ERROR - 2018-10-06 03:38:22 --> 404 Page Not Found: Img/favicon.png
ERROR - 2018-10-06 03:39:07 --> 404 Page Not Found: Img/favicon.png
ERROR - 2018-10-06 05:15:29 --> 404 Page Not Found: Img/favicon.png
ERROR - 2018-10-06 05:33:57 --> 404 Page Not Found: Img/favicon.png
ERROR - 2018-10-06 05:36:27 --> {"orderRef":"","userRef":"JjgDalfOlUQWpSeL","customerRef":"pn7aCSj1RatGcESw","orderRemarks":"","deliveryMethodRef":"3vCbs18qoMa4j7k0","newDeliveryMethod":"","newAreaCode":"","paymentMethodRef":"Zcn7Oa1ha2XWD83c","dueDays":"","dueAmount":"","orderPipline":"3","orderStatus":"queued","orderInProduction":"1","managerApprove":"1","approvalType":"management","preAuthorization":"","newCustomer":[],"orderItems":[{"itemName":"Item1","itemRef":"PRO-IDPF-00008","itemPrice":"200","qty":12,"priceChanged":"","transportCost":"","transportCostChanged":"10","height":"","width":"","length":"","saleUOM":"Boxes","saleConvQty":"1","saleConvLength":"0","baseUOM":"rolls2","baseConvQty":"1","baseConvLength":"0","productionOnDemand":"1","variants":[{"color":"51","design":"91","length":"11","width":"12","height":"13","qty":"1","isCustomize":"0"},{"color":"51","design":"90","length":"11","width":"12","height":"13","qty":"1","isCustomize":"0"},{"color":"51","design":"test","length":"11","width":"12","height":"13","qty":"1","isCustomize":"0"},{"color":"52","design":"91","length":"11","width":"12","height":"13","qty":"1","isCustomize":"0"},{"color":"52","design":"90","length":"11","width":"12","height":"13","qty":"1","isCustomize":"0"},{"color":"52","design":"test","length":"11","width":"12","height":"13","qty":"1","isCustomize":"0"},{"color":"51","design":"91","length":"21","width":"22","height":"23","qty":"1","isCustomize":"0"},{"color":"51","design":"90","length":"21","width":"22","height":"23","qty":"1","isCustomize":"0"},{"color":"51","design":"test","length":"21","width":"22","height":"23","qty":"1","isCustomize":"0"},{"color":"52","design":"91","length":"21","width":"22","height":"23","qty":"1","isCustomize":"0"},{"color":"52","design":"90","length":"21","width":"22","height":"23","qty":"1","isCustomize":"0"},{"color":"52","design":"test","length":"21","width":"22","height":"23","qty":"1","isCustomize":"0"}]}]}
ERROR - 2018-10-06 05:36:27 --> {"success":true,"success_message":"Order Submitted successfully Order No00001"}
ERROR - 2018-10-06 05:36:49 --> 404 Page Not Found: Img/favicon.png
ERROR - 2018-10-06 05:37:50 --> {"orderRef":"","userRef":"JjgDalfOlUQWpSeL","customerRef":"lLdHaw6Ab2p096CK","orderRemarks":"","deliveryMethodRef":"3vCbs18qoMa4j7k0","newDeliveryMethod":"","newAreaCode":"","paymentMethodRef":"Zcn7Oa1ha2XWD83c","dueDays":"","dueAmount":"","orderPipline":"3","orderStatus":"queued","orderInProduction":"1","managerApprove":"1","approvalType":"management","preAuthorization":"","newCustomer":[],"orderItems":[{"itemName":"School Chairs","itemRef":"PRO-DWKM-00003","itemPrice":"79","qty":14,"priceChanged":"","transportCost":"44","transportCostChanged":"","height":"","width":"","length":"","saleUOM":"Cartons","saleConvQty":"1","saleConvLength":"0","baseUOM":"Boxes","baseConvQty":"1","baseConvLength":"0","productionOnDemand":"1","variants":[{"color":"gold","design":"square","length":"8","width":"9","height":"10","qty":"2","isCustomize":"0"},{"color":"tes","design":"square","length":"8","width":"9","height":"10","qty":"2","isCustomize":"0"},{"color":"gold","design":"square","length":"7","width":"8","height":"9","qty":"5","isCustomize":"0"},{"color":"tes","design":"square","length":"7","width":"8","height":"9","qty":"5","isCustomize":"0"}]},{"itemName":"Sofa Fabric 2","itemRef":"PRO-FLS9-00012","itemPrice":"350","qty":44,"priceChanged":"","transportCost":"","transportCostChanged":"10","height":"","width":"","length":"","saleUOM":"Roll","saleConvQty":"1","saleConvLength":"0","baseUOM":"meters","baseConvQty":"1","baseConvLength":"0","productionOnDemand":"0","variants":[{"color":"Blue","design":"Circles","length":"0","width":"0","height":"0","qty":"1","isCustomize":"0"},{"color":"Blue","design":"Waves","length":"0","width":"0","height":"0","qty":"3","isCustomize":"0"},{"color":"Blue","design":"Dots","length":"0","width":"0","height":"0","qty":"2","isCustomize":"0"},{"color":"Black","design":"Circles","length":"0","width":"0","height":"0","qty":"5","isCustomize":"0"},{"color":"Black","design":"Waves","length":"0","width":"0","height":"0","qty":"2","isCustomize":"0"},{"color":"Black","design":"Dots","length":"0","width":"0","height":"0","qty":"8","isCustomize":"0"},{"color":"Black","design":"got","length":"0","width":"0","height":"0","qty":"8","isCustomize":"0"},{"color":"Red","design":"Circles","length":"0","width":"0","height":"0","qty":"5","isCustomize":"0"},{"color":"Red","design":"Waves","length":"0","width":"0","height":"0","qty":"5","isCustomize":"0"},{"color":"Red","design":"Dots","length":"0","width":"0","height":"0","qty":"5","isCustomize":"0"}]}]}
ERROR - 2018-10-06 05:37:50 --> {"success":true,"success_message":"Order Submitted successfully Order No00002"}
ERROR - 2018-10-06 05:43:06 --> {"orderRef":"","userRef":"JjgDalfOlUQWpSeL","customerRef":"nEe4QSCyqi0OhIdm","orderRemarks":"","deliveryMethodRef":"sZQPcuDBQFE83wsu","newDeliveryMethod":"","newAreaCode":"","paymentMethodRef":"Zcn7Oa1ha2XWD83c","dueDays":"","dueAmount":"","orderPipline":"3","orderStatus":"queued","orderInProduction":"1","managerApprove":"1","approvalType":"management","preAuthorization":"","newCustomer":[],"orderItems":[{"itemName":"Sofa Fabric 2","itemRef":"PRO-FLS9-00012","itemPrice":"350","qty":5083,"priceChanged":"","transportCost":"","transportCostChanged":"10","height":"","width":"","length":"","saleUOM":"Roll","saleConvQty":"1","saleConvLength":"0","baseUOM":"meters","baseConvQty":"1","baseConvLength":"0","productionOnDemand":"0","variants":[{"color":"Blue","design":"Circles","length":"0","width":"0","height":"0","qty":"5","isCustomize":"0"},{"color":"Blue","design":"Waves","length":"0","width":"0","height":"0","qty":"8","isCustomize":"0"},{"color":"Blue","design":"Dots","length":"0","width":"0","height":"0","qty":"8","isCustomize":"0"},{"color":"Blue","design":"got","length":"0","width":"0","height":"0","qty":"8","isCustomize":"0"},{"color":"Black","design":"Circles","length":"0","width":"0","height":"0","qty":"8","isCustomize":"0"},{"color":"Black","design":"Waves","length":"0","width":"0","height":"0","qty":"5","isCustomize":"0"},{"color":"Black","design":"Dots","length":"0","width":"0","height":"0","qty":"4","isCustomize":"0"},{"color":"Black","design":"got","length":"0","width":"0","height":"0","qty":"4","isCustomize":"0"},{"color":"Red","design":"Circles","length":"0","width":"0","height":"0","qty":"4","isCustomize":"0"},{"color":"Red","design":"Waves","length":"0","width":"0","height":"0","qty":"4","isCustomize":"0"},{"color":"Red","design":"Dots","length":"0","width":"0","height":"0","qty":"4","isCustomize":"0"},{"color":"Red","design":"got","length":"0","width":"0","height":"0","qty":"4","isCustomize":"0"},{"color":"Brown","design":"Circles","length":"0","width":"0","height":"0","qty":"4","isCustomize":"0"},{"color":"Brown","design":"Waves","length":"0","width":"0","height":"0","qty":"4","isCustomize":"0"},{"color":"Brown","design":"got","length":"0","width":"0","height":"0","qty":"4","isCustomize":"0"},{"color":"Blue","design":"Circles","length":"12","width":"13","height":"14","qty":"4","isCustomize":"0"},{"color":"Blue","design":"Waves","length":"12","width":"13","height":"14","qty":"4","isCustomize":"0"},{"color":"Blue","design":"Dots","length":"12","width":"13","height":"14","qty":"4","isCustomize":"0"},{"color":"Blue","design":"got","length":"12","width":"13","height":"14","qty":"477","isCustomize":"0"},{"color":"Black","design":"Circles","length":"12","width":"13","height":"14","qty":"4","isCustomize":"0"},{"color":"Black","design":"Waves","length":"12","width":"13","height":"14","qty":"4","isCustomize":"0"},{"color":"Black","design":"Dots","length":"12","width":"13","height":"14","qty":"4","isCustomize":"0"},{"color":"Black","design":"got","length":"12","width":"13","height":"14","qty":"4","isCustomize":"0"},{"color":"Red","design":"Circles","length":"12","width":"13","height":"14","qty":"44","isCustomize":"0"},{"color":"Red","design":"Waves","length":"12","width":"13","height":"14","qty":"4","isCustomize":"0"},{"color":"Red","design":"Dots","length":"12","width":"13","height":"14","qty":"4","isCustomize":"0"},{"color":"Red","design":"got","length":"12","width":"13","height":"14","qty":"4","isCustomize":"0"},{"color":"Brown","design":"Circles","length":"12","width":"13","height":"14","qty":"4444","isCustomize":"0"}]},{"itemName":"Expitem","itemRef":"PRO-UB3R-00020","itemPrice":"46","qty":33,"priceChanged":"","transportCost":"","transportCostChanged":"10","height":"","width":"","length":"","saleUOM":"Boxes","saleConvQty":"1","saleConvLength":"0","baseUOM":"Boxes","baseConvQty":"1","baseConvLength":"0","productionOnDemand":"1","variants":[{"color":"1","design":"square","length":"0","width":"0","height":"0","qty":"2","isCustomize":"0"},{"color":"2","design":"square","length":"0","width":"0","height":"0","qty":"2","isCustomize":"0"},{"color":"3","design":"square","length":"0","width":"0","height":"0","qty":"2","isCustomize":"0"},{"color":"4","design":"square","length":"0","width":"0","height":"0","qty":"2","isCustomize":"0"},{"color":"5","design":"square","length":"0","width":"0","height":"0","qty":"5","isCustomize":"0"},{"color":"6","design":"square","length":"0","width":"0","height":"0","qty":"5","isCustomize":"0"},{"color":"7","design":"square","length":"0","width":"0","height":"0","qty":"5","isCustomize":"0"},{"color":"8","design":"square","length":"0","width":"0","height":"0","qty":"5","isCustomize":"0"},{"color":"9","design":"square","length":"0","width":"0","height":"0","qty":"5","isCustomize":"0"}]}]}
ERROR - 2018-10-06 05:43:06 --> {"success":true,"success_message":"Order Submitted successfully Order No00003"}
ERROR - 2018-10-06 05:43:57 --> 404 Page Not Found: Order-details/img
ERROR - 2018-10-06 05:51:37 --> Severity: Warning --> Division by zero /home/onewayit/public_html/watervale/application/views/dashboard/statistics.php 21
ERROR - 2018-10-06 06:01:07 --> 404 Page Not Found: Order-details/img
ERROR - 2018-10-06 06:03:08 --> 404 Page Not Found: Order-details/img
ERROR - 2018-10-06 06:04:59 --> 404 Page Not Found: Order-details/img
ERROR - 2018-10-06 06:09:53 --> 404 Page Not Found: Img/favicon.png
ERROR - 2018-10-06 06:15:09 --> Severity: Warning --> Division by zero /home/onewayit/public_html/watervale/application/views/dashboard/statistics.php 21
ERROR - 2018-10-06 06:15:26 --> 404 Page Not Found: Order-details/img
ERROR - 2018-10-06 06:15:44 --> 404 Page Not Found: Img/favicon.png
ERROR - 2018-10-06 06:19:15 --> 404 Page Not Found: Img/favicon.png
ERROR - 2018-10-06 06:23:12 --> 404 Page Not Found: Img/favicon.png
ERROR - 2018-10-06 06:24:38 --> 404 Page Not Found: Img/favicon.png
ERROR - 2018-10-06 06:25:26 --> 404 Page Not Found: Img/favicon.png
ERROR - 2018-10-06 06:25:34 --> 404 Page Not Found: Img/favicon.png
ERROR - 2018-10-06 06:25:57 --> 404 Page Not Found: Img/favicon.png
ERROR - 2018-10-06 06:26:04 --> 404 Page Not Found: Img/favicon.png
ERROR - 2018-10-06 06:26:08 --> 404 Page Not Found: Img/favicon.png
ERROR - 2018-10-06 06:26:27 --> 404 Page Not Found: Img/favicon.png
ERROR - 2018-10-06 06:27:49 --> 404 Page Not Found: Img/favicon.png
ERROR - 2018-10-06 06:28:03 --> 404 Page Not Found: Img/favicon.png
ERROR - 2018-10-06 06:28:20 --> 404 Page Not Found: Img/favicon.png
ERROR - 2018-10-06 06:31:15 --> 404 Page Not Found: Img/favicon.png
ERROR - 2018-10-06 06:34:07 --> 404 Page Not Found: Img/favicon.png
ERROR - 2018-10-06 06:35:52 --> 404 Page Not Found: Img/favicon.png
ERROR - 2018-10-06 06:37:12 --> 404 Page Not Found: Img/favicon.png
ERROR - 2018-10-06 06:38:11 --> 404 Page Not Found: Img/favicon.png
ERROR - 2018-10-06 06:38:14 --> 404 Page Not Found: Img/favicon.png
ERROR - 2018-10-06 06:39:13 --> 404 Page Not Found: Img/favicon.png
ERROR - 2018-10-06 06:39:32 --> 404 Page Not Found: Img/favicon.png
ERROR - 2018-10-06 06:39:35 --> 404 Page Not Found: Img/favicon.png
ERROR - 2018-10-06 06:40:03 --> 404 Page Not Found: Img/favicon.png
ERROR - 2018-10-06 06:40:36 --> 404 Page Not Found: Order-details/img
ERROR - 2018-10-06 06:40:46 --> 404 Page Not Found: Order-details/img
ERROR - 2018-10-06 06:41:05 --> 404 Page Not Found: Order-details/img
ERROR - 2018-10-06 06:41:08 --> {"orderRef":"","userRef":"JjgDalfOlUQWpSeL","customerRef":"10ulN9cAo1Uw9gQl","orderRemarks":"","deliveryMethodRef":"3vCbs18qoMa4j7k0","newDeliveryMethod":"","newAreaCode":"","paymentMethodRef":"Zcn7Oa1ha2XWD83c","dueDays":"","dueAmount":"","orderPipline":"2","orderStatus":"MAN","orderInProduction":"0","managerApprove":"1","approvalType":"management","preAuthorization":"","newCustomer":[],"orderItems":[{"itemName":"Sofa Fabric 2","itemRef":"PRO-FLS9-00012","itemPrice":"350","qty":100,"priceChanged":"","transportCost":"","transportCostChanged":"40","height":"","width":"","length":"","saleUOM":"Roll","saleConvQty":"1","saleConvLength":"0","baseUOM":"meters","baseConvQty":"1","baseConvLength":"0","productionOnDemand":"0","variants":[{"color":"Blue","design":"Circles","length":"0","width":"0","height":"0","qty":"1","isCustomize":"0"},{"color":"Blue","design":"Waves","length":"0","width":"0","height":"0","qty":"1","isCustomize":"0"},{"color":"Blue","design":"Dots","length":"0","width":"0","height":"0","qty":"1","isCustomize":"0"},{"color":"Blue","design":"got","length":"0","width":"0","height":"0","qty":"1","isCustomize":"0"},{"color":"Black","design":"Circles","length":"0","width":"0","height":"0","qty":"1","isCustomize":"0"},{"color":"Black","design":"Waves","length":"0","width":"0","height":"0","qty":"4","isCustomize":"0"},{"color":"Black","design":"Dots","length":"0","width":"0","height":"0","qty":"4","isCustomize":"0"},{"color":"Black","design":"got","length":"0","width":"0","height":"0","qty":"4","isCustomize":"0"},{"color":"Red","design":"Circles","length":"0","width":"0","height":"0","qty":"1","isCustomize":"0"},{"color":"Red","design":"Waves","length":"0","width":"0","height":"0","qty":"41","isCustomize":"0"},{"color":"Red","design":"Dots","length":"0","width":"0","height":"0","qty":"1","isCustomize":"0"},{"color":"Red","design":"got","length":"0","width":"0","height":"0","qty":"1","isCustomize":"0"},{"color":"Brown","design":"Circles","length":"0","width":"0","height":"0","qty":"1","isCustomize":"0"},{"color":"Brown","design":"got","length":"0","width":"0","height":"0","qty":"1","isCustomize":"0"},{"color":"Blue","design":"Waves","length":"12","width":"13","height":"14","qty":"14","isCustomize":"0"},{"color":"Blue","design":"Dots","length":"12","width":"13","height":"14","qty":"11","isCustomize":"0"},{"color":"Blue","design":"got","length":"12","width":"13","height":"14","qty":"1","isCustomize":"0"},{"color":"Black","design":"Circles","length":"12","width":"13","height":"14","qty":"1","isCustomize":"0"},{"color":"Black","design":"Waves","length":"12","width":"13","height":"14","qty":"1","isCustomize":"0"},{"color":"Black","design":"Dots","length":"12","width":"13","height":"14","qty":"1","isCustomize":"0"},{"color":"Black","design":"got","length":"12","width":"13","height":"14","qty":"1","isCustomize":"0"},{"color":"Red","design":"Circles","length":"12","width":"13","height":"14","qty":"1","isCustomize":"0"},{"color":"Red","design":"Waves","length":"12","width":"13","height":"14","qty":"1","isCustomize":"0"},{"color":"Red","design":"Dots","length":"12","width":"13","height":"14","qty":"1","isCustomize":"0"},{"color":"Red","design":"got","length":"12","width":"13","height":"14","qty":"1","isCustomize":"0"},{"color":"Brown","design":"Circles","length":"12","width":"13","height":"14","qty":"1","isCustomize":"0"},{"color":"Brown","design":"Waves","length":"12","width":"13","height":"14","qty":"1","isCustomize":"0"},{"color":"Brown","design":"got","length":"12","width":"13","height":"14","qty":"1","isCustomize":"0"}]}]}
ERROR - 2018-10-06 06:41:08 --> {"success":true,"success_message":"Order Submitted successfully Order No00004"}
ERROR - 2018-10-06 06:41:24 --> 404 Page Not Found: Img/favicon.png
ERROR - 2018-10-06 06:42:04 --> 404 Page Not Found: Img/favicon.png
ERROR - 2018-10-06 06:43:31 --> 404 Page Not Found: Img/favicon.png
ERROR - 2018-10-06 06:45:36 --> 404 Page Not Found: Img/favicon.png
ERROR - 2018-10-06 06:46:05 --> 404 Page Not Found: Img/favicon.png
ERROR - 2018-10-06 06:46:48 --> 404 Page Not Found: Img/favicon.png
ERROR - 2018-10-06 06:51:56 --> 404 Page Not Found: Order-details/img
ERROR - 2018-10-06 06:52:08 --> 404 Page Not Found: Img/favicon.png
ERROR - 2018-10-06 06:52:31 --> 404 Page Not Found: Img/favicon.png
ERROR - 2018-10-06 06:53:26 --> 404 Page Not Found: Img/favicon.png
ERROR - 2018-10-06 06:58:49 --> 404 Page Not Found: Img/favicon.png
ERROR - 2018-10-06 07:12:10 --> 404 Page Not Found: Img/favicon.png
ERROR - 2018-10-06 07:13:23 --> 404 Page Not Found: Img/favicon.png
ERROR - 2018-10-06 07:13:46 --> 404 Page Not Found: Img/favicon.png
ERROR - 2018-10-06 07:14:24 --> 404 Page Not Found: Img/favicon.png
ERROR - 2018-10-06 07:15:26 --> {"orderRef":"","userRef":"JjgDalfOlUQWpSeL","customerRef":"lLdHaw6Ab2p096CK","orderRemarks":"","deliveryMethodRef":"3vCbs18qoMa4j7k0","newDeliveryMethod":"","newAreaCode":"","paymentMethodRef":"Zcn7Oa1ha2XWD83c","dueDays":"","dueAmount":"","orderPipline":"3","orderStatus":"queued","orderInProduction":"1","managerApprove":"1","approvalType":"other","preAuthorization":"","newCustomer":[],"orderItems":[{"itemName":"School Chairs","itemRef":"PRO-DWKM-00003","itemPrice":"79","qty":68,"priceChanged":"","transportCost":"44","transportCostChanged":"","height":"","width":"","length":"","saleUOM":"Cartons","saleConvQty":"1","saleConvLength":"0","baseUOM":"Boxes","baseConvQty":"1","baseConvLength":"0","productionOnDemand":"1","variants":[{"color":"gold","design":"square","length":"8","width":"9","height":"10","qty":"56","isCustomize":"0"},{"color":"tes","design":"square","length":"8","width":"9","height":"10","qty":"2","isCustomize":"0"},{"color":"gold","design":"square","length":"7","width":"8","height":"9","qty":"5","isCustomize":"0"},{"color":"tes","design":"square","length":"7","width":"8","height":"9","qty":"5","isCustomize":"0"}]}]}
ERROR - 2018-10-06 07:15:26 --> {"success":true,"success_message":"Order Submitted successfully Order No00005"}
ERROR - 2018-10-06 07:15:36 --> 404 Page Not Found: Img/favicon.png
ERROR - 2018-10-06 07:16:16 --> {"orderRef":"","userRef":"JjgDalfOlUQWpSeL","customerRef":"KgvJ9UeMo1FABdaz","orderRemarks":"","deliveryMethodRef":"fbVu0GDhOA6kH25F","newDeliveryMethod":"","newAreaCode":"","paymentMethodRef":"2iCbflXYQAJNTl5D","dueDays":"","dueAmount":"","orderPipline":"2","orderStatus":"MAN","orderInProduction":"0","managerApprove":"1","approvalType":"management","preAuthorization":"","newCustomer":[],"orderItems":[{"itemName":"Infant Bed","itemRef":"PRO-VLTS-00004","itemPrice":"67","qty":27,"priceChanged":"","transportCost":"","transportCostChanged":"20","height":"","width":"","length":"","saleUOM":"kgs","saleConvQty":"1","saleConvLength":"0","baseUOM":"meters","baseConvQty":"1","baseConvLength":"0","productionOnDemand":"0","variants":[{"color":"blue","design":"rectangle","length":"4","width":"5","height":"6","qty":"2","isCustomize":"0"},{"color":"blue","design":"square","length":"4","width":"5","height":"6","qty":"5","isCustomize":"0"},{"color":"red","design":"rectangle","length":"4","width":"5","height":"6","qty":"5","isCustomize":"0"},{"color":"red","design":"square","length":"4","width":"5","height":"6","qty":"5","isCustomize":"0"},{"color":"blue","design":"rectangle","length":"5","width":"6","height":"7","qty":"4","isCustomize":"0"},{"color":"blue","design":"square","length":"5","width":"6","height":"7","qty":"1","isCustomize":"0"},{"color":"red","design":"rectangle","length":"5","width":"6","height":"7","qty":"1","isCustomize":"0"},{"color":"red","design":"square","length":"5","width":"6","height":"7","qty":"4","isCustomize":"0"}]}]}
ERROR - 2018-10-06 07:16:16 --> {"success":true,"success_message":"Order Submitted successfully Order No00006"}
ERROR - 2018-10-06 07:16:36 --> 404 Page Not Found: Img/favicon.png
ERROR - 2018-10-06 07:21:04 --> 404 Page Not Found: Img/favicon.png
ERROR - 2018-10-06 07:22:14 --> 404 Page Not Found: Update-customer/img
ERROR - 2018-10-06 07:27:34 --> 404 Page Not Found: Img/favicon.png
ERROR - 2018-10-06 07:31:17 --> 404 Page Not Found: Img/favicon.png
ERROR - 2018-10-06 07:40:53 --> 404 Page Not Found: Img/favicon.png
ERROR - 2018-10-06 07:41:02 --> 404 Page Not Found: Img/favicon.png
ERROR - 2018-10-06 07:42:48 --> 404 Page Not Found: Order-details/img
ERROR - 2018-10-06 07:45:55 --> {"orderRef":"","userRef":"JjgDalfOlUQWpSeL","customerRef":"pn7aCSj1RatGcESw","orderRemarks":"","deliveryMethodRef":"AHCRiaofLkPuFwyI","newDeliveryMethod":"","newAreaCode":"","paymentMethodRef":"Zcn7Oa1ha2XWD83c","dueDays":"","dueAmount":"","orderPipline":"2","orderStatus":"MAN","orderInProduction":"0","managerApprove":"1","approvalType":"management","preAuthorization":"","newCustomer":[],"orderItems":[{"itemName":"Qwerr1","itemRef":"PRO-HX0E-00015","itemPrice":"34","qty":22,"priceChanged":"","transportCost":"","transportCostChanged":"20","height":"","width":"","length":"","saleUOM":"Cartons","saleConvQty":"1","saleConvLength":"0","baseUOM":"kgs","baseConvQty":"1","baseConvLength":"0","productionOnDemand":"0","variants":[{"color":"1","design":"a","length":"00","width":"00","height":"00","qty":"2","isCustomize":"0"},{"color":"1","design":"b","length":"00","width":"00","height":"00","qty":"5","isCustomize":"0"},{"color":"1","design":"d","length":"00","width":"00","height":"00","qty":"5","isCustomize":"0"},{"color":"1","design":"e","length":"00","width":"00","height":"00","qty":"5","isCustomize":"0"},{"color":"1","design":"f","length":"00","width":"00","height":"00","qty":"5","isCustomize":"0"}]}]}
ERROR - 2018-10-06 07:45:55 --> {"success":true,"success_message":"Order Submitted successfully Order No00007"}
ERROR - 2018-10-06 07:59:26 --> 404 Page Not Found: Order-details/img
ERROR - 2018-10-06 08:03:30 --> {"orderRef":"","userRef":"JjgDalfOlUQWpSeL","customerRef":"lLdHaw6Ab2p096CK","orderRemarks":"","deliveryMethodRef":"3vCbs18qoMa4j7k0","newDeliveryMethod":"","newAreaCode":"","paymentMethodRef":"2iCbflXYQAJNTl5D","dueDays":"","dueAmount":"","orderPipline":"2","orderStatus":"MAN","orderInProduction":"0","managerApprove":"1","approvalType":"management","preAuthorization":"","newCustomer":[],"orderItems":[{"itemName":"Kids Chair","itemRef":"PRO-V4PJ-00005","itemPrice":"57","qty":810,"priceChanged":"","transportCost":"","transportCostChanged":"20","height":"","width":"","length":"","saleUOM":"pcs","saleConvQty":"1","saleConvLength":"0","baseUOM":"Cartons","baseConvQty":"1","baseConvLength":"0","productionOnDemand":"0","variants":[{"color":"red","design":"round","length":"4","width":"5","height":"6","qty":"255","isCustomize":"0"},{"color":"violet","design":"round","length":"4","width":"5","height":"6","qty":"555","isCustomize":"0"}]},{"itemName":"Sofa Fabric 2","itemRef":"PRO-FLS9-00012","itemPrice":"350","qty":7,"priceChanged":"","transportCost":"","transportCostChanged":"20","height":"","width":"","length":"","saleUOM":"Roll","saleConvQty":"1","saleConvLength":"0","baseUOM":"meters","baseConvQty":"1","baseConvLength":"0","productionOnDemand":"0","variants":[{"color":"Blue","design":"Circles","length":"0","width":"0","height":"0","qty":"2","isCustomize":"0"},{"color":"Blue","design":"Waves","length":"0","width":"0","height":"0","qty":"5","isCustomize":"0"}]},{"itemName":"Te","itemRef":"PRO-83X6-00019","itemPrice":"9","qty":7,"priceChanged":"","transportCost":"","transportCostChanged":"10","height":"","width":"","length":"","saleUOM":"Cartons","saleConvQty":"1","saleConvLength":"0","baseUOM":"kgs","baseConvQty":"1","baseConvLength":"0","productionOnDemand":"0","variants":[{"color":"r","design":"y","length":"67","width":"88","height":"99","qty":"2","isCustomize":"0"},{"color":"7","design":"y","length":"67","width":"88","height":"99","qty":"5","isCustomize":"0"}]}]}
ERROR - 2018-10-06 08:03:30 --> {"success":true,"success_message":"Order Submitted successfully Order No00008"}
ERROR - 2018-10-06 08:04:37 --> {"orderRef":"","userRef":"JjgDalfOlUQWpSeL","customerRef":"lLdHaw6Ab2p096CK","orderRemarks":"","deliveryMethodRef":"3vCbs18qoMa4j7k0","newDeliveryMethod":"","newAreaCode":"","paymentMethodRef":"Zcn7Oa1ha2XWD83c","dueDays":"","dueAmount":"","orderPipline":"3","orderStatus":"queued","orderInProduction":"1","managerApprove":"1","approvalType":"other","preAuthorization":"","newCustomer":[],"orderItems":[{"itemName":"School Chairs","itemRef":"PRO-DWKM-00003","itemPrice":"79","qty":40,"priceChanged":"","transportCost":"44","transportCostChanged":"","height":"","width":"","length":"","saleUOM":"Cartons","saleConvQty":"1","saleConvLength":"0","baseUOM":"Boxes","baseConvQty":"1","baseConvLength":"0","productionOnDemand":"1","variants":[{"color":"gold","design":"square","length":"8","width":"9","height":"10","qty":"25","isCustomize":"0"},{"color":"tes","design":"square","length":"8","width":"9","height":"10","qty":"5","isCustomize":"0"},{"color":"gold","design":"square","length":"7","width":"8","height":"9","qty":"5","isCustomize":"0"},{"color":"tes","design":"square","length":"7","width":"8","height":"9","qty":"5","isCustomize":"0"}]},{"itemName":"Sofa Set","itemRef":"PRO-P2QS-00001","itemPrice":"12","qty":24,"priceChanged":"","transportCost":"10","transportCostChanged":"","height":"","width":"","length":"","saleUOM":"Cartons","saleConvQty":"1","saleConvLength":"0","baseUOM":"Roll","baseConvQty":"1","baseConvLength":"0","productionOnDemand":"0","variants":[{"color":"Red","design":"Curve","length":"10","width":"20","height":"30","qty":"2","isCustomize":"0"},{"color":"brown","design":"Curve","length":"10","width":"20","height":"30","qty":"5","isCustomize":"0"},{"color":"Red","design":"Curve","length":"6","width":"7","height":"9","qty":"2","isCustomize":"0"},{"color":"brown","design":"Curve","length":"6","width":"7","height":"9","qty":"5","isCustomize":"0"},{"color":"Red","design":"square","length":"10","width":"20","height":"30","qty":"5","isCustomize":"0"},{"color":"brown","design":"square","length":"10","width":"20","height":"30","qty":"5","isCustomize":"0"}]}]}
ERROR - 2018-10-06 08:04:37 --> {"success":true,"success_message":"Order Submitted successfully Order No00009"}
ERROR - 2018-10-06 08:05:08 --> 404 Page Not Found: Img/favicon.png
ERROR - 2018-10-06 08:06:04 --> 404 Page Not Found: Img/favicon.png
ERROR - 2018-10-06 08:07:24 --> 404 Page Not Found: Img/favicon.png
ERROR - 2018-10-06 08:08:06 --> 404 Page Not Found: Img/favicon.png
ERROR - 2018-10-06 08:08:15 --> {"orderRef":"","userRef":"JjgDalfOlUQWpSeL","customerRef":"pn7aCSj1RatGcESw","orderRemarks":"","deliveryMethodRef":"KWxCMji0HbsJlymh","newDeliveryMethod":"","newAreaCode":"","paymentMethodRef":"Zcn7Oa1ha2XWD83c","dueDays":"","dueAmount":"","orderPipline":"2","orderStatus":"MAN","orderInProduction":"0","managerApprove":"1","approvalType":"management","preAuthorization":"","newCustomer":[],"orderItems":[{"itemName":"Sofa Fabric 2","itemRef":"PRO-FLS9-00012","itemPrice":"350","qty":238,"priceChanged":"","transportCost":"","transportCostChanged":"20","height":"","width":"","length":"","saleUOM":"Roll","saleConvQty":"1","saleConvLength":"0","baseUOM":"meters","baseConvQty":"1","baseConvLength":"0","productionOnDemand":"0","variants":[{"color":"Blue","design":"Circles","length":"0","width":"0","height":"0","qty":"12","isCustomize":"0"},{"color":"Blue","design":"Waves","length":"0","width":"0","height":"0","qty":"4","isCustomize":"0"},{"color":"Blue","design":"Dots","length":"0","width":"0","height":"0","qty":"7","isCustomize":"0"},{"color":"Blue","design":"got","length":"0","width":"0","height":"0","qty":"7","isCustomize":"0"},{"color":"Black","design":"Circles","length":"0","width":"0","height":"0","qty":"7","isCustomize":"0"},{"color":"Black","design":"Waves","length":"0","width":"0","height":"0","qty":"77","isCustomize":"0"},{"color":"Black","design":"Dots","length":"0","width":"0","height":"0","qty":"7","isCustomize":"0"},{"color":"Black","design":"got","length":"0","width":"0","height":"0","qty":"7","isCustomize":"0"},{"color":"Red","design":"Circles","length":"0","width":"0","height":"0","qty":"7","isCustomize":"0"},{"color":"Red","design":"Waves","length":"0","width":"0","height":"0","qty":"7","isCustomize":"0"},{"color":"Red","design":"Dots","length":"0","width":"0","height":"0","qty":"7","isCustomize":"0"},{"color":"Red","design":"got","length":"0","width":"0","height":"0","qty":"7","isCustomize":"0"},{"color":"Brown","design":"Circles","length":"0","width":"0","height":"0","qty":"7","isCustomize":"0"},{"color":"Brown","design":"Waves","length":"0","width":"0","height":"0","qty":"7","isCustomize":"0"},{"color":"Brown","design":"got","length":"0","width":"0","height":"0","qty":"7","isCustomize":"0"},{"color":"Blue","design":"Circles","length":"12","width":"13","height":"14","qty":"7","isCustomize":"0"},{"color":"Blue","design":"Waves","length":"12","width":"13","height":"14","qty":"7","isCustomize":"0"},{"color":"Blue","design":"Dots","length":"12","width":"13","height":"14","qty":"7","isCustomize":"0"},{"color":"Blue","design":"got","length":"12","width":"13","height":"14","qty":"4","isCustomize":"0"},{"color":"Black","design":"Circles","length":"12","width":"13","height":"14","qty":"4","isCustomize":"0"},{"color":"Black","design":"Waves","length":"12","width":"13","height":"14","qty":"4","isCustomize":"0"},{"color":"Black","design":"Dots","length":"12","width":"13","height":"14","qty":"1","isCustomize":"0"},{"color":"Black","design":"got","length":"12","width":"13","height":"14","qty":"1","isCustomize":"0"},{"color":"Red","design":"Circles","length":"12","width":"13","height":"14","qty":"1","isCustomize":"0"},{"color":"Red","design":"Waves","length":"12","width":"13","height":"14","qty":"14","isCustomize":"0"},{"color":"Red","design":"Dots","length":"12","width":"13","height":"14","qty":"1","isCustomize":"0"},{"color":"Red","design":"got","length":"12","width":"13","height":"14","qty":"1","isCustomize":"0"},{"color":"Brown","design":"Circles","length":"12","width":"13","height":"14","qty":"1","isCustomize":"0"},{"color":"Brown","design":"Waves","length":"12","width":"13","height":"14","qty":"4","isCustomize":"0"},{"color":"Brown","design":"got","length":"12","width":"13","height":"14","qty":"4","isCustomize":"0"}]}]}
ERROR - 2018-10-06 08:08:15 --> {"success":true,"success_message":"Order Submitted successfully Order No00010"}
ERROR - 2018-10-06 08:08:47 --> 404 Page Not Found: Img/favicon.png
ERROR - 2018-10-06 08:10:52 --> {"orderRef":"","userRef":"JjgDalfOlUQWpSeL","customerRef":"nEe4QSCyqi0OhIdm","orderRemarks":"","deliveryMethodRef":"IpL3oC5GPQCr72HZ","newDeliveryMethod":"","newAreaCode":"","paymentMethodRef":"CwNQrl4HifF0u2I6","dueDays":"","dueAmount":"","orderPipline":"3","orderStatus":"queued","orderInProduction":"1","managerApprove":"1","approvalType":"management","preAuthorization":"","newCustomer":[],"orderItems":[{"itemName":"Qwerty1","itemRef":"PRO-XZBO-00026","itemPrice":"57","qty":9021,"priceChanged":"","transportCost":"","transportCostChanged":"20","height":"","width":"","length":"","saleUOM":"Cartons","saleConvQty":"1","saleConvLength":"0","baseUOM":"Boxes","baseConvQty":"1","baseConvLength":"0","productionOnDemand":"0","variants":[{"color":"c","design":"test","length":"1","width":"2","height":"3","qty":"2","isCustomize":"0"},{"color":"c","design":"dummy","length":"1","width":"2","height":"3","qty":"5","isCustomize":"0"},{"color":"d","design":"test","length":"1","width":"2","height":"3","qty":"8","isCustomize":"0"},{"color":"d","design":"dummy","length":"1","width":"2","height":"3","qty":"8","isCustomize":"0"},{"color":"e","design":"test","length":"1","width":"2","height":"3","qty":"8980","isCustomize":"0"},{"color":"e","design":"dummy","length":"1","width":"2","height":"3","qty":"8","isCustomize":"0"},{"color":"f","design":"test","length":"1","width":"2","height":"3","qty":"5","isCustomize":"0"},{"color":"f","design":"dummy","length":"1","width":"2","height":"3","qty":"5","isCustomize":"0"}]},{"itemName":"Expitem","itemRef":"PRO-UB3R-00020","itemPrice":"46","qty":6005,"priceChanged":"","transportCost":"","transportCostChanged":"50","height":"","width":"","length":"","saleUOM":"Boxes","saleConvQty":"1","saleConvLength":"0","baseUOM":"Boxes","baseConvQty":"1","baseConvLength":"0","productionOnDemand":"1","variants":[{"color":"1","design":"square","length":"0","width":"0","height":"0","qty":"2","isCustomize":"0"},{"color":"2","design":"square","length":"0","width":"0","height":"0","qty":"5","isCustomize":"0"},{"color":"3","design":"square","length":"0","width":"0","height":"0","qty":"8","isCustomize":"0"},{"color":"4","design":"square","length":"0","width":"0","height":"0","qty":"8","isCustomize":"0"},{"color":"5","design":"square","length":"0","width":"0","height":"0","qty":"8","isCustomize":"0"},{"color":"6","design":"square","length":"0","width":"0","height":"0","qty":"5","isCustomize":"0"},{"color":"7","design":"square","length":"0","width":"0","height":"0","qty":"5","isCustomize":"0"},{"color":"8","design":"square","length":"0","width":"0","height":"0","qty":"5","isCustomize":"0"},{"color":"9","design":"square","length":"0","width":"0","height":"0","qty":"5959","isCustomize":"0"}]}]}
ERROR - 2018-10-06 08:10:52 --> {"success":true,"success_message":"Order Submitted successfully Order No00011"}
ERROR - 2018-10-06 08:12:40 --> 404 Page Not Found: Img/favicon.png
ERROR - 2018-10-06 08:12:54 --> 404 Page Not Found: Img/favicon.png
ERROR - 2018-10-06 08:14:09 --> {"orderRef":"","userRef":"JjgDalfOlUQWpSeL","customerRef":"pn7aCSj1RatGcESw","orderRemarks":"","deliveryMethodRef":"KWxCMji0HbsJlymh","newDeliveryMethod":"","newAreaCode":"","paymentMethodRef":"Zcn7Oa1ha2XWD83c","dueDays":"","dueAmount":"","orderPipline":"2","orderStatus":"pending","orderInProduction":"0","managerApprove":"0","approvalType":" ","preAuthorization":"","newCustomer":[],"orderItems":[{"itemName":"Sofa Fabric 2","itemRef":"PRO-FLS9-00012","itemPrice":"350","qty":1439,"priceChanged":"","transportCost":"0","transportCostChanged":"","height":"","width":"","length":"","saleUOM":"Roll","saleConvQty":"1","saleConvLength":"0","baseUOM":"meters","baseConvQty":"1","baseConvLength":"0","productionOnDemand":"0","variants":[{"color":"Blue","design":"Circles","length":"0","width":"0","height":"0","qty":"11","isCustomize":"0"},{"color":"Blue","design":"Waves","length":"0","width":"0","height":"0","qty":"44","isCustomize":"0"},{"color":"Blue","design":"Dots","length":"0","width":"0","height":"0","qty":"44","isCustomize":"0"},{"color":"Blue","design":"got","length":"0","width":"0","height":"0","qty":"44","isCustomize":"0"},{"color":"Black","design":"Circles","length":"0","width":"0","height":"0","qty":"44","isCustomize":"0"},{"color":"Black","design":"Waves","length":"0","width":"0","height":"0","qty":"44","isCustomize":"0"},{"color":"Black","design":"Dots","length":"0","width":"0","height":"0","qty":"4","isCustomize":"0"},{"color":"Black","design":"got","length":"0","width":"0","height":"0","qty":"44","isCustomize":"0"},{"color":"Red","design":"Circles","length":"0","width":"0","height":"0","qty":"4","isCustomize":"0"},{"color":"Red","design":"Waves","length":"0","width":"0","height":"0","qty":"44","isCustomize":"0"},{"color":"Red","design":"Dots","length":"0","width":"0","height":"0","qty":"44","isCustomize":"0"},{"color":"Red","design":"got","length":"0","width":"0","height":"0","qty":"44","isCustomize":"0"},{"color":"Brown","design":"Circles","length":"0","width":"0","height":"0","qty":"44","isCustomize":"0"},{"color":"Brown","design":"Waves","length":"0","width":"0","height":"0","qty":"44","isCustomize":"0"},{"color":"Brown","design":"got","length":"0","width":"0","height":"0","qty":"44","isCustomize":"0"},{"color":"Blue","design":"Circles","length":"12","width":"13","height":"14","qty":"44","isCustomize":"0"},{"color":"Blue","design":"Waves","length":"12","width":"13","height":"14","qty":"44","isCustomize":"0"},{"color":"Blue","design":"Dots","length":"12","width":"13","height":"14","qty":"4","isCustomize":"0"},{"color":"Blue","design":"got","length":"12","width":"13","height":"14","qty":"44","isCustomize":"0"},{"color":"Black","design":"Circles","length":"12","width":"13","height":"14","qty":"44","isCustomize":"0"},{"color":"Black","design":"Waves","length":"12","width":"13","height":"14","qty":"44","isCustomize":"0"},{"color":"Black","design":"Dots","length":"12","width":"13","height":"14","qty":"44","isCustomize":"0"},{"color":"Black","design":"got","length":"12","width":"13","height":"14","qty":"444","isCustomize":"0"},{"color":"Red","design":"Circles","length":"12","width":"13","height":"14","qty":"4","isCustomize":"0"},{"color":"Red","design":"Waves","length":"12","width":"13","height":"14","qty":"44","isCustomize":"0"},{"color":"Red","design":"Dots","length":"12","width":"13","height":"14","qty":"44","isCustomize":"0"},{"color":"Red","design":"got","length":"12","width":"13","height":"14","qty":"44","isCustomize":"0"},{"color":"Brown","design":"Circles","length":"12","width":"13","height":"14","qty":"44","isCustomize":"0"}]},{"itemName":"Qwerty1","itemRef":"PRO-XZBO-00026","itemPrice":"57","qty":2770,"priceChanged":"","transportCost":"0","transportCostChanged":"","height":"","width":"","length":"","saleUOM":"Cartons","saleConvQty":"1","saleConvLength":"0","baseUOM":"Boxes","baseConvQty":"1","baseConvLength":"0","productionOnDemand":"0","variants":[{"color":"c","design":"test","length":"1","width":"2","height":"3","qty":"2222","isCustomize":"0"},{"color":"c","design":"dummy","length":"1","width":"2","height":"3","qty":"4","isCustomize":"0"},{"color":"d","design":"test","length":"1","width":"2","height":"3","qty":"4","isCustomize":"0"},{"color":"d","design":"dummy","length":"1","width":"2","height":"3","qty":"4","isCustomize":"0"},{"color":"e","design":"test","length":"1","width":"2","height":"3","qty":"4","isCustomize":"0"},{"color":"e","design":"dummy","length":"1","width":"2","height":"3","qty":"444","isCustomize":"0"},{"color":"f","design":"test","length":"1","width":"2","height":"3","qty":"44","isCustomize":"0"},{"color":"f","design":"dummy","length":"1","width":"2","height":"3","qty":"44","isCustomize":"0"}]}]}
ERROR - 2018-10-06 08:14:09 --> {"success":true,"success_message":"Order Submitted successfully Order No00012"}
ERROR - 2018-10-06 08:15:17 --> 404 Page Not Found: Img/favicon.png
ERROR - 2018-10-06 08:16:12 --> {"orderRef":"","userRef":"JjgDalfOlUQWpSeL","customerRef":"lLdHaw6Ab2p096CK","orderRemarks":"","deliveryMethodRef":"3vCbs18qoMa4j7k0","newDeliveryMethod":"","newAreaCode":"","paymentMethodRef":"2iCbflXYQAJNTl5D","dueDays":"","dueAmount":"","orderPipline":"3","orderStatus":"queued","orderInProduction":"1","managerApprove":"1","approvalType":"management","preAuthorization":"","newCustomer":[],"orderItems":[{"itemName":"Qwerty","itemRef":"PRO-2XUE-00018","itemPrice":"4556","qty":6222,"priceChanged":"","transportCost":"89","transportCostChanged":"","height":"","width":"","length":"","saleUOM":"Cartons","saleConvQty":"1","saleConvLength":"0","baseUOM":"meters","baseConvQty":"1","baseConvLength":"0","productionOnDemand":"0","variants":[{"color":"4","design":"w","length":"5","width":"5","height":"5","qty":"2111","isCustomize":"0"},{"color":"5","design":"w","length":"5","width":"5","height":"5","qty":"4111","isCustomize":"0"}]},{"itemName":"Expitem","itemRef":"PRO-UB3R-00020","itemPrice":"46","qty":929,"priceChanged":"","transportCost":"","transportCostChanged":"220","height":"","width":"","length":"","saleUOM":"Boxes","saleConvQty":"1","saleConvLength":"0","baseUOM":"Boxes","baseConvQty":"1","baseConvLength":"0","productionOnDemand":"1","variants":[{"color":"1","design":"square","length":"0","width":"0","height":"0","qty":"11","isCustomize":"0"},{"color":"2","design":"square","length":"0","width":"0","height":"0","qty":"11","isCustomize":"0"},{"color":"3","design":"square","length":"0","width":"0","height":"0","qty":"144","isCustomize":"0"},{"color":"4","design":"square","length":"0","width":"0","height":"0","qty":"74","isCustomize":"0"},{"color":"5","design":"square","length":"0","width":"0","height":"0","qty":"44","isCustomize":"0"},{"color":"6","design":"square","length":"0","width":"0","height":"0","qty":"44","isCustomize":"0"},{"color":"7","design":"square","length":"0","width":"0","height":"0","qty":"477","isCustomize":"0"},{"color":"8","design":"square","length":"0","width":"0","height":"0","qty":"47","isCustomize":"0"},{"color":"9","design":"square","length":"0","width":"0","height":"0","qty":"77","isCustomize":"0"}]}]}
ERROR - 2018-10-06 08:16:12 --> {"success":true,"success_message":"Order Submitted successfully Order No00013"}
ERROR - 2018-10-06 08:17:01 --> 404 Page Not Found: Img/favicon.png
ERROR - 2018-10-06 08:25:50 --> 404 Page Not Found: Img/favicon.png
ERROR - 2018-10-06 08:28:05 --> 404 Page Not Found: Img/favicon.png
ERROR - 2018-10-06 08:29:11 --> 404 Page Not Found: Order-details/img
ERROR - 2018-10-06 08:29:29 --> 404 Page Not Found: Img/favicon.png
ERROR - 2018-10-06 08:29:30 --> 404 Page Not Found: Order-details/img
ERROR - 2018-10-06 08:29:41 --> 404 Page Not Found: Order-details/img
ERROR - 2018-10-06 08:31:01 --> {"orderRef":"qKIugJ6DVkXwTqyz","userRef":"JjgDalfOlUQWpSeL","customerRef":"lLdHaw6Ab2p096CK","orderRemarks":"","deliveryMethodRef":"3vCbs18qoMa4j7k0","newDeliveryMethod":"","newAreaCode":"","paymentMethodRef":"Zcn7Oa1ha2XWD83c","dueDays":"","dueAmount":"","orderPipline":"3","orderStatus":"queued","orderInProduction":"1","managerApprove":"1","approvalType":"management","preAuthorization":"","newCustomer":[],"orderItems":[{"itemName":"School Chairs","itemRef":"PRO-DWKM-00003","itemPrice":"79","qty":40,"priceChanged":"","transportCost":"","transportCostChanged":"44","height":"","width":"","length":"","saleUOM":"Cartons","saleConvQty":"1","saleConvLength":"0","baseUOM":"Boxes","baseConvQty":"1","baseConvLength":"0","productionOnDemand":"1","variants":[{"color":"gold","design":"square","length":"8","width":"9","height":"10","qty":"25","isCustomize":"0"},{"color":"tes","design":"square","length":"8","width":"9","height":"10","qty":"5","isCustomize":"0"},{"color":"gold","design":"square","length":"7","width":"8","height":"9","qty":"5","isCustomize":"0"},{"color":"tes","design":"square","length":"7","width":"8","height":"9","qty":"5","isCustomize":"0"}]},{"itemName":"Sofa Set","itemRef":"PRO-P2QS-00001","itemPrice":"12","qty":24,"priceChanged":"","transportCost":"","transportCostChanged":"10","height":"","width":"","length":"","saleUOM":"Cartons","saleConvQty":"1","saleConvLength":"0","baseUOM":"Roll","baseConvQty":"1","baseConvLength":"0","productionOnDemand":"0","variants":[{"color":"Red","design":"Curve","length":"10","width":"20","height":"30","qty":"2","isCustomize":"0"},{"color":"brown","design":"Curve","length":"10","width":"20","height":"30","qty":"5","isCustomize":"0"},{"color":"Red","design":"Curve","length":"6","width":"7","height":"9","qty":"2","isCustomize":"0"},{"color":"brown","design":"Curve","length":"6","width":"7","height":"9","qty":"5","isCustomize":"0"},{"color":"Red","design":"square","length":"10","width":"20","height":"30","qty":"5","isCustomize":"0"},{"color":"brown","design":"square","length":"10","width":"20","height":"30","qty":"5","isCustomize":"0"}]},{"itemName":"Zoeq","itemRef":"PRO-VI1E-00017","itemPrice":"44","qty":22,"priceChanged":"","transportCost":"","transportCostChanged":"20","height":"","width":"","length":"","saleUOM":"Cartons","saleConvQty":"1","saleConvLength":"0","baseUOM":"meters","baseConvQty":"1","baseConvLength":"0","productionOnDemand":"0","variants":[{"color":"3","design":"3","length":"2","width":"2","height":"2","qty":"22","isCustomize":"0"}]}]}
ERROR - 2018-10-06 08:31:01 --> {"success":true,"success_message":"Order Submitted successfully Order No00009"}
ERROR - 2018-10-06 08:31:54 --> 404 Page Not Found: Order-details/img
ERROR - 2018-10-06 08:32:14 --> 404 Page Not Found: Order-details/img
ERROR - 2018-10-06 08:32:27 --> 404 Page Not Found: Order-details/img
ERROR - 2018-10-06 08:36:09 --> 404 Page Not Found: Order-details/img
ERROR - 2018-10-06 08:37:13 --> 404 Page Not Found: Order-details/img
ERROR - 2018-10-06 08:43:02 --> 404 Page Not Found: Img/favicon.png
ERROR - 2018-10-06 08:52:38 --> Severity: Warning --> Division by zero /home/onewayit/public_html/watervale/application/views/dashboard/statistics.php 21
ERROR - 2018-10-06 08:57:04 --> 404 Page Not Found: Img/favicon.png
ERROR - 2018-10-06 09:05:05 --> 404 Page Not Found: Order-details/img
ERROR - 2018-10-06 09:07:50 --> Severity: Warning --> Division by zero /home/onewayit/public_html/watervale/application/views/dashboard/statistics.php 21
ERROR - 2018-10-06 09:09:14 --> 404 Page Not Found: Img/favicon.png
ERROR - 2018-10-06 09:13:24 --> 404 Page Not Found: Img/favicon.png
ERROR - 2018-10-06 09:21:21 --> 404 Page Not Found: Img/favicon.png
ERROR - 2018-10-06 09:21:22 --> 404 Page Not Found: Order-details/img
ERROR - 2018-10-06 09:29:01 --> 404 Page Not Found: Img/favicon.png
ERROR - 2018-10-06 09:29:21 --> 404 Page Not Found: Img/favicon.png
ERROR - 2018-10-06 09:33:23 --> 404 Page Not Found: Img/favicon.png
ERROR - 2018-10-06 09:40:10 --> Severity: Warning --> Division by zero /home/onewayit/public_html/watervale/application/views/dashboard/statistics.php 21
ERROR - 2018-10-06 09:41:50 --> 404 Page Not Found: Img/favicon.png
ERROR - 2018-10-06 09:41:56 --> 404 Page Not Found: Order-details/img
ERROR - 2018-10-06 09:42:20 --> 404 Page Not Found: Order-details/img
ERROR - 2018-10-06 09:52:48 --> {"orderRef":"","userRef":"JjgDalfOlUQWpSeL","customerRef":"XbisPUK1bpBnf6CW","orderRemarks":"","deliveryMethodRef":"KWxCMji0HbsJlymh","newDeliveryMethod":"","newAreaCode":"","paymentMethodRef":"2iCbflXYQAJNTl5D","dueDays":"","dueAmount":"","orderPipline":"2","orderStatus":"MAN","orderInProduction":"0","managerApprove":"1","approvalType":"management","preAuthorization":"","newCustomer":[],"orderItems":[{"itemName":"Newitem1","itemRef":"PRO-RMOD-00030","itemPrice":"46","qty":67,"priceChanged":"","transportCost":"","transportCostChanged":"6660","height":"","width":"","length":"","saleUOM":"Cartons","saleConvQty":"1","saleConvLength":"0","baseUOM":"pcs","baseConvQty":"1","baseConvLength":"0","productionOnDemand":"0","variants":[{"color":"eu","design":"r","length":"1","width":"3","height":"3","qty":"4","isCustomize":"0"},{"color":"ei","design":"w","length":"1","width":"3","height":"3","qty":"4","isCustomize":"0"},{"color":"4","design":"r","length":"1","width":"3","height":"3","qty":"4","isCustomize":"0"},{"color":"4","design":"w","length":"1","width":"3","height":"3","qty":"4","isCustomize":"0"},{"color":"43","design":"r","length":"1","width":"3","height":"3","qty":"4","isCustomize":"0"},{"color":"43","design":"w","length":"1","width":"3","height":"3","qty":"47","isCustomize":"0"}]}]}
ERROR - 2018-10-06 09:52:48 --> {"success":true,"success_message":"Order Submitted successfully Order No00014"}
ERROR - 2018-10-06 09:56:24 --> 404 Page Not Found: Img/favicon.png
