ERROR - 2019-01-07 04:25:34 --> 404 Page Not Found: Img/favicon.png
ERROR - 2019-01-07 04:44:28 --> Severity: Notice --> Undefined property: stdClass::$userName /var/www/html/watervale_live/application/views/items/index.php 94
ERROR - 2019-01-07 04:44:28 --> Severity: Notice --> Undefined property: stdClass::$userName /var/www/html/watervale_live/application/views/items/index.php 94
ERROR - 2019-01-07 04:44:32 --> Severity: Notice --> Undefined property: stdClass::$userName /var/www/html/watervale_live/application/views/items/itemlistajax.php 34
ERROR - 2019-01-07 04:44:32 --> Severity: Notice --> Undefined property: stdClass::$userName /var/www/html/watervale_live/application/views/items/itemlistajax.php 34
ERROR - 2019-01-07 04:44:33 --> Severity: Notice --> Undefined property: stdClass::$userName /var/www/html/watervale_live/application/views/items/itemlistajax.php 34
ERROR - 2019-01-07 04:44:33 --> Severity: Notice --> Undefined property: stdClass::$userName /var/www/html/watervale_live/application/views/items/itemlistajax.php 34
ERROR - 2019-01-07 04:44:33 --> Severity: Notice --> Undefined property: stdClass::$userName /var/www/html/watervale_live/application/views/items/itemlistajax.php 34
ERROR - 2019-01-07 04:44:33 --> Severity: Notice --> Undefined property: stdClass::$userName /var/www/html/watervale_live/application/views/items/itemlistajax.php 34
ERROR - 2019-01-07 04:44:34 --> Severity: Notice --> Undefined property: stdClass::$userName /var/www/html/watervale_live/application/views/items/itemlistajax.php 34
ERROR - 2019-01-07 04:44:34 --> Severity: Notice --> Undefined property: stdClass::$userName /var/www/html/watervale_live/application/views/items/itemlistajax.php 34
ERROR - 2019-01-07 04:44:34 --> Severity: Notice --> Undefined property: stdClass::$userName /var/www/html/watervale_live/application/views/items/itemlistajax.php 34
ERROR - 2019-01-07 04:44:34 --> Severity: Notice --> Undefined property: stdClass::$userName /var/www/html/watervale_live/application/views/items/itemlistajax.php 34
ERROR - 2019-01-07 04:44:34 --> Severity: Notice --> Undefined property: stdClass::$userName /var/www/html/watervale_live/application/views/items/itemlistajax.php 34
ERROR - 2019-01-07 04:44:34 --> Severity: Notice --> Undefined property: stdClass::$userName /var/www/html/watervale_live/application/views/items/itemlistajax.php 34
ERROR - 2019-01-07 04:44:35 --> Severity: Notice --> Undefined property: stdClass::$userName /var/www/html/watervale_live/application/views/items/itemlistajax.php 34
ERROR - 2019-01-07 04:44:35 --> Severity: Notice --> Undefined property: stdClass::$userName /var/www/html/watervale_live/application/views/items/itemlistajax.php 34
ERROR - 2019-01-07 04:44:35 --> Severity: Notice --> Undefined property: stdClass::$userName /var/www/html/watervale_live/application/views/items/itemlistajax.php 34
ERROR - 2019-01-07 04:44:35 --> Severity: Notice --> Undefined property: stdClass::$userName /var/www/html/watervale_live/application/views/items/itemlistajax.php 34
ERROR - 2019-01-07 04:44:36 --> Severity: Notice --> Undefined property: stdClass::$userName /var/www/html/watervale_live/application/views/items/itemlistajax.php 34
ERROR - 2019-01-07 04:44:36 --> Severity: Notice --> Undefined property: stdClass::$userName /var/www/html/watervale_live/application/views/items/itemlistajax.php 34
ERROR - 2019-01-07 04:44:36 --> Severity: Notice --> Undefined property: stdClass::$userName /var/www/html/watervale_live/application/views/items/itemlistajax.php 34
ERROR - 2019-01-07 04:44:36 --> Severity: Notice --> Undefined property: stdClass::$userName /var/www/html/watervale_live/application/views/items/itemlistajax.php 34
ERROR - 2019-01-07 04:44:36 --> Severity: Notice --> Undefined property: stdClass::$userName /var/www/html/watervale_live/application/views/items/itemlistajax.php 34
ERROR - 2019-01-07 04:44:36 --> Severity: Notice --> Undefined property: stdClass::$userName /var/www/html/watervale_live/application/views/items/itemlistajax.php 34
ERROR - 2019-01-07 04:44:37 --> Severity: Notice --> Undefined property: stdClass::$userName /var/www/html/watervale_live/application/views/items/itemlistajax.php 34
ERROR - 2019-01-07 04:44:37 --> Severity: Notice --> Undefined property: stdClass::$userName /var/www/html/watervale_live/application/views/items/itemlistajax.php 34
ERROR - 2019-01-07 04:44:38 --> Severity: Notice --> Undefined property: stdClass::$userName /var/www/html/watervale_live/application/views/items/itemlistajax.php 34
ERROR - 2019-01-07 04:44:38 --> Severity: Notice --> Undefined property: stdClass::$userName /var/www/html/watervale_live/application/views/items/itemlistajax.php 34
ERROR - 2019-01-07 04:44:38 --> Severity: Notice --> Undefined property: stdClass::$userName /var/www/html/watervale_live/application/views/items/itemlistajax.php 34
ERROR - 2019-01-07 04:44:38 --> Severity: Notice --> Undefined property: stdClass::$userName /var/www/html/watervale_live/application/views/items/itemlistajax.php 34
ERROR - 2019-01-07 04:44:39 --> Severity: Notice --> Undefined property: stdClass::$userName /var/www/html/watervale_live/application/views/items/itemlistajax.php 34
ERROR - 2019-01-07 04:44:39 --> Severity: Notice --> Undefined property: stdClass::$userName /var/www/html/watervale_live/application/views/items/itemlistajax.php 34
ERROR - 2019-01-07 04:44:39 --> Severity: Notice --> Undefined property: stdClass::$userName /var/www/html/watervale_live/application/views/items/itemlistajax.php 34
ERROR - 2019-01-07 04:44:39 --> Severity: Notice --> Undefined property: stdClass::$userName /var/www/html/watervale_live/application/views/items/itemlistajax.php 34
ERROR - 2019-01-07 04:44:40 --> Severity: Notice --> Undefined property: stdClass::$userName /var/www/html/watervale_live/application/views/items/itemlistajax.php 34
ERROR - 2019-01-07 04:44:40 --> Severity: Notice --> Undefined property: stdClass::$userName /var/www/html/watervale_live/application/views/items/itemlistajax.php 34
ERROR - 2019-01-07 04:44:40 --> Severity: Notice --> Undefined property: stdClass::$userName /var/www/html/watervale_live/application/views/items/itemlistajax.php 34
ERROR - 2019-01-07 04:44:40 --> Severity: Notice --> Undefined property: stdClass::$userName /var/www/html/watervale_live/application/views/items/itemlistajax.php 34
ERROR - 2019-01-07 04:44:40 --> Severity: Notice --> Undefined property: stdClass::$userName /var/www/html/watervale_live/application/views/items/itemlistajax.php 34
ERROR - 2019-01-07 04:44:40 --> Severity: Notice --> Undefined property: stdClass::$userName /var/www/html/watervale_live/application/views/items/itemlistajax.php 34
ERROR - 2019-01-07 04:44:40 --> Severity: Notice --> Undefined property: stdClass::$userName /var/www/html/watervale_live/application/views/items/itemlistajax.php 34
ERROR - 2019-01-07 04:44:40 --> Severity: Notice --> Undefined property: stdClass::$userName /var/www/html/watervale_live/application/views/items/itemlistajax.php 34
ERROR - 2019-01-07 04:44:41 --> Severity: Notice --> Undefined property: stdClass::$userName /var/www/html/watervale_live/application/views/items/itemlistajax.php 34
ERROR - 2019-01-07 04:44:41 --> Severity: Notice --> Undefined property: stdClass::$userName /var/www/html/watervale_live/application/views/items/itemlistajax.php 34
ERROR - 2019-01-07 04:44:43 --> Severity: Notice --> Undefined property: stdClass::$userName /var/www/html/watervale_live/application/views/items/itemlistajax.php 34
ERROR - 2019-01-07 04:44:43 --> Severity: Notice --> Undefined property: stdClass::$userName /var/www/html/watervale_live/application/views/items/itemlistajax.php 34
ERROR - 2019-01-07 04:44:44 --> Severity: Notice --> Undefined property: stdClass::$userName /var/www/html/watervale_live/application/views/items/itemlistajax.php 34
ERROR - 2019-01-07 04:44:44 --> Severity: Notice --> Undefined property: stdClass::$userName /var/www/html/watervale_live/application/views/items/itemlistajax.php 34
ERROR - 2019-01-07 04:44:45 --> Severity: Notice --> Undefined property: stdClass::$userName /var/www/html/watervale_live/application/views/items/itemlistajax.php 34
ERROR - 2019-01-07 04:44:45 --> Severity: Notice --> Undefined property: stdClass::$userName /var/www/html/watervale_live/application/views/items/itemlistajax.php 34
ERROR - 2019-01-07 04:44:47 --> Severity: Notice --> Undefined property: stdClass::$userName /var/www/html/watervale_live/application/views/items/index.php 94
ERROR - 2019-01-07 04:44:47 --> Severity: Notice --> Undefined property: stdClass::$userName /var/www/html/watervale_live/application/views/items/index.php 94
ERROR - 2019-01-07 04:44:48 --> Severity: Notice --> Undefined property: stdClass::$userName /var/www/html/watervale_live/application/views/items/itemlistajax.php 34
ERROR - 2019-01-07 04:44:48 --> Severity: Notice --> Undefined property: stdClass::$userName /var/www/html/watervale_live/application/views/items/itemlistajax.php 34
ERROR - 2019-01-07 04:51:36 --> Severity: Notice --> Undefined property: stdClass::$userName /var/www/html/watervale_live/application/views/items/index.php 94
ERROR - 2019-01-07 04:51:36 --> Severity: Notice --> Undefined property: stdClass::$userName /var/www/html/watervale_live/application/views/items/index.php 94
ERROR - 2019-01-07 05:15:51 --> Severity: Notice --> Undefined property: stdClass::$userName /var/www/html/watervale_live/application/views/categories/index.php 63
ERROR - 2019-01-07 05:15:51 --> Severity: Notice --> Undefined property: stdClass::$userName /var/www/html/watervale_live/application/views/categories/index.php 63
ERROR - 2019-01-07 05:15:51 --> Severity: Notice --> Undefined property: stdClass::$userName /var/www/html/watervale_live/application/views/categories/index.php 63
ERROR - 2019-01-07 05:15:51 --> Severity: Notice --> Undefined property: stdClass::$userName /var/www/html/watervale_live/application/views/categories/index.php 63
ERROR - 2019-01-07 05:15:51 --> Severity: Notice --> Undefined property: stdClass::$userName /var/www/html/watervale_live/application/views/categories/index.php 63
ERROR - 2019-01-07 05:15:51 --> Severity: Notice --> Undefined property: stdClass::$userName /var/www/html/watervale_live/application/views/categories/index.php 63
ERROR - 2019-01-07 05:16:50 --> Severity: Notice --> Undefined property: stdClass::$userName /var/www/html/watervale_live/application/views/categories/index.php 63
ERROR - 2019-01-07 05:16:50 --> Severity: Notice --> Undefined property: stdClass::$userName /var/www/html/watervale_live/application/views/categories/index.php 63
ERROR - 2019-01-07 05:16:50 --> Severity: Notice --> Undefined property: stdClass::$userName /var/www/html/watervale_live/application/views/categories/index.php 63
ERROR - 2019-01-07 05:16:50 --> Severity: Notice --> Undefined property: stdClass::$userName /var/www/html/watervale_live/application/views/categories/index.php 63
ERROR - 2019-01-07 05:16:50 --> Severity: Notice --> Undefined property: stdClass::$userName /var/www/html/watervale_live/application/views/categories/index.php 63
ERROR - 2019-01-07 05:16:50 --> Severity: Notice --> Undefined property: stdClass::$userName /var/www/html/watervale_live/application/views/categories/index.php 63
ERROR - 2019-01-07 05:24:17 --> Severity: Notice --> Undefined property: stdClass::$userName /var/www/html/watervale_live/application/views/categories/index.php 63
ERROR - 2019-01-07 05:24:17 --> Severity: Notice --> Undefined property: stdClass::$userName /var/www/html/watervale_live/application/views/categories/index.php 63
ERROR - 2019-01-07 05:24:17 --> Severity: Notice --> Undefined property: stdClass::$userName /var/www/html/watervale_live/application/views/categories/index.php 63
ERROR - 2019-01-07 05:24:17 --> Severity: Notice --> Undefined property: stdClass::$userName /var/www/html/watervale_live/application/views/categories/index.php 63
ERROR - 2019-01-07 05:24:17 --> Severity: Notice --> Undefined property: stdClass::$userName /var/www/html/watervale_live/application/views/categories/index.php 63
ERROR - 2019-01-07 05:24:17 --> Severity: Notice --> Undefined property: stdClass::$userName /var/www/html/watervale_live/application/views/categories/index.php 63
ERROR - 2019-01-07 05:25:41 --> Severity: Notice --> Undefined property: stdClass::$userName /var/www/html/watervale_live/application/views/categories/index.php 63
ERROR - 2019-01-07 05:25:41 --> Severity: Notice --> Undefined property: stdClass::$userName /var/www/html/watervale_live/application/views/categories/index.php 63
ERROR - 2019-01-07 05:25:41 --> Severity: Notice --> Undefined property: stdClass::$userName /var/www/html/watervale_live/application/views/categories/index.php 63
ERROR - 2019-01-07 05:25:41 --> Severity: Notice --> Undefined property: stdClass::$userName /var/www/html/watervale_live/application/views/categories/index.php 63
ERROR - 2019-01-07 05:25:41 --> Severity: Notice --> Undefined property: stdClass::$userName /var/www/html/watervale_live/application/views/categories/index.php 63
ERROR - 2019-01-07 05:25:41 --> Severity: Notice --> Undefined property: stdClass::$userName /var/www/html/watervale_live/application/views/categories/index.php 63
ERROR - 2019-01-07 05:25:44 --> 404 Page Not Found: Img/favicon.png
ERROR - 2019-01-07 05:30:41 --> 404 Page Not Found: Img/favicon.png
ERROR - 2019-01-07 05:38:31 --> Severity: Notice --> Undefined property: stdClass::$userName /var/www/html/watervale_live/application/views/items/index.php 94
ERROR - 2019-01-07 05:38:31 --> Severity: Notice --> Undefined property: stdClass::$userName /var/www/html/watervale_live/application/views/items/index.php 94
ERROR - 2019-01-07 05:46:36 --> 404 Page Not Found: Img/favicon.png
ERROR - 2019-01-07 05:47:21 --> 404 Page Not Found: Img/favicon.png
ERROR - 2019-01-07 05:47:49 --> 404 Page Not Found: Img/favicon.png
ERROR - 2019-01-07 05:48:47 --> 404 Page Not Found: Img/favicon.png
ERROR - 2019-01-07 05:49:03 --> Severity: Notice --> Undefined property: stdClass::$userName /var/www/html/watervale_live/application/views/categories/index.php 63
ERROR - 2019-01-07 05:49:03 --> Severity: Notice --> Undefined property: stdClass::$userName /var/www/html/watervale_live/application/views/categories/index.php 63
ERROR - 2019-01-07 05:49:03 --> Severity: Notice --> Undefined property: stdClass::$userName /var/www/html/watervale_live/application/views/categories/index.php 63
ERROR - 2019-01-07 05:49:03 --> Severity: Notice --> Undefined property: stdClass::$userName /var/www/html/watervale_live/application/views/categories/index.php 63
ERROR - 2019-01-07 05:49:03 --> Severity: Notice --> Undefined property: stdClass::$userName /var/www/html/watervale_live/application/views/categories/index.php 63
ERROR - 2019-01-07 05:49:03 --> Severity: Notice --> Undefined property: stdClass::$userName /var/www/html/watervale_live/application/views/categories/index.php 63
ERROR - 2019-01-07 05:54:00 --> 404 Page Not Found: Img/favicon.png
ERROR - 2019-01-07 05:57:52 --> 404 Page Not Found: Img/favicon.png
ERROR - 2019-01-07 06:00:18 --> 404 Page Not Found: Img/favicon.png
ERROR - 2019-01-07 06:01:15 --> 404 Page Not Found: Img/favicon.png
ERROR - 2019-01-07 06:02:02 --> Severity: Notice --> Undefined property: stdClass::$userName /var/www/html/watervale_live/application/views/items/index.php 94
ERROR - 2019-01-07 06:02:02 --> Severity: Notice --> Undefined property: stdClass::$userName /var/www/html/watervale_live/application/views/items/index.php 94
ERROR - 2019-01-07 06:03:37 --> 404 Page Not Found: Img/favicon.png
ERROR - 2019-01-07 06:12:20 --> 404 Page Not Found: Img/favicon.png
ERROR - 2019-01-07 06:16:22 --> Query error: Unknown column 'ws_products.status' in 'where clause' - Invalid query: SELECT COUNT(*) AS `numrows`
FROM `ws_regions`
WHERE `ws_products`.`status` = '0'
AND `country_id` = 49
ERROR - 2019-01-07 06:16:28 --> Query error: Unknown column 'ws_products.status' in 'where clause' - Invalid query: SELECT COUNT(*) AS `numrows`
FROM `ws_regions`
WHERE `ws_products`.`status` = '1'
AND `country_id` = 49
ERROR - 2019-01-07 06:17:45 --> Severity: Notice --> Undefined property: stdClass::$userName /var/www/html/watervale_live/application/views/items/index.php 94
ERROR - 2019-01-07 06:17:45 --> Severity: Notice --> Undefined property: stdClass::$userName /var/www/html/watervale_live/application/views/items/index.php 94
ERROR - 2019-01-07 06:20:35 --> Query error: Unknown column 'stateRef' in 'field list' - Invalid query: UPDATE `ws_regions` SET `stateRef` = 'ZdIxP6VYljPdS0O2'
WHERE `id` = '2708'
ERROR - 2019-01-07 07:05:28 --> 404 Page Not Found: Img/favicon.png
ERROR - 2019-01-07 07:05:53 --> 404 Page Not Found: Img/favicon.png
ERROR - 2019-01-07 07:06:24 --> Severity: Notice --> Undefined property: stdClass::$userName /var/www/html/watervale_live/application/views/categories/index.php 63
ERROR - 2019-01-07 07:06:24 --> Severity: Notice --> Undefined property: stdClass::$userName /var/www/html/watervale_live/application/views/categories/index.php 63
ERROR - 2019-01-07 07:06:24 --> Severity: Notice --> Undefined property: stdClass::$userName /var/www/html/watervale_live/application/views/categories/index.php 63
ERROR - 2019-01-07 07:06:24 --> Severity: Notice --> Undefined property: stdClass::$userName /var/www/html/watervale_live/application/views/categories/index.php 63
ERROR - 2019-01-07 07:06:24 --> Severity: Notice --> Undefined property: stdClass::$userName /var/www/html/watervale_live/application/views/categories/index.php 63
ERROR - 2019-01-07 07:06:24 --> Severity: Notice --> Undefined property: stdClass::$userName /var/www/html/watervale_live/application/views/categories/index.php 63
ERROR - 2019-01-07 07:14:24 --> Severity: Notice --> Undefined property: stdClass::$userName /var/www/html/watervale_live/application/views/categories/index.php 63
ERROR - 2019-01-07 07:14:24 --> Severity: Notice --> Undefined property: stdClass::$userName /var/www/html/watervale_live/application/views/categories/index.php 63
ERROR - 2019-01-07 07:14:24 --> Severity: Notice --> Undefined property: stdClass::$userName /var/www/html/watervale_live/application/views/categories/index.php 63
ERROR - 2019-01-07 07:14:24 --> Severity: Notice --> Undefined property: stdClass::$userName /var/www/html/watervale_live/application/views/categories/index.php 63
ERROR - 2019-01-07 07:14:24 --> Severity: Notice --> Undefined property: stdClass::$userName /var/www/html/watervale_live/application/views/categories/index.php 63
ERROR - 2019-01-07 07:14:24 --> Severity: Notice --> Undefined property: stdClass::$userName /var/www/html/watervale_live/application/views/categories/index.php 63
ERROR - 2019-01-07 07:15:23 --> 404 Page Not Found: View-user/img
ERROR - 2019-01-07 07:17:47 --> 404 Page Not Found: Update-user/img
ERROR - 2019-01-07 07:18:24 --> Severity: Notice --> Undefined property: stdClass::$userName /var/www/html/watervale_live/application/views/items/index.php 94
ERROR - 2019-01-07 07:18:24 --> Severity: Notice --> Undefined property: stdClass::$userName /var/www/html/watervale_live/application/views/items/index.php 94
ERROR - 2019-01-07 07:18:31 --> 404 Page Not Found: Update-customer/img
ERROR - 2019-01-07 07:18:35 --> Severity: Notice --> Undefined property: stdClass::$userName /var/www/html/watervale_live/application/views/items/index.php 94
ERROR - 2019-01-07 07:18:35 --> Severity: Notice --> Undefined property: stdClass::$userName /var/www/html/watervale_live/application/views/items/index.php 94
ERROR - 2019-01-07 07:19:36 --> Severity: Notice --> Undefined property: stdClass::$userName /var/www/html/watervale_live/application/views/items/index.php 94
ERROR - 2019-01-07 07:19:36 --> Severity: Notice --> Undefined property: stdClass::$userName /var/www/html/watervale_live/application/views/items/index.php 94
